<?xml version="1.0" encoding="UTF-8"?>
<testsuite name="tests.AuthorizationTest" tests="7" skipped="0" failures="0" errors="0" timestamp="2023-12-13T13:04:54" hostname="DESKTOP-TFD6REL" time="13.152">
  <properties/>
  <testcase name="authorizationWithoutCreatedUser" classname="tests.AuthorizationTest" time="0.494"/>
  <testcase name="emptyPasswordAuthorization" classname="tests.AuthorizationTest" time="3.491"/>
  <testcase name="emptyUserNameAuthorization" classname="tests.AuthorizationTest" time="0.403"/>
  <testcase name="invalidPasswordAuthorization" classname="tests.AuthorizationTest" time="0.738"/>
  <testcase name="invalidUserNameAuthorization" classname="tests.AuthorizationTest" time="1.902"/>
  <testcase name="successfulAuthorization" classname="tests.AuthorizationTest" time="3.403"/>
  <testcase name="unsuccessfulAuthorization" classname="tests.AuthorizationTest" time="2.685"/>
  <system-out><![CDATA[Request method:	POST
Request URI:	https://demoqa.com/Account/v1/Authorized
Proxy:			<none>
Request params:	<none>
Query params:	<none>
Form params:	<none>
Path params:	<none>
Headers:		Accept=*/*
				Content-Type=application/json
Cookies:		<none>
Multiparts:		<none>
Body:
{
    "userName": "berry.kilback",
    "password": "123Ron321&"
}
14:04:54.085 [Test worker] DEBUG org.apache.http.impl.conn.BasicClientConnectionManager -- Get connection for route {s}->https://demoqa.com:443
14:04:54.085 [Test worker] DEBUG org.apache.http.impl.conn.DefaultClientConnectionOperator -- Connecting to demoqa.com:443
14:04:54.233 [Test worker] DEBUG org.apache.http.client.protocol.RequestAddCookies -- CookieSpec selected: ignoreCookies
14:04:54.233 [Test worker] DEBUG org.apache.http.client.protocol.RequestAuthCache -- Auth cache not set in the context
14:04:54.233 [Test worker] DEBUG org.apache.http.client.protocol.RequestTargetAuthentication -- Target auth state: UNCHALLENGED
14:04:54.233 [Test worker] DEBUG org.apache.http.client.protocol.RequestProxyAuthentication -- Proxy auth state: UNCHALLENGED
14:04:54.233 [Test worker] DEBUG org.apache.http.impl.client.DefaultHttpClient -- Attempt 1 to execute request
14:04:54.233 [Test worker] DEBUG org.apache.http.impl.conn.DefaultClientConnection -- Sending request: POST /Account/v1/Authorized HTTP/1.1
14:04:54.233 [Test worker] DEBUG org.apache.http.wire --  >> "POST /Account/v1/Authorized HTTP/1.1[\r][\n]"
14:04:54.233 [Test worker] DEBUG org.apache.http.wire --  >> "Accept: */*[\r][\n]"
14:04:54.233 [Test worker] DEBUG org.apache.http.wire --  >> "Content-Type: application/json[\r][\n]"
14:04:54.233 [Test worker] DEBUG org.apache.http.wire --  >> "Content-Length: 52[\r][\n]"
14:04:54.233 [Test worker] DEBUG org.apache.http.wire --  >> "Host: demoqa.com[\r][\n]"
14:04:54.233 [Test worker] DEBUG org.apache.http.wire --  >> "Connection: Keep-Alive[\r][\n]"
14:04:54.233 [Test worker] DEBUG org.apache.http.wire --  >> "User-Agent: Apache-HttpClient/4.5.13 (Java/11.0.20)[\r][\n]"
14:04:54.233 [Test worker] DEBUG org.apache.http.wire --  >> "Accept-Encoding: gzip,deflate[\r][\n]"
14:04:54.233 [Test worker] DEBUG org.apache.http.wire --  >> "[\r][\n]"
14:04:54.233 [Test worker] DEBUG org.apache.http.headers -- >> POST /Account/v1/Authorized HTTP/1.1
14:04:54.233 [Test worker] DEBUG org.apache.http.headers -- >> Accept: */*
14:04:54.233 [Test worker] DEBUG org.apache.http.headers -- >> Content-Type: application/json
14:04:54.233 [Test worker] DEBUG org.apache.http.headers -- >> Content-Length: 52
14:04:54.233 [Test worker] DEBUG org.apache.http.headers -- >> Host: demoqa.com
14:04:54.233 [Test worker] DEBUG org.apache.http.headers -- >> Connection: Keep-Alive
14:04:54.233 [Test worker] DEBUG org.apache.http.headers -- >> User-Agent: Apache-HttpClient/4.5.13 (Java/11.0.20)
14:04:54.233 [Test worker] DEBUG org.apache.http.headers -- >> Accept-Encoding: gzip,deflate
14:04:54.233 [Test worker] DEBUG org.apache.http.wire --  >> "{"userName":"berry.kilback","password":"123Ron321&"}"
14:04:54.502 [Test worker] DEBUG org.apache.http.wire --  << "HTTP/1.1 404 Not Found[\r][\n]"
14:04:54.502 [Test worker] DEBUG org.apache.http.wire --  << "Server: nginx/1.17.10 (Ubuntu)[\r][\n]"
14:04:54.502 [Test worker] DEBUG org.apache.http.wire --  << "Date: Wed, 13 Dec 2023 13:04:55 GMT[\r][\n]"
14:04:54.502 [Test worker] DEBUG org.apache.http.wire --  << "Content-Type: application/json; charset=utf-8[\r][\n]"
14:04:54.502 [Test worker] DEBUG org.apache.http.wire --  << "Content-Length: 43[\r][\n]"
14:04:54.502 [Test worker] DEBUG org.apache.http.wire --  << "Connection: keep-alive[\r][\n]"
14:04:54.502 [Test worker] DEBUG org.apache.http.wire --  << "X-Powered-By: Express[\r][\n]"
14:04:54.502 [Test worker] DEBUG org.apache.http.wire --  << "ETag: W/"2b-hLPYyb0m8IpHH/aFjmp8VZrYXGw"[\r][\n]"
14:04:54.502 [Test worker] DEBUG org.apache.http.wire --  << "[\r][\n]"
14:04:54.502 [Test worker] DEBUG org.apache.http.impl.conn.DefaultClientConnection -- Receiving response: HTTP/1.1 404 Not Found
14:04:54.502 [Test worker] DEBUG org.apache.http.headers -- << HTTP/1.1 404 Not Found
14:04:54.502 [Test worker] DEBUG org.apache.http.headers -- << Server: nginx/1.17.10 (Ubuntu)
14:04:54.502 [Test worker] DEBUG org.apache.http.headers -- << Date: Wed, 13 Dec 2023 13:04:55 GMT
14:04:54.502 [Test worker] DEBUG org.apache.http.headers -- << Content-Type: application/json; charset=utf-8
14:04:54.502 [Test worker] DEBUG org.apache.http.headers -- << Content-Length: 43
14:04:54.502 [Test worker] DEBUG org.apache.http.headers -- << Connection: keep-alive
14:04:54.502 [Test worker] DEBUG org.apache.http.headers -- << X-Powered-By: Express
14:04:54.502 [Test worker] DEBUG org.apache.http.headers -- << ETag: W/"2b-hLPYyb0m8IpHH/aFjmp8VZrYXGw"
14:04:54.502 [Test worker] DEBUG org.apache.http.impl.client.DefaultHttpClient -- Connection can be kept alive indefinitely
14:04:54.502 [Test worker] DEBUG io.restassured.internal.RestAssuredHttpBuilder -- Parsing response as: application/json; charset=utf-8
14:04:54.502 [Test worker] DEBUG io.restassured.internal.RestAssuredHttpBuilder -- Parsed data to instance of: class org.apache.http.conn.EofSensorInputStream
14:04:54.503 [Test worker] DEBUG org.apache.http.wire --  << "{"code":"1207","message":"User not found!"}"
14:04:54.504 [Test worker] DEBUG org.apache.http.impl.conn.BasicClientConnectionManager -- Releasing connection org.apache.http.impl.conn.ManagedClientConnectionImpl@325a7c9
14:04:54.504 [Test worker] DEBUG org.apache.http.impl.conn.BasicClientConnectionManager -- Connection can be kept alive indefinitely
HTTP/1.1 404 Not Found
Server: nginx/1.17.10 (Ubuntu)
Date: Wed, 13 Dec 2023 13:04:55 GMT
Content-Type: application/json; charset=utf-8
Content-Length: 43
Connection: keep-alive
X-Powered-By: Express
ETag: W/"2b-hLPYyb0m8IpHH/aFjmp8VZrYXGw"

{
    "code": "1207",
    "message": "User not found!"
}
Request method:	POST
Request URI:	https://demoqa.com/Account/v1/User
Proxy:			<none>
Request params:	<none>
Query params:	<none>
Form params:	<none>
Path params:	<none>
Headers:		Accept=*/*
				Content-Type=application/json
Cookies:		<none>
Multiparts:		<none>
Body:
{
    "userName": "daine.yost",
    "password": "123Ron321&"
}
14:04:54.559 [Test worker] DEBUG org.apache.http.impl.conn.BasicClientConnectionManager -- Get connection for route {s}->https://demoqa.com:443
14:04:54.559 [Test worker] DEBUG org.apache.http.impl.conn.DefaultClientConnectionOperator -- Connecting to demoqa.com:443
14:04:57.693 [Test worker] DEBUG org.apache.http.client.protocol.RequestAddCookies -- CookieSpec selected: ignoreCookies
14:04:57.693 [Test worker] DEBUG org.apache.http.client.protocol.RequestAuthCache -- Auth cache not set in the context
14:04:57.693 [Test worker] DEBUG org.apache.http.client.protocol.RequestTargetAuthentication -- Target auth state: UNCHALLENGED
14:04:57.693 [Test worker] DEBUG org.apache.http.client.protocol.RequestProxyAuthentication -- Proxy auth state: UNCHALLENGED
14:04:57.693 [Test worker] DEBUG org.apache.http.impl.client.DefaultHttpClient -- Attempt 1 to execute request
14:04:57.693 [Test worker] DEBUG org.apache.http.impl.conn.DefaultClientConnection -- Sending request: POST /Account/v1/User HTTP/1.1
14:04:57.693 [Test worker] DEBUG org.apache.http.wire --  >> "POST /Account/v1/User HTTP/1.1[\r][\n]"
14:04:57.693 [Test worker] DEBUG org.apache.http.wire --  >> "Accept: */*[\r][\n]"
14:04:57.693 [Test worker] DEBUG org.apache.http.wire --  >> "Content-Type: application/json[\r][\n]"
14:04:57.693 [Test worker] DEBUG org.apache.http.wire --  >> "Content-Length: 49[\r][\n]"
14:04:57.693 [Test worker] DEBUG org.apache.http.wire --  >> "Host: demoqa.com[\r][\n]"
14:04:57.693 [Test worker] DEBUG org.apache.http.wire --  >> "Connection: Keep-Alive[\r][\n]"
14:04:57.693 [Test worker] DEBUG org.apache.http.wire --  >> "User-Agent: Apache-HttpClient/4.5.13 (Java/11.0.20)[\r][\n]"
14:04:57.693 [Test worker] DEBUG org.apache.http.wire --  >> "Accept-Encoding: gzip,deflate[\r][\n]"
14:04:57.693 [Test worker] DEBUG org.apache.http.wire --  >> "[\r][\n]"
14:04:57.693 [Test worker] DEBUG org.apache.http.headers -- >> POST /Account/v1/User HTTP/1.1
14:04:57.693 [Test worker] DEBUG org.apache.http.headers -- >> Accept: */*
14:04:57.693 [Test worker] DEBUG org.apache.http.headers -- >> Content-Type: application/json
14:04:57.693 [Test worker] DEBUG org.apache.http.headers -- >> Content-Length: 49
14:04:57.693 [Test worker] DEBUG org.apache.http.headers -- >> Host: demoqa.com
14:04:57.693 [Test worker] DEBUG org.apache.http.headers -- >> Connection: Keep-Alive
14:04:57.693 [Test worker] DEBUG org.apache.http.headers -- >> User-Agent: Apache-HttpClient/4.5.13 (Java/11.0.20)
14:04:57.693 [Test worker] DEBUG org.apache.http.headers -- >> Accept-Encoding: gzip,deflate
14:04:57.693 [Test worker] DEBUG org.apache.http.wire --  >> "{"userName":"daine.yost","password":"123Ron321&"}"
14:04:57.891 [Test worker] DEBUG org.apache.http.wire --  << "HTTP/1.1 201 Created[\r][\n]"
14:04:57.892 [Test worker] DEBUG org.apache.http.wire --  << "Server: nginx/1.17.10 (Ubuntu)[\r][\n]"
14:04:57.892 [Test worker] DEBUG org.apache.http.wire --  << "Date: Wed, 13 Dec 2023 13:04:59 GMT[\r][\n]"
14:04:57.892 [Test worker] DEBUG org.apache.http.wire --  << "Content-Type: application/json; charset=utf-8[\r][\n]"
14:04:57.892 [Test worker] DEBUG org.apache.http.wire --  << "Content-Length: 84[\r][\n]"
14:04:57.892 [Test worker] DEBUG org.apache.http.wire --  << "Connection: keep-alive[\r][\n]"
14:04:57.892 [Test worker] DEBUG org.apache.http.wire --  << "X-Powered-By: Express[\r][\n]"
14:04:57.892 [Test worker] DEBUG org.apache.http.wire --  << "ETag: W/"54-kNLhWlb8Z9YOpfHlhaodijJ6b3E"[\r][\n]"
14:04:57.892 [Test worker] DEBUG org.apache.http.wire --  << "[\r][\n]"
14:04:57.892 [Test worker] DEBUG org.apache.http.impl.conn.DefaultClientConnection -- Receiving response: HTTP/1.1 201 Created
14:04:57.892 [Test worker] DEBUG org.apache.http.headers -- << HTTP/1.1 201 Created
14:04:57.892 [Test worker] DEBUG org.apache.http.headers -- << Server: nginx/1.17.10 (Ubuntu)
14:04:57.892 [Test worker] DEBUG org.apache.http.headers -- << Date: Wed, 13 Dec 2023 13:04:59 GMT
14:04:57.892 [Test worker] DEBUG org.apache.http.headers -- << Content-Type: application/json; charset=utf-8
14:04:57.892 [Test worker] DEBUG org.apache.http.headers -- << Content-Length: 84
14:04:57.892 [Test worker] DEBUG org.apache.http.headers -- << Connection: keep-alive
14:04:57.892 [Test worker] DEBUG org.apache.http.headers -- << X-Powered-By: Express
14:04:57.892 [Test worker] DEBUG org.apache.http.headers -- << ETag: W/"54-kNLhWlb8Z9YOpfHlhaodijJ6b3E"
14:04:57.892 [Test worker] DEBUG org.apache.http.impl.client.DefaultHttpClient -- Connection can be kept alive indefinitely
14:04:57.892 [Test worker] DEBUG io.restassured.internal.RestAssuredHttpBuilder -- Parsing response as: application/json; charset=utf-8
14:04:57.892 [Test worker] DEBUG io.restassured.internal.RestAssuredHttpBuilder -- Parsed data to instance of: class org.apache.http.conn.EofSensorInputStream
14:04:57.892 [Test worker] DEBUG org.apache.http.wire --  << "{"userID":"9a4e8a10-de4f-43ed-8140-68756d27e4bc","username":"daine.yost","books":[]}"
14:04:57.892 [Test worker] DEBUG org.apache.http.impl.conn.BasicClientConnectionManager -- Releasing connection org.apache.http.impl.conn.ManagedClientConnectionImpl@28cd26de
14:04:57.892 [Test worker] DEBUG org.apache.http.impl.conn.BasicClientConnectionManager -- Connection can be kept alive indefinitely
HTTP/1.1 201 Created
Server: nginx/1.17.10 (Ubuntu)
Date: Wed, 13 Dec 2023 13:04:59 GMT
Content-Type: application/json; charset=utf-8
Content-Length: 84
Connection: keep-alive
X-Powered-By: Express
ETag: W/"54-kNLhWlb8Z9YOpfHlhaodijJ6b3E"

{
    "userID": "9a4e8a10-de4f-43ed-8140-68756d27e4bc",
    "username": "daine.yost",
    "books": [
        
    ]
}
Request method:	POST
Request URI:	https://demoqa.com/Account/v1/Authorized
Proxy:			<none>
Request params:	<none>
Query params:	<none>
Form params:	<none>
Path params:	<none>
Headers:		Accept=*/*
				Content-Type=application/json
Cookies:		<none>
Multiparts:		<none>
Body:
{
    "userName": "daine.yost",
    "password": ""
}
14:04:57.910 [Test worker] DEBUG org.apache.http.impl.conn.BasicClientConnectionManager -- Get connection for route {s}->https://demoqa.com:443
14:04:57.911 [Test worker] DEBUG org.apache.http.impl.conn.DefaultClientConnectionOperator -- Connecting to demoqa.com:443
14:04:57.970 [Test worker] DEBUG org.apache.http.client.protocol.RequestAddCookies -- CookieSpec selected: ignoreCookies
14:04:57.970 [Test worker] DEBUG org.apache.http.client.protocol.RequestAuthCache -- Auth cache not set in the context
14:04:57.970 [Test worker] DEBUG org.apache.http.client.protocol.RequestTargetAuthentication -- Target auth state: UNCHALLENGED
14:04:57.970 [Test worker] DEBUG org.apache.http.client.protocol.RequestProxyAuthentication -- Proxy auth state: UNCHALLENGED
14:04:57.970 [Test worker] DEBUG org.apache.http.impl.client.DefaultHttpClient -- Attempt 1 to execute request
14:04:57.970 [Test worker] DEBUG org.apache.http.impl.conn.DefaultClientConnection -- Sending request: POST /Account/v1/Authorized HTTP/1.1
14:04:57.970 [Test worker] DEBUG org.apache.http.wire --  >> "POST /Account/v1/Authorized HTTP/1.1[\r][\n]"
14:04:57.970 [Test worker] DEBUG org.apache.http.wire --  >> "Accept: */*[\r][\n]"
14:04:57.970 [Test worker] DEBUG org.apache.http.wire --  >> "Content-Type: application/json[\r][\n]"
14:04:57.970 [Test worker] DEBUG org.apache.http.wire --  >> "Content-Length: 39[\r][\n]"
14:04:57.970 [Test worker] DEBUG org.apache.http.wire --  >> "Host: demoqa.com[\r][\n]"
14:04:57.970 [Test worker] DEBUG org.apache.http.wire --  >> "Connection: Keep-Alive[\r][\n]"
14:04:57.970 [Test worker] DEBUG org.apache.http.wire --  >> "User-Agent: Apache-HttpClient/4.5.13 (Java/11.0.20)[\r][\n]"
14:04:57.970 [Test worker] DEBUG org.apache.http.wire --  >> "Accept-Encoding: gzip,deflate[\r][\n]"
14:04:57.970 [Test worker] DEBUG org.apache.http.wire --  >> "[\r][\n]"
14:04:57.970 [Test worker] DEBUG org.apache.http.headers -- >> POST /Account/v1/Authorized HTTP/1.1
14:04:57.970 [Test worker] DEBUG org.apache.http.headers -- >> Accept: */*
14:04:57.970 [Test worker] DEBUG org.apache.http.headers -- >> Content-Type: application/json
14:04:57.970 [Test worker] DEBUG org.apache.http.headers -- >> Content-Length: 39
14:04:57.970 [Test worker] DEBUG org.apache.http.headers -- >> Host: demoqa.com
14:04:57.970 [Test worker] DEBUG org.apache.http.headers -- >> Connection: Keep-Alive
14:04:57.970 [Test worker] DEBUG org.apache.http.headers -- >> User-Agent: Apache-HttpClient/4.5.13 (Java/11.0.20)
14:04:57.970 [Test worker] DEBUG org.apache.http.headers -- >> Accept-Encoding: gzip,deflate
14:04:57.970 [Test worker] DEBUG org.apache.http.wire --  >> "{"userName":"daine.yost","password":""}"
14:04:57.998 [Test worker] DEBUG org.apache.http.wire --  << "HTTP/1.1 400 Bad Request[\r][\n]"
14:04:57.998 [Test worker] DEBUG org.apache.http.wire --  << "Server: nginx/1.17.10 (Ubuntu)[\r][\n]"
14:04:57.998 [Test worker] DEBUG org.apache.http.wire --  << "Date: Wed, 13 Dec 2023 13:04:59 GMT[\r][\n]"
14:04:57.998 [Test worker] DEBUG org.apache.http.wire --  << "Content-Type: application/json; charset=utf-8[\r][\n]"
14:04:57.998 [Test worker] DEBUG org.apache.http.wire --  << "Content-Length: 59[\r][\n]"
14:04:57.998 [Test worker] DEBUG org.apache.http.wire --  << "Connection: keep-alive[\r][\n]"
14:04:57.998 [Test worker] DEBUG org.apache.http.wire --  << "X-Powered-By: Express[\r][\n]"
14:04:57.998 [Test worker] DEBUG org.apache.http.wire --  << "ETag: W/"3b-kfIAtNk1nsLmMi3OoOPrbSi9YOU"[\r][\n]"
14:04:57.998 [Test worker] DEBUG org.apache.http.wire --  << "[\r][\n]"
14:04:57.998 [Test worker] DEBUG org.apache.http.impl.conn.DefaultClientConnection -- Receiving response: HTTP/1.1 400 Bad Request
14:04:57.998 [Test worker] DEBUG org.apache.http.headers -- << HTTP/1.1 400 Bad Request
14:04:57.998 [Test worker] DEBUG org.apache.http.headers -- << Server: nginx/1.17.10 (Ubuntu)
14:04:57.998 [Test worker] DEBUG org.apache.http.headers -- << Date: Wed, 13 Dec 2023 13:04:59 GMT
14:04:57.998 [Test worker] DEBUG org.apache.http.headers -- << Content-Type: application/json; charset=utf-8
14:04:57.998 [Test worker] DEBUG org.apache.http.headers -- << Content-Length: 59
14:04:57.998 [Test worker] DEBUG org.apache.http.headers -- << Connection: keep-alive
14:04:57.998 [Test worker] DEBUG org.apache.http.headers -- << X-Powered-By: Express
14:04:57.998 [Test worker] DEBUG org.apache.http.headers -- << ETag: W/"3b-kfIAtNk1nsLmMi3OoOPrbSi9YOU"
14:04:57.998 [Test worker] DEBUG org.apache.http.impl.client.DefaultHttpClient -- Connection can be kept alive indefinitely
14:04:57.998 [Test worker] DEBUG io.restassured.internal.RestAssuredHttpBuilder -- Parsing response as: application/json; charset=utf-8
14:04:57.998 [Test worker] DEBUG io.restassured.internal.RestAssuredHttpBuilder -- Parsed data to instance of: class org.apache.http.conn.EofSensorInputStream
14:04:57.999 [Test worker] DEBUG org.apache.http.wire --  << "{"code":"1200","message":"UserName and Password required."}"
14:04:57.999 [Test worker] DEBUG org.apache.http.impl.conn.BasicClientConnectionManager -- Releasing connection org.apache.http.impl.conn.ManagedClientConnectionImpl@586ab812
14:04:57.999 [Test worker] DEBUG org.apache.http.impl.conn.BasicClientConnectionManager -- Connection can be kept alive indefinitely
HTTP/1.1 400 Bad Request
Server: nginx/1.17.10 (Ubuntu)
Date: Wed, 13 Dec 2023 13:04:59 GMT
Content-Type: application/json; charset=utf-8
Content-Length: 59
Connection: keep-alive
X-Powered-By: Express
ETag: W/"3b-kfIAtNk1nsLmMi3OoOPrbSi9YOU"

{
    "code": "1200",
    "message": "UserName and Password required."
}
14:04:58.013 [Finalizer] DEBUG org.apache.http.impl.conn.DefaultClientConnection -- Connection 0.0.0.0:53196<->176.58.101.124:443 closed
14:04:58.017 [Finalizer] DEBUG org.apache.http.impl.conn.DefaultClientConnection -- Connection 0.0.0.0:53192<->176.58.101.124:443 closed
14:04:58.021 [Finalizer] DEBUG org.apache.http.impl.conn.DefaultClientConnection -- Connection 0.0.0.0:53193<->176.58.101.124:443 closed
14:04:58.024 [Finalizer] DEBUG org.apache.http.impl.conn.DefaultClientConnection -- Connection 0.0.0.0:53194<->176.58.101.124:443 closed
14:04:58.027 [Finalizer] DEBUG org.apache.http.impl.conn.DefaultClientConnection -- Connection 0.0.0.0:53195<->176.58.101.124:443 closed
Request method:	POST
Request URI:	https://demoqa.com/Account/v1/User
Proxy:			<none>
Request params:	<none>
Query params:	<none>
Form params:	<none>
Path params:	<none>
Headers:		Accept=*/*
				Content-Type=application/json
Cookies:		<none>
Multiparts:		<none>
Body:
{
    "userName": "breanne.wunsch",
    "password": "123Ron321&"
}
14:04:58.045 [Test worker] DEBUG org.apache.http.impl.conn.BasicClientConnectionManager -- Get connection for route {s}->https://demoqa.com:443
14:04:58.045 [Test worker] DEBUG org.apache.http.impl.conn.DefaultClientConnectionOperator -- Connecting to demoqa.com:443
14:04:58.104 [Test worker] DEBUG org.apache.http.client.protocol.RequestAddCookies -- CookieSpec selected: ignoreCookies
14:04:58.104 [Test worker] DEBUG org.apache.http.client.protocol.RequestAuthCache -- Auth cache not set in the context
14:04:58.104 [Test worker] DEBUG org.apache.http.client.protocol.RequestTargetAuthentication -- Target auth state: UNCHALLENGED
14:04:58.104 [Test worker] DEBUG org.apache.http.client.protocol.RequestProxyAuthentication -- Proxy auth state: UNCHALLENGED
14:04:58.104 [Test worker] DEBUG org.apache.http.impl.client.DefaultHttpClient -- Attempt 1 to execute request
14:04:58.104 [Test worker] DEBUG org.apache.http.impl.conn.DefaultClientConnection -- Sending request: POST /Account/v1/User HTTP/1.1
14:04:58.104 [Test worker] DEBUG org.apache.http.wire --  >> "POST /Account/v1/User HTTP/1.1[\r][\n]"
14:04:58.104 [Test worker] DEBUG org.apache.http.wire --  >> "Accept: */*[\r][\n]"
14:04:58.104 [Test worker] DEBUG org.apache.http.wire --  >> "Content-Type: application/json[\r][\n]"
14:04:58.104 [Test worker] DEBUG org.apache.http.wire --  >> "Content-Length: 53[\r][\n]"
14:04:58.104 [Test worker] DEBUG org.apache.http.wire --  >> "Host: demoqa.com[\r][\n]"
14:04:58.104 [Test worker] DEBUG org.apache.http.wire --  >> "Connection: Keep-Alive[\r][\n]"
14:04:58.104 [Test worker] DEBUG org.apache.http.wire --  >> "User-Agent: Apache-HttpClient/4.5.13 (Java/11.0.20)[\r][\n]"
14:04:58.104 [Test worker] DEBUG org.apache.http.wire --  >> "Accept-Encoding: gzip,deflate[\r][\n]"
14:04:58.104 [Test worker] DEBUG org.apache.http.wire --  >> "[\r][\n]"
14:04:58.104 [Test worker] DEBUG org.apache.http.headers -- >> POST /Account/v1/User HTTP/1.1
14:04:58.104 [Test worker] DEBUG org.apache.http.headers -- >> Accept: */*
14:04:58.104 [Test worker] DEBUG org.apache.http.headers -- >> Content-Type: application/json
14:04:58.104 [Test worker] DEBUG org.apache.http.headers -- >> Content-Length: 53
14:04:58.104 [Test worker] DEBUG org.apache.http.headers -- >> Host: demoqa.com
14:04:58.104 [Test worker] DEBUG org.apache.http.headers -- >> Connection: Keep-Alive
14:04:58.104 [Test worker] DEBUG org.apache.http.headers -- >> User-Agent: Apache-HttpClient/4.5.13 (Java/11.0.20)
14:04:58.104 [Test worker] DEBUG org.apache.http.headers -- >> Accept-Encoding: gzip,deflate
14:04:58.104 [Test worker] DEBUG org.apache.http.wire --  >> "{"userName":"breanne.wunsch","password":"123Ron321&"}"
14:04:58.272 [Test worker] DEBUG org.apache.http.wire --  << "HTTP/1.1 201 Created[\r][\n]"
14:04:58.272 [Test worker] DEBUG org.apache.http.wire --  << "Server: nginx/1.17.10 (Ubuntu)[\r][\n]"
14:04:58.272 [Test worker] DEBUG org.apache.http.wire --  << "Date: Wed, 13 Dec 2023 13:04:59 GMT[\r][\n]"
14:04:58.272 [Test worker] DEBUG org.apache.http.wire --  << "Content-Type: application/json; charset=utf-8[\r][\n]"
14:04:58.272 [Test worker] DEBUG org.apache.http.wire --  << "Content-Length: 88[\r][\n]"
14:04:58.272 [Test worker] DEBUG org.apache.http.wire --  << "Connection: keep-alive[\r][\n]"
14:04:58.272 [Test worker] DEBUG org.apache.http.wire --  << "X-Powered-By: Express[\r][\n]"
14:04:58.272 [Test worker] DEBUG org.apache.http.wire --  << "ETag: W/"58-H+DlnzPRni0HIdeOiGKQqWIfY9g"[\r][\n]"
14:04:58.272 [Test worker] DEBUG org.apache.http.wire --  << "[\r][\n]"
14:04:58.272 [Test worker] DEBUG org.apache.http.impl.conn.DefaultClientConnection -- Receiving response: HTTP/1.1 201 Created
14:04:58.272 [Test worker] DEBUG org.apache.http.headers -- << HTTP/1.1 201 Created
14:04:58.272 [Test worker] DEBUG org.apache.http.headers -- << Server: nginx/1.17.10 (Ubuntu)
14:04:58.272 [Test worker] DEBUG org.apache.http.headers -- << Date: Wed, 13 Dec 2023 13:04:59 GMT
14:04:58.272 [Test worker] DEBUG org.apache.http.headers -- << Content-Type: application/json; charset=utf-8
14:04:58.272 [Test worker] DEBUG org.apache.http.headers -- << Content-Length: 88
14:04:58.272 [Test worker] DEBUG org.apache.http.headers -- << Connection: keep-alive
14:04:58.272 [Test worker] DEBUG org.apache.http.headers -- << X-Powered-By: Express
14:04:58.272 [Test worker] DEBUG org.apache.http.headers -- << ETag: W/"58-H+DlnzPRni0HIdeOiGKQqWIfY9g"
14:04:58.272 [Test worker] DEBUG org.apache.http.impl.client.DefaultHttpClient -- Connection can be kept alive indefinitely
14:04:58.273 [Test worker] DEBUG io.restassured.internal.RestAssuredHttpBuilder -- Parsing response as: application/json; charset=utf-8
14:04:58.273 [Test worker] DEBUG io.restassured.internal.RestAssuredHttpBuilder -- Parsed data to instance of: class org.apache.http.conn.EofSensorInputStream
14:04:58.273 [Test worker] DEBUG org.apache.http.wire --  << "{"userID":"d50f679b-6f5d-49f3-bf06-ca2bbbcfd3eb","username":"breanne.wunsch","books":[]}"
14:04:58.274 [Test worker] DEBUG org.apache.http.impl.conn.BasicClientConnectionManager -- Releasing connection org.apache.http.impl.conn.ManagedClientConnectionImpl@66193b4b
14:04:58.274 [Test worker] DEBUG org.apache.http.impl.conn.BasicClientConnectionManager -- Connection can be kept alive indefinitely
HTTP/1.1 201 Created
Server: nginx/1.17.10 (Ubuntu)
Date: Wed, 13 Dec 2023 13:04:59 GMT
Content-Type: application/json; charset=utf-8
Content-Length: 88
Connection: keep-alive
X-Powered-By: Express
ETag: W/"58-H+DlnzPRni0HIdeOiGKQqWIfY9g"

{
    "userID": "d50f679b-6f5d-49f3-bf06-ca2bbbcfd3eb",
    "username": "breanne.wunsch",
    "books": [
        
    ]
}
Request method:	POST
Request URI:	https://demoqa.com/Account/v1/Authorized
Proxy:			<none>
Request params:	<none>
Query params:	<none>
Form params:	<none>
Path params:	<none>
Headers:		Accept=*/*
				Content-Type=application/json
Cookies:		<none>
Multiparts:		<none>
Body:
{
    "userName": "",
    "password": "123Ron321&"
}
14:04:58.296 [Test worker] DEBUG org.apache.http.impl.conn.BasicClientConnectionManager -- Get connection for route {s}->https://demoqa.com:443
14:04:58.296 [Test worker] DEBUG org.apache.http.impl.conn.DefaultClientConnectionOperator -- Connecting to demoqa.com:443
14:04:58.377 [Test worker] DEBUG org.apache.http.client.protocol.RequestAddCookies -- CookieSpec selected: ignoreCookies
14:04:58.377 [Test worker] DEBUG org.apache.http.client.protocol.RequestAuthCache -- Auth cache not set in the context
14:04:58.377 [Test worker] DEBUG org.apache.http.client.protocol.RequestTargetAuthentication -- Target auth state: UNCHALLENGED
14:04:58.377 [Test worker] DEBUG org.apache.http.client.protocol.RequestProxyAuthentication -- Proxy auth state: UNCHALLENGED
14:04:58.377 [Test worker] DEBUG org.apache.http.impl.client.DefaultHttpClient -- Attempt 1 to execute request
14:04:58.378 [Test worker] DEBUG org.apache.http.impl.conn.DefaultClientConnection -- Sending request: POST /Account/v1/Authorized HTTP/1.1
14:04:58.378 [Test worker] DEBUG org.apache.http.wire --  >> "POST /Account/v1/Authorized HTTP/1.1[\r][\n]"
14:04:58.378 [Test worker] DEBUG org.apache.http.wire --  >> "Accept: */*[\r][\n]"
14:04:58.378 [Test worker] DEBUG org.apache.http.wire --  >> "Content-Type: application/json[\r][\n]"
14:04:58.378 [Test worker] DEBUG org.apache.http.wire --  >> "Content-Length: 39[\r][\n]"
14:04:58.378 [Test worker] DEBUG org.apache.http.wire --  >> "Host: demoqa.com[\r][\n]"
14:04:58.378 [Test worker] DEBUG org.apache.http.wire --  >> "Connection: Keep-Alive[\r][\n]"
14:04:58.378 [Test worker] DEBUG org.apache.http.wire --  >> "User-Agent: Apache-HttpClient/4.5.13 (Java/11.0.20)[\r][\n]"
14:04:58.378 [Test worker] DEBUG org.apache.http.wire --  >> "Accept-Encoding: gzip,deflate[\r][\n]"
14:04:58.378 [Test worker] DEBUG org.apache.http.wire --  >> "[\r][\n]"
14:04:58.378 [Test worker] DEBUG org.apache.http.headers -- >> POST /Account/v1/Authorized HTTP/1.1
14:04:58.378 [Test worker] DEBUG org.apache.http.headers -- >> Accept: */*
14:04:58.378 [Test worker] DEBUG org.apache.http.headers -- >> Content-Type: application/json
14:04:58.378 [Test worker] DEBUG org.apache.http.headers -- >> Content-Length: 39
14:04:58.378 [Test worker] DEBUG org.apache.http.headers -- >> Host: demoqa.com
14:04:58.378 [Test worker] DEBUG org.apache.http.headers -- >> Connection: Keep-Alive
14:04:58.378 [Test worker] DEBUG org.apache.http.headers -- >> User-Agent: Apache-HttpClient/4.5.13 (Java/11.0.20)
14:04:58.378 [Test worker] DEBUG org.apache.http.headers -- >> Accept-Encoding: gzip,deflate
14:04:58.378 [Test worker] DEBUG org.apache.http.wire --  >> "{"userName":"","password":"123Ron321&"}"
14:04:58.424 [Test worker] DEBUG org.apache.http.wire --  << "HTTP/1.1 400 Bad Request[\r][\n]"
14:04:58.424 [Test worker] DEBUG org.apache.http.wire --  << "Server: nginx/1.17.10 (Ubuntu)[\r][\n]"
14:04:58.424 [Test worker] DEBUG org.apache.http.wire --  << "Date: Wed, 13 Dec 2023 13:04:59 GMT[\r][\n]"
14:04:58.424 [Test worker] DEBUG org.apache.http.wire --  << "Content-Type: application/json; charset=utf-8[\r][\n]"
14:04:58.424 [Test worker] DEBUG org.apache.http.wire --  << "Content-Length: 59[\r][\n]"
14:04:58.424 [Test worker] DEBUG org.apache.http.wire --  << "Connection: keep-alive[\r][\n]"
14:04:58.424 [Test worker] DEBUG org.apache.http.wire --  << "X-Powered-By: Express[\r][\n]"
14:04:58.424 [Test worker] DEBUG org.apache.http.wire --  << "ETag: W/"3b-kfIAtNk1nsLmMi3OoOPrbSi9YOU"[\r][\n]"
14:04:58.424 [Test worker] DEBUG org.apache.http.wire --  << "[\r][\n]"
14:04:58.424 [Test worker] DEBUG org.apache.http.impl.conn.DefaultClientConnection -- Receiving response: HTTP/1.1 400 Bad Request
14:04:58.424 [Test worker] DEBUG org.apache.http.headers -- << HTTP/1.1 400 Bad Request
14:04:58.424 [Test worker] DEBUG org.apache.http.headers -- << Server: nginx/1.17.10 (Ubuntu)
14:04:58.424 [Test worker] DEBUG org.apache.http.headers -- << Date: Wed, 13 Dec 2023 13:04:59 GMT
14:04:58.424 [Test worker] DEBUG org.apache.http.headers -- << Content-Type: application/json; charset=utf-8
14:04:58.424 [Test worker] DEBUG org.apache.http.headers -- << Content-Length: 59
14:04:58.424 [Test worker] DEBUG org.apache.http.headers -- << Connection: keep-alive
14:04:58.424 [Test worker] DEBUG org.apache.http.headers -- << X-Powered-By: Express
14:04:58.424 [Test worker] DEBUG org.apache.http.headers -- << ETag: W/"3b-kfIAtNk1nsLmMi3OoOPrbSi9YOU"
14:04:58.424 [Test worker] DEBUG org.apache.http.impl.client.DefaultHttpClient -- Connection can be kept alive indefinitely
14:04:58.425 [Test worker] DEBUG io.restassured.internal.RestAssuredHttpBuilder -- Parsing response as: application/json; charset=utf-8
14:04:58.425 [Test worker] DEBUG io.restassured.internal.RestAssuredHttpBuilder -- Parsed data to instance of: class org.apache.http.conn.EofSensorInputStream
14:04:58.425 [Test worker] DEBUG org.apache.http.wire --  << "{"code":"1200","message":"UserName and Password required."}"
14:04:58.425 [Test worker] DEBUG org.apache.http.impl.conn.BasicClientConnectionManager -- Releasing connection org.apache.http.impl.conn.ManagedClientConnectionImpl@24ecc9fc
14:04:58.425 [Test worker] DEBUG org.apache.http.impl.conn.BasicClientConnectionManager -- Connection can be kept alive indefinitely
HTTP/1.1 400 Bad Request
Server: nginx/1.17.10 (Ubuntu)
Date: Wed, 13 Dec 2023 13:04:59 GMT
Content-Type: application/json; charset=utf-8
Content-Length: 59
Connection: keep-alive
X-Powered-By: Express
ETag: W/"3b-kfIAtNk1nsLmMi3OoOPrbSi9YOU"

{
    "code": "1200",
    "message": "UserName and Password required."
}
Request method:	POST
Request URI:	https://demoqa.com/Account/v1/User
Proxy:			<none>
Request params:	<none>
Query params:	<none>
Form params:	<none>
Path params:	<none>
Headers:		Accept=*/*
				Content-Type=application/json
Cookies:		<none>
Multiparts:		<none>
Body:
{
    "userName": "rod.rau",
    "password": "123Ron321&"
}
14:04:58.459 [Test worker] DEBUG org.apache.http.impl.conn.BasicClientConnectionManager -- Get connection for route {s}->https://demoqa.com:443
14:04:58.460 [Test worker] DEBUG org.apache.http.impl.conn.DefaultClientConnectionOperator -- Connecting to demoqa.com:443
14:04:58.522 [Test worker] DEBUG org.apache.http.client.protocol.RequestAddCookies -- CookieSpec selected: ignoreCookies
14:04:58.522 [Test worker] DEBUG org.apache.http.client.protocol.RequestAuthCache -- Auth cache not set in the context
14:04:58.522 [Test worker] DEBUG org.apache.http.client.protocol.RequestTargetAuthentication -- Target auth state: UNCHALLENGED
14:04:58.522 [Test worker] DEBUG org.apache.http.client.protocol.RequestProxyAuthentication -- Proxy auth state: UNCHALLENGED
14:04:58.522 [Test worker] DEBUG org.apache.http.impl.client.DefaultHttpClient -- Attempt 1 to execute request
14:04:58.522 [Test worker] DEBUG org.apache.http.impl.conn.DefaultClientConnection -- Sending request: POST /Account/v1/User HTTP/1.1
14:04:58.522 [Test worker] DEBUG org.apache.http.wire --  >> "POST /Account/v1/User HTTP/1.1[\r][\n]"
14:04:58.522 [Test worker] DEBUG org.apache.http.wire --  >> "Accept: */*[\r][\n]"
14:04:58.522 [Test worker] DEBUG org.apache.http.wire --  >> "Content-Type: application/json[\r][\n]"
14:04:58.522 [Test worker] DEBUG org.apache.http.wire --  >> "Content-Length: 46[\r][\n]"
14:04:58.522 [Test worker] DEBUG org.apache.http.wire --  >> "Host: demoqa.com[\r][\n]"
14:04:58.522 [Test worker] DEBUG org.apache.http.wire --  >> "Connection: Keep-Alive[\r][\n]"
14:04:58.522 [Test worker] DEBUG org.apache.http.wire --  >> "User-Agent: Apache-HttpClient/4.5.13 (Java/11.0.20)[\r][\n]"
14:04:58.522 [Test worker] DEBUG org.apache.http.wire --  >> "Accept-Encoding: gzip,deflate[\r][\n]"
14:04:58.522 [Test worker] DEBUG org.apache.http.wire --  >> "[\r][\n]"
14:04:58.522 [Test worker] DEBUG org.apache.http.headers -- >> POST /Account/v1/User HTTP/1.1
14:04:58.522 [Test worker] DEBUG org.apache.http.headers -- >> Accept: */*
14:04:58.522 [Test worker] DEBUG org.apache.http.headers -- >> Content-Type: application/json
14:04:58.522 [Test worker] DEBUG org.apache.http.headers -- >> Content-Length: 46
14:04:58.522 [Test worker] DEBUG org.apache.http.headers -- >> Host: demoqa.com
14:04:58.522 [Test worker] DEBUG org.apache.http.headers -- >> Connection: Keep-Alive
14:04:58.522 [Test worker] DEBUG org.apache.http.headers -- >> User-Agent: Apache-HttpClient/4.5.13 (Java/11.0.20)
14:04:58.522 [Test worker] DEBUG org.apache.http.headers -- >> Accept-Encoding: gzip,deflate
14:04:58.522 [Test worker] DEBUG org.apache.http.wire --  >> "{"userName":"rod.rau","password":"123Ron321&"}"
14:04:58.857 [Test worker] DEBUG org.apache.http.wire --  << "HTTP/1.1 201 Created[\r][\n]"
14:04:58.857 [Test worker] DEBUG org.apache.http.wire --  << "Server: nginx/1.17.10 (Ubuntu)[\r][\n]"
14:04:58.857 [Test worker] DEBUG org.apache.http.wire --  << "Date: Wed, 13 Dec 2023 13:05:00 GMT[\r][\n]"
14:04:58.857 [Test worker] DEBUG org.apache.http.wire --  << "Content-Type: application/json; charset=utf-8[\r][\n]"
14:04:58.857 [Test worker] DEBUG org.apache.http.wire --  << "Content-Length: 81[\r][\n]"
14:04:58.857 [Test worker] DEBUG org.apache.http.wire --  << "Connection: keep-alive[\r][\n]"
14:04:58.857 [Test worker] DEBUG org.apache.http.wire --  << "X-Powered-By: Express[\r][\n]"
14:04:58.857 [Test worker] DEBUG org.apache.http.wire --  << "ETag: W/"51-BV4YPrKWNvwePVPy2f0wZn9hxvQ"[\r][\n]"
14:04:58.857 [Test worker] DEBUG org.apache.http.wire --  << "[\r][\n]"
14:04:58.857 [Test worker] DEBUG org.apache.http.impl.conn.DefaultClientConnection -- Receiving response: HTTP/1.1 201 Created
14:04:58.857 [Test worker] DEBUG org.apache.http.headers -- << HTTP/1.1 201 Created
14:04:58.857 [Test worker] DEBUG org.apache.http.headers -- << Server: nginx/1.17.10 (Ubuntu)
14:04:58.857 [Test worker] DEBUG org.apache.http.headers -- << Date: Wed, 13 Dec 2023 13:05:00 GMT
14:04:58.857 [Test worker] DEBUG org.apache.http.headers -- << Content-Type: application/json; charset=utf-8
14:04:58.857 [Test worker] DEBUG org.apache.http.headers -- << Content-Length: 81
14:04:58.857 [Test worker] DEBUG org.apache.http.headers -- << Connection: keep-alive
14:04:58.857 [Test worker] DEBUG org.apache.http.headers -- << X-Powered-By: Express
14:04:58.857 [Test worker] DEBUG org.apache.http.headers -- << ETag: W/"51-BV4YPrKWNvwePVPy2f0wZn9hxvQ"
14:04:58.857 [Test worker] DEBUG org.apache.http.impl.client.DefaultHttpClient -- Connection can be kept alive indefinitely
14:04:58.857 [Test worker] DEBUG io.restassured.internal.RestAssuredHttpBuilder -- Parsing response as: application/json; charset=utf-8
14:04:58.857 [Test worker] DEBUG io.restassured.internal.RestAssuredHttpBuilder -- Parsed data to instance of: class org.apache.http.conn.EofSensorInputStream
14:04:58.858 [Test worker] DEBUG org.apache.http.wire --  << "{"userID":"e67c3893-83aa-482e-9d85-d116d4610121","username":"rod.rau","books":[]}"
14:04:58.858 [Test worker] DEBUG org.apache.http.impl.conn.BasicClientConnectionManager -- Releasing connection org.apache.http.impl.conn.ManagedClientConnectionImpl@5cb96c95
14:04:58.858 [Test worker] DEBUG org.apache.http.impl.conn.BasicClientConnectionManager -- Connection can be kept alive indefinitely
HTTP/1.1 201 Created
Server: nginx/1.17.10 (Ubuntu)
Date: Wed, 13 Dec 2023 13:05:00 GMT
Content-Type: application/json; charset=utf-8
Content-Length: 81
Connection: keep-alive
X-Powered-By: Express
ETag: W/"51-BV4YPrKWNvwePVPy2f0wZn9hxvQ"

{
    "userID": "e67c3893-83aa-482e-9d85-d116d4610121",
    "username": "rod.rau",
    "books": [
        
    ]
}
Request method:	POST
Request URI:	https://demoqa.com/Account/v1/Authorized
Proxy:			<none>
Request params:	<none>
Query params:	<none>
Form params:	<none>
Path params:	<none>
Headers:		Accept=*/*
				Content-Type=application/json
Cookies:		<none>
Multiparts:		<none>
Body:
{
    "userName": "rod.rau",
    "password": "987Aqua078#"
}
14:04:58.887 [Test worker] DEBUG org.apache.http.impl.conn.BasicClientConnectionManager -- Get connection for route {s}->https://demoqa.com:443
14:04:58.887 [Test worker] DEBUG org.apache.http.impl.conn.DefaultClientConnectionOperator -- Connecting to demoqa.com:443
14:04:58.991 [Test worker] DEBUG org.apache.http.client.protocol.RequestAddCookies -- CookieSpec selected: ignoreCookies
14:04:58.991 [Test worker] DEBUG org.apache.http.client.protocol.RequestAuthCache -- Auth cache not set in the context
14:04:58.991 [Test worker] DEBUG org.apache.http.client.protocol.RequestTargetAuthentication -- Target auth state: UNCHALLENGED
14:04:58.991 [Test worker] DEBUG org.apache.http.client.protocol.RequestProxyAuthentication -- Proxy auth state: UNCHALLENGED
14:04:58.991 [Test worker] DEBUG org.apache.http.impl.client.DefaultHttpClient -- Attempt 1 to execute request
14:04:58.991 [Test worker] DEBUG org.apache.http.impl.conn.DefaultClientConnection -- Sending request: POST /Account/v1/Authorized HTTP/1.1
14:04:58.991 [Test worker] DEBUG org.apache.http.wire --  >> "POST /Account/v1/Authorized HTTP/1.1[\r][\n]"
14:04:58.991 [Test worker] DEBUG org.apache.http.wire --  >> "Accept: */*[\r][\n]"
14:04:58.991 [Test worker] DEBUG org.apache.http.wire --  >> "Content-Type: application/json[\r][\n]"
14:04:58.991 [Test worker] DEBUG org.apache.http.wire --  >> "Content-Length: 47[\r][\n]"
14:04:58.991 [Test worker] DEBUG org.apache.http.wire --  >> "Host: demoqa.com[\r][\n]"
14:04:58.991 [Test worker] DEBUG org.apache.http.wire --  >> "Connection: Keep-Alive[\r][\n]"
14:04:58.991 [Test worker] DEBUG org.apache.http.wire --  >> "User-Agent: Apache-HttpClient/4.5.13 (Java/11.0.20)[\r][\n]"
14:04:58.991 [Test worker] DEBUG org.apache.http.wire --  >> "Accept-Encoding: gzip,deflate[\r][\n]"
14:04:58.991 [Test worker] DEBUG org.apache.http.wire --  >> "[\r][\n]"
14:04:58.991 [Test worker] DEBUG org.apache.http.headers -- >> POST /Account/v1/Authorized HTTP/1.1
14:04:58.991 [Test worker] DEBUG org.apache.http.headers -- >> Accept: */*
14:04:58.991 [Test worker] DEBUG org.apache.http.headers -- >> Content-Type: application/json
14:04:58.991 [Test worker] DEBUG org.apache.http.headers -- >> Content-Length: 47
14:04:58.991 [Test worker] DEBUG org.apache.http.headers -- >> Host: demoqa.com
14:04:58.991 [Test worker] DEBUG org.apache.http.headers -- >> Connection: Keep-Alive
14:04:58.991 [Test worker] DEBUG org.apache.http.headers -- >> User-Agent: Apache-HttpClient/4.5.13 (Java/11.0.20)
14:04:58.991 [Test worker] DEBUG org.apache.http.headers -- >> Accept-Encoding: gzip,deflate
14:04:58.992 [Test worker] DEBUG org.apache.http.wire --  >> "{"userName":"rod.rau","password":"987Aqua078#"}"
14:04:59.172 [Test worker] DEBUG org.apache.http.wire --  << "HTTP/1.1 404 Not Found[\r][\n]"
14:04:59.172 [Test worker] DEBUG org.apache.http.wire --  << "Server: nginx/1.17.10 (Ubuntu)[\r][\n]"
14:04:59.172 [Test worker] DEBUG org.apache.http.wire --  << "Date: Wed, 13 Dec 2023 13:05:00 GMT[\r][\n]"
14:04:59.172 [Test worker] DEBUG org.apache.http.wire --  << "Content-Type: application/json; charset=utf-8[\r][\n]"
14:04:59.172 [Test worker] DEBUG org.apache.http.wire --  << "Content-Length: 43[\r][\n]"
14:04:59.172 [Test worker] DEBUG org.apache.http.wire --  << "Connection: keep-alive[\r][\n]"
14:04:59.172 [Test worker] DEBUG org.apache.http.wire --  << "X-Powered-By: Express[\r][\n]"
14:04:59.172 [Test worker] DEBUG org.apache.http.wire --  << "ETag: W/"2b-hLPYyb0m8IpHH/aFjmp8VZrYXGw"[\r][\n]"
14:04:59.172 [Test worker] DEBUG org.apache.http.wire --  << "[\r][\n]"
14:04:59.172 [Test worker] DEBUG org.apache.http.impl.conn.DefaultClientConnection -- Receiving response: HTTP/1.1 404 Not Found
14:04:59.172 [Test worker] DEBUG org.apache.http.headers -- << HTTP/1.1 404 Not Found
14:04:59.172 [Test worker] DEBUG org.apache.http.headers -- << Server: nginx/1.17.10 (Ubuntu)
14:04:59.172 [Test worker] DEBUG org.apache.http.headers -- << Date: Wed, 13 Dec 2023 13:05:00 GMT
14:04:59.172 [Test worker] DEBUG org.apache.http.headers -- << Content-Type: application/json; charset=utf-8
14:04:59.172 [Test worker] DEBUG org.apache.http.headers -- << Content-Length: 43
14:04:59.172 [Test worker] DEBUG org.apache.http.headers -- << Connection: keep-alive
14:04:59.172 [Test worker] DEBUG org.apache.http.headers -- << X-Powered-By: Express
14:04:59.172 [Test worker] DEBUG org.apache.http.headers -- << ETag: W/"2b-hLPYyb0m8IpHH/aFjmp8VZrYXGw"
14:04:59.173 [Test worker] DEBUG org.apache.http.impl.client.DefaultHttpClient -- Connection can be kept alive indefinitely
14:04:59.173 [Test worker] DEBUG io.restassured.internal.RestAssuredHttpBuilder -- Parsing response as: application/json; charset=utf-8
14:04:59.173 [Test worker] DEBUG io.restassured.internal.RestAssuredHttpBuilder -- Parsed data to instance of: class org.apache.http.conn.EofSensorInputStream
14:04:59.173 [Test worker] DEBUG org.apache.http.wire --  << "{"code":"1207","message":"User not found!"}"
14:04:59.173 [Test worker] DEBUG org.apache.http.impl.conn.BasicClientConnectionManager -- Releasing connection org.apache.http.impl.conn.ManagedClientConnectionImpl@78519d63
14:04:59.173 [Test worker] DEBUG org.apache.http.impl.conn.BasicClientConnectionManager -- Connection can be kept alive indefinitely
HTTP/1.1 404 Not Found
Server: nginx/1.17.10 (Ubuntu)
Date: Wed, 13 Dec 2023 13:05:00 GMT
Content-Type: application/json; charset=utf-8
Content-Length: 43
Connection: keep-alive
X-Powered-By: Express
ETag: W/"2b-hLPYyb0m8IpHH/aFjmp8VZrYXGw"

{
    "code": "1207",
    "message": "User not found!"
}
Request method:	POST
Request URI:	https://demoqa.com/Account/v1/User
Proxy:			<none>
Request params:	<none>
Query params:	<none>
Form params:	<none>
Path params:	<none>
Headers:		Accept=*/*
				Content-Type=application/json
Cookies:		<none>
Multiparts:		<none>
Body:
{
    "userName": "tristan.adams",
    "password": "123Ron321&"
}
14:04:59.204 [Test worker] DEBUG org.apache.http.impl.conn.BasicClientConnectionManager -- Get connection for route {s}->https://demoqa.com:443
14:04:59.204 [Test worker] DEBUG org.apache.http.impl.conn.DefaultClientConnectionOperator -- Connecting to demoqa.com:443
14:04:59.262 [Test worker] DEBUG org.apache.http.client.protocol.RequestAddCookies -- CookieSpec selected: ignoreCookies
14:04:59.262 [Test worker] DEBUG org.apache.http.client.protocol.RequestAuthCache -- Auth cache not set in the context
14:04:59.262 [Test worker] DEBUG org.apache.http.client.protocol.RequestTargetAuthentication -- Target auth state: UNCHALLENGED
14:04:59.262 [Test worker] DEBUG org.apache.http.client.protocol.RequestProxyAuthentication -- Proxy auth state: UNCHALLENGED
14:04:59.262 [Test worker] DEBUG org.apache.http.impl.client.DefaultHttpClient -- Attempt 1 to execute request
14:04:59.262 [Test worker] DEBUG org.apache.http.impl.conn.DefaultClientConnection -- Sending request: POST /Account/v1/User HTTP/1.1
14:04:59.262 [Test worker] DEBUG org.apache.http.wire --  >> "POST /Account/v1/User HTTP/1.1[\r][\n]"
14:04:59.262 [Test worker] DEBUG org.apache.http.wire --  >> "Accept: */*[\r][\n]"
14:04:59.262 [Test worker] DEBUG org.apache.http.wire --  >> "Content-Type: application/json[\r][\n]"
14:04:59.262 [Test worker] DEBUG org.apache.http.wire --  >> "Content-Length: 52[\r][\n]"
14:04:59.262 [Test worker] DEBUG org.apache.http.wire --  >> "Host: demoqa.com[\r][\n]"
14:04:59.262 [Test worker] DEBUG org.apache.http.wire --  >> "Connection: Keep-Alive[\r][\n]"
14:04:59.262 [Test worker] DEBUG org.apache.http.wire --  >> "User-Agent: Apache-HttpClient/4.5.13 (Java/11.0.20)[\r][\n]"
14:04:59.262 [Test worker] DEBUG org.apache.http.wire --  >> "Accept-Encoding: gzip,deflate[\r][\n]"
14:04:59.262 [Test worker] DEBUG org.apache.http.wire --  >> "[\r][\n]"
14:04:59.262 [Test worker] DEBUG org.apache.http.headers -- >> POST /Account/v1/User HTTP/1.1
14:04:59.262 [Test worker] DEBUG org.apache.http.headers -- >> Accept: */*
14:04:59.262 [Test worker] DEBUG org.apache.http.headers -- >> Content-Type: application/json
14:04:59.262 [Test worker] DEBUG org.apache.http.headers -- >> Content-Length: 52
14:04:59.262 [Test worker] DEBUG org.apache.http.headers -- >> Host: demoqa.com
14:04:59.262 [Test worker] DEBUG org.apache.http.headers -- >> Connection: Keep-Alive
14:04:59.262 [Test worker] DEBUG org.apache.http.headers -- >> User-Agent: Apache-HttpClient/4.5.13 (Java/11.0.20)
14:04:59.262 [Test worker] DEBUG org.apache.http.headers -- >> Accept-Encoding: gzip,deflate
14:04:59.262 [Test worker] DEBUG org.apache.http.wire --  >> "{"userName":"tristan.adams","password":"123Ron321&"}"
14:04:59.459 [Test worker] DEBUG org.apache.http.wire --  << "HTTP/1.1 201 Created[\r][\n]"
14:04:59.460 [Test worker] DEBUG org.apache.http.wire --  << "Server: nginx/1.17.10 (Ubuntu)[\r][\n]"
14:04:59.460 [Test worker] DEBUG org.apache.http.wire --  << "Date: Wed, 13 Dec 2023 13:05:00 GMT[\r][\n]"
14:04:59.460 [Test worker] DEBUG org.apache.http.wire --  << "Content-Type: application/json; charset=utf-8[\r][\n]"
14:04:59.460 [Test worker] DEBUG org.apache.http.wire --  << "Content-Length: 87[\r][\n]"
14:04:59.460 [Test worker] DEBUG org.apache.http.wire --  << "Connection: keep-alive[\r][\n]"
14:04:59.460 [Test worker] DEBUG org.apache.http.wire --  << "X-Powered-By: Express[\r][\n]"
14:04:59.460 [Test worker] DEBUG org.apache.http.wire --  << "ETag: W/"57-Z6dq+ShaIyCsAJYGO8soTF9I1a4"[\r][\n]"
14:04:59.460 [Test worker] DEBUG org.apache.http.wire --  << "[\r][\n]"
14:04:59.460 [Test worker] DEBUG org.apache.http.impl.conn.DefaultClientConnection -- Receiving response: HTTP/1.1 201 Created
14:04:59.460 [Test worker] DEBUG org.apache.http.headers -- << HTTP/1.1 201 Created
14:04:59.460 [Test worker] DEBUG org.apache.http.headers -- << Server: nginx/1.17.10 (Ubuntu)
14:04:59.460 [Test worker] DEBUG org.apache.http.headers -- << Date: Wed, 13 Dec 2023 13:05:00 GMT
14:04:59.460 [Test worker] DEBUG org.apache.http.headers -- << Content-Type: application/json; charset=utf-8
14:04:59.460 [Test worker] DEBUG org.apache.http.headers -- << Content-Length: 87
14:04:59.460 [Test worker] DEBUG org.apache.http.headers -- << Connection: keep-alive
14:04:59.460 [Test worker] DEBUG org.apache.http.headers -- << X-Powered-By: Express
14:04:59.460 [Test worker] DEBUG org.apache.http.headers -- << ETag: W/"57-Z6dq+ShaIyCsAJYGO8soTF9I1a4"
14:04:59.460 [Test worker] DEBUG org.apache.http.impl.client.DefaultHttpClient -- Connection can be kept alive indefinitely
14:04:59.460 [Test worker] DEBUG io.restassured.internal.RestAssuredHttpBuilder -- Parsing response as: application/json; charset=utf-8
14:04:59.460 [Test worker] DEBUG io.restassured.internal.RestAssuredHttpBuilder -- Parsed data to instance of: class org.apache.http.conn.EofSensorInputStream
14:04:59.461 [Test worker] DEBUG org.apache.http.wire --  << "{"userID":"bf745736-8b0b-46c6-9a24-a42f529dc0ba","username":"tristan.adams","books":[]}"
14:04:59.461 [Test worker] DEBUG org.apache.http.impl.conn.BasicClientConnectionManager -- Releasing connection org.apache.http.impl.conn.ManagedClientConnectionImpl@b439e50
14:04:59.461 [Test worker] DEBUG org.apache.http.impl.conn.BasicClientConnectionManager -- Connection can be kept alive indefinitely
HTTP/1.1 201 Created
Server: nginx/1.17.10 (Ubuntu)
Date: Wed, 13 Dec 2023 13:05:00 GMT
Content-Type: application/json; charset=utf-8
Content-Length: 87
Connection: keep-alive
X-Powered-By: Express
ETag: W/"57-Z6dq+ShaIyCsAJYGO8soTF9I1a4"

{
    "userID": "bf745736-8b0b-46c6-9a24-a42f529dc0ba",
    "username": "tristan.adams",
    "books": [
        
    ]
}
Request method:	POST
Request URI:	https://demoqa.com/Account/v1/Authorized
Proxy:			<none>
Request params:	<none>
Query params:	<none>
Form params:	<none>
Path params:	<none>
Headers:		Accept=*/*
				Content-Type=application/json
Cookies:		<none>
Multiparts:		<none>
Body:
{
    "userName": "Aqua",
    "password": "123Ron321&"
}
14:04:59.485 [Test worker] DEBUG org.apache.http.impl.conn.BasicClientConnectionManager -- Get connection for route {s}->https://demoqa.com:443
14:04:59.485 [Test worker] DEBUG org.apache.http.impl.conn.DefaultClientConnectionOperator -- Connecting to demoqa.com:443
14:05:00.610 [Test worker] DEBUG org.apache.http.client.protocol.RequestAddCookies -- CookieSpec selected: ignoreCookies
14:05:00.610 [Test worker] DEBUG org.apache.http.client.protocol.RequestAuthCache -- Auth cache not set in the context
14:05:00.610 [Test worker] DEBUG org.apache.http.client.protocol.RequestTargetAuthentication -- Target auth state: UNCHALLENGED
14:05:00.610 [Test worker] DEBUG org.apache.http.client.protocol.RequestProxyAuthentication -- Proxy auth state: UNCHALLENGED
14:05:00.610 [Test worker] DEBUG org.apache.http.impl.client.DefaultHttpClient -- Attempt 1 to execute request
14:05:00.610 [Test worker] DEBUG org.apache.http.impl.conn.DefaultClientConnection -- Sending request: POST /Account/v1/Authorized HTTP/1.1
14:05:00.610 [Test worker] DEBUG org.apache.http.wire --  >> "POST /Account/v1/Authorized HTTP/1.1[\r][\n]"
14:05:00.610 [Test worker] DEBUG org.apache.http.wire --  >> "Accept: */*[\r][\n]"
14:05:00.610 [Test worker] DEBUG org.apache.http.wire --  >> "Content-Type: application/json[\r][\n]"
14:05:00.610 [Test worker] DEBUG org.apache.http.wire --  >> "Content-Length: 43[\r][\n]"
14:05:00.610 [Test worker] DEBUG org.apache.http.wire --  >> "Host: demoqa.com[\r][\n]"
14:05:00.610 [Test worker] DEBUG org.apache.http.wire --  >> "Connection: Keep-Alive[\r][\n]"
14:05:00.610 [Test worker] DEBUG org.apache.http.wire --  >> "User-Agent: Apache-HttpClient/4.5.13 (Java/11.0.20)[\r][\n]"
14:05:00.610 [Test worker] DEBUG org.apache.http.wire --  >> "Accept-Encoding: gzip,deflate[\r][\n]"
14:05:00.610 [Test worker] DEBUG org.apache.http.wire --  >> "[\r][\n]"
14:05:00.610 [Test worker] DEBUG org.apache.http.headers -- >> POST /Account/v1/Authorized HTTP/1.1
14:05:00.610 [Test worker] DEBUG org.apache.http.headers -- >> Accept: */*
14:05:00.610 [Test worker] DEBUG org.apache.http.headers -- >> Content-Type: application/json
14:05:00.610 [Test worker] DEBUG org.apache.http.headers -- >> Content-Length: 43
14:05:00.610 [Test worker] DEBUG org.apache.http.headers -- >> Host: demoqa.com
14:05:00.610 [Test worker] DEBUG org.apache.http.headers -- >> Connection: Keep-Alive
14:05:00.610 [Test worker] DEBUG org.apache.http.headers -- >> User-Agent: Apache-HttpClient/4.5.13 (Java/11.0.20)
14:05:00.610 [Test worker] DEBUG org.apache.http.headers -- >> Accept-Encoding: gzip,deflate
14:05:00.610 [Test worker] DEBUG org.apache.http.wire --  >> "{"userName":"Aqua","password":"123Ron321&"}"
14:05:01.085 [Test worker] DEBUG org.apache.http.wire --  << "HTTP/1.1 404 Not Found[\r][\n]"
14:05:01.085 [Test worker] DEBUG org.apache.http.wire --  << "Server: nginx/1.17.10 (Ubuntu)[\r][\n]"
14:05:01.085 [Test worker] DEBUG org.apache.http.wire --  << "Date: Wed, 13 Dec 2023 13:05:02 GMT[\r][\n]"
14:05:01.085 [Test worker] DEBUG org.apache.http.wire --  << "Content-Type: application/json; charset=utf-8[\r][\n]"
14:05:01.085 [Test worker] DEBUG org.apache.http.wire --  << "Content-Length: 43[\r][\n]"
14:05:01.085 [Test worker] DEBUG org.apache.http.wire --  << "Connection: keep-alive[\r][\n]"
14:05:01.085 [Test worker] DEBUG org.apache.http.wire --  << "X-Powered-By: Express[\r][\n]"
14:05:01.085 [Test worker] DEBUG org.apache.http.wire --  << "ETag: W/"2b-hLPYyb0m8IpHH/aFjmp8VZrYXGw"[\r][\n]"
14:05:01.085 [Test worker] DEBUG org.apache.http.wire --  << "[\r][\n]"
14:05:01.085 [Test worker] DEBUG org.apache.http.impl.conn.DefaultClientConnection -- Receiving response: HTTP/1.1 404 Not Found
14:05:01.085 [Test worker] DEBUG org.apache.http.headers -- << HTTP/1.1 404 Not Found
14:05:01.085 [Test worker] DEBUG org.apache.http.headers -- << Server: nginx/1.17.10 (Ubuntu)
14:05:01.085 [Test worker] DEBUG org.apache.http.headers -- << Date: Wed, 13 Dec 2023 13:05:02 GMT
14:05:01.085 [Test worker] DEBUG org.apache.http.headers -- << Content-Type: application/json; charset=utf-8
14:05:01.085 [Test worker] DEBUG org.apache.http.headers -- << Content-Length: 43
14:05:01.085 [Test worker] DEBUG org.apache.http.headers -- << Connection: keep-alive
14:05:01.085 [Test worker] DEBUG org.apache.http.headers -- << X-Powered-By: Express
14:05:01.085 [Test worker] DEBUG org.apache.http.headers -- << ETag: W/"2b-hLPYyb0m8IpHH/aFjmp8VZrYXGw"
14:05:01.085 [Test worker] DEBUG org.apache.http.impl.client.DefaultHttpClient -- Connection can be kept alive indefinitely
14:05:01.085 [Test worker] DEBUG io.restassured.internal.RestAssuredHttpBuilder -- Parsing response as: application/json; charset=utf-8
14:05:01.085 [Test worker] DEBUG io.restassured.internal.RestAssuredHttpBuilder -- Parsed data to instance of: class org.apache.http.conn.EofSensorInputStream
14:05:01.086 [Test worker] DEBUG org.apache.http.wire --  << "{"code":"1207","message":"User not found!"}"
14:05:01.086 [Test worker] DEBUG org.apache.http.impl.conn.BasicClientConnectionManager -- Releasing connection org.apache.http.impl.conn.ManagedClientConnectionImpl@7d2c6085
14:05:01.086 [Test worker] DEBUG org.apache.http.impl.conn.BasicClientConnectionManager -- Connection can be kept alive indefinitely
HTTP/1.1 404 Not Found
Server: nginx/1.17.10 (Ubuntu)
Date: Wed, 13 Dec 2023 13:05:02 GMT
Content-Type: application/json; charset=utf-8
Content-Length: 43
Connection: keep-alive
X-Powered-By: Express
ETag: W/"2b-hLPYyb0m8IpHH/aFjmp8VZrYXGw"

{
    "code": "1207",
    "message": "User not found!"
}
Request method:	POST
Request URI:	https://demoqa.com/Account/v1/User
Proxy:			<none>
Request params:	<none>
Query params:	<none>
Form params:	<none>
Path params:	<none>
Headers:		Accept=*/*
				Content-Type=application/json
Cookies:		<none>
Multiparts:		<none>
Body:
{
    "userName": "alene.bechtelar",
    "password": "123Ron321&"
}
14:05:01.115 [Test worker] DEBUG org.apache.http.impl.conn.BasicClientConnectionManager -- Get connection for route {s}->https://demoqa.com:443
14:05:01.115 [Test worker] DEBUG org.apache.http.impl.conn.DefaultClientConnectionOperator -- Connecting to demoqa.com:443
14:05:03.322 [Test worker] DEBUG org.apache.http.client.protocol.RequestAddCookies -- CookieSpec selected: ignoreCookies
14:05:03.322 [Test worker] DEBUG org.apache.http.client.protocol.RequestAuthCache -- Auth cache not set in the context
14:05:03.322 [Test worker] DEBUG org.apache.http.client.protocol.RequestTargetAuthentication -- Target auth state: UNCHALLENGED
14:05:03.322 [Test worker] DEBUG org.apache.http.client.protocol.RequestProxyAuthentication -- Proxy auth state: UNCHALLENGED
14:05:03.322 [Test worker] DEBUG org.apache.http.impl.client.DefaultHttpClient -- Attempt 1 to execute request
14:05:03.323 [Test worker] DEBUG org.apache.http.impl.conn.DefaultClientConnection -- Sending request: POST /Account/v1/User HTTP/1.1
14:05:03.323 [Test worker] DEBUG org.apache.http.wire --  >> "POST /Account/v1/User HTTP/1.1[\r][\n]"
14:05:03.323 [Test worker] DEBUG org.apache.http.wire --  >> "Accept: */*[\r][\n]"
14:05:03.323 [Test worker] DEBUG org.apache.http.wire --  >> "Content-Type: application/json[\r][\n]"
14:05:03.323 [Test worker] DEBUG org.apache.http.wire --  >> "Content-Length: 54[\r][\n]"
14:05:03.323 [Test worker] DEBUG org.apache.http.wire --  >> "Host: demoqa.com[\r][\n]"
14:05:03.323 [Test worker] DEBUG org.apache.http.wire --  >> "Connection: Keep-Alive[\r][\n]"
14:05:03.323 [Test worker] DEBUG org.apache.http.wire --  >> "User-Agent: Apache-HttpClient/4.5.13 (Java/11.0.20)[\r][\n]"
14:05:03.323 [Test worker] DEBUG org.apache.http.wire --  >> "Accept-Encoding: gzip,deflate[\r][\n]"
14:05:03.323 [Test worker] DEBUG org.apache.http.wire --  >> "[\r][\n]"
14:05:03.323 [Test worker] DEBUG org.apache.http.headers -- >> POST /Account/v1/User HTTP/1.1
14:05:03.323 [Test worker] DEBUG org.apache.http.headers -- >> Accept: */*
14:05:03.323 [Test worker] DEBUG org.apache.http.headers -- >> Content-Type: application/json
14:05:03.323 [Test worker] DEBUG org.apache.http.headers -- >> Content-Length: 54
14:05:03.323 [Test worker] DEBUG org.apache.http.headers -- >> Host: demoqa.com
14:05:03.323 [Test worker] DEBUG org.apache.http.headers -- >> Connection: Keep-Alive
14:05:03.323 [Test worker] DEBUG org.apache.http.headers -- >> User-Agent: Apache-HttpClient/4.5.13 (Java/11.0.20)
14:05:03.323 [Test worker] DEBUG org.apache.http.headers -- >> Accept-Encoding: gzip,deflate
14:05:03.323 [Test worker] DEBUG org.apache.http.wire --  >> "{"userName":"alene.bechtelar","password":"123Ron321&"}"
14:05:03.510 [Test worker] DEBUG org.apache.http.wire --  << "HTTP/1.1 201 Created[\r][\n]"
14:05:03.510 [Test worker] DEBUG org.apache.http.wire --  << "Server: nginx/1.17.10 (Ubuntu)[\r][\n]"
14:05:03.510 [Test worker] DEBUG org.apache.http.wire --  << "Date: Wed, 13 Dec 2023 13:05:04 GMT[\r][\n]"
14:05:03.510 [Test worker] DEBUG org.apache.http.wire --  << "Content-Type: application/json; charset=utf-8[\r][\n]"
14:05:03.510 [Test worker] DEBUG org.apache.http.wire --  << "Content-Length: 89[\r][\n]"
14:05:03.510 [Test worker] DEBUG org.apache.http.wire --  << "Connection: keep-alive[\r][\n]"
14:05:03.510 [Test worker] DEBUG org.apache.http.wire --  << "X-Powered-By: Express[\r][\n]"
14:05:03.510 [Test worker] DEBUG org.apache.http.wire --  << "ETag: W/"59-ghTdyFo+9Cz2gGi5IAP1LaTXO3o"[\r][\n]"
14:05:03.510 [Test worker] DEBUG org.apache.http.wire --  << "[\r][\n]"
14:05:03.510 [Test worker] DEBUG org.apache.http.impl.conn.DefaultClientConnection -- Receiving response: HTTP/1.1 201 Created
14:05:03.510 [Test worker] DEBUG org.apache.http.headers -- << HTTP/1.1 201 Created
14:05:03.510 [Test worker] DEBUG org.apache.http.headers -- << Server: nginx/1.17.10 (Ubuntu)
14:05:03.510 [Test worker] DEBUG org.apache.http.headers -- << Date: Wed, 13 Dec 2023 13:05:04 GMT
14:05:03.510 [Test worker] DEBUG org.apache.http.headers -- << Content-Type: application/json; charset=utf-8
14:05:03.510 [Test worker] DEBUG org.apache.http.headers -- << Content-Length: 89
14:05:03.510 [Test worker] DEBUG org.apache.http.headers -- << Connection: keep-alive
14:05:03.510 [Test worker] DEBUG org.apache.http.headers -- << X-Powered-By: Express
14:05:03.510 [Test worker] DEBUG org.apache.http.headers -- << ETag: W/"59-ghTdyFo+9Cz2gGi5IAP1LaTXO3o"
14:05:03.510 [Test worker] DEBUG org.apache.http.impl.client.DefaultHttpClient -- Connection can be kept alive indefinitely
14:05:03.510 [Test worker] DEBUG io.restassured.internal.RestAssuredHttpBuilder -- Parsing response as: application/json; charset=utf-8
14:05:03.510 [Test worker] DEBUG io.restassured.internal.RestAssuredHttpBuilder -- Parsed data to instance of: class org.apache.http.conn.EofSensorInputStream
14:05:03.511 [Test worker] DEBUG org.apache.http.wire --  << "{"userID":"981747a9-8edb-4e73-b0d5-c2f56713db02","username":"alene.bechtelar","books":[]}"
14:05:03.511 [Test worker] DEBUG org.apache.http.impl.conn.BasicClientConnectionManager -- Releasing connection org.apache.http.impl.conn.ManagedClientConnectionImpl@343f01c7
14:05:03.511 [Test worker] DEBUG org.apache.http.impl.conn.BasicClientConnectionManager -- Connection can be kept alive indefinitely
HTTP/1.1 201 Created
Server: nginx/1.17.10 (Ubuntu)
Date: Wed, 13 Dec 2023 13:05:04 GMT
Content-Type: application/json; charset=utf-8
Content-Length: 89
Connection: keep-alive
X-Powered-By: Express
ETag: W/"59-ghTdyFo+9Cz2gGi5IAP1LaTXO3o"

{
    "userID": "981747a9-8edb-4e73-b0d5-c2f56713db02",
    "username": "alene.bechtelar",
    "books": [
        
    ]
}
Request method:	POST
Request URI:	https://demoqa.com/Account/v1/GenerateToken
Proxy:			<none>
Request params:	<none>
Query params:	<none>
Form params:	<none>
Path params:	<none>
Headers:		Accept=*/*
				Content-Type=application/json
Cookies:		<none>
Multiparts:		<none>
Body:
{
    "userName": "alene.bechtelar",
    "password": "123Ron321&"
}
14:05:03.537 [Test worker] DEBUG org.apache.http.impl.conn.BasicClientConnectionManager -- Get connection for route {s}->https://demoqa.com:443
14:05:03.537 [Test worker] DEBUG org.apache.http.impl.conn.DefaultClientConnectionOperator -- Connecting to demoqa.com:443
14:05:03.597 [Test worker] DEBUG org.apache.http.client.protocol.RequestAddCookies -- CookieSpec selected: ignoreCookies
14:05:03.597 [Test worker] DEBUG org.apache.http.client.protocol.RequestAuthCache -- Auth cache not set in the context
14:05:03.597 [Test worker] DEBUG org.apache.http.client.protocol.RequestTargetAuthentication -- Target auth state: UNCHALLENGED
14:05:03.597 [Test worker] DEBUG org.apache.http.client.protocol.RequestProxyAuthentication -- Proxy auth state: UNCHALLENGED
14:05:03.597 [Test worker] DEBUG org.apache.http.impl.client.DefaultHttpClient -- Attempt 1 to execute request
14:05:03.597 [Test worker] DEBUG org.apache.http.impl.conn.DefaultClientConnection -- Sending request: POST /Account/v1/GenerateToken HTTP/1.1
14:05:03.597 [Test worker] DEBUG org.apache.http.wire --  >> "POST /Account/v1/GenerateToken HTTP/1.1[\r][\n]"
14:05:03.597 [Test worker] DEBUG org.apache.http.wire --  >> "Accept: */*[\r][\n]"
14:05:03.597 [Test worker] DEBUG org.apache.http.wire --  >> "Content-Type: application/json[\r][\n]"
14:05:03.597 [Test worker] DEBUG org.apache.http.wire --  >> "Content-Length: 54[\r][\n]"
14:05:03.597 [Test worker] DEBUG org.apache.http.wire --  >> "Host: demoqa.com[\r][\n]"
14:05:03.597 [Test worker] DEBUG org.apache.http.wire --  >> "Connection: Keep-Alive[\r][\n]"
14:05:03.597 [Test worker] DEBUG org.apache.http.wire --  >> "User-Agent: Apache-HttpClient/4.5.13 (Java/11.0.20)[\r][\n]"
14:05:03.599 [Test worker] DEBUG org.apache.http.wire --  >> "Accept-Encoding: gzip,deflate[\r][\n]"
14:05:03.599 [Test worker] DEBUG org.apache.http.wire --  >> "[\r][\n]"
14:05:03.599 [Test worker] DEBUG org.apache.http.headers -- >> POST /Account/v1/GenerateToken HTTP/1.1
14:05:03.599 [Test worker] DEBUG org.apache.http.headers -- >> Accept: */*
14:05:03.599 [Test worker] DEBUG org.apache.http.headers -- >> Content-Type: application/json
14:05:03.599 [Test worker] DEBUG org.apache.http.headers -- >> Content-Length: 54
14:05:03.599 [Test worker] DEBUG org.apache.http.headers -- >> Host: demoqa.com
14:05:03.599 [Test worker] DEBUG org.apache.http.headers -- >> Connection: Keep-Alive
14:05:03.599 [Test worker] DEBUG org.apache.http.headers -- >> User-Agent: Apache-HttpClient/4.5.13 (Java/11.0.20)
14:05:03.599 [Test worker] DEBUG org.apache.http.headers -- >> Accept-Encoding: gzip,deflate
14:05:03.599 [Test worker] DEBUG org.apache.http.wire --  >> "{"userName":"alene.bechtelar","password":"123Ron321&"}"
14:05:03.978 [Test worker] DEBUG org.apache.http.wire --  << "HTTP/1.1 200 OK[\r][\n]"
14:05:03.979 [Test worker] DEBUG org.apache.http.wire --  << "Server: nginx/1.17.10 (Ubuntu)[\r][\n]"
14:05:03.979 [Test worker] DEBUG org.apache.http.wire --  << "Date: Wed, 13 Dec 2023 13:05:05 GMT[\r][\n]"
14:05:03.979 [Test worker] DEBUG org.apache.http.wire --  << "Content-Type: application/json; charset=utf-8[\r][\n]"
14:05:03.979 [Test worker] DEBUG org.apache.http.wire --  << "Content-Length: 285[\r][\n]"
14:05:03.979 [Test worker] DEBUG org.apache.http.wire --  << "Connection: keep-alive[\r][\n]"
14:05:03.979 [Test worker] DEBUG org.apache.http.wire --  << "X-Powered-By: Express[\r][\n]"
14:05:03.979 [Test worker] DEBUG org.apache.http.wire --  << "ETag: W/"11d-RvVV+2oXbiNwllxYbInE33N3tU4"[\r][\n]"
14:05:03.979 [Test worker] DEBUG org.apache.http.wire --  << "[\r][\n]"
14:05:03.979 [Test worker] DEBUG org.apache.http.impl.conn.DefaultClientConnection -- Receiving response: HTTP/1.1 200 OK
14:05:03.979 [Test worker] DEBUG org.apache.http.headers -- << HTTP/1.1 200 OK
14:05:03.979 [Test worker] DEBUG org.apache.http.headers -- << Server: nginx/1.17.10 (Ubuntu)
14:05:03.979 [Test worker] DEBUG org.apache.http.headers -- << Date: Wed, 13 Dec 2023 13:05:05 GMT
14:05:03.979 [Test worker] DEBUG org.apache.http.headers -- << Content-Type: application/json; charset=utf-8
14:05:03.980 [Test worker] DEBUG org.apache.http.headers -- << Content-Length: 285
14:05:03.980 [Test worker] DEBUG org.apache.http.headers -- << Connection: keep-alive
14:05:03.980 [Test worker] DEBUG org.apache.http.headers -- << X-Powered-By: Express
14:05:03.980 [Test worker] DEBUG org.apache.http.headers -- << ETag: W/"11d-RvVV+2oXbiNwllxYbInE33N3tU4"
14:05:03.980 [Test worker] DEBUG org.apache.http.impl.client.DefaultHttpClient -- Connection can be kept alive indefinitely
14:05:03.980 [Test worker] DEBUG io.restassured.internal.RestAssuredHttpBuilder -- Parsing response as: application/json; charset=utf-8
14:05:03.980 [Test worker] DEBUG io.restassured.internal.RestAssuredHttpBuilder -- Parsed data to instance of: class org.apache.http.conn.EofSensorInputStream
14:05:03.981 [Test worker] DEBUG org.apache.http.wire --  << "{"token":"eyJhbGciOiJIUzI1NiIsInR5cCI6IkpXVCJ9.eyJ1c2VyTmFtZSI6ImFsZW5lLmJlY2h0ZWxhciIsInBhc3N3b3JkIjoiMTIzUm9uMzIxJiIsImlhdCI6MTcwMjQ3MjcwNH0._KSVPep6Pyy_pzFV-Y9NYUp5a9h_HpS8CP7pkgeQZUE","expires":"2023-12-20T13:05:04.897Z","status":"Success","result":"User authorized successfully."}"
14:05:03.981 [Test worker] DEBUG org.apache.http.impl.conn.BasicClientConnectionManager -- Releasing connection org.apache.http.impl.conn.ManagedClientConnectionImpl@35cefec6
14:05:03.981 [Test worker] DEBUG org.apache.http.impl.conn.BasicClientConnectionManager -- Connection can be kept alive indefinitely
HTTP/1.1 200 OK
Server: nginx/1.17.10 (Ubuntu)
Date: Wed, 13 Dec 2023 13:05:05 GMT
Content-Type: application/json; charset=utf-8
Content-Length: 285
Connection: keep-alive
X-Powered-By: Express
ETag: W/"11d-RvVV+2oXbiNwllxYbInE33N3tU4"

{
    "token": "eyJhbGciOiJIUzI1NiIsInR5cCI6IkpXVCJ9.eyJ1c2VyTmFtZSI6ImFsZW5lLmJlY2h0ZWxhciIsInBhc3N3b3JkIjoiMTIzUm9uMzIxJiIsImlhdCI6MTcwMjQ3MjcwNH0._KSVPep6Pyy_pzFV-Y9NYUp5a9h_HpS8CP7pkgeQZUE",
    "expires": "2023-12-20T13:05:04.897Z",
    "status": "Success",
    "result": "User authorized successfully."
}
Request method:	POST
Request URI:	https://demoqa.com/Account/v1/Authorized
Proxy:			<none>
Request params:	<none>
Query params:	<none>
Form params:	<none>
Path params:	<none>
Headers:		Accept=*/*
				Content-Type=application/json
Cookies:		<none>
Multiparts:		<none>
Body:
{
    "userName": "alene.bechtelar",
    "password": "123Ron321&"
}
14:05:04.002 [Test worker] DEBUG org.apache.http.impl.conn.BasicClientConnectionManager -- Get connection for route {s}->https://demoqa.com:443
14:05:04.002 [Test worker] DEBUG org.apache.http.impl.conn.DefaultClientConnectionOperator -- Connecting to demoqa.com:443
14:05:04.381 [Test worker] DEBUG org.apache.http.client.protocol.RequestAddCookies -- CookieSpec selected: ignoreCookies
14:05:04.381 [Test worker] DEBUG org.apache.http.client.protocol.RequestAuthCache -- Auth cache not set in the context
14:05:04.381 [Test worker] DEBUG org.apache.http.client.protocol.RequestTargetAuthentication -- Target auth state: UNCHALLENGED
14:05:04.381 [Test worker] DEBUG org.apache.http.client.protocol.RequestProxyAuthentication -- Proxy auth state: UNCHALLENGED
14:05:04.381 [Test worker] DEBUG org.apache.http.impl.client.DefaultHttpClient -- Attempt 1 to execute request
14:05:04.381 [Test worker] DEBUG org.apache.http.impl.conn.DefaultClientConnection -- Sending request: POST /Account/v1/Authorized HTTP/1.1
14:05:04.381 [Test worker] DEBUG org.apache.http.wire --  >> "POST /Account/v1/Authorized HTTP/1.1[\r][\n]"
14:05:04.381 [Test worker] DEBUG org.apache.http.wire --  >> "Accept: */*[\r][\n]"
14:05:04.381 [Test worker] DEBUG org.apache.http.wire --  >> "Content-Type: application/json[\r][\n]"
14:05:04.381 [Test worker] DEBUG org.apache.http.wire --  >> "Content-Length: 54[\r][\n]"
14:05:04.381 [Test worker] DEBUG org.apache.http.wire --  >> "Host: demoqa.com[\r][\n]"
14:05:04.381 [Test worker] DEBUG org.apache.http.wire --  >> "Connection: Keep-Alive[\r][\n]"
14:05:04.381 [Test worker] DEBUG org.apache.http.wire --  >> "User-Agent: Apache-HttpClient/4.5.13 (Java/11.0.20)[\r][\n]"
14:05:04.381 [Test worker] DEBUG org.apache.http.wire --  >> "Accept-Encoding: gzip,deflate[\r][\n]"
14:05:04.381 [Test worker] DEBUG org.apache.http.wire --  >> "[\r][\n]"
14:05:04.381 [Test worker] DEBUG org.apache.http.headers -- >> POST /Account/v1/Authorized HTTP/1.1
14:05:04.381 [Test worker] DEBUG org.apache.http.headers -- >> Accept: */*
14:05:04.381 [Test worker] DEBUG org.apache.http.headers -- >> Content-Type: application/json
14:05:04.381 [Test worker] DEBUG org.apache.http.headers -- >> Content-Length: 54
14:05:04.381 [Test worker] DEBUG org.apache.http.headers -- >> Host: demoqa.com
14:05:04.381 [Test worker] DEBUG org.apache.http.headers -- >> Connection: Keep-Alive
14:05:04.381 [Test worker] DEBUG org.apache.http.headers -- >> User-Agent: Apache-HttpClient/4.5.13 (Java/11.0.20)
14:05:04.381 [Test worker] DEBUG org.apache.http.headers -- >> Accept-Encoding: gzip,deflate
14:05:04.381 [Test worker] DEBUG org.apache.http.wire --  >> "{"userName":"alene.bechtelar","password":"123Ron321&"}"
14:05:04.503 [Test worker] DEBUG org.apache.http.wire --  << "HTTP/1.1 200 OK[\r][\n]"
14:05:04.503 [Test worker] DEBUG org.apache.http.wire --  << "Server: nginx/1.17.10 (Ubuntu)[\r][\n]"
14:05:04.503 [Test worker] DEBUG org.apache.http.wire --  << "Date: Wed, 13 Dec 2023 13:05:05 GMT[\r][\n]"
14:05:04.503 [Test worker] DEBUG org.apache.http.wire --  << "Content-Type: application/json; charset=utf-8[\r][\n]"
14:05:04.503 [Test worker] DEBUG org.apache.http.wire --  << "Content-Length: 4[\r][\n]"
14:05:04.503 [Test worker] DEBUG org.apache.http.wire --  << "Connection: keep-alive[\r][\n]"
14:05:04.503 [Test worker] DEBUG org.apache.http.wire --  << "X-Powered-By: Express[\r][\n]"
14:05:04.503 [Test worker] DEBUG org.apache.http.wire --  << "ETag: W/"4-X/5TO4MPCKAyY0ipFgr6/IraRNs"[\r][\n]"
14:05:04.503 [Test worker] DEBUG org.apache.http.wire --  << "[\r][\n]"
14:05:04.503 [Test worker] DEBUG org.apache.http.impl.conn.DefaultClientConnection -- Receiving response: HTTP/1.1 200 OK
14:05:04.503 [Test worker] DEBUG org.apache.http.headers -- << HTTP/1.1 200 OK
14:05:04.503 [Test worker] DEBUG org.apache.http.headers -- << Server: nginx/1.17.10 (Ubuntu)
14:05:04.503 [Test worker] DEBUG org.apache.http.headers -- << Date: Wed, 13 Dec 2023 13:05:05 GMT
14:05:04.503 [Test worker] DEBUG org.apache.http.headers -- << Content-Type: application/json; charset=utf-8
14:05:04.503 [Test worker] DEBUG org.apache.http.headers -- << Content-Length: 4
14:05:04.503 [Test worker] DEBUG org.apache.http.headers -- << Connection: keep-alive
14:05:04.503 [Test worker] DEBUG org.apache.http.headers -- << X-Powered-By: Express
14:05:04.503 [Test worker] DEBUG org.apache.http.headers -- << ETag: W/"4-X/5TO4MPCKAyY0ipFgr6/IraRNs"
14:05:04.503 [Test worker] DEBUG org.apache.http.impl.client.DefaultHttpClient -- Connection can be kept alive indefinitely
14:05:04.503 [Test worker] DEBUG io.restassured.internal.RestAssuredHttpBuilder -- Parsing response as: application/json; charset=utf-8
14:05:04.503 [Test worker] DEBUG io.restassured.internal.RestAssuredHttpBuilder -- Parsed data to instance of: class org.apache.http.conn.EofSensorInputStream
14:05:04.504 [Test worker] DEBUG org.apache.http.wire --  << "true"
14:05:04.504 [Test worker] DEBUG org.apache.http.impl.conn.BasicClientConnectionManager -- Releasing connection org.apache.http.impl.conn.ManagedClientConnectionImpl@2a48f570
14:05:04.504 [Test worker] DEBUG org.apache.http.impl.conn.BasicClientConnectionManager -- Connection can be kept alive indefinitely
HTTP/1.1 200 OK
Server: nginx/1.17.10 (Ubuntu)
Date: Wed, 13 Dec 2023 13:05:05 GMT
Content-Type: application/json; charset=utf-8
Content-Length: 4
Connection: keep-alive
X-Powered-By: Express
ETag: W/"4-X/5TO4MPCKAyY0ipFgr6/IraRNs"

true
Request method:	POST
Request URI:	https://demoqa.com/Account/v1/User
Proxy:			<none>
Request params:	<none>
Query params:	<none>
Form params:	<none>
Path params:	<none>
Headers:		Accept=*/*
				Content-Type=application/json
Cookies:		<none>
Multiparts:		<none>
Body:
{
    "userName": "otha.halvorson",
    "password": "123Ron321&"
}
14:05:04.520 [Test worker] DEBUG org.apache.http.impl.conn.BasicClientConnectionManager -- Get connection for route {s}->https://demoqa.com:443
14:05:04.521 [Test worker] DEBUG org.apache.http.impl.conn.DefaultClientConnectionOperator -- Connecting to demoqa.com:443
14:05:05.596 [Test worker] DEBUG org.apache.http.client.protocol.RequestAddCookies -- CookieSpec selected: ignoreCookies
14:05:05.596 [Test worker] DEBUG org.apache.http.client.protocol.RequestAuthCache -- Auth cache not set in the context
14:05:05.596 [Test worker] DEBUG org.apache.http.client.protocol.RequestTargetAuthentication -- Target auth state: UNCHALLENGED
14:05:05.596 [Test worker] DEBUG org.apache.http.client.protocol.RequestProxyAuthentication -- Proxy auth state: UNCHALLENGED
14:05:05.596 [Test worker] DEBUG org.apache.http.impl.client.DefaultHttpClient -- Attempt 1 to execute request
14:05:05.596 [Test worker] DEBUG org.apache.http.impl.conn.DefaultClientConnection -- Sending request: POST /Account/v1/User HTTP/1.1
14:05:05.596 [Test worker] DEBUG org.apache.http.wire --  >> "POST /Account/v1/User HTTP/1.1[\r][\n]"
14:05:05.596 [Test worker] DEBUG org.apache.http.wire --  >> "Accept: */*[\r][\n]"
14:05:05.596 [Test worker] DEBUG org.apache.http.wire --  >> "Content-Type: application/json[\r][\n]"
14:05:05.596 [Test worker] DEBUG org.apache.http.wire --  >> "Content-Length: 53[\r][\n]"
14:05:05.596 [Test worker] DEBUG org.apache.http.wire --  >> "Host: demoqa.com[\r][\n]"
14:05:05.596 [Test worker] DEBUG org.apache.http.wire --  >> "Connection: Keep-Alive[\r][\n]"
14:05:05.596 [Test worker] DEBUG org.apache.http.wire --  >> "User-Agent: Apache-HttpClient/4.5.13 (Java/11.0.20)[\r][\n]"
14:05:05.596 [Test worker] DEBUG org.apache.http.wire --  >> "Accept-Encoding: gzip,deflate[\r][\n]"
14:05:05.596 [Test worker] DEBUG org.apache.http.wire --  >> "[\r][\n]"
14:05:05.596 [Test worker] DEBUG org.apache.http.headers -- >> POST /Account/v1/User HTTP/1.1
14:05:05.596 [Test worker] DEBUG org.apache.http.headers -- >> Accept: */*
14:05:05.596 [Test worker] DEBUG org.apache.http.headers -- >> Content-Type: application/json
14:05:05.596 [Test worker] DEBUG org.apache.http.headers -- >> Content-Length: 53
14:05:05.596 [Test worker] DEBUG org.apache.http.headers -- >> Host: demoqa.com
14:05:05.596 [Test worker] DEBUG org.apache.http.headers -- >> Connection: Keep-Alive
14:05:05.596 [Test worker] DEBUG org.apache.http.headers -- >> User-Agent: Apache-HttpClient/4.5.13 (Java/11.0.20)
14:05:05.596 [Test worker] DEBUG org.apache.http.headers -- >> Accept-Encoding: gzip,deflate
14:05:05.596 [Test worker] DEBUG org.apache.http.wire --  >> "{"userName":"otha.halvorson","password":"123Ron321&"}"
14:05:05.806 [Test worker] DEBUG org.apache.http.wire --  << "HTTP/1.1 201 Created[\r][\n]"
14:05:05.806 [Test worker] DEBUG org.apache.http.wire --  << "Server: nginx/1.17.10 (Ubuntu)[\r][\n]"
14:05:05.806 [Test worker] DEBUG org.apache.http.wire --  << "Date: Wed, 13 Dec 2023 13:05:07 GMT[\r][\n]"
14:05:05.806 [Test worker] DEBUG org.apache.http.wire --  << "Content-Type: application/json; charset=utf-8[\r][\n]"
14:05:05.806 [Test worker] DEBUG org.apache.http.wire --  << "Content-Length: 88[\r][\n]"
14:05:05.806 [Test worker] DEBUG org.apache.http.wire --  << "Connection: keep-alive[\r][\n]"
14:05:05.806 [Test worker] DEBUG org.apache.http.wire --  << "X-Powered-By: Express[\r][\n]"
14:05:05.806 [Test worker] DEBUG org.apache.http.wire --  << "ETag: W/"58-9a0qBAnYarCttoKr4l6UEznKIQM"[\r][\n]"
14:05:05.806 [Test worker] DEBUG org.apache.http.wire --  << "[\r][\n]"
14:05:05.806 [Test worker] DEBUG org.apache.http.impl.conn.DefaultClientConnection -- Receiving response: HTTP/1.1 201 Created
14:05:05.806 [Test worker] DEBUG org.apache.http.headers -- << HTTP/1.1 201 Created
14:05:05.806 [Test worker] DEBUG org.apache.http.headers -- << Server: nginx/1.17.10 (Ubuntu)
14:05:05.806 [Test worker] DEBUG org.apache.http.headers -- << Date: Wed, 13 Dec 2023 13:05:07 GMT
14:05:05.806 [Test worker] DEBUG org.apache.http.headers -- << Content-Type: application/json; charset=utf-8
14:05:05.806 [Test worker] DEBUG org.apache.http.headers -- << Content-Length: 88
14:05:05.806 [Test worker] DEBUG org.apache.http.headers -- << Connection: keep-alive
14:05:05.806 [Test worker] DEBUG org.apache.http.headers -- << X-Powered-By: Express
14:05:05.806 [Test worker] DEBUG org.apache.http.headers -- << ETag: W/"58-9a0qBAnYarCttoKr4l6UEznKIQM"
14:05:05.806 [Test worker] DEBUG org.apache.http.impl.client.DefaultHttpClient -- Connection can be kept alive indefinitely
14:05:05.806 [Test worker] DEBUG io.restassured.internal.RestAssuredHttpBuilder -- Parsing response as: application/json; charset=utf-8
14:05:05.806 [Test worker] DEBUG io.restassured.internal.RestAssuredHttpBuilder -- Parsed data to instance of: class org.apache.http.conn.EofSensorInputStream
14:05:05.806 [Test worker] DEBUG org.apache.http.wire --  << "{"userID":"b013dbd0-b729-4bae-9bb6-505511076b85","username":"otha.halvorson","books":[]}"
14:05:05.806 [Test worker] DEBUG org.apache.http.impl.conn.BasicClientConnectionManager -- Releasing connection org.apache.http.impl.conn.ManagedClientConnectionImpl@5bc971ef
14:05:05.806 [Test worker] DEBUG org.apache.http.impl.conn.BasicClientConnectionManager -- Connection can be kept alive indefinitely
HTTP/1.1 201 Created
Server: nginx/1.17.10 (Ubuntu)
Date: Wed, 13 Dec 2023 13:05:07 GMT
Content-Type: application/json; charset=utf-8
Content-Length: 88
Connection: keep-alive
X-Powered-By: Express
ETag: W/"58-9a0qBAnYarCttoKr4l6UEznKIQM"

{
    "userID": "b013dbd0-b729-4bae-9bb6-505511076b85",
    "username": "otha.halvorson",
    "books": [
        
    ]
}
14:05:05.816 [Finalizer] DEBUG org.apache.http.impl.conn.DefaultClientConnection -- Connection 0.0.0.0:53206<->176.58.101.124:443 closed
14:05:05.820 [Finalizer] DEBUG org.apache.http.impl.conn.DefaultClientConnection -- Connection 0.0.0.0:53197<->176.58.101.124:443 closed
14:05:05.822 [Finalizer] DEBUG org.apache.http.impl.conn.DefaultClientConnection -- Connection 0.0.0.0:53198<->176.58.101.124:443 closed
14:05:05.825 [Finalizer] DEBUG org.apache.http.impl.conn.DefaultClientConnection -- Connection 0.0.0.0:53204<->176.58.101.124:443 closed
14:05:05.826 [Finalizer] DEBUG org.apache.http.impl.conn.DefaultClientConnection -- Connection 0.0.0.0:53205<->176.58.101.124:443 closed
14:05:05.828 [Finalizer] DEBUG org.apache.http.impl.conn.DefaultClientConnection -- Connection 0.0.0.0:53202<->176.58.101.124:443 closed
14:05:05.832 [Finalizer] DEBUG org.apache.http.impl.conn.DefaultClientConnection -- Connection 0.0.0.0:53199<->176.58.101.124:443 closed
14:05:05.834 [Finalizer] DEBUG org.apache.http.impl.conn.DefaultClientConnection -- Connection 0.0.0.0:53200<->176.58.101.124:443 closed
14:05:05.837 [Finalizer] DEBUG org.apache.http.impl.conn.DefaultClientConnection -- Connection 0.0.0.0:53201<->176.58.101.124:443 closed
Request method:	POST
Request URI:	https://demoqa.com/Account/v1/Authorized
Proxy:			<none>
Request params:	<none>
Query params:	<none>
Form params:	<none>
Path params:	<none>
Headers:		Accept=*/*
				Content-Type=application/json
Cookies:		<none>
Multiparts:		<none>
Body:
{
    "userName": "otha.halvorson",
    "password": "123Ron321&"
}
14:05:05.855 [Test worker] DEBUG org.apache.http.impl.conn.BasicClientConnectionManager -- Get connection for route {s}->https://demoqa.com:443
14:05:05.856 [Test worker] DEBUG org.apache.http.impl.conn.DefaultClientConnectionOperator -- Connecting to demoqa.com:443
14:05:06.172 [Test worker] DEBUG org.apache.http.client.protocol.RequestAddCookies -- CookieSpec selected: ignoreCookies
14:05:06.172 [Test worker] DEBUG org.apache.http.client.protocol.RequestAuthCache -- Auth cache not set in the context
14:05:06.172 [Test worker] DEBUG org.apache.http.client.protocol.RequestTargetAuthentication -- Target auth state: UNCHALLENGED
14:05:06.172 [Test worker] DEBUG org.apache.http.client.protocol.RequestProxyAuthentication -- Proxy auth state: UNCHALLENGED
14:05:06.172 [Test worker] DEBUG org.apache.http.impl.client.DefaultHttpClient -- Attempt 1 to execute request
14:05:06.172 [Test worker] DEBUG org.apache.http.impl.conn.DefaultClientConnection -- Sending request: POST /Account/v1/Authorized HTTP/1.1
14:05:06.172 [Test worker] DEBUG org.apache.http.wire --  >> "POST /Account/v1/Authorized HTTP/1.1[\r][\n]"
14:05:06.172 [Test worker] DEBUG org.apache.http.wire --  >> "Accept: */*[\r][\n]"
14:05:06.172 [Test worker] DEBUG org.apache.http.wire --  >> "Content-Type: application/json[\r][\n]"
14:05:06.172 [Test worker] DEBUG org.apache.http.wire --  >> "Content-Length: 53[\r][\n]"
14:05:06.172 [Test worker] DEBUG org.apache.http.wire --  >> "Host: demoqa.com[\r][\n]"
14:05:06.172 [Test worker] DEBUG org.apache.http.wire --  >> "Connection: Keep-Alive[\r][\n]"
14:05:06.172 [Test worker] DEBUG org.apache.http.wire --  >> "User-Agent: Apache-HttpClient/4.5.13 (Java/11.0.20)[\r][\n]"
14:05:06.172 [Test worker] DEBUG org.apache.http.wire --  >> "Accept-Encoding: gzip,deflate[\r][\n]"
14:05:06.172 [Test worker] DEBUG org.apache.http.wire --  >> "[\r][\n]"
14:05:06.172 [Test worker] DEBUG org.apache.http.headers -- >> POST /Account/v1/Authorized HTTP/1.1
14:05:06.172 [Test worker] DEBUG org.apache.http.headers -- >> Accept: */*
14:05:06.172 [Test worker] DEBUG org.apache.http.headers -- >> Content-Type: application/json
14:05:06.172 [Test worker] DEBUG org.apache.http.headers -- >> Content-Length: 53
14:05:06.172 [Test worker] DEBUG org.apache.http.headers -- >> Host: demoqa.com
14:05:06.172 [Test worker] DEBUG org.apache.http.headers -- >> Connection: Keep-Alive
14:05:06.172 [Test worker] DEBUG org.apache.http.headers -- >> User-Agent: Apache-HttpClient/4.5.13 (Java/11.0.20)
14:05:06.172 [Test worker] DEBUG org.apache.http.headers -- >> Accept-Encoding: gzip,deflate
14:05:06.172 [Test worker] DEBUG org.apache.http.wire --  >> "{"userName":"otha.halvorson","password":"123Ron321&"}"
14:05:07.190 [Test worker] DEBUG org.apache.http.wire --  << "HTTP/1.1 200 OK[\r][\n]"
14:05:07.190 [Test worker] DEBUG org.apache.http.wire --  << "Server: nginx/1.17.10 (Ubuntu)[\r][\n]"
14:05:07.190 [Test worker] DEBUG org.apache.http.wire --  << "Date: Wed, 13 Dec 2023 13:05:07 GMT[\r][\n]"
14:05:07.190 [Test worker] DEBUG org.apache.http.wire --  << "Content-Type: application/json; charset=utf-8[\r][\n]"
14:05:07.190 [Test worker] DEBUG org.apache.http.wire --  << "Content-Length: 5[\r][\n]"
14:05:07.190 [Test worker] DEBUG org.apache.http.wire --  << "Connection: keep-alive[\r][\n]"
14:05:07.190 [Test worker] DEBUG org.apache.http.wire --  << "X-Powered-By: Express[\r][\n]"
14:05:07.190 [Test worker] DEBUG org.apache.http.wire --  << "ETag: W/"5-fLbvuYullyqbUJDcLlF/4U0SywQ"[\r][\n]"
14:05:07.190 [Test worker] DEBUG org.apache.http.wire --  << "[\r][\n]"
14:05:07.190 [Test worker] DEBUG org.apache.http.impl.conn.DefaultClientConnection -- Receiving response: HTTP/1.1 200 OK
14:05:07.190 [Test worker] DEBUG org.apache.http.headers -- << HTTP/1.1 200 OK
14:05:07.190 [Test worker] DEBUG org.apache.http.headers -- << Server: nginx/1.17.10 (Ubuntu)
14:05:07.190 [Test worker] DEBUG org.apache.http.headers -- << Date: Wed, 13 Dec 2023 13:05:07 GMT
14:05:07.190 [Test worker] DEBUG org.apache.http.headers -- << Content-Type: application/json; charset=utf-8
14:05:07.190 [Test worker] DEBUG org.apache.http.headers -- << Content-Length: 5
14:05:07.190 [Test worker] DEBUG org.apache.http.headers -- << Connection: keep-alive
14:05:07.190 [Test worker] DEBUG org.apache.http.headers -- << X-Powered-By: Express
14:05:07.190 [Test worker] DEBUG org.apache.http.headers -- << ETag: W/"5-fLbvuYullyqbUJDcLlF/4U0SywQ"
14:05:07.191 [Test worker] DEBUG org.apache.http.impl.client.DefaultHttpClient -- Connection can be kept alive indefinitely
14:05:07.191 [Test worker] DEBUG io.restassured.internal.RestAssuredHttpBuilder -- Parsing response as: application/json; charset=utf-8
14:05:07.191 [Test worker] DEBUG io.restassured.internal.RestAssuredHttpBuilder -- Parsed data to instance of: class org.apache.http.conn.EofSensorInputStream
14:05:07.192 [Test worker] DEBUG org.apache.http.wire --  << "false"
14:05:07.192 [Test worker] DEBUG org.apache.http.impl.conn.BasicClientConnectionManager -- Releasing connection org.apache.http.impl.conn.ManagedClientConnectionImpl@7852d8ed
14:05:07.192 [Test worker] DEBUG org.apache.http.impl.conn.BasicClientConnectionManager -- Connection can be kept alive indefinitely
HTTP/1.1 200 OK
Server: nginx/1.17.10 (Ubuntu)
Date: Wed, 13 Dec 2023 13:05:07 GMT
Content-Type: application/json; charset=utf-8
Content-Length: 5
Connection: keep-alive
X-Powered-By: Express
ETag: W/"5-fLbvuYullyqbUJDcLlF/4U0SywQ"

false
]]></system-out>
  <system-err><![CDATA[]]></system-err>
</testsuite>
