<?xml version="1.0" encoding="UTF-8"?>
<testsuite name="tests.GetUserTest" tests="3" skipped="0" failures="1" errors="0" timestamp="2023-12-13T13:06:02" hostname="DESKTOP-TFD6REL" time="5.053">
  <properties/>
  <testcase name="GetUser" classname="tests.GetUserTest" time="1.984"/>
  <testcase name="GetUserWithInvalidUserId" classname="tests.GetUserTest" time="1.643">
    <failure message="java.lang.AssertionError: 1 expectation failed.&#10;Expected status code &lt;404&gt; but was &lt;401&gt;.&#10;" type="java.lang.AssertionError">java.lang.AssertionError: 1 expectation failed.
Expected status code &lt;404&gt; but was &lt;401&gt;.

	at java.base/jdk.internal.reflect.NativeConstructorAccessorImpl.newInstance0(Native Method)
	at java.base/jdk.internal.reflect.NativeConstructorAccessorImpl.newInstance(NativeConstructorAccessorImpl.java:62)
	at java.base/jdk.internal.reflect.DelegatingConstructorAccessorImpl.newInstance(DelegatingConstructorAccessorImpl.java:45)
	at java.base/java.lang.reflect.Constructor.newInstance(Constructor.java:490)
	at org.codehaus.groovy.reflection.CachedConstructor.invoke(CachedConstructor.java:73)
	at org.codehaus.groovy.reflection.CachedConstructor.doConstructorInvoke(CachedConstructor.java:60)
	at org.codehaus.groovy.runtime.callsite.ConstructorSite$ConstructorSiteNoUnwrap.callConstructor(ConstructorSite.java:86)
	at org.codehaus.groovy.runtime.callsite.AbstractCallSite.callConstructor(AbstractCallSite.java:277)
	at io.restassured.internal.ResponseSpecificationImpl$HamcrestAssertionClosure.validate(ResponseSpecificationImpl.groovy:512)
	at io.restassured.internal.ResponseSpecificationImpl$HamcrestAssertionClosure$validate$1.call(Unknown Source)
	at io.restassured.internal.ResponseSpecificationImpl.validateResponseIfRequired(ResponseSpecificationImpl.groovy:696)
	at io.restassured.internal.ResponseSpecificationImpl.this$2$validateResponseIfRequired(ResponseSpecificationImpl.groovy)
	at jdk.internal.reflect.GeneratedMethodAccessor148.invoke(Unknown Source)
	at java.base/jdk.internal.reflect.DelegatingMethodAccessorImpl.invoke(DelegatingMethodAccessorImpl.java:43)
	at java.base/java.lang.reflect.Method.invoke(Method.java:566)
	at org.codehaus.groovy.runtime.callsite.PlainObjectMetaMethodSite.doInvoke(PlainObjectMetaMethodSite.java:43)
	at org.codehaus.groovy.runtime.callsite.PogoMetaMethodSite$PogoCachedMethodSiteNoUnwrapNoCoerce.invoke(PogoMetaMethodSite.java:198)
	at org.codehaus.groovy.runtime.callsite.PogoMetaMethodSite.callCurrent(PogoMetaMethodSite.java:62)
	at org.codehaus.groovy.runtime.callsite.AbstractCallSite.callCurrent(AbstractCallSite.java:185)
	at io.restassured.internal.ResponseSpecificationImpl.statusCode(ResponseSpecificationImpl.groovy:135)
	at io.restassured.specification.ResponseSpecification$statusCode$0.callCurrent(Unknown Source)
	at io.restassured.internal.ResponseSpecificationImpl.statusCode(ResponseSpecificationImpl.groovy:143)
	at io.restassured.internal.ValidatableResponseOptionsImpl.statusCode(ValidatableResponseOptionsImpl.java:89)
	at tests.helpers.ApiBase.getRequestWithParam(ApiBase.java:54)
	at tests.GetUserTest.GetUserWithInvalidUserId(GetUserTest.java:42)
	at java.base/jdk.internal.reflect.NativeMethodAccessorImpl.invoke0(Native Method)
	at java.base/jdk.internal.reflect.NativeMethodAccessorImpl.invoke(NativeMethodAccessorImpl.java:62)
	at java.base/jdk.internal.reflect.DelegatingMethodAccessorImpl.invoke(DelegatingMethodAccessorImpl.java:43)
	at java.base/java.lang.reflect.Method.invoke(Method.java:566)
	at org.testng.internal.invokers.MethodInvocationHelper.invokeMethod(MethodInvocationHelper.java:139)
	at org.testng.internal.invokers.TestInvoker.invokeMethod(TestInvoker.java:664)
	at org.testng.internal.invokers.TestInvoker.invokeTestMethod(TestInvoker.java:227)
	at org.testng.internal.invokers.MethodRunner.runInSequence(MethodRunner.java:50)
	at org.testng.internal.invokers.TestInvoker$MethodInvocationAgent.invoke(TestInvoker.java:957)
	at org.testng.internal.invokers.TestInvoker.invokeTestMethods(TestInvoker.java:200)
	at org.testng.internal.invokers.TestMethodWorker.invokeTestMethods(TestMethodWorker.java:148)
	at org.testng.internal.invokers.TestMethodWorker.run(TestMethodWorker.java:128)
	at java.base/java.util.ArrayList.forEach(ArrayList.java:1541)
	at org.testng.TestRunner.privateRun(TestRunner.java:848)
	at org.testng.TestRunner.run(TestRunner.java:621)
	at org.testng.SuiteRunner.runTest(SuiteRunner.java:443)
	at org.testng.SuiteRunner.runSequentially(SuiteRunner.java:437)
	at org.testng.SuiteRunner.privateRun(SuiteRunner.java:397)
	at org.testng.SuiteRunner.run(SuiteRunner.java:336)
	at org.testng.SuiteRunnerWorker.runSuite(SuiteRunnerWorker.java:52)
	at org.testng.SuiteRunnerWorker.run(SuiteRunnerWorker.java:95)
	at org.testng.TestNG.runSuitesSequentially(TestNG.java:1280)
	at org.testng.TestNG.runSuitesLocally(TestNG.java:1200)
	at org.testng.TestNG.runSuites(TestNG.java:1114)
	at org.testng.TestNG.run(TestNG.java:1082)
	at org.gradle.api.internal.tasks.testing.testng.TestNGTestClassProcessor.runTests(TestNGTestClassProcessor.java:146)
	at org.gradle.api.internal.tasks.testing.testng.TestNGTestClassProcessor.stop(TestNGTestClassProcessor.java:91)
	at org.gradle.api.internal.tasks.testing.SuiteTestClassProcessor.stop(SuiteTestClassProcessor.java:61)
	at java.base/jdk.internal.reflect.NativeMethodAccessorImpl.invoke0(Native Method)
	at java.base/jdk.internal.reflect.NativeMethodAccessorImpl.invoke(NativeMethodAccessorImpl.java:62)
	at java.base/jdk.internal.reflect.DelegatingMethodAccessorImpl.invoke(DelegatingMethodAccessorImpl.java:43)
	at java.base/java.lang.reflect.Method.invoke(Method.java:566)
	at org.gradle.internal.dispatch.ReflectionDispatch.dispatch(ReflectionDispatch.java:36)
	at org.gradle.internal.dispatch.ReflectionDispatch.dispatch(ReflectionDispatch.java:24)
	at org.gradle.internal.dispatch.ContextClassLoaderDispatch.dispatch(ContextClassLoaderDispatch.java:33)
	at org.gradle.internal.dispatch.ProxyDispatchAdapter$DispatchingInvocationHandler.invoke(ProxyDispatchAdapter.java:94)
	at com.sun.proxy.$Proxy2.stop(Unknown Source)
	at org.gradle.api.internal.tasks.testing.worker.TestWorker$3.run(TestWorker.java:193)
	at org.gradle.api.internal.tasks.testing.worker.TestWorker.executeAndMaintainThreadName(TestWorker.java:129)
	at org.gradle.api.internal.tasks.testing.worker.TestWorker.execute(TestWorker.java:100)
	at org.gradle.api.internal.tasks.testing.worker.TestWorker.execute(TestWorker.java:60)
	at org.gradle.process.internal.worker.child.ActionExecutionWorker.execute(ActionExecutionWorker.java:56)
	at org.gradle.process.internal.worker.child.SystemApplicationClassLoaderWorker.call(SystemApplicationClassLoaderWorker.java:133)
	at org.gradle.process.internal.worker.child.SystemApplicationClassLoaderWorker.call(SystemApplicationClassLoaderWorker.java:71)
	at worker.org.gradle.process.internal.worker.GradleWorkerMain.run(GradleWorkerMain.java:69)
	at worker.org.gradle.process.internal.worker.GradleWorkerMain.main(GradleWorkerMain.java:74)
</failure>
  </testcase>
  <testcase name="GetUserWithoutToken" classname="tests.GetUserTest" time="1.414"/>
  <system-out><![CDATA[14:06:02.962 [Finalizer] DEBUG org.apache.http.impl.conn.DefaultClientConnection -- Connection 0.0.0.0:53275<->176.58.101.124:443 closed
14:06:02.962 [Finalizer] DEBUG org.apache.http.impl.conn.DefaultClientConnection -- Connection 0.0.0.0:53273<->176.58.101.124:443 closed
14:06:02.962 [Finalizer] DEBUG org.apache.http.impl.conn.DefaultClientConnection -- Connection 0.0.0.0:53274<->176.58.101.124:443 closed
14:06:02.963 [Finalizer] DEBUG org.apache.http.impl.conn.DefaultClientConnection -- Connection 0.0.0.0:53272<->176.58.101.124:443 closed
Request method:	POST
Request URI:	https://demoqa.com/Account/v1/User
Proxy:			<none>
Request params:	<none>
Query params:	<none>
Form params:	<none>
Path params:	<none>
Headers:		Accept=*/*
				Content-Type=application/json
Cookies:		<none>
Multiparts:		<none>
Body:
{
    "userName": "felipa.daugherty",
    "password": "123Ron321&"
}
14:06:02.971 [Test worker] DEBUG org.apache.http.impl.conn.BasicClientConnectionManager -- Get connection for route {s}->https://demoqa.com:443
14:06:02.973 [Test worker] DEBUG org.apache.http.impl.conn.DefaultClientConnectionOperator -- Connecting to demoqa.com:443
14:06:03.842 [Test worker] DEBUG org.apache.http.client.protocol.RequestAddCookies -- CookieSpec selected: ignoreCookies
14:06:03.842 [Test worker] DEBUG org.apache.http.client.protocol.RequestAuthCache -- Auth cache not set in the context
14:06:03.842 [Test worker] DEBUG org.apache.http.client.protocol.RequestTargetAuthentication -- Target auth state: UNCHALLENGED
14:06:03.842 [Test worker] DEBUG org.apache.http.client.protocol.RequestProxyAuthentication -- Proxy auth state: UNCHALLENGED
14:06:03.842 [Test worker] DEBUG org.apache.http.impl.client.DefaultHttpClient -- Attempt 1 to execute request
14:06:03.842 [Test worker] DEBUG org.apache.http.impl.conn.DefaultClientConnection -- Sending request: POST /Account/v1/User HTTP/1.1
14:06:03.842 [Test worker] DEBUG org.apache.http.wire --  >> "POST /Account/v1/User HTTP/1.1[\r][\n]"
14:06:03.842 [Test worker] DEBUG org.apache.http.wire --  >> "Accept: */*[\r][\n]"
14:06:03.842 [Test worker] DEBUG org.apache.http.wire --  >> "Content-Type: application/json[\r][\n]"
14:06:03.842 [Test worker] DEBUG org.apache.http.wire --  >> "Content-Length: 55[\r][\n]"
14:06:03.842 [Test worker] DEBUG org.apache.http.wire --  >> "Host: demoqa.com[\r][\n]"
14:06:03.842 [Test worker] DEBUG org.apache.http.wire --  >> "Connection: Keep-Alive[\r][\n]"
14:06:03.842 [Test worker] DEBUG org.apache.http.wire --  >> "User-Agent: Apache-HttpClient/4.5.13 (Java/11.0.20)[\r][\n]"
14:06:03.842 [Test worker] DEBUG org.apache.http.wire --  >> "Accept-Encoding: gzip,deflate[\r][\n]"
14:06:03.842 [Test worker] DEBUG org.apache.http.wire --  >> "[\r][\n]"
14:06:03.842 [Test worker] DEBUG org.apache.http.headers -- >> POST /Account/v1/User HTTP/1.1
14:06:03.842 [Test worker] DEBUG org.apache.http.headers -- >> Accept: */*
14:06:03.842 [Test worker] DEBUG org.apache.http.headers -- >> Content-Type: application/json
14:06:03.842 [Test worker] DEBUG org.apache.http.headers -- >> Content-Length: 55
14:06:03.842 [Test worker] DEBUG org.apache.http.headers -- >> Host: demoqa.com
14:06:03.842 [Test worker] DEBUG org.apache.http.headers -- >> Connection: Keep-Alive
14:06:03.842 [Test worker] DEBUG org.apache.http.headers -- >> User-Agent: Apache-HttpClient/4.5.13 (Java/11.0.20)
14:06:03.842 [Test worker] DEBUG org.apache.http.headers -- >> Accept-Encoding: gzip,deflate
14:06:03.842 [Test worker] DEBUG org.apache.http.wire --  >> "{"userName":"felipa.daugherty","password":"123Ron321&"}"
14:06:04.003 [Test worker] DEBUG org.apache.http.wire --  << "HTTP/1.1 201 Created[\r][\n]"
14:06:04.003 [Test worker] DEBUG org.apache.http.wire --  << "Server: nginx/1.17.10 (Ubuntu)[\r][\n]"
14:06:04.003 [Test worker] DEBUG org.apache.http.wire --  << "Date: Wed, 13 Dec 2023 13:06:05 GMT[\r][\n]"
14:06:04.003 [Test worker] DEBUG org.apache.http.wire --  << "Content-Type: application/json; charset=utf-8[\r][\n]"
14:06:04.003 [Test worker] DEBUG org.apache.http.wire --  << "Content-Length: 90[\r][\n]"
14:06:04.003 [Test worker] DEBUG org.apache.http.wire --  << "Connection: keep-alive[\r][\n]"
14:06:04.003 [Test worker] DEBUG org.apache.http.wire --  << "X-Powered-By: Express[\r][\n]"
14:06:04.003 [Test worker] DEBUG org.apache.http.wire --  << "ETag: W/"5a-zrh3fy+mrHPiVoS3KPIxEzvw2xA"[\r][\n]"
14:06:04.003 [Test worker] DEBUG org.apache.http.wire --  << "[\r][\n]"
14:06:04.003 [Test worker] DEBUG org.apache.http.impl.conn.DefaultClientConnection -- Receiving response: HTTP/1.1 201 Created
14:06:04.004 [Test worker] DEBUG org.apache.http.headers -- << HTTP/1.1 201 Created
14:06:04.004 [Test worker] DEBUG org.apache.http.headers -- << Server: nginx/1.17.10 (Ubuntu)
14:06:04.004 [Test worker] DEBUG org.apache.http.headers -- << Date: Wed, 13 Dec 2023 13:06:05 GMT
14:06:04.004 [Test worker] DEBUG org.apache.http.headers -- << Content-Type: application/json; charset=utf-8
14:06:04.004 [Test worker] DEBUG org.apache.http.headers -- << Content-Length: 90
14:06:04.004 [Test worker] DEBUG org.apache.http.headers -- << Connection: keep-alive
14:06:04.004 [Test worker] DEBUG org.apache.http.headers -- << X-Powered-By: Express
14:06:04.004 [Test worker] DEBUG org.apache.http.headers -- << ETag: W/"5a-zrh3fy+mrHPiVoS3KPIxEzvw2xA"
14:06:04.004 [Test worker] DEBUG org.apache.http.impl.client.DefaultHttpClient -- Connection can be kept alive indefinitely
14:06:04.004 [Test worker] DEBUG io.restassured.internal.RestAssuredHttpBuilder -- Parsing response as: application/json; charset=utf-8
14:06:04.004 [Test worker] DEBUG io.restassured.internal.RestAssuredHttpBuilder -- Parsed data to instance of: class org.apache.http.conn.EofSensorInputStream
14:06:04.004 [Test worker] DEBUG org.apache.http.wire --  << "{"userID":"695324ef-d2eb-4b57-b51a-30048bfddb81","username":"felipa.daugherty","books":[]}"
14:06:04.004 [Test worker] DEBUG org.apache.http.impl.conn.BasicClientConnectionManager -- Releasing connection org.apache.http.impl.conn.ManagedClientConnectionImpl@77005a1
14:06:04.004 [Test worker] DEBUG org.apache.http.impl.conn.BasicClientConnectionManager -- Connection can be kept alive indefinitely
HTTP/1.1 201 Created
Server: nginx/1.17.10 (Ubuntu)
Date: Wed, 13 Dec 2023 13:06:05 GMT
Content-Type: application/json; charset=utf-8
Content-Length: 90
Connection: keep-alive
X-Powered-By: Express
ETag: W/"5a-zrh3fy+mrHPiVoS3KPIxEzvw2xA"

{
    "userID": "695324ef-d2eb-4b57-b51a-30048bfddb81",
    "username": "felipa.daugherty",
    "books": [
        
    ]
}
Request method:	POST
Request URI:	https://demoqa.com/Account/v1/GenerateToken
Proxy:			<none>
Request params:	<none>
Query params:	<none>
Form params:	<none>
Path params:	<none>
Headers:		Accept=*/*
				Content-Type=application/json
Cookies:		<none>
Multiparts:		<none>
Body:
{
    "userName": "felipa.daugherty",
    "password": "123Ron321&"
}
14:06:04.029 [Test worker] DEBUG org.apache.http.impl.conn.BasicClientConnectionManager -- Get connection for route {s}->https://demoqa.com:443
14:06:04.029 [Test worker] DEBUG org.apache.http.impl.conn.DefaultClientConnectionOperator -- Connecting to demoqa.com:443
14:06:04.099 [Test worker] DEBUG org.apache.http.client.protocol.RequestAddCookies -- CookieSpec selected: ignoreCookies
14:06:04.099 [Test worker] DEBUG org.apache.http.client.protocol.RequestAuthCache -- Auth cache not set in the context
14:06:04.099 [Test worker] DEBUG org.apache.http.client.protocol.RequestTargetAuthentication -- Target auth state: UNCHALLENGED
14:06:04.099 [Test worker] DEBUG org.apache.http.client.protocol.RequestProxyAuthentication -- Proxy auth state: UNCHALLENGED
14:06:04.099 [Test worker] DEBUG org.apache.http.impl.client.DefaultHttpClient -- Attempt 1 to execute request
14:06:04.099 [Test worker] DEBUG org.apache.http.impl.conn.DefaultClientConnection -- Sending request: POST /Account/v1/GenerateToken HTTP/1.1
14:06:04.099 [Test worker] DEBUG org.apache.http.wire --  >> "POST /Account/v1/GenerateToken HTTP/1.1[\r][\n]"
14:06:04.099 [Test worker] DEBUG org.apache.http.wire --  >> "Accept: */*[\r][\n]"
14:06:04.099 [Test worker] DEBUG org.apache.http.wire --  >> "Content-Type: application/json[\r][\n]"
14:06:04.099 [Test worker] DEBUG org.apache.http.wire --  >> "Content-Length: 55[\r][\n]"
14:06:04.099 [Test worker] DEBUG org.apache.http.wire --  >> "Host: demoqa.com[\r][\n]"
14:06:04.099 [Test worker] DEBUG org.apache.http.wire --  >> "Connection: Keep-Alive[\r][\n]"
14:06:04.099 [Test worker] DEBUG org.apache.http.wire --  >> "User-Agent: Apache-HttpClient/4.5.13 (Java/11.0.20)[\r][\n]"
14:06:04.099 [Test worker] DEBUG org.apache.http.wire --  >> "Accept-Encoding: gzip,deflate[\r][\n]"
14:06:04.099 [Test worker] DEBUG org.apache.http.wire --  >> "[\r][\n]"
14:06:04.099 [Test worker] DEBUG org.apache.http.headers -- >> POST /Account/v1/GenerateToken HTTP/1.1
14:06:04.099 [Test worker] DEBUG org.apache.http.headers -- >> Accept: */*
14:06:04.099 [Test worker] DEBUG org.apache.http.headers -- >> Content-Type: application/json
14:06:04.099 [Test worker] DEBUG org.apache.http.headers -- >> Content-Length: 55
14:06:04.099 [Test worker] DEBUG org.apache.http.headers -- >> Host: demoqa.com
14:06:04.099 [Test worker] DEBUG org.apache.http.headers -- >> Connection: Keep-Alive
14:06:04.099 [Test worker] DEBUG org.apache.http.headers -- >> User-Agent: Apache-HttpClient/4.5.13 (Java/11.0.20)
14:06:04.099 [Test worker] DEBUG org.apache.http.headers -- >> Accept-Encoding: gzip,deflate
14:06:04.100 [Test worker] DEBUG org.apache.http.wire --  >> "{"userName":"felipa.daugherty","password":"123Ron321&"}"
14:06:04.427 [Test worker] DEBUG org.apache.http.wire --  << "HTTP/1.1 200 OK[\r][\n]"
14:06:04.427 [Test worker] DEBUG org.apache.http.wire --  << "Server: nginx/1.17.10 (Ubuntu)[\r][\n]"
14:06:04.427 [Test worker] DEBUG org.apache.http.wire --  << "Date: Wed, 13 Dec 2023 13:06:05 GMT[\r][\n]"
14:06:04.427 [Test worker] DEBUG org.apache.http.wire --  << "Content-Type: application/json; charset=utf-8[\r][\n]"
14:06:04.427 [Test worker] DEBUG org.apache.http.wire --  << "Content-Length: 286[\r][\n]"
14:06:04.427 [Test worker] DEBUG org.apache.http.wire --  << "Connection: keep-alive[\r][\n]"
14:06:04.427 [Test worker] DEBUG org.apache.http.wire --  << "X-Powered-By: Express[\r][\n]"
14:06:04.427 [Test worker] DEBUG org.apache.http.wire --  << "ETag: W/"11e-YQIbPrshAzHYDnjQi7gydCChM+4"[\r][\n]"
14:06:04.427 [Test worker] DEBUG org.apache.http.wire --  << "[\r][\n]"
14:06:04.427 [Test worker] DEBUG org.apache.http.impl.conn.DefaultClientConnection -- Receiving response: HTTP/1.1 200 OK
14:06:04.427 [Test worker] DEBUG org.apache.http.headers -- << HTTP/1.1 200 OK
14:06:04.427 [Test worker] DEBUG org.apache.http.headers -- << Server: nginx/1.17.10 (Ubuntu)
14:06:04.427 [Test worker] DEBUG org.apache.http.headers -- << Date: Wed, 13 Dec 2023 13:06:05 GMT
14:06:04.427 [Test worker] DEBUG org.apache.http.headers -- << Content-Type: application/json; charset=utf-8
14:06:04.427 [Test worker] DEBUG org.apache.http.headers -- << Content-Length: 286
14:06:04.427 [Test worker] DEBUG org.apache.http.headers -- << Connection: keep-alive
14:06:04.427 [Test worker] DEBUG org.apache.http.headers -- << X-Powered-By: Express
14:06:04.427 [Test worker] DEBUG org.apache.http.headers -- << ETag: W/"11e-YQIbPrshAzHYDnjQi7gydCChM+4"
14:06:04.427 [Test worker] DEBUG org.apache.http.impl.client.DefaultHttpClient -- Connection can be kept alive indefinitely
14:06:04.427 [Test worker] DEBUG io.restassured.internal.RestAssuredHttpBuilder -- Parsing response as: application/json; charset=utf-8
14:06:04.427 [Test worker] DEBUG io.restassured.internal.RestAssuredHttpBuilder -- Parsed data to instance of: class org.apache.http.conn.EofSensorInputStream
14:06:04.427 [Test worker] DEBUG org.apache.http.wire --  << "{"token":"eyJhbGciOiJIUzI1NiIsInR5cCI6IkpXVCJ9.eyJ1c2VyTmFtZSI6ImZlbGlwYS5kYXVnaGVydHkiLCJwYXNzd29yZCI6IjEyM1JvbjMyMSYiLCJpYXQiOjE3MDI0NzI3NjV9.WGRN0VhyzREiVyO-EIqJI61rgkzenf9qnZkNEbyDT8I","expires":"2023-12-20T13:06:05.399Z","status":"Success","result":"User authorized successfully."}"
14:06:04.427 [Test worker] DEBUG org.apache.http.impl.conn.BasicClientConnectionManager -- Releasing connection org.apache.http.impl.conn.ManagedClientConnectionImpl@118d0fae
14:06:04.427 [Test worker] DEBUG org.apache.http.impl.conn.BasicClientConnectionManager -- Connection can be kept alive indefinitely
HTTP/1.1 200 OK
Server: nginx/1.17.10 (Ubuntu)
Date: Wed, 13 Dec 2023 13:06:05 GMT
Content-Type: application/json; charset=utf-8
Content-Length: 286
Connection: keep-alive
X-Powered-By: Express
ETag: W/"11e-YQIbPrshAzHYDnjQi7gydCChM+4"

{
    "token": "eyJhbGciOiJIUzI1NiIsInR5cCI6IkpXVCJ9.eyJ1c2VyTmFtZSI6ImZlbGlwYS5kYXVnaGVydHkiLCJwYXNzd29yZCI6IjEyM1JvbjMyMSYiLCJpYXQiOjE3MDI0NzI3NjV9.WGRN0VhyzREiVyO-EIqJI61rgkzenf9qnZkNEbyDT8I",
    "expires": "2023-12-20T13:06:05.399Z",
    "status": "Success",
    "result": "User authorized successfully."
}
Request method:	GET
Request URI:	https://demoqa.com/Account/v1/User/695324ef-d2eb-4b57-b51a-30048bfddb81
Proxy:			<none>
Request params:	<none>
Query params:	<none>
Form params:	<none>
Path params:	UserId=695324ef-d2eb-4b57-b51a-30048bfddb81
Headers:		Authorization=Bearer eyJhbGciOiJIUzI1NiIsInR5cCI6IkpXVCJ9.eyJ1c2VyTmFtZSI6ImZlbGlwYS5kYXVnaGVydHkiLCJwYXNzd29yZCI6IjEyM1JvbjMyMSYiLCJpYXQiOjE3MDI0NzI3NjV9.WGRN0VhyzREiVyO-EIqJI61rgkzenf9qnZkNEbyDT8I
				Accept=*/*
				Content-Type=application/json
Cookies:		<none>
Multiparts:		<none>
Body:			<none>
14:06:04.445 [Test worker] DEBUG org.apache.http.impl.conn.BasicClientConnectionManager -- Get connection for route {s}->https://demoqa.com:443
14:06:04.445 [Test worker] DEBUG org.apache.http.impl.conn.DefaultClientConnectionOperator -- Connecting to demoqa.com:443
14:06:04.801 [Test worker] DEBUG org.apache.http.client.protocol.RequestAddCookies -- CookieSpec selected: ignoreCookies
14:06:04.801 [Test worker] DEBUG org.apache.http.client.protocol.RequestAuthCache -- Auth cache not set in the context
14:06:04.801 [Test worker] DEBUG org.apache.http.client.protocol.RequestProxyAuthentication -- Proxy auth state: UNCHALLENGED
14:06:04.801 [Test worker] DEBUG org.apache.http.impl.client.DefaultHttpClient -- Attempt 1 to execute request
14:06:04.802 [Test worker] DEBUG org.apache.http.impl.conn.DefaultClientConnection -- Sending request: GET /Account/v1/User/695324ef-d2eb-4b57-b51a-30048bfddb81 HTTP/1.1
14:06:04.802 [Test worker] DEBUG org.apache.http.wire --  >> "GET /Account/v1/User/695324ef-d2eb-4b57-b51a-30048bfddb81 HTTP/1.1[\r][\n]"
14:06:04.802 [Test worker] DEBUG org.apache.http.wire --  >> "Content-Type: application/json[\r][\n]"
14:06:04.802 [Test worker] DEBUG org.apache.http.wire --  >> "Authorization: Bearer eyJhbGciOiJIUzI1NiIsInR5cCI6IkpXVCJ9.eyJ1c2VyTmFtZSI6ImZlbGlwYS5kYXVnaGVydHkiLCJwYXNzd29yZCI6IjEyM1JvbjMyMSYiLCJpYXQiOjE3MDI0NzI3NjV9.WGRN0VhyzREiVyO-EIqJI61rgkzenf9qnZkNEbyDT8I[\r][\n]"
14:06:04.802 [Test worker] DEBUG org.apache.http.wire --  >> "Accept: */*[\r][\n]"
14:06:04.802 [Test worker] DEBUG org.apache.http.wire --  >> "Host: demoqa.com[\r][\n]"
14:06:04.802 [Test worker] DEBUG org.apache.http.wire --  >> "Connection: Keep-Alive[\r][\n]"
14:06:04.802 [Test worker] DEBUG org.apache.http.wire --  >> "User-Agent: Apache-HttpClient/4.5.13 (Java/11.0.20)[\r][\n]"
14:06:04.802 [Test worker] DEBUG org.apache.http.wire --  >> "Accept-Encoding: gzip,deflate[\r][\n]"
14:06:04.802 [Test worker] DEBUG org.apache.http.wire --  >> "[\r][\n]"
14:06:04.802 [Test worker] DEBUG org.apache.http.headers -- >> GET /Account/v1/User/695324ef-d2eb-4b57-b51a-30048bfddb81 HTTP/1.1
14:06:04.802 [Test worker] DEBUG org.apache.http.headers -- >> Content-Type: application/json
14:06:04.802 [Test worker] DEBUG org.apache.http.headers -- >> Authorization: Bearer eyJhbGciOiJIUzI1NiIsInR5cCI6IkpXVCJ9.eyJ1c2VyTmFtZSI6ImZlbGlwYS5kYXVnaGVydHkiLCJwYXNzd29yZCI6IjEyM1JvbjMyMSYiLCJpYXQiOjE3MDI0NzI3NjV9.WGRN0VhyzREiVyO-EIqJI61rgkzenf9qnZkNEbyDT8I
14:06:04.802 [Test worker] DEBUG org.apache.http.headers -- >> Accept: */*
14:06:04.802 [Test worker] DEBUG org.apache.http.headers -- >> Host: demoqa.com
14:06:04.802 [Test worker] DEBUG org.apache.http.headers -- >> Connection: Keep-Alive
14:06:04.802 [Test worker] DEBUG org.apache.http.headers -- >> User-Agent: Apache-HttpClient/4.5.13 (Java/11.0.20)
14:06:04.802 [Test worker] DEBUG org.apache.http.headers -- >> Accept-Encoding: gzip,deflate
14:06:04.919 [Test worker] DEBUG org.apache.http.wire --  << "HTTP/1.1 200 OK[\r][\n]"
14:06:04.919 [Test worker] DEBUG org.apache.http.wire --  << "Server: nginx/1.17.10 (Ubuntu)[\r][\n]"
14:06:04.919 [Test worker] DEBUG org.apache.http.wire --  << "Date: Wed, 13 Dec 2023 13:06:06 GMT[\r][\n]"
14:06:04.919 [Test worker] DEBUG org.apache.http.wire --  << "Content-Type: application/json; charset=utf-8[\r][\n]"
14:06:04.919 [Test worker] DEBUG org.apache.http.wire --  << "Content-Length: 90[\r][\n]"
14:06:04.919 [Test worker] DEBUG org.apache.http.wire --  << "Connection: keep-alive[\r][\n]"
14:06:04.920 [Test worker] DEBUG org.apache.http.wire --  << "X-Powered-By: Express[\r][\n]"
14:06:04.920 [Test worker] DEBUG org.apache.http.wire --  << "ETag: W/"5a-aREzyoH1uE0u0WlPhvANCeIQODk"[\r][\n]"
14:06:04.920 [Test worker] DEBUG org.apache.http.wire --  << "[\r][\n]"
14:06:04.920 [Test worker] DEBUG org.apache.http.impl.conn.DefaultClientConnection -- Receiving response: HTTP/1.1 200 OK
14:06:04.920 [Test worker] DEBUG org.apache.http.headers -- << HTTP/1.1 200 OK
14:06:04.920 [Test worker] DEBUG org.apache.http.headers -- << Server: nginx/1.17.10 (Ubuntu)
14:06:04.920 [Test worker] DEBUG org.apache.http.headers -- << Date: Wed, 13 Dec 2023 13:06:06 GMT
14:06:04.920 [Test worker] DEBUG org.apache.http.headers -- << Content-Type: application/json; charset=utf-8
14:06:04.920 [Test worker] DEBUG org.apache.http.headers -- << Content-Length: 90
14:06:04.920 [Test worker] DEBUG org.apache.http.headers -- << Connection: keep-alive
14:06:04.920 [Test worker] DEBUG org.apache.http.headers -- << X-Powered-By: Express
14:06:04.920 [Test worker] DEBUG org.apache.http.headers -- << ETag: W/"5a-aREzyoH1uE0u0WlPhvANCeIQODk"
14:06:04.920 [Test worker] DEBUG org.apache.http.impl.client.DefaultHttpClient -- Connection can be kept alive indefinitely
14:06:04.920 [Test worker] DEBUG io.restassured.internal.RestAssuredHttpBuilder -- Parsing response as: application/json; charset=utf-8
14:06:04.920 [Test worker] DEBUG io.restassured.internal.RestAssuredHttpBuilder -- Parsed data to instance of: class org.apache.http.conn.EofSensorInputStream
14:06:04.920 [Test worker] DEBUG org.apache.http.wire --  << "{"userId":"695324ef-d2eb-4b57-b51a-30048bfddb81","username":"felipa.daugherty","books":[]}"
14:06:04.920 [Test worker] DEBUG org.apache.http.impl.conn.BasicClientConnectionManager -- Releasing connection org.apache.http.impl.conn.ManagedClientConnectionImpl@70bc4941
14:06:04.920 [Test worker] DEBUG org.apache.http.impl.conn.BasicClientConnectionManager -- Connection can be kept alive indefinitely
HTTP/1.1 200 OK
Server: nginx/1.17.10 (Ubuntu)
Date: Wed, 13 Dec 2023 13:06:06 GMT
Content-Type: application/json; charset=utf-8
Content-Length: 90
Connection: keep-alive
X-Powered-By: Express
ETag: W/"5a-aREzyoH1uE0u0WlPhvANCeIQODk"

{
    "userId": "695324ef-d2eb-4b57-b51a-30048bfddb81",
    "username": "felipa.daugherty",
    "books": [
        
    ]
}
Request method:	POST
Request URI:	https://demoqa.com/Account/v1/User
Proxy:			<none>
Request params:	<none>
Query params:	<none>
Form params:	<none>
Path params:	<none>
Headers:		Accept=*/*
				Content-Type=application/json
Cookies:		<none>
Multiparts:		<none>
Body:
{
    "userName": "leonarda.jaskolski",
    "password": "123Ron321&"
}
14:06:04.937 [Test worker] DEBUG org.apache.http.impl.conn.BasicClientConnectionManager -- Get connection for route {s}->https://demoqa.com:443
14:06:04.937 [Test worker] DEBUG org.apache.http.impl.conn.DefaultClientConnectionOperator -- Connecting to demoqa.com:443
14:06:05.053 [Test worker] DEBUG org.apache.http.client.protocol.RequestAddCookies -- CookieSpec selected: ignoreCookies
14:06:05.053 [Test worker] DEBUG org.apache.http.client.protocol.RequestAuthCache -- Auth cache not set in the context
14:06:05.053 [Test worker] DEBUG org.apache.http.client.protocol.RequestTargetAuthentication -- Target auth state: UNCHALLENGED
14:06:05.053 [Test worker] DEBUG org.apache.http.client.protocol.RequestProxyAuthentication -- Proxy auth state: UNCHALLENGED
14:06:05.053 [Test worker] DEBUG org.apache.http.impl.client.DefaultHttpClient -- Attempt 1 to execute request
14:06:05.053 [Test worker] DEBUG org.apache.http.impl.conn.DefaultClientConnection -- Sending request: POST /Account/v1/User HTTP/1.1
14:06:05.053 [Test worker] DEBUG org.apache.http.wire --  >> "POST /Account/v1/User HTTP/1.1[\r][\n]"
14:06:05.053 [Test worker] DEBUG org.apache.http.wire --  >> "Accept: */*[\r][\n]"
14:06:05.053 [Test worker] DEBUG org.apache.http.wire --  >> "Content-Type: application/json[\r][\n]"
14:06:05.053 [Test worker] DEBUG org.apache.http.wire --  >> "Content-Length: 57[\r][\n]"
14:06:05.053 [Test worker] DEBUG org.apache.http.wire --  >> "Host: demoqa.com[\r][\n]"
14:06:05.053 [Test worker] DEBUG org.apache.http.wire --  >> "Connection: Keep-Alive[\r][\n]"
14:06:05.053 [Test worker] DEBUG org.apache.http.wire --  >> "User-Agent: Apache-HttpClient/4.5.13 (Java/11.0.20)[\r][\n]"
14:06:05.053 [Test worker] DEBUG org.apache.http.wire --  >> "Accept-Encoding: gzip,deflate[\r][\n]"
14:06:05.053 [Test worker] DEBUG org.apache.http.wire --  >> "[\r][\n]"
14:06:05.053 [Test worker] DEBUG org.apache.http.headers -- >> POST /Account/v1/User HTTP/1.1
14:06:05.053 [Test worker] DEBUG org.apache.http.headers -- >> Accept: */*
14:06:05.053 [Test worker] DEBUG org.apache.http.headers -- >> Content-Type: application/json
14:06:05.053 [Test worker] DEBUG org.apache.http.headers -- >> Content-Length: 57
14:06:05.053 [Test worker] DEBUG org.apache.http.headers -- >> Host: demoqa.com
14:06:05.053 [Test worker] DEBUG org.apache.http.headers -- >> Connection: Keep-Alive
14:06:05.053 [Test worker] DEBUG org.apache.http.headers -- >> User-Agent: Apache-HttpClient/4.5.13 (Java/11.0.20)
14:06:05.053 [Test worker] DEBUG org.apache.http.headers -- >> Accept-Encoding: gzip,deflate
14:06:05.053 [Test worker] DEBUG org.apache.http.wire --  >> "{"userName":"leonarda.jaskolski","password":"123Ron321&"}"
14:06:05.718 [Test worker] DEBUG org.apache.http.wire --  << "HTTP/1.1 201 Created[\r][\n]"
14:06:05.718 [Test worker] DEBUG org.apache.http.wire --  << "Server: nginx/1.17.10 (Ubuntu)[\r][\n]"
14:06:05.718 [Test worker] DEBUG org.apache.http.wire --  << "Date: Wed, 13 Dec 2023 13:06:06 GMT[\r][\n]"
14:06:05.718 [Test worker] DEBUG org.apache.http.wire --  << "Content-Type: application/json; charset=utf-8[\r][\n]"
14:06:05.718 [Test worker] DEBUG org.apache.http.wire --  << "Content-Length: 92[\r][\n]"
14:06:05.718 [Test worker] DEBUG org.apache.http.wire --  << "Connection: keep-alive[\r][\n]"
14:06:05.718 [Test worker] DEBUG org.apache.http.wire --  << "X-Powered-By: Express[\r][\n]"
14:06:05.718 [Test worker] DEBUG org.apache.http.wire --  << "ETag: W/"5c-a8XFpDUdU/HryuI3w1yMeUXXDUU"[\r][\n]"
14:06:05.718 [Test worker] DEBUG org.apache.http.wire --  << "[\r][\n]"
14:06:05.718 [Test worker] DEBUG org.apache.http.impl.conn.DefaultClientConnection -- Receiving response: HTTP/1.1 201 Created
14:06:05.718 [Test worker] DEBUG org.apache.http.headers -- << HTTP/1.1 201 Created
14:06:05.718 [Test worker] DEBUG org.apache.http.headers -- << Server: nginx/1.17.10 (Ubuntu)
14:06:05.718 [Test worker] DEBUG org.apache.http.headers -- << Date: Wed, 13 Dec 2023 13:06:06 GMT
14:06:05.718 [Test worker] DEBUG org.apache.http.headers -- << Content-Type: application/json; charset=utf-8
14:06:05.718 [Test worker] DEBUG org.apache.http.headers -- << Content-Length: 92
14:06:05.718 [Test worker] DEBUG org.apache.http.headers -- << Connection: keep-alive
14:06:05.718 [Test worker] DEBUG org.apache.http.headers -- << X-Powered-By: Express
14:06:05.718 [Test worker] DEBUG org.apache.http.headers -- << ETag: W/"5c-a8XFpDUdU/HryuI3w1yMeUXXDUU"
14:06:05.718 [Test worker] DEBUG org.apache.http.impl.client.DefaultHttpClient -- Connection can be kept alive indefinitely
14:06:05.719 [Test worker] DEBUG io.restassured.internal.RestAssuredHttpBuilder -- Parsing response as: application/json; charset=utf-8
14:06:05.719 [Test worker] DEBUG io.restassured.internal.RestAssuredHttpBuilder -- Parsed data to instance of: class org.apache.http.conn.EofSensorInputStream
14:06:05.719 [Test worker] DEBUG org.apache.http.wire --  << "{"userID":"0c078bdc-b690-482d-9660-62d786f01bc6","username":"leonarda.jaskolski","books":[]}"
14:06:05.719 [Test worker] DEBUG org.apache.http.impl.conn.BasicClientConnectionManager -- Releasing connection org.apache.http.impl.conn.ManagedClientConnectionImpl@730c7dfd
14:06:05.719 [Test worker] DEBUG org.apache.http.impl.conn.BasicClientConnectionManager -- Connection can be kept alive indefinitely
HTTP/1.1 201 Created
Server: nginx/1.17.10 (Ubuntu)
Date: Wed, 13 Dec 2023 13:06:06 GMT
Content-Type: application/json; charset=utf-8
Content-Length: 92
Connection: keep-alive
X-Powered-By: Express
ETag: W/"5c-a8XFpDUdU/HryuI3w1yMeUXXDUU"

{
    "userID": "0c078bdc-b690-482d-9660-62d786f01bc6",
    "username": "leonarda.jaskolski",
    "books": [
        
    ]
}
Request method:	POST
Request URI:	https://demoqa.com/Account/v1/GenerateToken
Proxy:			<none>
Request params:	<none>
Query params:	<none>
Form params:	<none>
Path params:	<none>
Headers:		Accept=*/*
				Content-Type=application/json
Cookies:		<none>
Multiparts:		<none>
Body:
{
    "userName": "leonarda.jaskolski",
    "password": "123Ron321&"
}
14:06:05.733 [Test worker] DEBUG org.apache.http.impl.conn.BasicClientConnectionManager -- Get connection for route {s}->https://demoqa.com:443
14:06:05.733 [Test worker] DEBUG org.apache.http.impl.conn.DefaultClientConnectionOperator -- Connecting to demoqa.com:443
14:06:06.063 [Test worker] DEBUG org.apache.http.client.protocol.RequestAddCookies -- CookieSpec selected: ignoreCookies
14:06:06.064 [Test worker] DEBUG org.apache.http.client.protocol.RequestAuthCache -- Auth cache not set in the context
14:06:06.064 [Test worker] DEBUG org.apache.http.client.protocol.RequestTargetAuthentication -- Target auth state: UNCHALLENGED
14:06:06.064 [Test worker] DEBUG org.apache.http.client.protocol.RequestProxyAuthentication -- Proxy auth state: UNCHALLENGED
14:06:06.064 [Test worker] DEBUG org.apache.http.impl.client.DefaultHttpClient -- Attempt 1 to execute request
14:06:06.064 [Test worker] DEBUG org.apache.http.impl.conn.DefaultClientConnection -- Sending request: POST /Account/v1/GenerateToken HTTP/1.1
14:06:06.064 [Test worker] DEBUG org.apache.http.wire --  >> "POST /Account/v1/GenerateToken HTTP/1.1[\r][\n]"
14:06:06.065 [Test worker] DEBUG org.apache.http.wire --  >> "Accept: */*[\r][\n]"
14:06:06.065 [Test worker] DEBUG org.apache.http.wire --  >> "Content-Type: application/json[\r][\n]"
14:06:06.065 [Test worker] DEBUG org.apache.http.wire --  >> "Content-Length: 57[\r][\n]"
14:06:06.065 [Test worker] DEBUG org.apache.http.wire --  >> "Host: demoqa.com[\r][\n]"
14:06:06.065 [Test worker] DEBUG org.apache.http.wire --  >> "Connection: Keep-Alive[\r][\n]"
14:06:06.065 [Test worker] DEBUG org.apache.http.wire --  >> "User-Agent: Apache-HttpClient/4.5.13 (Java/11.0.20)[\r][\n]"
14:06:06.065 [Test worker] DEBUG org.apache.http.wire --  >> "Accept-Encoding: gzip,deflate[\r][\n]"
14:06:06.065 [Test worker] DEBUG org.apache.http.wire --  >> "[\r][\n]"
14:06:06.065 [Test worker] DEBUG org.apache.http.headers -- >> POST /Account/v1/GenerateToken HTTP/1.1
14:06:06.065 [Test worker] DEBUG org.apache.http.headers -- >> Accept: */*
14:06:06.065 [Test worker] DEBUG org.apache.http.headers -- >> Content-Type: application/json
14:06:06.065 [Test worker] DEBUG org.apache.http.headers -- >> Content-Length: 57
14:06:06.065 [Test worker] DEBUG org.apache.http.headers -- >> Host: demoqa.com
14:06:06.065 [Test worker] DEBUG org.apache.http.headers -- >> Connection: Keep-Alive
14:06:06.065 [Test worker] DEBUG org.apache.http.headers -- >> User-Agent: Apache-HttpClient/4.5.13 (Java/11.0.20)
14:06:06.065 [Test worker] DEBUG org.apache.http.headers -- >> Accept-Encoding: gzip,deflate
14:06:06.065 [Test worker] DEBUG org.apache.http.wire --  >> "{"userName":"leonarda.jaskolski","password":"123Ron321&"}"
14:06:06.421 [Test worker] DEBUG org.apache.http.wire --  << "HTTP/1.1 200 OK[\r][\n]"
14:06:06.422 [Test worker] DEBUG org.apache.http.wire --  << "Server: nginx/1.17.10 (Ubuntu)[\r][\n]"
14:06:06.422 [Test worker] DEBUG org.apache.http.wire --  << "Date: Wed, 13 Dec 2023 13:06:07 GMT[\r][\n]"
14:06:06.422 [Test worker] DEBUG org.apache.http.wire --  << "Content-Type: application/json; charset=utf-8[\r][\n]"
14:06:06.422 [Test worker] DEBUG org.apache.http.wire --  << "Content-Length: 289[\r][\n]"
14:06:06.422 [Test worker] DEBUG org.apache.http.wire --  << "Connection: keep-alive[\r][\n]"
14:06:06.422 [Test worker] DEBUG org.apache.http.wire --  << "X-Powered-By: Express[\r][\n]"
14:06:06.422 [Test worker] DEBUG org.apache.http.wire --  << "ETag: W/"121-UVWlHhvfIYgf20gBjjGsCQvaaoY"[\r][\n]"
14:06:06.422 [Test worker] DEBUG org.apache.http.wire --  << "[\r][\n]"
14:06:06.422 [Test worker] DEBUG org.apache.http.impl.conn.DefaultClientConnection -- Receiving response: HTTP/1.1 200 OK
14:06:06.422 [Test worker] DEBUG org.apache.http.headers -- << HTTP/1.1 200 OK
14:06:06.422 [Test worker] DEBUG org.apache.http.headers -- << Server: nginx/1.17.10 (Ubuntu)
14:06:06.422 [Test worker] DEBUG org.apache.http.headers -- << Date: Wed, 13 Dec 2023 13:06:07 GMT
14:06:06.422 [Test worker] DEBUG org.apache.http.headers -- << Content-Type: application/json; charset=utf-8
14:06:06.422 [Test worker] DEBUG org.apache.http.headers -- << Content-Length: 289
14:06:06.422 [Test worker] DEBUG org.apache.http.headers -- << Connection: keep-alive
14:06:06.422 [Test worker] DEBUG org.apache.http.headers -- << X-Powered-By: Express
14:06:06.422 [Test worker] DEBUG org.apache.http.headers -- << ETag: W/"121-UVWlHhvfIYgf20gBjjGsCQvaaoY"
14:06:06.422 [Test worker] DEBUG org.apache.http.impl.client.DefaultHttpClient -- Connection can be kept alive indefinitely
14:06:06.422 [Test worker] DEBUG io.restassured.internal.RestAssuredHttpBuilder -- Parsing response as: application/json; charset=utf-8
14:06:06.422 [Test worker] DEBUG io.restassured.internal.RestAssuredHttpBuilder -- Parsed data to instance of: class org.apache.http.conn.EofSensorInputStream
14:06:06.422 [Test worker] DEBUG org.apache.http.wire --  << "{"token":"eyJhbGciOiJIUzI1NiIsInR5cCI6IkpXVCJ9.eyJ1c2VyTmFtZSI6Imxlb25hcmRhLmphc2tvbHNraSIsInBhc3N3b3JkIjoiMTIzUm9uMzIxJiIsImlhdCI6MTcwMjQ3Mjc2N30.WfztfHXuOoQaXI8buCO3zj-ezat1V9w24PkjEZbj8rI","expires":"2023-12-20T13:06:07.363Z","status":"Success","result":"User authorized successfully."}"
14:06:06.422 [Test worker] DEBUG org.apache.http.impl.conn.BasicClientConnectionManager -- Releasing connection org.apache.http.impl.conn.ManagedClientConnectionImpl@5b88b949
14:06:06.422 [Test worker] DEBUG org.apache.http.impl.conn.BasicClientConnectionManager -- Connection can be kept alive indefinitely
HTTP/1.1 200 OK
Server: nginx/1.17.10 (Ubuntu)
Date: Wed, 13 Dec 2023 13:06:07 GMT
Content-Type: application/json; charset=utf-8
Content-Length: 289
Connection: keep-alive
X-Powered-By: Express
ETag: W/"121-UVWlHhvfIYgf20gBjjGsCQvaaoY"

{
    "token": "eyJhbGciOiJIUzI1NiIsInR5cCI6IkpXVCJ9.eyJ1c2VyTmFtZSI6Imxlb25hcmRhLmphc2tvbHNraSIsInBhc3N3b3JkIjoiMTIzUm9uMzIxJiIsImlhdCI6MTcwMjQ3Mjc2N30.WfztfHXuOoQaXI8buCO3zj-ezat1V9w24PkjEZbj8rI",
    "expires": "2023-12-20T13:06:07.363Z",
    "status": "Success",
    "result": "User authorized successfully."
}
Request method:	GET
Request URI:	https://demoqa.com/Account/v1/User/5642987
Proxy:			<none>
Request params:	<none>
Query params:	<none>
Form params:	<none>
Path params:	UserId=5642987
Headers:		Authorization=Bearer eyJhbGciOiJIUzI1NiIsInR5cCI6IkpXVCJ9.eyJ1c2VyTmFtZSI6Imxlb25hcmRhLmphc2tvbHNraSIsInBhc3N3b3JkIjoiMTIzUm9uMzIxJiIsImlhdCI6MTcwMjQ3Mjc2N30.WfztfHXuOoQaXI8buCO3zj-ezat1V9w24PkjEZbj8rI
				Accept=*/*
				Content-Type=application/json
Cookies:		<none>
Multiparts:		<none>
Body:			<none>
14:06:06.445 [Test worker] DEBUG org.apache.http.impl.conn.BasicClientConnectionManager -- Get connection for route {s}->https://demoqa.com:443
14:06:06.445 [Test worker] DEBUG org.apache.http.impl.conn.DefaultClientConnectionOperator -- Connecting to demoqa.com:443
14:06:06.502 [Test worker] DEBUG org.apache.http.client.protocol.RequestAddCookies -- CookieSpec selected: ignoreCookies
14:06:06.502 [Test worker] DEBUG org.apache.http.client.protocol.RequestAuthCache -- Auth cache not set in the context
14:06:06.502 [Test worker] DEBUG org.apache.http.client.protocol.RequestProxyAuthentication -- Proxy auth state: UNCHALLENGED
14:06:06.502 [Test worker] DEBUG org.apache.http.impl.client.DefaultHttpClient -- Attempt 1 to execute request
14:06:06.502 [Test worker] DEBUG org.apache.http.impl.conn.DefaultClientConnection -- Sending request: GET /Account/v1/User/5642987 HTTP/1.1
14:06:06.502 [Test worker] DEBUG org.apache.http.wire --  >> "GET /Account/v1/User/5642987 HTTP/1.1[\r][\n]"
14:06:06.502 [Test worker] DEBUG org.apache.http.wire --  >> "Content-Type: application/json[\r][\n]"
14:06:06.502 [Test worker] DEBUG org.apache.http.wire --  >> "Authorization: Bearer eyJhbGciOiJIUzI1NiIsInR5cCI6IkpXVCJ9.eyJ1c2VyTmFtZSI6Imxlb25hcmRhLmphc2tvbHNraSIsInBhc3N3b3JkIjoiMTIzUm9uMzIxJiIsImlhdCI6MTcwMjQ3Mjc2N30.WfztfHXuOoQaXI8buCO3zj-ezat1V9w24PkjEZbj8rI[\r][\n]"
14:06:06.502 [Test worker] DEBUG org.apache.http.wire --  >> "Accept: */*[\r][\n]"
14:06:06.502 [Test worker] DEBUG org.apache.http.wire --  >> "Host: demoqa.com[\r][\n]"
14:06:06.502 [Test worker] DEBUG org.apache.http.wire --  >> "Connection: Keep-Alive[\r][\n]"
14:06:06.502 [Test worker] DEBUG org.apache.http.wire --  >> "User-Agent: Apache-HttpClient/4.5.13 (Java/11.0.20)[\r][\n]"
14:06:06.502 [Test worker] DEBUG org.apache.http.wire --  >> "Accept-Encoding: gzip,deflate[\r][\n]"
14:06:06.502 [Test worker] DEBUG org.apache.http.wire --  >> "[\r][\n]"
14:06:06.502 [Test worker] DEBUG org.apache.http.headers -- >> GET /Account/v1/User/5642987 HTTP/1.1
14:06:06.502 [Test worker] DEBUG org.apache.http.headers -- >> Content-Type: application/json
14:06:06.502 [Test worker] DEBUG org.apache.http.headers -- >> Authorization: Bearer eyJhbGciOiJIUzI1NiIsInR5cCI6IkpXVCJ9.eyJ1c2VyTmFtZSI6Imxlb25hcmRhLmphc2tvbHNraSIsInBhc3N3b3JkIjoiMTIzUm9uMzIxJiIsImlhdCI6MTcwMjQ3Mjc2N30.WfztfHXuOoQaXI8buCO3zj-ezat1V9w24PkjEZbj8rI
14:06:06.502 [Test worker] DEBUG org.apache.http.headers -- >> Accept: */*
14:06:06.502 [Test worker] DEBUG org.apache.http.headers -- >> Host: demoqa.com
14:06:06.502 [Test worker] DEBUG org.apache.http.headers -- >> Connection: Keep-Alive
14:06:06.502 [Test worker] DEBUG org.apache.http.headers -- >> User-Agent: Apache-HttpClient/4.5.13 (Java/11.0.20)
14:06:06.502 [Test worker] DEBUG org.apache.http.headers -- >> Accept-Encoding: gzip,deflate
14:06:06.573 [Test worker] DEBUG org.apache.http.wire --  << "HTTP/1.1 401 Unauthorized[\r][\n]"
14:06:06.573 [Test worker] DEBUG org.apache.http.wire --  << "Server: nginx/1.17.10 (Ubuntu)[\r][\n]"
14:06:06.573 [Test worker] DEBUG org.apache.http.wire --  << "Date: Wed, 13 Dec 2023 13:06:07 GMT[\r][\n]"
14:06:06.573 [Test worker] DEBUG org.apache.http.wire --  << "Content-Type: application/json; charset=utf-8[\r][\n]"
14:06:06.573 [Test worker] DEBUG org.apache.http.wire --  << "Content-Length: 43[\r][\n]"
14:06:06.573 [Test worker] DEBUG org.apache.http.wire --  << "Connection: keep-alive[\r][\n]"
14:06:06.573 [Test worker] DEBUG org.apache.http.wire --  << "X-Powered-By: Express[\r][\n]"
14:06:06.573 [Test worker] DEBUG org.apache.http.wire --  << "ETag: W/"2b-hLPYyb0m8IpHH/aFjmp8VZrYXGw"[\r][\n]"
14:06:06.573 [Test worker] DEBUG org.apache.http.wire --  << "[\r][\n]"
14:06:06.573 [Test worker] DEBUG org.apache.http.impl.conn.DefaultClientConnection -- Receiving response: HTTP/1.1 401 Unauthorized
14:06:06.573 [Test worker] DEBUG org.apache.http.headers -- << HTTP/1.1 401 Unauthorized
14:06:06.573 [Test worker] DEBUG org.apache.http.headers -- << Server: nginx/1.17.10 (Ubuntu)
14:06:06.573 [Test worker] DEBUG org.apache.http.headers -- << Date: Wed, 13 Dec 2023 13:06:07 GMT
14:06:06.573 [Test worker] DEBUG org.apache.http.headers -- << Content-Type: application/json; charset=utf-8
14:06:06.573 [Test worker] DEBUG org.apache.http.headers -- << Content-Length: 43
14:06:06.573 [Test worker] DEBUG org.apache.http.headers -- << Connection: keep-alive
14:06:06.573 [Test worker] DEBUG org.apache.http.headers -- << X-Powered-By: Express
14:06:06.573 [Test worker] DEBUG org.apache.http.headers -- << ETag: W/"2b-hLPYyb0m8IpHH/aFjmp8VZrYXGw"
14:06:06.573 [Test worker] DEBUG org.apache.http.impl.client.DefaultHttpClient -- Connection can be kept alive indefinitely
14:06:06.573 [Test worker] DEBUG org.apache.http.impl.client.DefaultHttpClient -- Authentication required
14:06:06.573 [Test worker] DEBUG org.apache.http.impl.client.DefaultHttpClient -- demoqa.com:443 requested authentication
14:06:06.573 [Test worker] DEBUG org.apache.http.impl.client.DefaultHttpClient -- Response contains no authentication challenges
14:06:06.573 [Test worker] DEBUG io.restassured.internal.RestAssuredHttpBuilder -- Parsing response as: application/json; charset=utf-8
14:06:06.573 [Test worker] DEBUG io.restassured.internal.RestAssuredHttpBuilder -- Parsed data to instance of: class org.apache.http.conn.EofSensorInputStream
14:06:06.574 [Test worker] DEBUG org.apache.http.wire --  << "{"code":"1207","message":"User not found!"}"
14:06:06.574 [Test worker] DEBUG org.apache.http.impl.conn.BasicClientConnectionManager -- Releasing connection org.apache.http.impl.conn.ManagedClientConnectionImpl@78436e2a
14:06:06.574 [Test worker] DEBUG org.apache.http.impl.conn.BasicClientConnectionManager -- Connection can be kept alive indefinitely
HTTP/1.1 401 Unauthorized
Server: nginx/1.17.10 (Ubuntu)
Date: Wed, 13 Dec 2023 13:06:07 GMT
Content-Type: application/json; charset=utf-8
Content-Length: 43
Connection: keep-alive
X-Powered-By: Express
ETag: W/"2b-hLPYyb0m8IpHH/aFjmp8VZrYXGw"

{
    "code": "1207",
    "message": "User not found!"
}
Request method:	POST
Request URI:	https://demoqa.com/Account/v1/User
Proxy:			<none>
Request params:	<none>
Query params:	<none>
Form params:	<none>
Path params:	<none>
Headers:		Accept=*/*
				Content-Type=application/json
Cookies:		<none>
Multiparts:		<none>
Body:
{
    "userName": "jeromy.considine",
    "password": "123Ron321&"
}
14:06:06.593 [Test worker] DEBUG org.apache.http.impl.conn.BasicClientConnectionManager -- Get connection for route {s}->https://demoqa.com:443
14:06:06.594 [Test worker] DEBUG org.apache.http.impl.conn.DefaultClientConnectionOperator -- Connecting to demoqa.com:443
14:06:06.654 [Test worker] DEBUG org.apache.http.client.protocol.RequestAddCookies -- CookieSpec selected: ignoreCookies
14:06:06.654 [Test worker] DEBUG org.apache.http.client.protocol.RequestAuthCache -- Auth cache not set in the context
14:06:06.654 [Test worker] DEBUG org.apache.http.client.protocol.RequestTargetAuthentication -- Target auth state: UNCHALLENGED
14:06:06.654 [Test worker] DEBUG org.apache.http.client.protocol.RequestProxyAuthentication -- Proxy auth state: UNCHALLENGED
14:06:06.654 [Test worker] DEBUG org.apache.http.impl.client.DefaultHttpClient -- Attempt 1 to execute request
14:06:06.655 [Test worker] DEBUG org.apache.http.impl.conn.DefaultClientConnection -- Sending request: POST /Account/v1/User HTTP/1.1
14:06:06.655 [Test worker] DEBUG org.apache.http.wire --  >> "POST /Account/v1/User HTTP/1.1[\r][\n]"
14:06:06.655 [Test worker] DEBUG org.apache.http.wire --  >> "Accept: */*[\r][\n]"
14:06:06.655 [Test worker] DEBUG org.apache.http.wire --  >> "Content-Type: application/json[\r][\n]"
14:06:06.655 [Test worker] DEBUG org.apache.http.wire --  >> "Content-Length: 55[\r][\n]"
14:06:06.655 [Test worker] DEBUG org.apache.http.wire --  >> "Host: demoqa.com[\r][\n]"
14:06:06.655 [Test worker] DEBUG org.apache.http.wire --  >> "Connection: Keep-Alive[\r][\n]"
14:06:06.655 [Test worker] DEBUG org.apache.http.wire --  >> "User-Agent: Apache-HttpClient/4.5.13 (Java/11.0.20)[\r][\n]"
14:06:06.655 [Test worker] DEBUG org.apache.http.wire --  >> "Accept-Encoding: gzip,deflate[\r][\n]"
14:06:06.655 [Test worker] DEBUG org.apache.http.wire --  >> "[\r][\n]"
14:06:06.655 [Test worker] DEBUG org.apache.http.headers -- >> POST /Account/v1/User HTTP/1.1
14:06:06.655 [Test worker] DEBUG org.apache.http.headers -- >> Accept: */*
14:06:06.655 [Test worker] DEBUG org.apache.http.headers -- >> Content-Type: application/json
14:06:06.655 [Test worker] DEBUG org.apache.http.headers -- >> Content-Length: 55
14:06:06.655 [Test worker] DEBUG org.apache.http.headers -- >> Host: demoqa.com
14:06:06.655 [Test worker] DEBUG org.apache.http.headers -- >> Connection: Keep-Alive
14:06:06.655 [Test worker] DEBUG org.apache.http.headers -- >> User-Agent: Apache-HttpClient/4.5.13 (Java/11.0.20)
14:06:06.655 [Test worker] DEBUG org.apache.http.headers -- >> Accept-Encoding: gzip,deflate
14:06:06.655 [Test worker] DEBUG org.apache.http.wire --  >> "{"userName":"jeromy.considine","password":"123Ron321&"}"
14:06:06.815 [Test worker] DEBUG org.apache.http.wire --  << "HTTP/1.1 201 Created[\r][\n]"
14:06:06.815 [Test worker] DEBUG org.apache.http.wire --  << "Server: nginx/1.17.10 (Ubuntu)[\r][\n]"
14:06:06.815 [Test worker] DEBUG org.apache.http.wire --  << "Date: Wed, 13 Dec 2023 13:06:08 GMT[\r][\n]"
14:06:06.815 [Test worker] DEBUG org.apache.http.wire --  << "Content-Type: application/json; charset=utf-8[\r][\n]"
14:06:06.815 [Test worker] DEBUG org.apache.http.wire --  << "Content-Length: 90[\r][\n]"
14:06:06.815 [Test worker] DEBUG org.apache.http.wire --  << "Connection: keep-alive[\r][\n]"
14:06:06.815 [Test worker] DEBUG org.apache.http.wire --  << "X-Powered-By: Express[\r][\n]"
14:06:06.815 [Test worker] DEBUG org.apache.http.wire --  << "ETag: W/"5a-/+1bJaBeDOVhwln0NdxbOXQhcFs"[\r][\n]"
14:06:06.815 [Test worker] DEBUG org.apache.http.wire --  << "[\r][\n]"
14:06:06.815 [Test worker] DEBUG org.apache.http.impl.conn.DefaultClientConnection -- Receiving response: HTTP/1.1 201 Created
14:06:06.815 [Test worker] DEBUG org.apache.http.headers -- << HTTP/1.1 201 Created
14:06:06.815 [Test worker] DEBUG org.apache.http.headers -- << Server: nginx/1.17.10 (Ubuntu)
14:06:06.815 [Test worker] DEBUG org.apache.http.headers -- << Date: Wed, 13 Dec 2023 13:06:08 GMT
14:06:06.815 [Test worker] DEBUG org.apache.http.headers -- << Content-Type: application/json; charset=utf-8
14:06:06.815 [Test worker] DEBUG org.apache.http.headers -- << Content-Length: 90
14:06:06.815 [Test worker] DEBUG org.apache.http.headers -- << Connection: keep-alive
14:06:06.815 [Test worker] DEBUG org.apache.http.headers -- << X-Powered-By: Express
14:06:06.815 [Test worker] DEBUG org.apache.http.headers -- << ETag: W/"5a-/+1bJaBeDOVhwln0NdxbOXQhcFs"
14:06:06.815 [Test worker] DEBUG org.apache.http.impl.client.DefaultHttpClient -- Connection can be kept alive indefinitely
14:06:06.815 [Test worker] DEBUG io.restassured.internal.RestAssuredHttpBuilder -- Parsing response as: application/json; charset=utf-8
14:06:06.815 [Test worker] DEBUG io.restassured.internal.RestAssuredHttpBuilder -- Parsed data to instance of: class org.apache.http.conn.EofSensorInputStream
14:06:06.816 [Test worker] DEBUG org.apache.http.wire --  << "{"userID":"acdf4050-ccb5-4e4e-8fe9-53a33ac3aa49","username":"jeromy.considine","books":[]}"
14:06:06.816 [Test worker] DEBUG org.apache.http.impl.conn.BasicClientConnectionManager -- Releasing connection org.apache.http.impl.conn.ManagedClientConnectionImpl@50601a1e
14:06:06.816 [Test worker] DEBUG org.apache.http.impl.conn.BasicClientConnectionManager -- Connection can be kept alive indefinitely
HTTP/1.1 201 Created
Server: nginx/1.17.10 (Ubuntu)
Date: Wed, 13 Dec 2023 13:06:08 GMT
Content-Type: application/json; charset=utf-8
Content-Length: 90
Connection: keep-alive
X-Powered-By: Express
ETag: W/"5a-/+1bJaBeDOVhwln0NdxbOXQhcFs"

{
    "userID": "acdf4050-ccb5-4e4e-8fe9-53a33ac3aa49",
    "username": "jeromy.considine",
    "books": [
        
    ]
}
Request method:	GET
Request URI:	https://demoqa.com/Account/v1/User/5642987
Proxy:			<none>
Request params:	<none>
Query params:	<none>
Form params:	<none>
Path params:	UserId=5642987
Headers:		Accept=*/*
				Content-Type=application/json
Cookies:		<none>
Multiparts:		<none>
Body:			<none>
14:06:06.834 [Test worker] DEBUG org.apache.http.impl.conn.BasicClientConnectionManager -- Get connection for route {s}->https://demoqa.com:443
14:06:06.834 [Test worker] DEBUG org.apache.http.impl.conn.DefaultClientConnectionOperator -- Connecting to demoqa.com:443
14:06:07.951 [Test worker] DEBUG org.apache.http.client.protocol.RequestAddCookies -- CookieSpec selected: ignoreCookies
14:06:07.952 [Test worker] DEBUG org.apache.http.client.protocol.RequestAuthCache -- Auth cache not set in the context
14:06:07.952 [Test worker] DEBUG org.apache.http.client.protocol.RequestTargetAuthentication -- Target auth state: UNCHALLENGED
14:06:07.952 [Test worker] DEBUG org.apache.http.client.protocol.RequestProxyAuthentication -- Proxy auth state: UNCHALLENGED
14:06:07.952 [Test worker] DEBUG org.apache.http.impl.client.DefaultHttpClient -- Attempt 1 to execute request
14:06:07.952 [Test worker] DEBUG org.apache.http.impl.conn.DefaultClientConnection -- Sending request: GET /Account/v1/User/5642987 HTTP/1.1
14:06:07.952 [Test worker] DEBUG org.apache.http.wire --  >> "GET /Account/v1/User/5642987 HTTP/1.1[\r][\n]"
14:06:07.952 [Test worker] DEBUG org.apache.http.wire --  >> "Content-Type: application/json[\r][\n]"
14:06:07.952 [Test worker] DEBUG org.apache.http.wire --  >> "Accept: */*[\r][\n]"
14:06:07.952 [Test worker] DEBUG org.apache.http.wire --  >> "Host: demoqa.com[\r][\n]"
14:06:07.952 [Test worker] DEBUG org.apache.http.wire --  >> "Connection: Keep-Alive[\r][\n]"
14:06:07.952 [Test worker] DEBUG org.apache.http.wire --  >> "User-Agent: Apache-HttpClient/4.5.13 (Java/11.0.20)[\r][\n]"
14:06:07.952 [Test worker] DEBUG org.apache.http.wire --  >> "Accept-Encoding: gzip,deflate[\r][\n]"
14:06:07.952 [Test worker] DEBUG org.apache.http.wire --  >> "[\r][\n]"
14:06:07.952 [Test worker] DEBUG org.apache.http.headers -- >> GET /Account/v1/User/5642987 HTTP/1.1
14:06:07.952 [Test worker] DEBUG org.apache.http.headers -- >> Content-Type: application/json
14:06:07.952 [Test worker] DEBUG org.apache.http.headers -- >> Accept: */*
14:06:07.952 [Test worker] DEBUG org.apache.http.headers -- >> Host: demoqa.com
14:06:07.952 [Test worker] DEBUG org.apache.http.headers -- >> Connection: Keep-Alive
14:06:07.952 [Test worker] DEBUG org.apache.http.headers -- >> User-Agent: Apache-HttpClient/4.5.13 (Java/11.0.20)
14:06:07.952 [Test worker] DEBUG org.apache.http.headers -- >> Accept-Encoding: gzip,deflate
14:06:07.978 [Test worker] DEBUG org.apache.http.wire --  << "HTTP/1.1 401 Unauthorized[\r][\n]"
14:06:07.978 [Test worker] DEBUG org.apache.http.wire --  << "Server: nginx/1.17.10 (Ubuntu)[\r][\n]"
14:06:07.978 [Test worker] DEBUG org.apache.http.wire --  << "Date: Wed, 13 Dec 2023 13:06:09 GMT[\r][\n]"
14:06:07.978 [Test worker] DEBUG org.apache.http.wire --  << "Content-Type: application/json; charset=utf-8[\r][\n]"
14:06:07.978 [Test worker] DEBUG org.apache.http.wire --  << "Content-Length: 48[\r][\n]"
14:06:07.978 [Test worker] DEBUG org.apache.http.wire --  << "Connection: keep-alive[\r][\n]"
14:06:07.978 [Test worker] DEBUG org.apache.http.wire --  << "X-Powered-By: Express[\r][\n]"
14:06:07.978 [Test worker] DEBUG org.apache.http.wire --  << "ETag: W/"30-V67npMN18Zy3bnk1xW2xtLGgx8c"[\r][\n]"
14:06:07.978 [Test worker] DEBUG org.apache.http.wire --  << "[\r][\n]"
14:06:07.978 [Test worker] DEBUG org.apache.http.impl.conn.DefaultClientConnection -- Receiving response: HTTP/1.1 401 Unauthorized
14:06:07.978 [Test worker] DEBUG org.apache.http.headers -- << HTTP/1.1 401 Unauthorized
14:06:07.978 [Test worker] DEBUG org.apache.http.headers -- << Server: nginx/1.17.10 (Ubuntu)
14:06:07.978 [Test worker] DEBUG org.apache.http.headers -- << Date: Wed, 13 Dec 2023 13:06:09 GMT
14:06:07.978 [Test worker] DEBUG org.apache.http.headers -- << Content-Type: application/json; charset=utf-8
14:06:07.978 [Test worker] DEBUG org.apache.http.headers -- << Content-Length: 48
14:06:07.978 [Test worker] DEBUG org.apache.http.headers -- << Connection: keep-alive
14:06:07.978 [Test worker] DEBUG org.apache.http.headers -- << X-Powered-By: Express
14:06:07.978 [Test worker] DEBUG org.apache.http.headers -- << ETag: W/"30-V67npMN18Zy3bnk1xW2xtLGgx8c"
14:06:07.978 [Test worker] DEBUG org.apache.http.impl.client.DefaultHttpClient -- Connection can be kept alive indefinitely
14:06:07.978 [Test worker] DEBUG org.apache.http.impl.client.DefaultHttpClient -- Authentication required
14:06:07.978 [Test worker] DEBUG org.apache.http.impl.client.DefaultHttpClient -- demoqa.com:443 requested authentication
14:06:07.978 [Test worker] DEBUG org.apache.http.impl.client.DefaultHttpClient -- Response contains no authentication challenges
14:06:07.978 [Test worker] DEBUG io.restassured.internal.RestAssuredHttpBuilder -- Parsing response as: application/json; charset=utf-8
14:06:07.978 [Test worker] DEBUG io.restassured.internal.RestAssuredHttpBuilder -- Parsed data to instance of: class org.apache.http.conn.EofSensorInputStream
14:06:07.979 [Test worker] DEBUG org.apache.http.wire --  << "{"code":"1200","message":"User not authorized!"}"
14:06:07.979 [Test worker] DEBUG org.apache.http.impl.conn.BasicClientConnectionManager -- Releasing connection org.apache.http.impl.conn.ManagedClientConnectionImpl@44f35879
14:06:07.979 [Test worker] DEBUG org.apache.http.impl.conn.BasicClientConnectionManager -- Connection can be kept alive indefinitely
HTTP/1.1 401 Unauthorized
Server: nginx/1.17.10 (Ubuntu)
Date: Wed, 13 Dec 2023 13:06:09 GMT
Content-Type: application/json; charset=utf-8
Content-Length: 48
Connection: keep-alive
X-Powered-By: Express
ETag: W/"30-V67npMN18Zy3bnk1xW2xtLGgx8c"

{
    "code": "1200",
    "message": "User not authorized!"
}
14:06:07.988 [Finalizer] DEBUG org.apache.http.impl.conn.DefaultClientConnection -- Connection 0.0.0.0:53276<->176.58.101.124:443 closed
14:06:07.989 [Finalizer] DEBUG org.apache.http.impl.conn.DefaultClientConnection -- Connection 0.0.0.0:53277<->176.58.101.124:443 closed
14:06:07.989 [Finalizer] DEBUG org.apache.http.impl.conn.DefaultClientConnection -- Connection 0.0.0.0:53278<->176.58.101.124:443 closed
14:06:07.990 [Finalizer] DEBUG org.apache.http.impl.conn.DefaultClientConnection -- Connection 0.0.0.0:53279<->176.58.101.124:443 closed
14:06:07.990 [Finalizer] DEBUG org.apache.http.impl.conn.DefaultClientConnection -- Connection 0.0.0.0:53280<->176.58.101.124:443 closed
14:06:07.991 [Finalizer] DEBUG org.apache.http.impl.conn.DefaultClientConnection -- Connection 0.0.0.0:53284<->176.58.101.124:443 closed
14:06:07.991 [Finalizer] DEBUG org.apache.http.impl.conn.DefaultClientConnection -- Connection 0.0.0.0:53283<->176.58.101.124:443 closed
14:06:07.992 [Finalizer] DEBUG org.apache.http.impl.conn.DefaultClientConnection -- Connection 0.0.0.0:53281<->176.58.101.124:443 closed
]]></system-out>
  <system-err><![CDATA[]]></system-err>
</testsuite>
