<?xml version="1.0" encoding="UTF-8"?>
<testsuite name="tests.CreateUserTest" tests="7" skipped="0" failures="0" errors="0" timestamp="2023-12-13T13:05:07" hostname="DESKTOP-TFD6REL" time="9.729">
  <properties/>
  <testcase name="createAnExistingUser" classname="tests.CreateUserTest" time="3.816"/>
  <testcase name="createUserWithInvalidEndPoint" classname="tests.CreateUserTest" time="0.499"/>
  <testcase name="emptyBodyCreateUser" classname="tests.CreateUserTest" time="0.449"/>
  <testcase name="emptyPasswordCreateUser" classname="tests.CreateUserTest" time="0.414"/>
  <testcase name="emptyUserNameCreateUser" classname="tests.CreateUserTest" time="1.696"/>
  <testcase name="invalidPasswordCreateUser" classname="tests.CreateUserTest" time="0.385"/>
  <testcase name="successfulCreateUser" classname="tests.CreateUserTest" time="2.434"/>
  <system-out><![CDATA[Request method:	POST
Request URI:	https://demoqa.com/Account/v1/User
Proxy:			<none>
Request params:	<none>
Query params:	<none>
Form params:	<none>
Path params:	<none>
Headers:		Accept=*/*
				Content-Type=application/json
Cookies:		<none>
Multiparts:		<none>
Body:
{
    "userName": "angella.miller",
    "password": "123Ron321&"
}
14:05:07.232 [Test worker] DEBUG org.apache.http.impl.conn.BasicClientConnectionManager -- Get connection for route {s}->https://demoqa.com:443
14:05:07.233 [Test worker] DEBUG org.apache.http.impl.conn.DefaultClientConnectionOperator -- Connecting to demoqa.com:443
14:05:07.387 [Test worker] DEBUG org.apache.http.client.protocol.RequestAddCookies -- CookieSpec selected: ignoreCookies
14:05:07.387 [Test worker] DEBUG org.apache.http.client.protocol.RequestAuthCache -- Auth cache not set in the context
14:05:07.387 [Test worker] DEBUG org.apache.http.client.protocol.RequestTargetAuthentication -- Target auth state: UNCHALLENGED
14:05:07.387 [Test worker] DEBUG org.apache.http.client.protocol.RequestProxyAuthentication -- Proxy auth state: UNCHALLENGED
14:05:07.388 [Test worker] DEBUG org.apache.http.impl.client.DefaultHttpClient -- Attempt 1 to execute request
14:05:07.388 [Test worker] DEBUG org.apache.http.impl.conn.DefaultClientConnection -- Sending request: POST /Account/v1/User HTTP/1.1
14:05:07.388 [Test worker] DEBUG org.apache.http.wire --  >> "POST /Account/v1/User HTTP/1.1[\r][\n]"
14:05:07.388 [Test worker] DEBUG org.apache.http.wire --  >> "Accept: */*[\r][\n]"
14:05:07.388 [Test worker] DEBUG org.apache.http.wire --  >> "Content-Type: application/json[\r][\n]"
14:05:07.388 [Test worker] DEBUG org.apache.http.wire --  >> "Content-Length: 53[\r][\n]"
14:05:07.388 [Test worker] DEBUG org.apache.http.wire --  >> "Host: demoqa.com[\r][\n]"
14:05:07.388 [Test worker] DEBUG org.apache.http.wire --  >> "Connection: Keep-Alive[\r][\n]"
14:05:07.388 [Test worker] DEBUG org.apache.http.wire --  >> "User-Agent: Apache-HttpClient/4.5.13 (Java/11.0.20)[\r][\n]"
14:05:07.388 [Test worker] DEBUG org.apache.http.wire --  >> "Accept-Encoding: gzip,deflate[\r][\n]"
14:05:07.388 [Test worker] DEBUG org.apache.http.wire --  >> "[\r][\n]"
14:05:07.388 [Test worker] DEBUG org.apache.http.headers -- >> POST /Account/v1/User HTTP/1.1
14:05:07.388 [Test worker] DEBUG org.apache.http.headers -- >> Accept: */*
14:05:07.388 [Test worker] DEBUG org.apache.http.headers -- >> Content-Type: application/json
14:05:07.388 [Test worker] DEBUG org.apache.http.headers -- >> Content-Length: 53
14:05:07.388 [Test worker] DEBUG org.apache.http.headers -- >> Host: demoqa.com
14:05:07.388 [Test worker] DEBUG org.apache.http.headers -- >> Connection: Keep-Alive
14:05:07.388 [Test worker] DEBUG org.apache.http.headers -- >> User-Agent: Apache-HttpClient/4.5.13 (Java/11.0.20)
14:05:07.388 [Test worker] DEBUG org.apache.http.headers -- >> Accept-Encoding: gzip,deflate
14:05:07.388 [Test worker] DEBUG org.apache.http.wire --  >> "{"userName":"angella.miller","password":"123Ron321&"}"
14:05:07.604 [Test worker] DEBUG org.apache.http.wire --  << "HTTP/1.1 201 Created[\r][\n]"
14:05:07.604 [Test worker] DEBUG org.apache.http.wire --  << "Server: nginx/1.17.10 (Ubuntu)[\r][\n]"
14:05:07.604 [Test worker] DEBUG org.apache.http.wire --  << "Date: Wed, 13 Dec 2023 13:05:08 GMT[\r][\n]"
14:05:07.604 [Test worker] DEBUG org.apache.http.wire --  << "Content-Type: application/json; charset=utf-8[\r][\n]"
14:05:07.604 [Test worker] DEBUG org.apache.http.wire --  << "Content-Length: 88[\r][\n]"
14:05:07.604 [Test worker] DEBUG org.apache.http.wire --  << "Connection: keep-alive[\r][\n]"
14:05:07.604 [Test worker] DEBUG org.apache.http.wire --  << "X-Powered-By: Express[\r][\n]"
14:05:07.604 [Test worker] DEBUG org.apache.http.wire --  << "ETag: W/"58-2njAyx13x679BbCDtacoGB+WofU"[\r][\n]"
14:05:07.604 [Test worker] DEBUG org.apache.http.wire --  << "[\r][\n]"
14:05:07.604 [Test worker] DEBUG org.apache.http.impl.conn.DefaultClientConnection -- Receiving response: HTTP/1.1 201 Created
14:05:07.604 [Test worker] DEBUG org.apache.http.headers -- << HTTP/1.1 201 Created
14:05:07.604 [Test worker] DEBUG org.apache.http.headers -- << Server: nginx/1.17.10 (Ubuntu)
14:05:07.604 [Test worker] DEBUG org.apache.http.headers -- << Date: Wed, 13 Dec 2023 13:05:08 GMT
14:05:07.604 [Test worker] DEBUG org.apache.http.headers -- << Content-Type: application/json; charset=utf-8
14:05:07.604 [Test worker] DEBUG org.apache.http.headers -- << Content-Length: 88
14:05:07.604 [Test worker] DEBUG org.apache.http.headers -- << Connection: keep-alive
14:05:07.604 [Test worker] DEBUG org.apache.http.headers -- << X-Powered-By: Express
14:05:07.604 [Test worker] DEBUG org.apache.http.headers -- << ETag: W/"58-2njAyx13x679BbCDtacoGB+WofU"
14:05:07.605 [Test worker] DEBUG org.apache.http.impl.client.DefaultHttpClient -- Connection can be kept alive indefinitely
14:05:07.605 [Test worker] DEBUG io.restassured.internal.RestAssuredHttpBuilder -- Parsing response as: application/json; charset=utf-8
14:05:07.605 [Test worker] DEBUG io.restassured.internal.RestAssuredHttpBuilder -- Parsed data to instance of: class org.apache.http.conn.EofSensorInputStream
14:05:07.605 [Test worker] DEBUG org.apache.http.wire --  << "{"userID":"6564e2db-d03f-4749-a7c6-296e39a656cd","username":"angella.miller","books":[]}"
14:05:07.605 [Test worker] DEBUG org.apache.http.impl.conn.BasicClientConnectionManager -- Releasing connection org.apache.http.impl.conn.ManagedClientConnectionImpl@347bc2ad
14:05:07.605 [Test worker] DEBUG org.apache.http.impl.conn.BasicClientConnectionManager -- Connection can be kept alive indefinitely
HTTP/1.1 201 Created
Server: nginx/1.17.10 (Ubuntu)
Date: Wed, 13 Dec 2023 13:05:08 GMT
Content-Type: application/json; charset=utf-8
Content-Length: 88
Connection: keep-alive
X-Powered-By: Express
ETag: W/"58-2njAyx13x679BbCDtacoGB+WofU"

{
    "userID": "6564e2db-d03f-4749-a7c6-296e39a656cd",
    "username": "angella.miller",
    "books": [
        
    ]
}
Request method:	POST
Request URI:	https://demoqa.com/Account/v1/User
Proxy:			<none>
Request params:	<none>
Query params:	<none>
Form params:	<none>
Path params:	<none>
Headers:		Accept=*/*
				Content-Type=application/json
Cookies:		<none>
Multiparts:		<none>
Body:
{
    "userName": "angella.miller",
    "password": "123Ron321&"
}
14:05:07.617 [Test worker] DEBUG org.apache.http.impl.conn.BasicClientConnectionManager -- Get connection for route {s}->https://demoqa.com:443
14:05:07.617 [Test worker] DEBUG org.apache.http.impl.conn.DefaultClientConnectionOperator -- Connecting to demoqa.com:443
14:05:07.698 [Test worker] DEBUG org.apache.http.client.protocol.RequestAddCookies -- CookieSpec selected: ignoreCookies
14:05:07.698 [Test worker] DEBUG org.apache.http.client.protocol.RequestAuthCache -- Auth cache not set in the context
14:05:07.698 [Test worker] DEBUG org.apache.http.client.protocol.RequestTargetAuthentication -- Target auth state: UNCHALLENGED
14:05:07.698 [Test worker] DEBUG org.apache.http.client.protocol.RequestProxyAuthentication -- Proxy auth state: UNCHALLENGED
14:05:07.698 [Test worker] DEBUG org.apache.http.impl.client.DefaultHttpClient -- Attempt 1 to execute request
14:05:07.698 [Test worker] DEBUG org.apache.http.impl.conn.DefaultClientConnection -- Sending request: POST /Account/v1/User HTTP/1.1
14:05:07.698 [Test worker] DEBUG org.apache.http.wire --  >> "POST /Account/v1/User HTTP/1.1[\r][\n]"
14:05:07.698 [Test worker] DEBUG org.apache.http.wire --  >> "Accept: */*[\r][\n]"
14:05:07.698 [Test worker] DEBUG org.apache.http.wire --  >> "Content-Type: application/json[\r][\n]"
14:05:07.698 [Test worker] DEBUG org.apache.http.wire --  >> "Content-Length: 53[\r][\n]"
14:05:07.698 [Test worker] DEBUG org.apache.http.wire --  >> "Host: demoqa.com[\r][\n]"
14:05:07.698 [Test worker] DEBUG org.apache.http.wire --  >> "Connection: Keep-Alive[\r][\n]"
14:05:07.698 [Test worker] DEBUG org.apache.http.wire --  >> "User-Agent: Apache-HttpClient/4.5.13 (Java/11.0.20)[\r][\n]"
14:05:07.698 [Test worker] DEBUG org.apache.http.wire --  >> "Accept-Encoding: gzip,deflate[\r][\n]"
14:05:07.698 [Test worker] DEBUG org.apache.http.wire --  >> "[\r][\n]"
14:05:07.698 [Test worker] DEBUG org.apache.http.headers -- >> POST /Account/v1/User HTTP/1.1
14:05:07.698 [Test worker] DEBUG org.apache.http.headers -- >> Accept: */*
14:05:07.698 [Test worker] DEBUG org.apache.http.headers -- >> Content-Type: application/json
14:05:07.698 [Test worker] DEBUG org.apache.http.headers -- >> Content-Length: 53
14:05:07.698 [Test worker] DEBUG org.apache.http.headers -- >> Host: demoqa.com
14:05:07.698 [Test worker] DEBUG org.apache.http.headers -- >> Connection: Keep-Alive
14:05:07.698 [Test worker] DEBUG org.apache.http.headers -- >> User-Agent: Apache-HttpClient/4.5.13 (Java/11.0.20)
14:05:07.698 [Test worker] DEBUG org.apache.http.headers -- >> Accept-Encoding: gzip,deflate
14:05:07.698 [Test worker] DEBUG org.apache.http.wire --  >> "{"userName":"angella.miller","password":"123Ron321&"}"
14:05:08.053 [Test worker] DEBUG org.apache.http.wire --  << "HTTP/1.1 406 Not Acceptable[\r][\n]"
14:05:08.053 [Test worker] DEBUG org.apache.http.wire --  << "Server: nginx/1.17.10 (Ubuntu)[\r][\n]"
14:05:08.053 [Test worker] DEBUG org.apache.http.wire --  << "Date: Wed, 13 Dec 2023 13:05:09 GMT[\r][\n]"
14:05:08.053 [Test worker] DEBUG org.apache.http.wire --  << "Content-Type: application/json; charset=utf-8[\r][\n]"
14:05:08.053 [Test worker] DEBUG org.apache.http.wire --  << "Content-Length: 40[\r][\n]"
14:05:08.053 [Test worker] DEBUG org.apache.http.wire --  << "Connection: keep-alive[\r][\n]"
14:05:08.053 [Test worker] DEBUG org.apache.http.wire --  << "X-Powered-By: Express[\r][\n]"
14:05:08.053 [Test worker] DEBUG org.apache.http.wire --  << "ETag: W/"28-Ol+1T9TtJMfkxjesktiJwJPAuBU"[\r][\n]"
14:05:08.053 [Test worker] DEBUG org.apache.http.wire --  << "[\r][\n]"
14:05:08.053 [Test worker] DEBUG org.apache.http.impl.conn.DefaultClientConnection -- Receiving response: HTTP/1.1 406 Not Acceptable
14:05:08.053 [Test worker] DEBUG org.apache.http.headers -- << HTTP/1.1 406 Not Acceptable
14:05:08.053 [Test worker] DEBUG org.apache.http.headers -- << Server: nginx/1.17.10 (Ubuntu)
14:05:08.053 [Test worker] DEBUG org.apache.http.headers -- << Date: Wed, 13 Dec 2023 13:05:09 GMT
14:05:08.053 [Test worker] DEBUG org.apache.http.headers -- << Content-Type: application/json; charset=utf-8
14:05:08.053 [Test worker] DEBUG org.apache.http.headers -- << Content-Length: 40
14:05:08.053 [Test worker] DEBUG org.apache.http.headers -- << Connection: keep-alive
14:05:08.053 [Test worker] DEBUG org.apache.http.headers -- << X-Powered-By: Express
14:05:08.053 [Test worker] DEBUG org.apache.http.headers -- << ETag: W/"28-Ol+1T9TtJMfkxjesktiJwJPAuBU"
14:05:08.053 [Test worker] DEBUG org.apache.http.impl.client.DefaultHttpClient -- Connection can be kept alive indefinitely
14:05:08.053 [Test worker] DEBUG io.restassured.internal.RestAssuredHttpBuilder -- Parsing response as: application/json; charset=utf-8
14:05:08.053 [Test worker] DEBUG io.restassured.internal.RestAssuredHttpBuilder -- Parsed data to instance of: class org.apache.http.conn.EofSensorInputStream
14:05:08.053 [Test worker] DEBUG org.apache.http.wire --  << "{"code":"1204","message":"User exists!"}"
14:05:08.054 [Test worker] DEBUG org.apache.http.impl.conn.BasicClientConnectionManager -- Releasing connection org.apache.http.impl.conn.ManagedClientConnectionImpl@16c0ea9b
14:05:08.054 [Test worker] DEBUG org.apache.http.impl.conn.BasicClientConnectionManager -- Connection can be kept alive indefinitely
HTTP/1.1 406 Not Acceptable
Server: nginx/1.17.10 (Ubuntu)
Date: Wed, 13 Dec 2023 13:05:09 GMT
Content-Type: application/json; charset=utf-8
Content-Length: 40
Connection: keep-alive
X-Powered-By: Express
ETag: W/"28-Ol+1T9TtJMfkxjesktiJwJPAuBU"

{
    "code": "1204",
    "message": "User exists!"
}
Request method:	POST
Request URI:	https://demoqa.com/Account/v1/GenerateToken
Proxy:			<none>
Request params:	<none>
Query params:	<none>
Form params:	<none>
Path params:	<none>
Headers:		Accept=*/*
				Content-Type=application/json
Cookies:		<none>
Multiparts:		<none>
Body:
{
    "userName": "angella.miller",
    "password": "123Ron321&"
}
14:05:08.090 [Test worker] DEBUG org.apache.http.impl.conn.BasicClientConnectionManager -- Get connection for route {s}->https://demoqa.com:443
14:05:08.090 [Test worker] DEBUG org.apache.http.impl.conn.DefaultClientConnectionOperator -- Connecting to demoqa.com:443
14:05:10.249 [Test worker] DEBUG org.apache.http.client.protocol.RequestAddCookies -- CookieSpec selected: ignoreCookies
14:05:10.249 [Test worker] DEBUG org.apache.http.client.protocol.RequestAuthCache -- Auth cache not set in the context
14:05:10.249 [Test worker] DEBUG org.apache.http.client.protocol.RequestTargetAuthentication -- Target auth state: UNCHALLENGED
14:05:10.249 [Test worker] DEBUG org.apache.http.client.protocol.RequestProxyAuthentication -- Proxy auth state: UNCHALLENGED
14:05:10.249 [Test worker] DEBUG org.apache.http.impl.client.DefaultHttpClient -- Attempt 1 to execute request
14:05:10.249 [Test worker] DEBUG org.apache.http.impl.conn.DefaultClientConnection -- Sending request: POST /Account/v1/GenerateToken HTTP/1.1
14:05:10.249 [Test worker] DEBUG org.apache.http.wire --  >> "POST /Account/v1/GenerateToken HTTP/1.1[\r][\n]"
14:05:10.249 [Test worker] DEBUG org.apache.http.wire --  >> "Accept: */*[\r][\n]"
14:05:10.249 [Test worker] DEBUG org.apache.http.wire --  >> "Content-Type: application/json[\r][\n]"
14:05:10.249 [Test worker] DEBUG org.apache.http.wire --  >> "Content-Length: 53[\r][\n]"
14:05:10.249 [Test worker] DEBUG org.apache.http.wire --  >> "Host: demoqa.com[\r][\n]"
14:05:10.249 [Test worker] DEBUG org.apache.http.wire --  >> "Connection: Keep-Alive[\r][\n]"
14:05:10.249 [Test worker] DEBUG org.apache.http.wire --  >> "User-Agent: Apache-HttpClient/4.5.13 (Java/11.0.20)[\r][\n]"
14:05:10.249 [Test worker] DEBUG org.apache.http.wire --  >> "Accept-Encoding: gzip,deflate[\r][\n]"
14:05:10.249 [Test worker] DEBUG org.apache.http.wire --  >> "[\r][\n]"
14:05:10.249 [Test worker] DEBUG org.apache.http.headers -- >> POST /Account/v1/GenerateToken HTTP/1.1
14:05:10.249 [Test worker] DEBUG org.apache.http.headers -- >> Accept: */*
14:05:10.249 [Test worker] DEBUG org.apache.http.headers -- >> Content-Type: application/json
14:05:10.249 [Test worker] DEBUG org.apache.http.headers -- >> Content-Length: 53
14:05:10.249 [Test worker] DEBUG org.apache.http.headers -- >> Host: demoqa.com
14:05:10.249 [Test worker] DEBUG org.apache.http.headers -- >> Connection: Keep-Alive
14:05:10.249 [Test worker] DEBUG org.apache.http.headers -- >> User-Agent: Apache-HttpClient/4.5.13 (Java/11.0.20)
14:05:10.249 [Test worker] DEBUG org.apache.http.headers -- >> Accept-Encoding: gzip,deflate
14:05:10.249 [Test worker] DEBUG org.apache.http.wire --  >> "{"userName":"angella.miller","password":"123Ron321&"}"
14:05:10.660 [Test worker] DEBUG org.apache.http.wire --  << "HTTP/1.1 200 OK[\r][\n]"
14:05:10.660 [Test worker] DEBUG org.apache.http.wire --  << "Server: nginx/1.17.10 (Ubuntu)[\r][\n]"
14:05:10.660 [Test worker] DEBUG org.apache.http.wire --  << "Date: Wed, 13 Dec 2023 13:05:11 GMT[\r][\n]"
14:05:10.660 [Test worker] DEBUG org.apache.http.wire --  << "Content-Type: application/json; charset=utf-8[\r][\n]"
14:05:10.660 [Test worker] DEBUG org.apache.http.wire --  << "Content-Length: 284[\r][\n]"
14:05:10.660 [Test worker] DEBUG org.apache.http.wire --  << "Connection: keep-alive[\r][\n]"
14:05:10.660 [Test worker] DEBUG org.apache.http.wire --  << "X-Powered-By: Express[\r][\n]"
14:05:10.660 [Test worker] DEBUG org.apache.http.wire --  << "ETag: W/"11c-y45tm+YuifA55/qXnlpdF57v1bA"[\r][\n]"
14:05:10.660 [Test worker] DEBUG org.apache.http.wire --  << "[\r][\n]"
14:05:10.660 [Test worker] DEBUG org.apache.http.impl.conn.DefaultClientConnection -- Receiving response: HTTP/1.1 200 OK
14:05:10.660 [Test worker] DEBUG org.apache.http.headers -- << HTTP/1.1 200 OK
14:05:10.660 [Test worker] DEBUG org.apache.http.headers -- << Server: nginx/1.17.10 (Ubuntu)
14:05:10.660 [Test worker] DEBUG org.apache.http.headers -- << Date: Wed, 13 Dec 2023 13:05:11 GMT
14:05:10.660 [Test worker] DEBUG org.apache.http.headers -- << Content-Type: application/json; charset=utf-8
14:05:10.660 [Test worker] DEBUG org.apache.http.headers -- << Content-Length: 284
14:05:10.660 [Test worker] DEBUG org.apache.http.headers -- << Connection: keep-alive
14:05:10.660 [Test worker] DEBUG org.apache.http.headers -- << X-Powered-By: Express
14:05:10.660 [Test worker] DEBUG org.apache.http.headers -- << ETag: W/"11c-y45tm+YuifA55/qXnlpdF57v1bA"
14:05:10.660 [Test worker] DEBUG org.apache.http.impl.client.DefaultHttpClient -- Connection can be kept alive indefinitely
14:05:10.661 [Test worker] DEBUG io.restassured.internal.RestAssuredHttpBuilder -- Parsing response as: application/json; charset=utf-8
14:05:10.661 [Test worker] DEBUG io.restassured.internal.RestAssuredHttpBuilder -- Parsed data to instance of: class org.apache.http.conn.EofSensorInputStream
14:05:10.661 [Test worker] DEBUG org.apache.http.wire --  << "{"token":"eyJhbGciOiJIUzI1NiIsInR5cCI6IkpXVCJ9.eyJ1c2VyTmFtZSI6ImFuZ2VsbGEubWlsbGVyIiwicGFzc3dvcmQiOiIxMjNSb24zMjEmIiwiaWF0IjoxNzAyNDcyNzExfQ.15Avu4FzGOrbQjd8mza-8S7Q3wMkOQEZ1bsrwksuq_I","expires":"2023-12-20T13:05:11.546Z","status":"Success","result":"User authorized successfully."}"
14:05:10.661 [Test worker] DEBUG org.apache.http.impl.conn.BasicClientConnectionManager -- Releasing connection org.apache.http.impl.conn.ManagedClientConnectionImpl@7a2f29ac
14:05:10.661 [Test worker] DEBUG org.apache.http.impl.conn.BasicClientConnectionManager -- Connection can be kept alive indefinitely
HTTP/1.1 200 OK
Server: nginx/1.17.10 (Ubuntu)
Date: Wed, 13 Dec 2023 13:05:11 GMT
Content-Type: application/json; charset=utf-8
Content-Length: 284
Connection: keep-alive
X-Powered-By: Express
ETag: W/"11c-y45tm+YuifA55/qXnlpdF57v1bA"

{
    "token": "eyJhbGciOiJIUzI1NiIsInR5cCI6IkpXVCJ9.eyJ1c2VyTmFtZSI6ImFuZ2VsbGEubWlsbGVyIiwicGFzc3dvcmQiOiIxMjNSb24zMjEmIiwiaWF0IjoxNzAyNDcyNzExfQ.15Avu4FzGOrbQjd8mza-8S7Q3wMkOQEZ1bsrwksuq_I",
    "expires": "2023-12-20T13:05:11.546Z",
    "status": "Success",
    "result": "User authorized successfully."
}
Request method:	DELETE
Request URI:	https://demoqa.com/Account/v1/User/6564e2db-d03f-4749-a7c6-296e39a656cd
Proxy:			<none>
Request params:	<none>
Query params:	<none>
Form params:	<none>
Path params:	UserId=6564e2db-d03f-4749-a7c6-296e39a656cd
Headers:		Authorization=Bearer eyJhbGciOiJIUzI1NiIsInR5cCI6IkpXVCJ9.eyJ1c2VyTmFtZSI6ImFuZ2VsbGEubWlsbGVyIiwicGFzc3dvcmQiOiIxMjNSb24zMjEmIiwiaWF0IjoxNzAyNDcyNzExfQ.15Avu4FzGOrbQjd8mza-8S7Q3wMkOQEZ1bsrwksuq_I
				Accept=*/*
				Content-Type=application/json
Cookies:		<none>
Multiparts:		<none>
Body:			<none>
14:05:10.684 [Test worker] DEBUG org.apache.http.impl.conn.BasicClientConnectionManager -- Get connection for route {s}->https://demoqa.com:443
14:05:10.684 [Test worker] DEBUG org.apache.http.impl.conn.DefaultClientConnectionOperator -- Connecting to demoqa.com:443
14:05:10.756 [Test worker] DEBUG org.apache.http.client.protocol.RequestAddCookies -- CookieSpec selected: ignoreCookies
14:05:10.756 [Test worker] DEBUG org.apache.http.client.protocol.RequestAuthCache -- Auth cache not set in the context
14:05:10.756 [Test worker] DEBUG org.apache.http.client.protocol.RequestProxyAuthentication -- Proxy auth state: UNCHALLENGED
14:05:10.756 [Test worker] DEBUG org.apache.http.impl.client.DefaultHttpClient -- Attempt 1 to execute request
14:05:10.756 [Test worker] DEBUG org.apache.http.impl.conn.DefaultClientConnection -- Sending request: DELETE /Account/v1/User/6564e2db-d03f-4749-a7c6-296e39a656cd HTTP/1.1
14:05:10.756 [Test worker] DEBUG org.apache.http.wire --  >> "DELETE /Account/v1/User/6564e2db-d03f-4749-a7c6-296e39a656cd HTTP/1.1[\r][\n]"
14:05:10.756 [Test worker] DEBUG org.apache.http.wire --  >> "Content-Type: application/json[\r][\n]"
14:05:10.756 [Test worker] DEBUG org.apache.http.wire --  >> "Authorization: Bearer eyJhbGciOiJIUzI1NiIsInR5cCI6IkpXVCJ9.eyJ1c2VyTmFtZSI6ImFuZ2VsbGEubWlsbGVyIiwicGFzc3dvcmQiOiIxMjNSb24zMjEmIiwiaWF0IjoxNzAyNDcyNzExfQ.15Avu4FzGOrbQjd8mza-8S7Q3wMkOQEZ1bsrwksuq_I[\r][\n]"
14:05:10.756 [Test worker] DEBUG org.apache.http.wire --  >> "Accept: */*[\r][\n]"
14:05:10.756 [Test worker] DEBUG org.apache.http.wire --  >> "Host: demoqa.com[\r][\n]"
14:05:10.756 [Test worker] DEBUG org.apache.http.wire --  >> "Connection: Keep-Alive[\r][\n]"
14:05:10.756 [Test worker] DEBUG org.apache.http.wire --  >> "User-Agent: Apache-HttpClient/4.5.13 (Java/11.0.20)[\r][\n]"
14:05:10.756 [Test worker] DEBUG org.apache.http.wire --  >> "Accept-Encoding: gzip,deflate[\r][\n]"
14:05:10.756 [Test worker] DEBUG org.apache.http.wire --  >> "[\r][\n]"
14:05:10.756 [Test worker] DEBUG org.apache.http.headers -- >> DELETE /Account/v1/User/6564e2db-d03f-4749-a7c6-296e39a656cd HTTP/1.1
14:05:10.756 [Test worker] DEBUG org.apache.http.headers -- >> Content-Type: application/json
14:05:10.756 [Test worker] DEBUG org.apache.http.headers -- >> Authorization: Bearer eyJhbGciOiJIUzI1NiIsInR5cCI6IkpXVCJ9.eyJ1c2VyTmFtZSI6ImFuZ2VsbGEubWlsbGVyIiwicGFzc3dvcmQiOiIxMjNSb24zMjEmIiwiaWF0IjoxNzAyNDcyNzExfQ.15Avu4FzGOrbQjd8mza-8S7Q3wMkOQEZ1bsrwksuq_I
14:05:10.756 [Test worker] DEBUG org.apache.http.headers -- >> Accept: */*
14:05:10.756 [Test worker] DEBUG org.apache.http.headers -- >> Host: demoqa.com
14:05:10.756 [Test worker] DEBUG org.apache.http.headers -- >> Connection: Keep-Alive
14:05:10.756 [Test worker] DEBUG org.apache.http.headers -- >> User-Agent: Apache-HttpClient/4.5.13 (Java/11.0.20)
14:05:10.756 [Test worker] DEBUG org.apache.http.headers -- >> Accept-Encoding: gzip,deflate
14:05:10.998 [Test worker] DEBUG org.apache.http.wire --  << "HTTP/1.1 204 No Content[\r][\n]"
14:05:10.999 [Test worker] DEBUG org.apache.http.wire --  << "Server: nginx/1.17.10 (Ubuntu)[\r][\n]"
14:05:11.000 [Test worker] DEBUG org.apache.http.wire --  << "Date: Wed, 13 Dec 2023 13:05:12 GMT[\r][\n]"
14:05:11.002 [Test worker] DEBUG org.apache.http.wire --  << "Connection: keep-alive[\r][\n]"
14:05:11.002 [Test worker] DEBUG org.apache.http.wire --  << "X-Powered-By: Express[\r][\n]"
14:05:11.002 [Test worker] DEBUG org.apache.http.wire --  << "ETag: W/"58-TViVBCr2SnXoK+CfogxsSBumCcU"[\r][\n]"
14:05:11.002 [Test worker] DEBUG org.apache.http.wire --  << "[\r][\n]"
14:05:11.003 [Test worker] DEBUG org.apache.http.impl.conn.DefaultClientConnection -- Receiving response: HTTP/1.1 204 No Content
14:05:11.003 [Test worker] DEBUG org.apache.http.headers -- << HTTP/1.1 204 No Content
14:05:11.003 [Test worker] DEBUG org.apache.http.headers -- << Server: nginx/1.17.10 (Ubuntu)
14:05:11.003 [Test worker] DEBUG org.apache.http.headers -- << Date: Wed, 13 Dec 2023 13:05:12 GMT
14:05:11.003 [Test worker] DEBUG org.apache.http.headers -- << Connection: keep-alive
14:05:11.003 [Test worker] DEBUG org.apache.http.headers -- << X-Powered-By: Express
14:05:11.003 [Test worker] DEBUG org.apache.http.headers -- << ETag: W/"58-TViVBCr2SnXoK+CfogxsSBumCcU"
14:05:11.004 [Test worker] DEBUG org.apache.http.impl.client.DefaultHttpClient -- Connection can be kept alive indefinitely
14:05:11.005 [Test worker] DEBUG org.apache.http.impl.conn.BasicClientConnectionManager -- Releasing connection org.apache.http.impl.conn.ManagedClientConnectionImpl@544896ad
14:05:11.006 [Test worker] DEBUG org.apache.http.impl.conn.BasicClientConnectionManager -- Connection can be kept alive indefinitely
HTTP/1.1 204 No Content
Server: nginx/1.17.10 (Ubuntu)
Date: Wed, 13 Dec 2023 13:05:12 GMT
Connection: keep-alive
X-Powered-By: Express
ETag: W/"58-TViVBCr2SnXoK+CfogxsSBumCcU"
Request method:	POST
Request URI:	https://demoqa.com/Account/v1/User/3457
Proxy:			<none>
Request params:	<none>
Query params:	<none>
Form params:	<none>
Path params:	<none>
Headers:		Accept=*/*
				Content-Type=application/json
Cookies:		<none>
Multiparts:		<none>
Body:
{
    "userName": "olen.flatley",
    "password": "123Ron321&"
}
14:05:11.039 [Test worker] DEBUG org.apache.http.impl.conn.BasicClientConnectionManager -- Get connection for route {s}->https://demoqa.com:443
14:05:11.040 [Test worker] DEBUG org.apache.http.impl.conn.DefaultClientConnectionOperator -- Connecting to demoqa.com:443
14:05:11.159 [Test worker] DEBUG org.apache.http.client.protocol.RequestAddCookies -- CookieSpec selected: ignoreCookies
14:05:11.160 [Test worker] DEBUG org.apache.http.client.protocol.RequestAuthCache -- Auth cache not set in the context
14:05:11.160 [Test worker] DEBUG org.apache.http.client.protocol.RequestTargetAuthentication -- Target auth state: UNCHALLENGED
14:05:11.160 [Test worker] DEBUG org.apache.http.client.protocol.RequestProxyAuthentication -- Proxy auth state: UNCHALLENGED
14:05:11.160 [Test worker] DEBUG org.apache.http.impl.client.DefaultHttpClient -- Attempt 1 to execute request
14:05:11.160 [Test worker] DEBUG org.apache.http.impl.conn.DefaultClientConnection -- Sending request: POST /Account/v1/User/3457 HTTP/1.1
14:05:11.160 [Test worker] DEBUG org.apache.http.wire --  >> "POST /Account/v1/User/3457 HTTP/1.1[\r][\n]"
14:05:11.160 [Test worker] DEBUG org.apache.http.wire --  >> "Accept: */*[\r][\n]"
14:05:11.160 [Test worker] DEBUG org.apache.http.wire --  >> "Content-Type: application/json[\r][\n]"
14:05:11.160 [Test worker] DEBUG org.apache.http.wire --  >> "Content-Length: 51[\r][\n]"
14:05:11.160 [Test worker] DEBUG org.apache.http.wire --  >> "Host: demoqa.com[\r][\n]"
14:05:11.160 [Test worker] DEBUG org.apache.http.wire --  >> "Connection: Keep-Alive[\r][\n]"
14:05:11.160 [Test worker] DEBUG org.apache.http.wire --  >> "User-Agent: Apache-HttpClient/4.5.13 (Java/11.0.20)[\r][\n]"
14:05:11.160 [Test worker] DEBUG org.apache.http.wire --  >> "Accept-Encoding: gzip,deflate[\r][\n]"
14:05:11.160 [Test worker] DEBUG org.apache.http.wire --  >> "[\r][\n]"
14:05:11.160 [Test worker] DEBUG org.apache.http.headers -- >> POST /Account/v1/User/3457 HTTP/1.1
14:05:11.160 [Test worker] DEBUG org.apache.http.headers -- >> Accept: */*
14:05:11.160 [Test worker] DEBUG org.apache.http.headers -- >> Content-Type: application/json
14:05:11.160 [Test worker] DEBUG org.apache.http.headers -- >> Content-Length: 51
14:05:11.160 [Test worker] DEBUG org.apache.http.headers -- >> Host: demoqa.com
14:05:11.160 [Test worker] DEBUG org.apache.http.headers -- >> Connection: Keep-Alive
14:05:11.160 [Test worker] DEBUG org.apache.http.headers -- >> User-Agent: Apache-HttpClient/4.5.13 (Java/11.0.20)
14:05:11.160 [Test worker] DEBUG org.apache.http.headers -- >> Accept-Encoding: gzip,deflate
14:05:11.160 [Test worker] DEBUG org.apache.http.wire --  >> "{"userName":"olen.flatley","password":"123Ron321&"}"
14:05:11.241 [Test worker] DEBUG org.apache.http.wire --  << "HTTP/1.1 404 Not Found[\r][\n]"
14:05:11.241 [Test worker] DEBUG org.apache.http.wire --  << "Server: nginx/1.17.10 (Ubuntu)[\r][\n]"
14:05:11.241 [Test worker] DEBUG org.apache.http.wire --  << "Date: Wed, 13 Dec 2023 13:05:12 GMT[\r][\n]"
14:05:11.241 [Test worker] DEBUG org.apache.http.wire --  << "Content-Type: text/html; charset=utf-8[\r][\n]"
14:05:11.241 [Test worker] DEBUG org.apache.http.wire --  << "Transfer-Encoding: chunked[\r][\n]"
14:05:11.241 [Test worker] DEBUG org.apache.http.wire --  << "Connection: keep-alive[\r][\n]"
14:05:11.241 [Test worker] DEBUG org.apache.http.wire --  << "X-Powered-By: Express[\r][\n]"
14:05:11.241 [Test worker] DEBUG org.apache.http.wire --  << "Content-Security-Policy: default-src 'none'[\r][\n]"
14:05:11.241 [Test worker] DEBUG org.apache.http.wire --  << "X-Content-Type-Options: nosniff[\r][\n]"
14:05:11.241 [Test worker] DEBUG org.apache.http.wire --  << "Content-Encoding: gzip[\r][\n]"
14:05:11.241 [Test worker] DEBUG org.apache.http.wire --  << "[\r][\n]"
14:05:11.241 [Test worker] DEBUG org.apache.http.impl.conn.DefaultClientConnection -- Receiving response: HTTP/1.1 404 Not Found
14:05:11.241 [Test worker] DEBUG org.apache.http.headers -- << HTTP/1.1 404 Not Found
14:05:11.241 [Test worker] DEBUG org.apache.http.headers -- << Server: nginx/1.17.10 (Ubuntu)
14:05:11.241 [Test worker] DEBUG org.apache.http.headers -- << Date: Wed, 13 Dec 2023 13:05:12 GMT
14:05:11.241 [Test worker] DEBUG org.apache.http.headers -- << Content-Type: text/html; charset=utf-8
14:05:11.241 [Test worker] DEBUG org.apache.http.headers -- << Transfer-Encoding: chunked
14:05:11.241 [Test worker] DEBUG org.apache.http.headers -- << Connection: keep-alive
14:05:11.241 [Test worker] DEBUG org.apache.http.headers -- << X-Powered-By: Express
14:05:11.241 [Test worker] DEBUG org.apache.http.headers -- << Content-Security-Policy: default-src 'none'
14:05:11.241 [Test worker] DEBUG org.apache.http.headers -- << X-Content-Type-Options: nosniff
14:05:11.241 [Test worker] DEBUG org.apache.http.headers -- << Content-Encoding: gzip
14:05:11.248 [Test worker] DEBUG org.apache.http.impl.client.DefaultHttpClient -- Connection can be kept alive indefinitely
14:05:11.248 [Test worker] DEBUG io.restassured.internal.RestAssuredHttpBuilder -- Parsing response as: text/html; charset=utf-8
14:05:11.249 [Test worker] DEBUG org.apache.http.wire --  << "95[\r][\n]"
14:05:11.249 [Test worker] DEBUG org.apache.http.wire --  << "[0x1f][0x8b][0x8][0x0][0x0][0x0][0x0][0x0][0x4][0x3]-[0x8e][0xcd][\n]"
14:05:11.249 [Test worker] DEBUG org.apache.http.wire --  << "[0xc2]0[0x10][0x84][0xef]}[0x8a][0x98][0xbb],bE[0xf]i@j[0xcf]-X[0xf][0x1e]c[0xba][0xb6]B[0x9a][0x94][0xed]V[0xf0][0xed]MhO[0xc3][0xfc]|0jw[0xab][0xcb][0xf6][0xd9]Tb[0xe0][0xd1][0xe9]L%[0x11][0xce][0xf8][0xbe][0x90][0xe8]e[\n]"
14:05:11.249 [Test worker] DEBUG org.apache.http.wire --  << "[0xd0]tQFd#[0xec]`hF.[0xe4][0xc2][0xef][0xfd]%[0xb5][0xfc]a[0x87][0xba]"[\n]"
14:05:11.249 [Test worker] DEBUG org.apache.http.wire --  << "[0xa4]`5[0x99][0x82][0x8d]y[0x85][0xee][0x17]7[0x13][0xa1].[0x8d][0xf7][0x81]ES[0xdf][[0x1]Wk[0xc3][0xe2][0x19][0xbe][0x7]x[0xcc]Hp[0xcc]Og[0x5]i[0x16][0xd9][\r][0x82][0xf5][0xcf][0x1f][0xbd]$5[0xdd][0xa0][0x0][0x0][0x0]"
14:05:11.249 [Test worker] DEBUG org.apache.http.wire --  << "[\r][\n]"
14:05:11.249 [Test worker] DEBUG org.apache.http.wire --  << "0[\r][\n]"
14:05:11.249 [Test worker] DEBUG org.apache.http.wire --  << "[\r][\n]"
14:05:11.250 [Test worker] DEBUG io.restassured.internal.RestAssuredHttpBuilder -- Parsed data to instance of: class org.apache.http.conn.EofSensorInputStream
14:05:11.252 [Test worker] DEBUG org.apache.http.impl.conn.BasicClientConnectionManager -- Releasing connection org.apache.http.impl.conn.ManagedClientConnectionImpl@a362681
14:05:11.252 [Test worker] DEBUG org.apache.http.impl.conn.BasicClientConnectionManager -- Connection can be kept alive indefinitely
14:05:11.268 [Finalizer] DEBUG org.apache.http.impl.conn.DefaultClientConnection -- Connection 0.0.0.0:53207<->176.58.101.124:443 closed
14:05:11.271 [Finalizer] DEBUG org.apache.http.impl.conn.DefaultClientConnection -- Connection 0.0.0.0:53209<->176.58.101.124:443 closed
14:05:11.272 [Finalizer] DEBUG org.apache.http.impl.conn.DefaultClientConnection -- Connection 0.0.0.0:53208<->176.58.101.124:443 closed
14:05:11.274 [Finalizer] DEBUG org.apache.http.impl.conn.DefaultClientConnection -- Connection 0.0.0.0:53210<->176.58.101.124:443 closed
14:05:11.277 [Finalizer] DEBUG org.apache.http.impl.conn.DefaultClientConnection -- Connection 0.0.0.0:53211<->176.58.101.124:443 closed
14:05:11.281 [Finalizer] DEBUG org.apache.http.impl.conn.DefaultClientConnection -- Connection 0.0.0.0:53213<->176.58.101.124:443 closed
HTTP/1.1 404 Not Found
Server: nginx/1.17.10 (Ubuntu)
Date: Wed, 13 Dec 2023 13:05:12 GMT
Content-Type: text/html; charset=utf-8
Transfer-Encoding: chunked
Connection: keep-alive
X-Powered-By: Express
Content-Security-Policy: default-src 'none'
X-Content-Type-Options: nosniff
Content-Encoding: gzip

<html lang="en">
  <head>
    <meta charset="utf-8"/>
    <title>Error</title>
  </head>
  <body>
    <pre>Cannot POST /Account/v1/User/3457</pre>
  </body>
</html>
Request method:	POST
Request URI:	https://demoqa.com/Account/v1/User
Proxy:			<none>
Request params:	<none>
Query params:	<none>
Form params:	<none>
Path params:	<none>
Headers:		Accept=*/*
				Content-Type=application/json
Cookies:		<none>
Multiparts:		<none>
Body:
{
    "userName": "",
    "password": ""
}
14:05:11.534 [Test worker] DEBUG org.apache.http.impl.conn.BasicClientConnectionManager -- Get connection for route {s}->https://demoqa.com:443
14:05:11.534 [Test worker] DEBUG org.apache.http.impl.conn.DefaultClientConnectionOperator -- Connecting to demoqa.com:443
14:05:11.864 [Test worker] DEBUG org.apache.http.client.protocol.RequestAddCookies -- CookieSpec selected: ignoreCookies
14:05:11.864 [Test worker] DEBUG org.apache.http.client.protocol.RequestAuthCache -- Auth cache not set in the context
14:05:11.864 [Test worker] DEBUG org.apache.http.client.protocol.RequestTargetAuthentication -- Target auth state: UNCHALLENGED
14:05:11.864 [Test worker] DEBUG org.apache.http.client.protocol.RequestProxyAuthentication -- Proxy auth state: UNCHALLENGED
14:05:11.864 [Test worker] DEBUG org.apache.http.impl.client.DefaultHttpClient -- Attempt 1 to execute request
14:05:11.864 [Test worker] DEBUG org.apache.http.impl.conn.DefaultClientConnection -- Sending request: POST /Account/v1/User HTTP/1.1
14:05:11.864 [Test worker] DEBUG org.apache.http.wire --  >> "POST /Account/v1/User HTTP/1.1[\r][\n]"
14:05:11.864 [Test worker] DEBUG org.apache.http.wire --  >> "Accept: */*[\r][\n]"
14:05:11.865 [Test worker] DEBUG org.apache.http.wire --  >> "Content-Type: application/json[\r][\n]"
14:05:11.865 [Test worker] DEBUG org.apache.http.wire --  >> "Content-Length: 29[\r][\n]"
14:05:11.865 [Test worker] DEBUG org.apache.http.wire --  >> "Host: demoqa.com[\r][\n]"
14:05:11.865 [Test worker] DEBUG org.apache.http.wire --  >> "Connection: Keep-Alive[\r][\n]"
14:05:11.865 [Test worker] DEBUG org.apache.http.wire --  >> "User-Agent: Apache-HttpClient/4.5.13 (Java/11.0.20)[\r][\n]"
14:05:11.865 [Test worker] DEBUG org.apache.http.wire --  >> "Accept-Encoding: gzip,deflate[\r][\n]"
14:05:11.865 [Test worker] DEBUG org.apache.http.wire --  >> "[\r][\n]"
14:05:11.865 [Test worker] DEBUG org.apache.http.headers -- >> POST /Account/v1/User HTTP/1.1
14:05:11.865 [Test worker] DEBUG org.apache.http.headers -- >> Accept: */*
14:05:11.865 [Test worker] DEBUG org.apache.http.headers -- >> Content-Type: application/json
14:05:11.865 [Test worker] DEBUG org.apache.http.headers -- >> Content-Length: 29
14:05:11.865 [Test worker] DEBUG org.apache.http.headers -- >> Host: demoqa.com
14:05:11.865 [Test worker] DEBUG org.apache.http.headers -- >> Connection: Keep-Alive
14:05:11.865 [Test worker] DEBUG org.apache.http.headers -- >> User-Agent: Apache-HttpClient/4.5.13 (Java/11.0.20)
14:05:11.865 [Test worker] DEBUG org.apache.http.headers -- >> Accept-Encoding: gzip,deflate
14:05:11.865 [Test worker] DEBUG org.apache.http.wire --  >> "{"userName":"","password":""}"
14:05:11.951 [Test worker] DEBUG org.apache.http.wire --  << "HTTP/1.1 400 Bad Request[\r][\n]"
14:05:11.952 [Test worker] DEBUG org.apache.http.wire --  << "Server: nginx/1.17.10 (Ubuntu)[\r][\n]"
14:05:11.952 [Test worker] DEBUG org.apache.http.wire --  << "Date: Wed, 13 Dec 2023 13:05:13 GMT[\r][\n]"
14:05:11.952 [Test worker] DEBUG org.apache.http.wire --  << "Content-Type: application/json; charset=utf-8[\r][\n]"
14:05:11.952 [Test worker] DEBUG org.apache.http.wire --  << "Content-Length: 59[\r][\n]"
14:05:11.952 [Test worker] DEBUG org.apache.http.wire --  << "Connection: keep-alive[\r][\n]"
14:05:11.952 [Test worker] DEBUG org.apache.http.wire --  << "X-Powered-By: Express[\r][\n]"
14:05:11.952 [Test worker] DEBUG org.apache.http.wire --  << "ETag: W/"3b-kfIAtNk1nsLmMi3OoOPrbSi9YOU"[\r][\n]"
14:05:11.952 [Test worker] DEBUG org.apache.http.wire --  << "[\r][\n]"
14:05:11.952 [Test worker] DEBUG org.apache.http.impl.conn.DefaultClientConnection -- Receiving response: HTTP/1.1 400 Bad Request
14:05:11.952 [Test worker] DEBUG org.apache.http.headers -- << HTTP/1.1 400 Bad Request
14:05:11.952 [Test worker] DEBUG org.apache.http.headers -- << Server: nginx/1.17.10 (Ubuntu)
14:05:11.952 [Test worker] DEBUG org.apache.http.headers -- << Date: Wed, 13 Dec 2023 13:05:13 GMT
14:05:11.952 [Test worker] DEBUG org.apache.http.headers -- << Content-Type: application/json; charset=utf-8
14:05:11.952 [Test worker] DEBUG org.apache.http.headers -- << Content-Length: 59
14:05:11.952 [Test worker] DEBUG org.apache.http.headers -- << Connection: keep-alive
14:05:11.952 [Test worker] DEBUG org.apache.http.headers -- << X-Powered-By: Express
14:05:11.952 [Test worker] DEBUG org.apache.http.headers -- << ETag: W/"3b-kfIAtNk1nsLmMi3OoOPrbSi9YOU"
14:05:11.952 [Test worker] DEBUG org.apache.http.impl.client.DefaultHttpClient -- Connection can be kept alive indefinitely
14:05:11.952 [Test worker] DEBUG io.restassured.internal.RestAssuredHttpBuilder -- Parsing response as: application/json; charset=utf-8
14:05:11.952 [Test worker] DEBUG io.restassured.internal.RestAssuredHttpBuilder -- Parsed data to instance of: class org.apache.http.conn.EofSensorInputStream
14:05:11.953 [Test worker] DEBUG org.apache.http.wire --  << "{"code":"1200","message":"UserName and Password required."}"
14:05:11.953 [Test worker] DEBUG org.apache.http.impl.conn.BasicClientConnectionManager -- Releasing connection org.apache.http.impl.conn.ManagedClientConnectionImpl@601b7794
14:05:11.953 [Test worker] DEBUG org.apache.http.impl.conn.BasicClientConnectionManager -- Connection can be kept alive indefinitely
HTTP/1.1 400 Bad Request
Server: nginx/1.17.10 (Ubuntu)
Date: Wed, 13 Dec 2023 13:05:13 GMT
Content-Type: application/json; charset=utf-8
Content-Length: 59
Connection: keep-alive
X-Powered-By: Express
ETag: W/"3b-kfIAtNk1nsLmMi3OoOPrbSi9YOU"

{
    "code": "1200",
    "message": "UserName and Password required."
}
Request method:	POST
Request URI:	https://demoqa.com/Account/v1/User
Proxy:			<none>
Request params:	<none>
Query params:	<none>
Form params:	<none>
Path params:	<none>
Headers:		Accept=*/*
				Content-Type=application/json
Cookies:		<none>
Multiparts:		<none>
Body:
{
    "userName": "123Ron321&",
    "password": ""
}
14:05:11.985 [Test worker] DEBUG org.apache.http.impl.conn.BasicClientConnectionManager -- Get connection for route {s}->https://demoqa.com:443
14:05:11.986 [Test worker] DEBUG org.apache.http.impl.conn.DefaultClientConnectionOperator -- Connecting to demoqa.com:443
14:05:12.351 [Test worker] DEBUG org.apache.http.client.protocol.RequestAddCookies -- CookieSpec selected: ignoreCookies
14:05:12.351 [Test worker] DEBUG org.apache.http.client.protocol.RequestAuthCache -- Auth cache not set in the context
14:05:12.352 [Test worker] DEBUG org.apache.http.client.protocol.RequestTargetAuthentication -- Target auth state: UNCHALLENGED
14:05:12.352 [Test worker] DEBUG org.apache.http.client.protocol.RequestProxyAuthentication -- Proxy auth state: UNCHALLENGED
14:05:12.352 [Test worker] DEBUG org.apache.http.impl.client.DefaultHttpClient -- Attempt 1 to execute request
14:05:12.352 [Test worker] DEBUG org.apache.http.impl.conn.DefaultClientConnection -- Sending request: POST /Account/v1/User HTTP/1.1
14:05:12.352 [Test worker] DEBUG org.apache.http.wire --  >> "POST /Account/v1/User HTTP/1.1[\r][\n]"
14:05:12.352 [Test worker] DEBUG org.apache.http.wire --  >> "Accept: */*[\r][\n]"
14:05:12.352 [Test worker] DEBUG org.apache.http.wire --  >> "Content-Type: application/json[\r][\n]"
14:05:12.352 [Test worker] DEBUG org.apache.http.wire --  >> "Content-Length: 39[\r][\n]"
14:05:12.352 [Test worker] DEBUG org.apache.http.wire --  >> "Host: demoqa.com[\r][\n]"
14:05:12.352 [Test worker] DEBUG org.apache.http.wire --  >> "Connection: Keep-Alive[\r][\n]"
14:05:12.352 [Test worker] DEBUG org.apache.http.wire --  >> "User-Agent: Apache-HttpClient/4.5.13 (Java/11.0.20)[\r][\n]"
14:05:12.352 [Test worker] DEBUG org.apache.http.wire --  >> "Accept-Encoding: gzip,deflate[\r][\n]"
14:05:12.352 [Test worker] DEBUG org.apache.http.wire --  >> "[\r][\n]"
14:05:12.352 [Test worker] DEBUG org.apache.http.headers -- >> POST /Account/v1/User HTTP/1.1
14:05:12.352 [Test worker] DEBUG org.apache.http.headers -- >> Accept: */*
14:05:12.352 [Test worker] DEBUG org.apache.http.headers -- >> Content-Type: application/json
14:05:12.352 [Test worker] DEBUG org.apache.http.headers -- >> Content-Length: 39
14:05:12.352 [Test worker] DEBUG org.apache.http.headers -- >> Host: demoqa.com
14:05:12.352 [Test worker] DEBUG org.apache.http.headers -- >> Connection: Keep-Alive
14:05:12.352 [Test worker] DEBUG org.apache.http.headers -- >> User-Agent: Apache-HttpClient/4.5.13 (Java/11.0.20)
14:05:12.352 [Test worker] DEBUG org.apache.http.headers -- >> Accept-Encoding: gzip,deflate
14:05:12.352 [Test worker] DEBUG org.apache.http.wire --  >> "{"userName":"123Ron321&","password":""}"
14:05:12.379 [Test worker] DEBUG org.apache.http.wire --  << "HTTP/1.1 400 Bad Request[\r][\n]"
14:05:12.379 [Test worker] DEBUG org.apache.http.wire --  << "Server: nginx/1.17.10 (Ubuntu)[\r][\n]"
14:05:12.379 [Test worker] DEBUG org.apache.http.wire --  << "Date: Wed, 13 Dec 2023 13:05:13 GMT[\r][\n]"
14:05:12.379 [Test worker] DEBUG org.apache.http.wire --  << "Content-Type: application/json; charset=utf-8[\r][\n]"
14:05:12.379 [Test worker] DEBUG org.apache.http.wire --  << "Content-Length: 59[\r][\n]"
14:05:12.379 [Test worker] DEBUG org.apache.http.wire --  << "Connection: keep-alive[\r][\n]"
14:05:12.379 [Test worker] DEBUG org.apache.http.wire --  << "X-Powered-By: Express[\r][\n]"
14:05:12.379 [Test worker] DEBUG org.apache.http.wire --  << "ETag: W/"3b-kfIAtNk1nsLmMi3OoOPrbSi9YOU"[\r][\n]"
14:05:12.379 [Test worker] DEBUG org.apache.http.wire --  << "[\r][\n]"
14:05:12.379 [Test worker] DEBUG org.apache.http.impl.conn.DefaultClientConnection -- Receiving response: HTTP/1.1 400 Bad Request
14:05:12.379 [Test worker] DEBUG org.apache.http.headers -- << HTTP/1.1 400 Bad Request
14:05:12.379 [Test worker] DEBUG org.apache.http.headers -- << Server: nginx/1.17.10 (Ubuntu)
14:05:12.379 [Test worker] DEBUG org.apache.http.headers -- << Date: Wed, 13 Dec 2023 13:05:13 GMT
14:05:12.379 [Test worker] DEBUG org.apache.http.headers -- << Content-Type: application/json; charset=utf-8
14:05:12.379 [Test worker] DEBUG org.apache.http.headers -- << Content-Length: 59
14:05:12.379 [Test worker] DEBUG org.apache.http.headers -- << Connection: keep-alive
14:05:12.379 [Test worker] DEBUG org.apache.http.headers -- << X-Powered-By: Express
14:05:12.379 [Test worker] DEBUG org.apache.http.headers -- << ETag: W/"3b-kfIAtNk1nsLmMi3OoOPrbSi9YOU"
14:05:12.379 [Test worker] DEBUG org.apache.http.impl.client.DefaultHttpClient -- Connection can be kept alive indefinitely
14:05:12.379 [Test worker] DEBUG io.restassured.internal.RestAssuredHttpBuilder -- Parsing response as: application/json; charset=utf-8
14:05:12.379 [Test worker] DEBUG io.restassured.internal.RestAssuredHttpBuilder -- Parsed data to instance of: class org.apache.http.conn.EofSensorInputStream
14:05:12.379 [Test worker] DEBUG org.apache.http.wire --  << "{"code":"1200","message":"UserName and Password required."}"
14:05:12.380 [Test worker] DEBUG org.apache.http.impl.conn.BasicClientConnectionManager -- Releasing connection org.apache.http.impl.conn.ManagedClientConnectionImpl@793704af
14:05:12.380 [Test worker] DEBUG org.apache.http.impl.conn.BasicClientConnectionManager -- Connection can be kept alive indefinitely
HTTP/1.1 400 Bad Request
Server: nginx/1.17.10 (Ubuntu)
Date: Wed, 13 Dec 2023 13:05:13 GMT
Content-Type: application/json; charset=utf-8
Content-Length: 59
Connection: keep-alive
X-Powered-By: Express
ETag: W/"3b-kfIAtNk1nsLmMi3OoOPrbSi9YOU"

{
    "code": "1200",
    "message": "UserName and Password required."
}
Request method:	POST
Request URI:	https://demoqa.com/Account/v1/User
Proxy:			<none>
Request params:	<none>
Query params:	<none>
Form params:	<none>
Path params:	<none>
Headers:		Accept=*/*
				Content-Type=application/json
Cookies:		<none>
Multiparts:		<none>
Body:
{
    "userName": "",
    "password": "123Ron321&"
}
14:05:12.418 [Test worker] DEBUG org.apache.http.impl.conn.BasicClientConnectionManager -- Get connection for route {s}->https://demoqa.com:443
14:05:12.418 [Test worker] DEBUG org.apache.http.impl.conn.DefaultClientConnectionOperator -- Connecting to demoqa.com:443
14:05:13.989 [Test worker] DEBUG org.apache.http.client.protocol.RequestAddCookies -- CookieSpec selected: ignoreCookies
14:05:13.989 [Test worker] DEBUG org.apache.http.client.protocol.RequestAuthCache -- Auth cache not set in the context
14:05:13.989 [Test worker] DEBUG org.apache.http.client.protocol.RequestTargetAuthentication -- Target auth state: UNCHALLENGED
14:05:13.989 [Test worker] DEBUG org.apache.http.client.protocol.RequestProxyAuthentication -- Proxy auth state: UNCHALLENGED
14:05:13.989 [Test worker] DEBUG org.apache.http.impl.client.DefaultHttpClient -- Attempt 1 to execute request
14:05:13.989 [Test worker] DEBUG org.apache.http.impl.conn.DefaultClientConnection -- Sending request: POST /Account/v1/User HTTP/1.1
14:05:13.989 [Test worker] DEBUG org.apache.http.wire --  >> "POST /Account/v1/User HTTP/1.1[\r][\n]"
14:05:13.989 [Test worker] DEBUG org.apache.http.wire --  >> "Accept: */*[\r][\n]"
14:05:13.989 [Test worker] DEBUG org.apache.http.wire --  >> "Content-Type: application/json[\r][\n]"
14:05:13.989 [Test worker] DEBUG org.apache.http.wire --  >> "Content-Length: 39[\r][\n]"
14:05:13.989 [Test worker] DEBUG org.apache.http.wire --  >> "Host: demoqa.com[\r][\n]"
14:05:13.989 [Test worker] DEBUG org.apache.http.wire --  >> "Connection: Keep-Alive[\r][\n]"
14:05:13.989 [Test worker] DEBUG org.apache.http.wire --  >> "User-Agent: Apache-HttpClient/4.5.13 (Java/11.0.20)[\r][\n]"
14:05:13.989 [Test worker] DEBUG org.apache.http.wire --  >> "Accept-Encoding: gzip,deflate[\r][\n]"
14:05:13.989 [Test worker] DEBUG org.apache.http.wire --  >> "[\r][\n]"
14:05:13.989 [Test worker] DEBUG org.apache.http.headers -- >> POST /Account/v1/User HTTP/1.1
14:05:13.989 [Test worker] DEBUG org.apache.http.headers -- >> Accept: */*
14:05:13.989 [Test worker] DEBUG org.apache.http.headers -- >> Content-Type: application/json
14:05:13.989 [Test worker] DEBUG org.apache.http.headers -- >> Content-Length: 39
14:05:13.989 [Test worker] DEBUG org.apache.http.headers -- >> Host: demoqa.com
14:05:13.989 [Test worker] DEBUG org.apache.http.headers -- >> Connection: Keep-Alive
14:05:13.989 [Test worker] DEBUG org.apache.http.headers -- >> User-Agent: Apache-HttpClient/4.5.13 (Java/11.0.20)
14:05:13.989 [Test worker] DEBUG org.apache.http.headers -- >> Accept-Encoding: gzip,deflate
14:05:13.989 [Test worker] DEBUG org.apache.http.wire --  >> "{"userName":"","password":"123Ron321&"}"
14:05:14.086 [Test worker] DEBUG org.apache.http.wire --  << "HTTP/1.1 400 Bad Request[\r][\n]"
14:05:14.087 [Test worker] DEBUG org.apache.http.wire --  << "Server: nginx/1.17.10 (Ubuntu)[\r][\n]"
14:05:14.087 [Test worker] DEBUG org.apache.http.wire --  << "Date: Wed, 13 Dec 2023 13:05:15 GMT[\r][\n]"
14:05:14.087 [Test worker] DEBUG org.apache.http.wire --  << "Content-Type: application/json; charset=utf-8[\r][\n]"
14:05:14.087 [Test worker] DEBUG org.apache.http.wire --  << "Content-Length: 59[\r][\n]"
14:05:14.087 [Test worker] DEBUG org.apache.http.wire --  << "Connection: keep-alive[\r][\n]"
14:05:14.087 [Test worker] DEBUG org.apache.http.wire --  << "X-Powered-By: Express[\r][\n]"
14:05:14.087 [Test worker] DEBUG org.apache.http.wire --  << "ETag: W/"3b-kfIAtNk1nsLmMi3OoOPrbSi9YOU"[\r][\n]"
14:05:14.087 [Test worker] DEBUG org.apache.http.wire --  << "[\r][\n]"
14:05:14.087 [Test worker] DEBUG org.apache.http.impl.conn.DefaultClientConnection -- Receiving response: HTTP/1.1 400 Bad Request
14:05:14.087 [Test worker] DEBUG org.apache.http.headers -- << HTTP/1.1 400 Bad Request
14:05:14.087 [Test worker] DEBUG org.apache.http.headers -- << Server: nginx/1.17.10 (Ubuntu)
14:05:14.087 [Test worker] DEBUG org.apache.http.headers -- << Date: Wed, 13 Dec 2023 13:05:15 GMT
14:05:14.087 [Test worker] DEBUG org.apache.http.headers -- << Content-Type: application/json; charset=utf-8
14:05:14.087 [Test worker] DEBUG org.apache.http.headers -- << Content-Length: 59
14:05:14.087 [Test worker] DEBUG org.apache.http.headers -- << Connection: keep-alive
14:05:14.087 [Test worker] DEBUG org.apache.http.headers -- << X-Powered-By: Express
14:05:14.087 [Test worker] DEBUG org.apache.http.headers -- << ETag: W/"3b-kfIAtNk1nsLmMi3OoOPrbSi9YOU"
14:05:14.087 [Test worker] DEBUG org.apache.http.impl.client.DefaultHttpClient -- Connection can be kept alive indefinitely
14:05:14.087 [Test worker] DEBUG io.restassured.internal.RestAssuredHttpBuilder -- Parsing response as: application/json; charset=utf-8
14:05:14.087 [Test worker] DEBUG io.restassured.internal.RestAssuredHttpBuilder -- Parsed data to instance of: class org.apache.http.conn.EofSensorInputStream
14:05:14.087 [Test worker] DEBUG org.apache.http.wire --  << "{"code":"1200","message":"UserName and Password required."}"
14:05:14.087 [Test worker] DEBUG org.apache.http.impl.conn.BasicClientConnectionManager -- Releasing connection org.apache.http.impl.conn.ManagedClientConnectionImpl@71377fbe
14:05:14.087 [Test worker] DEBUG org.apache.http.impl.conn.BasicClientConnectionManager -- Connection can be kept alive indefinitely
HTTP/1.1 400 Bad Request
Server: nginx/1.17.10 (Ubuntu)
Date: Wed, 13 Dec 2023 13:05:15 GMT
Content-Type: application/json; charset=utf-8
Content-Length: 59
Connection: keep-alive
X-Powered-By: Express
ETag: W/"3b-kfIAtNk1nsLmMi3OoOPrbSi9YOU"

{
    "code": "1200",
    "message": "UserName and Password required."
}
14:05:14.100 [Finalizer] DEBUG org.apache.http.impl.conn.DefaultClientConnection -- Connection 0.0.0.0:53216<->176.58.101.124:443 closed
14:05:14.100 [Finalizer] DEBUG org.apache.http.impl.conn.DefaultClientConnection -- Connection 0.0.0.0:53218<->176.58.101.124:443 closed
14:05:14.101 [Finalizer] DEBUG org.apache.http.impl.conn.DefaultClientConnection -- Connection 0.0.0.0:53215<->176.58.101.124:443 closed
14:05:14.101 [Finalizer] DEBUG org.apache.http.impl.conn.DefaultClientConnection -- Connection 0.0.0.0:53214<->176.58.101.124:443 closed
Request method:	POST
Request URI:	https://demoqa.com/Account/v1/User
Proxy:			<none>
Request params:	<none>
Query params:	<none>
Form params:	<none>
Path params:	<none>
Headers:		Accept=*/*
				Content-Type=application/json
Cookies:		<none>
Multiparts:		<none>
Body:
{
    "userName": "violette.nitzsche",
    "password": "12345678"
}
14:05:14.115 [Test worker] DEBUG org.apache.http.impl.conn.BasicClientConnectionManager -- Get connection for route {s}->https://demoqa.com:443
14:05:14.115 [Test worker] DEBUG org.apache.http.impl.conn.DefaultClientConnectionOperator -- Connecting to demoqa.com:443
14:05:14.445 [Test worker] DEBUG org.apache.http.client.protocol.RequestAddCookies -- CookieSpec selected: ignoreCookies
14:05:14.445 [Test worker] DEBUG org.apache.http.client.protocol.RequestAuthCache -- Auth cache not set in the context
14:05:14.445 [Test worker] DEBUG org.apache.http.client.protocol.RequestTargetAuthentication -- Target auth state: UNCHALLENGED
14:05:14.445 [Test worker] DEBUG org.apache.http.client.protocol.RequestProxyAuthentication -- Proxy auth state: UNCHALLENGED
14:05:14.445 [Test worker] DEBUG org.apache.http.impl.client.DefaultHttpClient -- Attempt 1 to execute request
14:05:14.445 [Test worker] DEBUG org.apache.http.impl.conn.DefaultClientConnection -- Sending request: POST /Account/v1/User HTTP/1.1
14:05:14.445 [Test worker] DEBUG org.apache.http.wire --  >> "POST /Account/v1/User HTTP/1.1[\r][\n]"
14:05:14.445 [Test worker] DEBUG org.apache.http.wire --  >> "Accept: */*[\r][\n]"
14:05:14.445 [Test worker] DEBUG org.apache.http.wire --  >> "Content-Type: application/json[\r][\n]"
14:05:14.445 [Test worker] DEBUG org.apache.http.wire --  >> "Content-Length: 54[\r][\n]"
14:05:14.445 [Test worker] DEBUG org.apache.http.wire --  >> "Host: demoqa.com[\r][\n]"
14:05:14.445 [Test worker] DEBUG org.apache.http.wire --  >> "Connection: Keep-Alive[\r][\n]"
14:05:14.445 [Test worker] DEBUG org.apache.http.wire --  >> "User-Agent: Apache-HttpClient/4.5.13 (Java/11.0.20)[\r][\n]"
14:05:14.445 [Test worker] DEBUG org.apache.http.wire --  >> "Accept-Encoding: gzip,deflate[\r][\n]"
14:05:14.445 [Test worker] DEBUG org.apache.http.wire --  >> "[\r][\n]"
14:05:14.445 [Test worker] DEBUG org.apache.http.headers -- >> POST /Account/v1/User HTTP/1.1
14:05:14.445 [Test worker] DEBUG org.apache.http.headers -- >> Accept: */*
14:05:14.445 [Test worker] DEBUG org.apache.http.headers -- >> Content-Type: application/json
14:05:14.445 [Test worker] DEBUG org.apache.http.headers -- >> Content-Length: 54
14:05:14.445 [Test worker] DEBUG org.apache.http.headers -- >> Host: demoqa.com
14:05:14.445 [Test worker] DEBUG org.apache.http.headers -- >> Connection: Keep-Alive
14:05:14.445 [Test worker] DEBUG org.apache.http.headers -- >> User-Agent: Apache-HttpClient/4.5.13 (Java/11.0.20)
14:05:14.445 [Test worker] DEBUG org.apache.http.headers -- >> Accept-Encoding: gzip,deflate
14:05:14.445 [Test worker] DEBUG org.apache.http.wire --  >> "{"userName":"violette.nitzsche","password":"12345678"}"
14:05:14.473 [Test worker] DEBUG org.apache.http.wire --  << "HTTP/1.1 400 Bad Request[\r][\n]"
14:05:14.474 [Test worker] DEBUG org.apache.http.wire --  << "Server: nginx/1.17.10 (Ubuntu)[\r][\n]"
14:05:14.474 [Test worker] DEBUG org.apache.http.wire --  << "Date: Wed, 13 Dec 2023 13:05:15 GMT[\r][\n]"
14:05:14.474 [Test worker] DEBUG org.apache.http.wire --  << "Content-Type: application/json; charset=utf-8[\r][\n]"
14:05:14.474 [Test worker] DEBUG org.apache.http.wire --  << "Content-Length: 230[\r][\n]"
14:05:14.474 [Test worker] DEBUG org.apache.http.wire --  << "Connection: keep-alive[\r][\n]"
14:05:14.474 [Test worker] DEBUG org.apache.http.wire --  << "X-Powered-By: Express[\r][\n]"
14:05:14.474 [Test worker] DEBUG org.apache.http.wire --  << "ETag: W/"e6-Suxub+fxI99/3YEWz5cjyd3KlvQ"[\r][\n]"
14:05:14.474 [Test worker] DEBUG org.apache.http.wire --  << "[\r][\n]"
14:05:14.474 [Test worker] DEBUG org.apache.http.impl.conn.DefaultClientConnection -- Receiving response: HTTP/1.1 400 Bad Request
14:05:14.474 [Test worker] DEBUG org.apache.http.headers -- << HTTP/1.1 400 Bad Request
14:05:14.474 [Test worker] DEBUG org.apache.http.headers -- << Server: nginx/1.17.10 (Ubuntu)
14:05:14.474 [Test worker] DEBUG org.apache.http.headers -- << Date: Wed, 13 Dec 2023 13:05:15 GMT
14:05:14.474 [Test worker] DEBUG org.apache.http.headers -- << Content-Type: application/json; charset=utf-8
14:05:14.474 [Test worker] DEBUG org.apache.http.headers -- << Content-Length: 230
14:05:14.474 [Test worker] DEBUG org.apache.http.headers -- << Connection: keep-alive
14:05:14.474 [Test worker] DEBUG org.apache.http.headers -- << X-Powered-By: Express
14:05:14.474 [Test worker] DEBUG org.apache.http.headers -- << ETag: W/"e6-Suxub+fxI99/3YEWz5cjyd3KlvQ"
14:05:14.474 [Test worker] DEBUG org.apache.http.impl.client.DefaultHttpClient -- Connection can be kept alive indefinitely
14:05:14.474 [Test worker] DEBUG io.restassured.internal.RestAssuredHttpBuilder -- Parsing response as: application/json; charset=utf-8
14:05:14.474 [Test worker] DEBUG io.restassured.internal.RestAssuredHttpBuilder -- Parsed data to instance of: class org.apache.http.conn.EofSensorInputStream
14:05:14.475 [Test worker] DEBUG org.apache.http.wire --  << "{"code":"1300","message":"Passwords must have at least one non alphanumeric character, one digit ('0'-'9'), one uppercase ('A'-'Z'), one lowercase ('a'-'z'), one special character and Password must be eight characters or longer."}"
14:05:14.475 [Test worker] DEBUG org.apache.http.impl.conn.BasicClientConnectionManager -- Releasing connection org.apache.http.impl.conn.ManagedClientConnectionImpl@399f5a98
14:05:14.475 [Test worker] DEBUG org.apache.http.impl.conn.BasicClientConnectionManager -- Connection can be kept alive indefinitely
HTTP/1.1 400 Bad Request
Server: nginx/1.17.10 (Ubuntu)
Date: Wed, 13 Dec 2023 13:05:15 GMT
Content-Type: application/json; charset=utf-8
Content-Length: 230
Connection: keep-alive
X-Powered-By: Express
ETag: W/"e6-Suxub+fxI99/3YEWz5cjyd3KlvQ"

{
    "code": "1300",
    "message": "Passwords must have at least one non alphanumeric character, one digit ('0'-'9'), one uppercase ('A'-'Z'), one lowercase ('a'-'z'), one special character and Password must be eight characters or longer."
}
Request method:	POST
Request URI:	https://demoqa.com/Account/v1/User
Proxy:			<none>
Request params:	<none>
Query params:	<none>
Form params:	<none>
Path params:	<none>
Headers:		Accept=*/*
				Content-Type=application/json
Cookies:		<none>
Multiparts:		<none>
Body:
{
    "userName": "heike.murphy",
    "password": "123Ron321&"
}
14:05:14.501 [Test worker] DEBUG org.apache.http.impl.conn.BasicClientConnectionManager -- Get connection for route {s}->https://demoqa.com:443
14:05:14.501 [Test worker] DEBUG org.apache.http.impl.conn.DefaultClientConnectionOperator -- Connecting to demoqa.com:443
14:05:14.561 [Test worker] DEBUG org.apache.http.client.protocol.RequestAddCookies -- CookieSpec selected: ignoreCookies
14:05:14.561 [Test worker] DEBUG org.apache.http.client.protocol.RequestAuthCache -- Auth cache not set in the context
14:05:14.561 [Test worker] DEBUG org.apache.http.client.protocol.RequestTargetAuthentication -- Target auth state: UNCHALLENGED
14:05:14.561 [Test worker] DEBUG org.apache.http.client.protocol.RequestProxyAuthentication -- Proxy auth state: UNCHALLENGED
14:05:14.561 [Test worker] DEBUG org.apache.http.impl.client.DefaultHttpClient -- Attempt 1 to execute request
14:05:14.561 [Test worker] DEBUG org.apache.http.impl.conn.DefaultClientConnection -- Sending request: POST /Account/v1/User HTTP/1.1
14:05:14.561 [Test worker] DEBUG org.apache.http.wire --  >> "POST /Account/v1/User HTTP/1.1[\r][\n]"
14:05:14.561 [Test worker] DEBUG org.apache.http.wire --  >> "Accept: */*[\r][\n]"
14:05:14.561 [Test worker] DEBUG org.apache.http.wire --  >> "Content-Type: application/json[\r][\n]"
14:05:14.561 [Test worker] DEBUG org.apache.http.wire --  >> "Content-Length: 51[\r][\n]"
14:05:14.561 [Test worker] DEBUG org.apache.http.wire --  >> "Host: demoqa.com[\r][\n]"
14:05:14.561 [Test worker] DEBUG org.apache.http.wire --  >> "Connection: Keep-Alive[\r][\n]"
14:05:14.561 [Test worker] DEBUG org.apache.http.wire --  >> "User-Agent: Apache-HttpClient/4.5.13 (Java/11.0.20)[\r][\n]"
14:05:14.561 [Test worker] DEBUG org.apache.http.wire --  >> "Accept-Encoding: gzip,deflate[\r][\n]"
14:05:14.561 [Test worker] DEBUG org.apache.http.wire --  >> "[\r][\n]"
14:05:14.561 [Test worker] DEBUG org.apache.http.headers -- >> POST /Account/v1/User HTTP/1.1
14:05:14.561 [Test worker] DEBUG org.apache.http.headers -- >> Accept: */*
14:05:14.561 [Test worker] DEBUG org.apache.http.headers -- >> Content-Type: application/json
14:05:14.561 [Test worker] DEBUG org.apache.http.headers -- >> Content-Length: 51
14:05:14.561 [Test worker] DEBUG org.apache.http.headers -- >> Host: demoqa.com
14:05:14.561 [Test worker] DEBUG org.apache.http.headers -- >> Connection: Keep-Alive
14:05:14.561 [Test worker] DEBUG org.apache.http.headers -- >> User-Agent: Apache-HttpClient/4.5.13 (Java/11.0.20)
14:05:14.561 [Test worker] DEBUG org.apache.http.headers -- >> Accept-Encoding: gzip,deflate
14:05:14.561 [Test worker] DEBUG org.apache.http.wire --  >> "{"userName":"heike.murphy","password":"123Ron321&"}"
14:05:14.788 [Test worker] DEBUG org.apache.http.wire --  << "HTTP/1.1 201 Created[\r][\n]"
14:05:14.788 [Test worker] DEBUG org.apache.http.wire --  << "Server: nginx/1.17.10 (Ubuntu)[\r][\n]"
14:05:14.788 [Test worker] DEBUG org.apache.http.wire --  << "Date: Wed, 13 Dec 2023 13:05:16 GMT[\r][\n]"
14:05:14.789 [Test worker] DEBUG org.apache.http.wire --  << "Content-Type: application/json; charset=utf-8[\r][\n]"
14:05:14.789 [Test worker] DEBUG org.apache.http.wire --  << "Content-Length: 86[\r][\n]"
14:05:14.789 [Test worker] DEBUG org.apache.http.wire --  << "Connection: keep-alive[\r][\n]"
14:05:14.789 [Test worker] DEBUG org.apache.http.wire --  << "X-Powered-By: Express[\r][\n]"
14:05:14.789 [Test worker] DEBUG org.apache.http.wire --  << "ETag: W/"56-EIgV9e5HFCtIbgYb7PF2THXWKc8"[\r][\n]"
14:05:14.789 [Test worker] DEBUG org.apache.http.wire --  << "[\r][\n]"
14:05:14.789 [Test worker] DEBUG org.apache.http.impl.conn.DefaultClientConnection -- Receiving response: HTTP/1.1 201 Created
14:05:14.789 [Test worker] DEBUG org.apache.http.headers -- << HTTP/1.1 201 Created
14:05:14.789 [Test worker] DEBUG org.apache.http.headers -- << Server: nginx/1.17.10 (Ubuntu)
14:05:14.789 [Test worker] DEBUG org.apache.http.headers -- << Date: Wed, 13 Dec 2023 13:05:16 GMT
14:05:14.789 [Test worker] DEBUG org.apache.http.headers -- << Content-Type: application/json; charset=utf-8
14:05:14.789 [Test worker] DEBUG org.apache.http.headers -- << Content-Length: 86
14:05:14.789 [Test worker] DEBUG org.apache.http.headers -- << Connection: keep-alive
14:05:14.789 [Test worker] DEBUG org.apache.http.headers -- << X-Powered-By: Express
14:05:14.789 [Test worker] DEBUG org.apache.http.headers -- << ETag: W/"56-EIgV9e5HFCtIbgYb7PF2THXWKc8"
14:05:14.789 [Test worker] DEBUG org.apache.http.impl.client.DefaultHttpClient -- Connection can be kept alive indefinitely
14:05:14.789 [Test worker] DEBUG io.restassured.internal.RestAssuredHttpBuilder -- Parsing response as: application/json; charset=utf-8
14:05:14.789 [Test worker] DEBUG io.restassured.internal.RestAssuredHttpBuilder -- Parsed data to instance of: class org.apache.http.conn.EofSensorInputStream
14:05:14.790 [Test worker] DEBUG org.apache.http.wire --  << "{"userID":"57b9073e-6770-4ce3-b1ea-925a570e6f5c","username":"heike.murphy","books":[]}"
14:05:14.790 [Test worker] DEBUG org.apache.http.impl.conn.BasicClientConnectionManager -- Releasing connection org.apache.http.impl.conn.ManagedClientConnectionImpl@40c925a1
14:05:14.790 [Test worker] DEBUG org.apache.http.impl.conn.BasicClientConnectionManager -- Connection can be kept alive indefinitely
HTTP/1.1 201 Created
Server: nginx/1.17.10 (Ubuntu)
Date: Wed, 13 Dec 2023 13:05:16 GMT
Content-Type: application/json; charset=utf-8
Content-Length: 86
Connection: keep-alive
X-Powered-By: Express
ETag: W/"56-EIgV9e5HFCtIbgYb7PF2THXWKc8"

{
    "userID": "57b9073e-6770-4ce3-b1ea-925a570e6f5c",
    "username": "heike.murphy",
    "books": [
        
    ]
}
Request method:	POST
Request URI:	https://demoqa.com/Account/v1/GenerateToken
Proxy:			<none>
Request params:	<none>
Query params:	<none>
Form params:	<none>
Path params:	<none>
Headers:		Accept=*/*
				Content-Type=application/json
Cookies:		<none>
Multiparts:		<none>
Body:
{
    "userName": "heike.murphy",
    "password": "123Ron321&"
}
14:05:14.831 [Test worker] DEBUG org.apache.http.impl.conn.BasicClientConnectionManager -- Get connection for route {s}->https://demoqa.com:443
14:05:14.831 [Test worker] DEBUG org.apache.http.impl.conn.DefaultClientConnectionOperator -- Connecting to demoqa.com:443
14:05:15.971 [Test worker] DEBUG org.apache.http.client.protocol.RequestAddCookies -- CookieSpec selected: ignoreCookies
14:05:15.971 [Test worker] DEBUG org.apache.http.client.protocol.RequestAuthCache -- Auth cache not set in the context
14:05:15.971 [Test worker] DEBUG org.apache.http.client.protocol.RequestTargetAuthentication -- Target auth state: UNCHALLENGED
14:05:15.971 [Test worker] DEBUG org.apache.http.client.protocol.RequestProxyAuthentication -- Proxy auth state: UNCHALLENGED
14:05:15.971 [Test worker] DEBUG org.apache.http.impl.client.DefaultHttpClient -- Attempt 1 to execute request
14:05:15.971 [Test worker] DEBUG org.apache.http.impl.conn.DefaultClientConnection -- Sending request: POST /Account/v1/GenerateToken HTTP/1.1
14:05:15.971 [Test worker] DEBUG org.apache.http.wire --  >> "POST /Account/v1/GenerateToken HTTP/1.1[\r][\n]"
14:05:15.971 [Test worker] DEBUG org.apache.http.wire --  >> "Accept: */*[\r][\n]"
14:05:15.971 [Test worker] DEBUG org.apache.http.wire --  >> "Content-Type: application/json[\r][\n]"
14:05:15.971 [Test worker] DEBUG org.apache.http.wire --  >> "Content-Length: 51[\r][\n]"
14:05:15.971 [Test worker] DEBUG org.apache.http.wire --  >> "Host: demoqa.com[\r][\n]"
14:05:15.971 [Test worker] DEBUG org.apache.http.wire --  >> "Connection: Keep-Alive[\r][\n]"
14:05:15.971 [Test worker] DEBUG org.apache.http.wire --  >> "User-Agent: Apache-HttpClient/4.5.13 (Java/11.0.20)[\r][\n]"
14:05:15.971 [Test worker] DEBUG org.apache.http.wire --  >> "Accept-Encoding: gzip,deflate[\r][\n]"
14:05:15.971 [Test worker] DEBUG org.apache.http.wire --  >> "[\r][\n]"
14:05:15.971 [Test worker] DEBUG org.apache.http.headers -- >> POST /Account/v1/GenerateToken HTTP/1.1
14:05:15.971 [Test worker] DEBUG org.apache.http.headers -- >> Accept: */*
14:05:15.971 [Test worker] DEBUG org.apache.http.headers -- >> Content-Type: application/json
14:05:15.971 [Test worker] DEBUG org.apache.http.headers -- >> Content-Length: 51
14:05:15.971 [Test worker] DEBUG org.apache.http.headers -- >> Host: demoqa.com
14:05:15.971 [Test worker] DEBUG org.apache.http.headers -- >> Connection: Keep-Alive
14:05:15.971 [Test worker] DEBUG org.apache.http.headers -- >> User-Agent: Apache-HttpClient/4.5.13 (Java/11.0.20)
14:05:15.971 [Test worker] DEBUG org.apache.http.headers -- >> Accept-Encoding: gzip,deflate
14:05:15.971 [Test worker] DEBUG org.apache.http.wire --  >> "{"userName":"heike.murphy","password":"123Ron321&"}"
14:05:16.633 [Test worker] DEBUG org.apache.http.wire --  << "HTTP/1.1 200 OK[\r][\n]"
14:05:16.633 [Test worker] DEBUG org.apache.http.wire --  << "Server: nginx/1.17.10 (Ubuntu)[\r][\n]"
14:05:16.633 [Test worker] DEBUG org.apache.http.wire --  << "Date: Wed, 13 Dec 2023 13:05:17 GMT[\r][\n]"
14:05:16.633 [Test worker] DEBUG org.apache.http.wire --  << "Content-Type: application/json; charset=utf-8[\r][\n]"
14:05:16.633 [Test worker] DEBUG org.apache.http.wire --  << "Content-Length: 281[\r][\n]"
14:05:16.633 [Test worker] DEBUG org.apache.http.wire --  << "Connection: keep-alive[\r][\n]"
14:05:16.633 [Test worker] DEBUG org.apache.http.wire --  << "X-Powered-By: Express[\r][\n]"
14:05:16.633 [Test worker] DEBUG org.apache.http.wire --  << "ETag: W/"119-6NTX7S+IywZSon7m2Iak3+iot+g"[\r][\n]"
14:05:16.633 [Test worker] DEBUG org.apache.http.wire --  << "[\r][\n]"
14:05:16.633 [Test worker] DEBUG org.apache.http.impl.conn.DefaultClientConnection -- Receiving response: HTTP/1.1 200 OK
14:05:16.633 [Test worker] DEBUG org.apache.http.headers -- << HTTP/1.1 200 OK
14:05:16.633 [Test worker] DEBUG org.apache.http.headers -- << Server: nginx/1.17.10 (Ubuntu)
14:05:16.633 [Test worker] DEBUG org.apache.http.headers -- << Date: Wed, 13 Dec 2023 13:05:17 GMT
14:05:16.633 [Test worker] DEBUG org.apache.http.headers -- << Content-Type: application/json; charset=utf-8
14:05:16.633 [Test worker] DEBUG org.apache.http.headers -- << Content-Length: 281
14:05:16.633 [Test worker] DEBUG org.apache.http.headers -- << Connection: keep-alive
14:05:16.633 [Test worker] DEBUG org.apache.http.headers -- << X-Powered-By: Express
14:05:16.633 [Test worker] DEBUG org.apache.http.headers -- << ETag: W/"119-6NTX7S+IywZSon7m2Iak3+iot+g"
14:05:16.633 [Test worker] DEBUG org.apache.http.impl.client.DefaultHttpClient -- Connection can be kept alive indefinitely
14:05:16.633 [Test worker] DEBUG io.restassured.internal.RestAssuredHttpBuilder -- Parsing response as: application/json; charset=utf-8
14:05:16.633 [Test worker] DEBUG io.restassured.internal.RestAssuredHttpBuilder -- Parsed data to instance of: class org.apache.http.conn.EofSensorInputStream
14:05:16.634 [Test worker] DEBUG org.apache.http.wire --  << "{"token":"eyJhbGciOiJIUzI1NiIsInR5cCI6IkpXVCJ9.eyJ1c2VyTmFtZSI6ImhlaWtlLm11cnBoeSIsInBhc3N3b3JkIjoiMTIzUm9uMzIxJiIsImlhdCI6MTcwMjQ3MjcxN30.FH84ZlumS8TEXBvQB78NgrmFz4PHOYjuK_zdXDZX3WY","expires":"2023-12-20T13:05:17.305Z","status":"Success","result":"User authorized successfully."}"
14:05:16.634 [Test worker] DEBUG org.apache.http.impl.conn.BasicClientConnectionManager -- Releasing connection org.apache.http.impl.conn.ManagedClientConnectionImpl@22d12034
14:05:16.634 [Test worker] DEBUG org.apache.http.impl.conn.BasicClientConnectionManager -- Connection can be kept alive indefinitely
HTTP/1.1 200 OK
Server: nginx/1.17.10 (Ubuntu)
Date: Wed, 13 Dec 2023 13:05:17 GMT
Content-Type: application/json; charset=utf-8
Content-Length: 281
Connection: keep-alive
X-Powered-By: Express
ETag: W/"119-6NTX7S+IywZSon7m2Iak3+iot+g"

{
    "token": "eyJhbGciOiJIUzI1NiIsInR5cCI6IkpXVCJ9.eyJ1c2VyTmFtZSI6ImhlaWtlLm11cnBoeSIsInBhc3N3b3JkIjoiMTIzUm9uMzIxJiIsImlhdCI6MTcwMjQ3MjcxN30.FH84ZlumS8TEXBvQB78NgrmFz4PHOYjuK_zdXDZX3WY",
    "expires": "2023-12-20T13:05:17.305Z",
    "status": "Success",
    "result": "User authorized successfully."
}
Request method:	DELETE
Request URI:	https://demoqa.com/Account/v1/User/57b9073e-6770-4ce3-b1ea-925a570e6f5c
Proxy:			<none>
Request params:	<none>
Query params:	<none>
Form params:	<none>
Path params:	UserId=57b9073e-6770-4ce3-b1ea-925a570e6f5c
Headers:		Authorization=Bearer eyJhbGciOiJIUzI1NiIsInR5cCI6IkpXVCJ9.eyJ1c2VyTmFtZSI6ImhlaWtlLm11cnBoeSIsInBhc3N3b3JkIjoiMTIzUm9uMzIxJiIsImlhdCI6MTcwMjQ3MjcxN30.FH84ZlumS8TEXBvQB78NgrmFz4PHOYjuK_zdXDZX3WY
				Accept=*/*
				Content-Type=application/json
Cookies:		<none>
Multiparts:		<none>
Body:			<none>
14:05:16.651 [Test worker] DEBUG org.apache.http.impl.conn.BasicClientConnectionManager -- Get connection for route {s}->https://demoqa.com:443
14:05:16.651 [Test worker] DEBUG org.apache.http.impl.conn.DefaultClientConnectionOperator -- Connecting to demoqa.com:443
14:05:16.736 [Test worker] DEBUG org.apache.http.client.protocol.RequestAddCookies -- CookieSpec selected: ignoreCookies
14:05:16.736 [Test worker] DEBUG org.apache.http.client.protocol.RequestAuthCache -- Auth cache not set in the context
14:05:16.736 [Test worker] DEBUG org.apache.http.client.protocol.RequestProxyAuthentication -- Proxy auth state: UNCHALLENGED
14:05:16.736 [Test worker] DEBUG org.apache.http.impl.client.DefaultHttpClient -- Attempt 1 to execute request
14:05:16.736 [Test worker] DEBUG org.apache.http.impl.conn.DefaultClientConnection -- Sending request: DELETE /Account/v1/User/57b9073e-6770-4ce3-b1ea-925a570e6f5c HTTP/1.1
14:05:16.736 [Test worker] DEBUG org.apache.http.wire --  >> "DELETE /Account/v1/User/57b9073e-6770-4ce3-b1ea-925a570e6f5c HTTP/1.1[\r][\n]"
14:05:16.736 [Test worker] DEBUG org.apache.http.wire --  >> "Content-Type: application/json[\r][\n]"
14:05:16.736 [Test worker] DEBUG org.apache.http.wire --  >> "Authorization: Bearer eyJhbGciOiJIUzI1NiIsInR5cCI6IkpXVCJ9.eyJ1c2VyTmFtZSI6ImhlaWtlLm11cnBoeSIsInBhc3N3b3JkIjoiMTIzUm9uMzIxJiIsImlhdCI6MTcwMjQ3MjcxN30.FH84ZlumS8TEXBvQB78NgrmFz4PHOYjuK_zdXDZX3WY[\r][\n]"
14:05:16.736 [Test worker] DEBUG org.apache.http.wire --  >> "Accept: */*[\r][\n]"
14:05:16.736 [Test worker] DEBUG org.apache.http.wire --  >> "Host: demoqa.com[\r][\n]"
14:05:16.736 [Test worker] DEBUG org.apache.http.wire --  >> "Connection: Keep-Alive[\r][\n]"
14:05:16.736 [Test worker] DEBUG org.apache.http.wire --  >> "User-Agent: Apache-HttpClient/4.5.13 (Java/11.0.20)[\r][\n]"
14:05:16.736 [Test worker] DEBUG org.apache.http.wire --  >> "Accept-Encoding: gzip,deflate[\r][\n]"
14:05:16.736 [Test worker] DEBUG org.apache.http.wire --  >> "[\r][\n]"
14:05:16.736 [Test worker] DEBUG org.apache.http.headers -- >> DELETE /Account/v1/User/57b9073e-6770-4ce3-b1ea-925a570e6f5c HTTP/1.1
14:05:16.736 [Test worker] DEBUG org.apache.http.headers -- >> Content-Type: application/json
14:05:16.736 [Test worker] DEBUG org.apache.http.headers -- >> Authorization: Bearer eyJhbGciOiJIUzI1NiIsInR5cCI6IkpXVCJ9.eyJ1c2VyTmFtZSI6ImhlaWtlLm11cnBoeSIsInBhc3N3b3JkIjoiMTIzUm9uMzIxJiIsImlhdCI6MTcwMjQ3MjcxN30.FH84ZlumS8TEXBvQB78NgrmFz4PHOYjuK_zdXDZX3WY
14:05:16.736 [Test worker] DEBUG org.apache.http.headers -- >> Accept: */*
14:05:16.736 [Test worker] DEBUG org.apache.http.headers -- >> Host: demoqa.com
14:05:16.736 [Test worker] DEBUG org.apache.http.headers -- >> Connection: Keep-Alive
14:05:16.736 [Test worker] DEBUG org.apache.http.headers -- >> User-Agent: Apache-HttpClient/4.5.13 (Java/11.0.20)
14:05:16.736 [Test worker] DEBUG org.apache.http.headers -- >> Accept-Encoding: gzip,deflate
14:05:16.925 [Test worker] DEBUG org.apache.http.wire --  << "HTTP/1.1 204 No Content[\r][\n]"
14:05:16.925 [Test worker] DEBUG org.apache.http.wire --  << "Server: nginx/1.17.10 (Ubuntu)[\r][\n]"
14:05:16.925 [Test worker] DEBUG org.apache.http.wire --  << "Date: Wed, 13 Dec 2023 13:05:18 GMT[\r][\n]"
14:05:16.925 [Test worker] DEBUG org.apache.http.wire --  << "Connection: keep-alive[\r][\n]"
14:05:16.925 [Test worker] DEBUG org.apache.http.wire --  << "X-Powered-By: Express[\r][\n]"
14:05:16.925 [Test worker] DEBUG org.apache.http.wire --  << "ETag: W/"58-dYCpF+eOyqAmtziWwbpbkMphzB0"[\r][\n]"
14:05:16.925 [Test worker] DEBUG org.apache.http.wire --  << "[\r][\n]"
14:05:16.925 [Test worker] DEBUG org.apache.http.impl.conn.DefaultClientConnection -- Receiving response: HTTP/1.1 204 No Content
14:05:16.925 [Test worker] DEBUG org.apache.http.headers -- << HTTP/1.1 204 No Content
14:05:16.925 [Test worker] DEBUG org.apache.http.headers -- << Server: nginx/1.17.10 (Ubuntu)
14:05:16.925 [Test worker] DEBUG org.apache.http.headers -- << Date: Wed, 13 Dec 2023 13:05:18 GMT
14:05:16.925 [Test worker] DEBUG org.apache.http.headers -- << Connection: keep-alive
14:05:16.925 [Test worker] DEBUG org.apache.http.headers -- << X-Powered-By: Express
14:05:16.925 [Test worker] DEBUG org.apache.http.headers -- << ETag: W/"58-dYCpF+eOyqAmtziWwbpbkMphzB0"
14:05:16.925 [Test worker] DEBUG org.apache.http.impl.client.DefaultHttpClient -- Connection can be kept alive indefinitely
14:05:16.925 [Test worker] DEBUG org.apache.http.impl.conn.BasicClientConnectionManager -- Releasing connection org.apache.http.impl.conn.ManagedClientConnectionImpl@671b4820
14:05:16.925 [Test worker] DEBUG org.apache.http.impl.conn.BasicClientConnectionManager -- Connection can be kept alive indefinitely
HTTP/1.1 204 No Content
Server: nginx/1.17.10 (Ubuntu)
Date: Wed, 13 Dec 2023 13:05:18 GMT
Connection: keep-alive
X-Powered-By: Express
ETag: W/"58-dYCpF+eOyqAmtziWwbpbkMphzB0"
]]></system-out>
  <system-err><![CDATA[]]></system-err>
</testsuite>
