<?xml version="1.0" encoding="UTF-8"?>
<testsuite name="tests.DeleteOneBookTest" tests="3" skipped="0" failures="1" errors="0" timestamp="2023-12-13T13:05:34" hostname="DESKTOP-TFD6REL" time="17.957">
  <properties/>
  <testcase name="deleteOneBookTest" classname="tests.DeleteOneBookTest" time="8.212">
    <failure message="java.lang.AssertionError: The response body is empty. did not expect [] but found []" type="java.lang.AssertionError">java.lang.AssertionError: The response body is empty. did not expect [] but found []
	at org.testng.Assert.fail(Assert.java:111)
	at org.testng.Assert.failEquals(Assert.java:1582)
	at org.testng.Assert.assertNotEqualsImpl(Assert.java:157)
	at org.testng.Assert.assertNotEquals(Assert.java:2198)
	at tests.DeleteOneBookTest.deleteOneBookTest(DeleteOneBookTest.java:44)
	at java.base/jdk.internal.reflect.NativeMethodAccessorImpl.invoke0(Native Method)
	at java.base/jdk.internal.reflect.NativeMethodAccessorImpl.invoke(NativeMethodAccessorImpl.java:62)
	at java.base/jdk.internal.reflect.DelegatingMethodAccessorImpl.invoke(DelegatingMethodAccessorImpl.java:43)
	at java.base/java.lang.reflect.Method.invoke(Method.java:566)
	at org.testng.internal.invokers.MethodInvocationHelper.invokeMethod(MethodInvocationHelper.java:139)
	at org.testng.internal.invokers.TestInvoker.invokeMethod(TestInvoker.java:664)
	at org.testng.internal.invokers.TestInvoker.invokeTestMethod(TestInvoker.java:227)
	at org.testng.internal.invokers.MethodRunner.runInSequence(MethodRunner.java:50)
	at org.testng.internal.invokers.TestInvoker$MethodInvocationAgent.invoke(TestInvoker.java:957)
	at org.testng.internal.invokers.TestInvoker.invokeTestMethods(TestInvoker.java:200)
	at org.testng.internal.invokers.TestMethodWorker.invokeTestMethods(TestMethodWorker.java:148)
	at org.testng.internal.invokers.TestMethodWorker.run(TestMethodWorker.java:128)
	at java.base/java.util.ArrayList.forEach(ArrayList.java:1541)
	at org.testng.TestRunner.privateRun(TestRunner.java:848)
	at org.testng.TestRunner.run(TestRunner.java:621)
	at org.testng.SuiteRunner.runTest(SuiteRunner.java:443)
	at org.testng.SuiteRunner.runSequentially(SuiteRunner.java:437)
	at org.testng.SuiteRunner.privateRun(SuiteRunner.java:397)
	at org.testng.SuiteRunner.run(SuiteRunner.java:336)
	at org.testng.SuiteRunnerWorker.runSuite(SuiteRunnerWorker.java:52)
	at org.testng.SuiteRunnerWorker.run(SuiteRunnerWorker.java:95)
	at org.testng.TestNG.runSuitesSequentially(TestNG.java:1280)
	at org.testng.TestNG.runSuitesLocally(TestNG.java:1200)
	at org.testng.TestNG.runSuites(TestNG.java:1114)
	at org.testng.TestNG.run(TestNG.java:1082)
	at org.gradle.api.internal.tasks.testing.testng.TestNGTestClassProcessor.runTests(TestNGTestClassProcessor.java:146)
	at org.gradle.api.internal.tasks.testing.testng.TestNGTestClassProcessor.stop(TestNGTestClassProcessor.java:91)
	at org.gradle.api.internal.tasks.testing.SuiteTestClassProcessor.stop(SuiteTestClassProcessor.java:61)
	at java.base/jdk.internal.reflect.NativeMethodAccessorImpl.invoke0(Native Method)
	at java.base/jdk.internal.reflect.NativeMethodAccessorImpl.invoke(NativeMethodAccessorImpl.java:62)
	at java.base/jdk.internal.reflect.DelegatingMethodAccessorImpl.invoke(DelegatingMethodAccessorImpl.java:43)
	at java.base/java.lang.reflect.Method.invoke(Method.java:566)
	at org.gradle.internal.dispatch.ReflectionDispatch.dispatch(ReflectionDispatch.java:36)
	at org.gradle.internal.dispatch.ReflectionDispatch.dispatch(ReflectionDispatch.java:24)
	at org.gradle.internal.dispatch.ContextClassLoaderDispatch.dispatch(ContextClassLoaderDispatch.java:33)
	at org.gradle.internal.dispatch.ProxyDispatchAdapter$DispatchingInvocationHandler.invoke(ProxyDispatchAdapter.java:94)
	at com.sun.proxy.$Proxy2.stop(Unknown Source)
	at org.gradle.api.internal.tasks.testing.worker.TestWorker$3.run(TestWorker.java:193)
	at org.gradle.api.internal.tasks.testing.worker.TestWorker.executeAndMaintainThreadName(TestWorker.java:129)
	at org.gradle.api.internal.tasks.testing.worker.TestWorker.execute(TestWorker.java:100)
	at org.gradle.api.internal.tasks.testing.worker.TestWorker.execute(TestWorker.java:60)
	at org.gradle.process.internal.worker.child.ActionExecutionWorker.execute(ActionExecutionWorker.java:56)
	at org.gradle.process.internal.worker.child.SystemApplicationClassLoaderWorker.call(SystemApplicationClassLoaderWorker.java:133)
	at org.gradle.process.internal.worker.child.SystemApplicationClassLoaderWorker.call(SystemApplicationClassLoaderWorker.java:71)
	at worker.org.gradle.process.internal.worker.GradleWorkerMain.run(GradleWorkerMain.java:69)
	at worker.org.gradle.process.internal.worker.GradleWorkerMain.main(GradleWorkerMain.java:74)
</failure>
  </testcase>
  <testcase name="deleteOneBookThatNotPresentInUsersCollectionTest" classname="tests.DeleteOneBookTest" time="5.29"/>
  <testcase name="deleteOneBookUnauthorizedUserTest" classname="tests.DeleteOneBookTest" time="4.449"/>
  <system-out><![CDATA[Request method:	POST
Request URI:	https://demoqa.com/Account/v1/User
Proxy:			<none>
Request params:	<none>
Query params:	<none>
Form params:	<none>
Path params:	<none>
Headers:		Accept=*/*
				Content-Type=application/json
Cookies:		<none>
Multiparts:		<none>
Body:
{
    "userName": "keven.veum",
    "password": "123Ron321&"
}
14:05:34.338 [Test worker] DEBUG org.apache.http.impl.conn.BasicClientConnectionManager -- Get connection for route {s}->https://demoqa.com:443
14:05:34.338 [Test worker] DEBUG org.apache.http.impl.conn.DefaultClientConnectionOperator -- Connecting to demoqa.com:443
14:05:36.826 [Test worker] DEBUG org.apache.http.client.protocol.RequestAddCookies -- CookieSpec selected: ignoreCookies
14:05:36.826 [Test worker] DEBUG org.apache.http.client.protocol.RequestAuthCache -- Auth cache not set in the context
14:05:36.826 [Test worker] DEBUG org.apache.http.client.protocol.RequestTargetAuthentication -- Target auth state: UNCHALLENGED
14:05:36.826 [Test worker] DEBUG org.apache.http.client.protocol.RequestProxyAuthentication -- Proxy auth state: UNCHALLENGED
14:05:36.826 [Test worker] DEBUG org.apache.http.impl.client.DefaultHttpClient -- Attempt 1 to execute request
14:05:36.826 [Test worker] DEBUG org.apache.http.impl.conn.DefaultClientConnection -- Sending request: POST /Account/v1/User HTTP/1.1
14:05:36.826 [Test worker] DEBUG org.apache.http.wire --  >> "POST /Account/v1/User HTTP/1.1[\r][\n]"
14:05:36.826 [Test worker] DEBUG org.apache.http.wire --  >> "Accept: */*[\r][\n]"
14:05:36.826 [Test worker] DEBUG org.apache.http.wire --  >> "Content-Type: application/json[\r][\n]"
14:05:36.826 [Test worker] DEBUG org.apache.http.wire --  >> "Content-Length: 49[\r][\n]"
14:05:36.826 [Test worker] DEBUG org.apache.http.wire --  >> "Host: demoqa.com[\r][\n]"
14:05:36.826 [Test worker] DEBUG org.apache.http.wire --  >> "Connection: Keep-Alive[\r][\n]"
14:05:36.826 [Test worker] DEBUG org.apache.http.wire --  >> "User-Agent: Apache-HttpClient/4.5.13 (Java/11.0.20)[\r][\n]"
14:05:36.826 [Test worker] DEBUG org.apache.http.wire --  >> "Accept-Encoding: gzip,deflate[\r][\n]"
14:05:36.826 [Test worker] DEBUG org.apache.http.wire --  >> "[\r][\n]"
14:05:36.826 [Test worker] DEBUG org.apache.http.headers -- >> POST /Account/v1/User HTTP/1.1
14:05:36.826 [Test worker] DEBUG org.apache.http.headers -- >> Accept: */*
14:05:36.826 [Test worker] DEBUG org.apache.http.headers -- >> Content-Type: application/json
14:05:36.826 [Test worker] DEBUG org.apache.http.headers -- >> Content-Length: 49
14:05:36.826 [Test worker] DEBUG org.apache.http.headers -- >> Host: demoqa.com
14:05:36.826 [Test worker] DEBUG org.apache.http.headers -- >> Connection: Keep-Alive
14:05:36.826 [Test worker] DEBUG org.apache.http.headers -- >> User-Agent: Apache-HttpClient/4.5.13 (Java/11.0.20)
14:05:36.826 [Test worker] DEBUG org.apache.http.headers -- >> Accept-Encoding: gzip,deflate
14:05:36.826 [Test worker] DEBUG org.apache.http.wire --  >> "{"userName":"keven.veum","password":"123Ron321&"}"
14:05:37.038 [Test worker] DEBUG org.apache.http.wire --  << "HTTP/1.1 201 Created[\r][\n]"
14:05:37.038 [Test worker] DEBUG org.apache.http.wire --  << "Server: nginx/1.17.10 (Ubuntu)[\r][\n]"
14:05:37.038 [Test worker] DEBUG org.apache.http.wire --  << "Date: Wed, 13 Dec 2023 13:05:38 GMT[\r][\n]"
14:05:37.038 [Test worker] DEBUG org.apache.http.wire --  << "Content-Type: application/json; charset=utf-8[\r][\n]"
14:05:37.038 [Test worker] DEBUG org.apache.http.wire --  << "Content-Length: 84[\r][\n]"
14:05:37.038 [Test worker] DEBUG org.apache.http.wire --  << "Connection: keep-alive[\r][\n]"
14:05:37.038 [Test worker] DEBUG org.apache.http.wire --  << "X-Powered-By: Express[\r][\n]"
14:05:37.038 [Test worker] DEBUG org.apache.http.wire --  << "ETag: W/"54-CtRWQGvvTwNgz7FujjByMhG6nPQ"[\r][\n]"
14:05:37.038 [Test worker] DEBUG org.apache.http.wire --  << "[\r][\n]"
14:05:37.038 [Test worker] DEBUG org.apache.http.impl.conn.DefaultClientConnection -- Receiving response: HTTP/1.1 201 Created
14:05:37.038 [Test worker] DEBUG org.apache.http.headers -- << HTTP/1.1 201 Created
14:05:37.038 [Test worker] DEBUG org.apache.http.headers -- << Server: nginx/1.17.10 (Ubuntu)
14:05:37.038 [Test worker] DEBUG org.apache.http.headers -- << Date: Wed, 13 Dec 2023 13:05:38 GMT
14:05:37.038 [Test worker] DEBUG org.apache.http.headers -- << Content-Type: application/json; charset=utf-8
14:05:37.038 [Test worker] DEBUG org.apache.http.headers -- << Content-Length: 84
14:05:37.038 [Test worker] DEBUG org.apache.http.headers -- << Connection: keep-alive
14:05:37.038 [Test worker] DEBUG org.apache.http.headers -- << X-Powered-By: Express
14:05:37.038 [Test worker] DEBUG org.apache.http.headers -- << ETag: W/"54-CtRWQGvvTwNgz7FujjByMhG6nPQ"
14:05:37.038 [Test worker] DEBUG org.apache.http.impl.client.DefaultHttpClient -- Connection can be kept alive indefinitely
14:05:37.038 [Test worker] DEBUG io.restassured.internal.RestAssuredHttpBuilder -- Parsing response as: application/json; charset=utf-8
14:05:37.038 [Test worker] DEBUG io.restassured.internal.RestAssuredHttpBuilder -- Parsed data to instance of: class org.apache.http.conn.EofSensorInputStream
14:05:37.038 [Test worker] DEBUG org.apache.http.wire --  << "{"userID":"24fa4882-7b56-4bde-aa2c-92621bf7fc29","username":"keven.veum","books":[]}"
14:05:37.038 [Test worker] DEBUG org.apache.http.impl.conn.BasicClientConnectionManager -- Releasing connection org.apache.http.impl.conn.ManagedClientConnectionImpl@6fa2a253
14:05:37.038 [Test worker] DEBUG org.apache.http.impl.conn.BasicClientConnectionManager -- Connection can be kept alive indefinitely
HTTP/1.1 201 Created
Server: nginx/1.17.10 (Ubuntu)
Date: Wed, 13 Dec 2023 13:05:38 GMT
Content-Type: application/json; charset=utf-8
Content-Length: 84
Connection: keep-alive
X-Powered-By: Express
ETag: W/"54-CtRWQGvvTwNgz7FujjByMhG6nPQ"

{
    "userID": "24fa4882-7b56-4bde-aa2c-92621bf7fc29",
    "username": "keven.veum",
    "books": [
        
    ]
}
Request method:	POST
Request URI:	https://demoqa.com/Account/v1/GenerateToken
Proxy:			<none>
Request params:	<none>
Query params:	<none>
Form params:	<none>
Path params:	<none>
Headers:		Accept=*/*
				Content-Type=application/json
Cookies:		<none>
Multiparts:		<none>
Body:
{
    "userName": "keven.veum",
    "password": "123Ron321&"
}
14:05:37.056 [Test worker] DEBUG org.apache.http.impl.conn.BasicClientConnectionManager -- Get connection for route {s}->https://demoqa.com:443
14:05:37.056 [Test worker] DEBUG org.apache.http.impl.conn.DefaultClientConnectionOperator -- Connecting to demoqa.com:443
14:05:38.189 [Test worker] DEBUG org.apache.http.client.protocol.RequestAddCookies -- CookieSpec selected: ignoreCookies
14:05:38.189 [Test worker] DEBUG org.apache.http.client.protocol.RequestAuthCache -- Auth cache not set in the context
14:05:38.189 [Test worker] DEBUG org.apache.http.client.protocol.RequestTargetAuthentication -- Target auth state: UNCHALLENGED
14:05:38.189 [Test worker] DEBUG org.apache.http.client.protocol.RequestProxyAuthentication -- Proxy auth state: UNCHALLENGED
14:05:38.189 [Test worker] DEBUG org.apache.http.impl.client.DefaultHttpClient -- Attempt 1 to execute request
14:05:38.189 [Test worker] DEBUG org.apache.http.impl.conn.DefaultClientConnection -- Sending request: POST /Account/v1/GenerateToken HTTP/1.1
14:05:38.189 [Test worker] DEBUG org.apache.http.wire --  >> "POST /Account/v1/GenerateToken HTTP/1.1[\r][\n]"
14:05:38.189 [Test worker] DEBUG org.apache.http.wire --  >> "Accept: */*[\r][\n]"
14:05:38.189 [Test worker] DEBUG org.apache.http.wire --  >> "Content-Type: application/json[\r][\n]"
14:05:38.189 [Test worker] DEBUG org.apache.http.wire --  >> "Content-Length: 49[\r][\n]"
14:05:38.189 [Test worker] DEBUG org.apache.http.wire --  >> "Host: demoqa.com[\r][\n]"
14:05:38.189 [Test worker] DEBUG org.apache.http.wire --  >> "Connection: Keep-Alive[\r][\n]"
14:05:38.189 [Test worker] DEBUG org.apache.http.wire --  >> "User-Agent: Apache-HttpClient/4.5.13 (Java/11.0.20)[\r][\n]"
14:05:38.189 [Test worker] DEBUG org.apache.http.wire --  >> "Accept-Encoding: gzip,deflate[\r][\n]"
14:05:38.189 [Test worker] DEBUG org.apache.http.wire --  >> "[\r][\n]"
14:05:38.189 [Test worker] DEBUG org.apache.http.headers -- >> POST /Account/v1/GenerateToken HTTP/1.1
14:05:38.189 [Test worker] DEBUG org.apache.http.headers -- >> Accept: */*
14:05:38.189 [Test worker] DEBUG org.apache.http.headers -- >> Content-Type: application/json
14:05:38.189 [Test worker] DEBUG org.apache.http.headers -- >> Content-Length: 49
14:05:38.189 [Test worker] DEBUG org.apache.http.headers -- >> Host: demoqa.com
14:05:38.189 [Test worker] DEBUG org.apache.http.headers -- >> Connection: Keep-Alive
14:05:38.189 [Test worker] DEBUG org.apache.http.headers -- >> User-Agent: Apache-HttpClient/4.5.13 (Java/11.0.20)
14:05:38.189 [Test worker] DEBUG org.apache.http.headers -- >> Accept-Encoding: gzip,deflate
14:05:38.189 [Test worker] DEBUG org.apache.http.wire --  >> "{"userName":"keven.veum","password":"123Ron321&"}"
14:05:38.562 [Test worker] DEBUG org.apache.http.wire --  << "HTTP/1.1 200 OK[\r][\n]"
14:05:38.563 [Test worker] DEBUG org.apache.http.wire --  << "Server: nginx/1.17.10 (Ubuntu)[\r][\n]"
14:05:38.563 [Test worker] DEBUG org.apache.http.wire --  << "Date: Wed, 13 Dec 2023 13:05:39 GMT[\r][\n]"
14:05:38.563 [Test worker] DEBUG org.apache.http.wire --  << "Content-Type: application/json; charset=utf-8[\r][\n]"
14:05:38.563 [Test worker] DEBUG org.apache.http.wire --  << "Content-Length: 278[\r][\n]"
14:05:38.563 [Test worker] DEBUG org.apache.http.wire --  << "Connection: keep-alive[\r][\n]"
14:05:38.563 [Test worker] DEBUG org.apache.http.wire --  << "X-Powered-By: Express[\r][\n]"
14:05:38.563 [Test worker] DEBUG org.apache.http.wire --  << "ETag: W/"116-894ZWLHXy/WReBo4DugdKuDIML0"[\r][\n]"
14:05:38.563 [Test worker] DEBUG org.apache.http.wire --  << "[\r][\n]"
14:05:38.563 [Test worker] DEBUG org.apache.http.impl.conn.DefaultClientConnection -- Receiving response: HTTP/1.1 200 OK
14:05:38.563 [Test worker] DEBUG org.apache.http.headers -- << HTTP/1.1 200 OK
14:05:38.563 [Test worker] DEBUG org.apache.http.headers -- << Server: nginx/1.17.10 (Ubuntu)
14:05:38.563 [Test worker] DEBUG org.apache.http.headers -- << Date: Wed, 13 Dec 2023 13:05:39 GMT
14:05:38.563 [Test worker] DEBUG org.apache.http.headers -- << Content-Type: application/json; charset=utf-8
14:05:38.563 [Test worker] DEBUG org.apache.http.headers -- << Content-Length: 278
14:05:38.563 [Test worker] DEBUG org.apache.http.headers -- << Connection: keep-alive
14:05:38.563 [Test worker] DEBUG org.apache.http.headers -- << X-Powered-By: Express
14:05:38.563 [Test worker] DEBUG org.apache.http.headers -- << ETag: W/"116-894ZWLHXy/WReBo4DugdKuDIML0"
14:05:38.563 [Test worker] DEBUG org.apache.http.impl.client.DefaultHttpClient -- Connection can be kept alive indefinitely
14:05:38.563 [Test worker] DEBUG io.restassured.internal.RestAssuredHttpBuilder -- Parsing response as: application/json; charset=utf-8
14:05:38.563 [Test worker] DEBUG io.restassured.internal.RestAssuredHttpBuilder -- Parsed data to instance of: class org.apache.http.conn.EofSensorInputStream
14:05:38.563 [Test worker] DEBUG org.apache.http.wire --  << "{"token":"eyJhbGciOiJIUzI1NiIsInR5cCI6IkpXVCJ9.eyJ1c2VyTmFtZSI6ImtldmVuLnZldW0iLCJwYXNzd29yZCI6IjEyM1JvbjMyMSYiLCJpYXQiOjE3MDI0NzI3Mzl9.oUUH4NmhaCBKJj12LDlFFlafzT8z3zls79WPZmtCyyo","expires":"2023-12-20T13:05:39.488Z","status":"Success","result":"User authorized successfully."}"
14:05:38.563 [Test worker] DEBUG org.apache.http.impl.conn.BasicClientConnectionManager -- Releasing connection org.apache.http.impl.conn.ManagedClientConnectionImpl@6eb5fb7
14:05:38.563 [Test worker] DEBUG org.apache.http.impl.conn.BasicClientConnectionManager -- Connection can be kept alive indefinitely
HTTP/1.1 200 OK
Server: nginx/1.17.10 (Ubuntu)
Date: Wed, 13 Dec 2023 13:05:39 GMT
Content-Type: application/json; charset=utf-8
Content-Length: 278
Connection: keep-alive
X-Powered-By: Express
ETag: W/"116-894ZWLHXy/WReBo4DugdKuDIML0"

{
    "token": "eyJhbGciOiJIUzI1NiIsInR5cCI6IkpXVCJ9.eyJ1c2VyTmFtZSI6ImtldmVuLnZldW0iLCJwYXNzd29yZCI6IjEyM1JvbjMyMSYiLCJpYXQiOjE3MDI0NzI3Mzl9.oUUH4NmhaCBKJj12LDlFFlafzT8z3zls79WPZmtCyyo",
    "expires": "2023-12-20T13:05:39.488Z",
    "status": "Success",
    "result": "User authorized successfully."
}
Request method:	DELETE
Request URI:	https://demoqa.com/BookStore/v1/Books?UserId=24fa4882-7b56-4bde-aa2c-92621bf7fc29
Proxy:			<none>
Request params:	<none>
Query params:	UserId=24fa4882-7b56-4bde-aa2c-92621bf7fc29
Form params:	<none>
Path params:	<none>
Headers:		Authorization=Bearer eyJhbGciOiJIUzI1NiIsInR5cCI6IkpXVCJ9.eyJ1c2VyTmFtZSI6ImtldmVuLnZldW0iLCJwYXNzd29yZCI6IjEyM1JvbjMyMSYiLCJpYXQiOjE3MDI0NzI3Mzl9.oUUH4NmhaCBKJj12LDlFFlafzT8z3zls79WPZmtCyyo
				Accept=*/*
				Content-Type=application/json
Cookies:		<none>
Multiparts:		<none>
Body:			<none>
14:05:38.579 [Test worker] DEBUG org.apache.http.impl.conn.BasicClientConnectionManager -- Get connection for route {s}->https://demoqa.com:443
14:05:38.579 [Test worker] DEBUG org.apache.http.impl.conn.DefaultClientConnectionOperator -- Connecting to demoqa.com:443
14:05:39.927 [Test worker] DEBUG org.apache.http.client.protocol.RequestAddCookies -- CookieSpec selected: ignoreCookies
14:05:39.927 [Test worker] DEBUG org.apache.http.client.protocol.RequestAuthCache -- Auth cache not set in the context
14:05:39.927 [Test worker] DEBUG org.apache.http.client.protocol.RequestProxyAuthentication -- Proxy auth state: UNCHALLENGED
14:05:39.927 [Test worker] DEBUG org.apache.http.impl.client.DefaultHttpClient -- Attempt 1 to execute request
14:05:39.927 [Test worker] DEBUG org.apache.http.impl.conn.DefaultClientConnection -- Sending request: DELETE /BookStore/v1/Books?UserId=24fa4882-7b56-4bde-aa2c-92621bf7fc29 HTTP/1.1
14:05:39.927 [Test worker] DEBUG org.apache.http.wire --  >> "DELETE /BookStore/v1/Books?UserId=24fa4882-7b56-4bde-aa2c-92621bf7fc29 HTTP/1.1[\r][\n]"
14:05:39.927 [Test worker] DEBUG org.apache.http.wire --  >> "Content-Type: application/json[\r][\n]"
14:05:39.927 [Test worker] DEBUG org.apache.http.wire --  >> "Authorization: Bearer eyJhbGciOiJIUzI1NiIsInR5cCI6IkpXVCJ9.eyJ1c2VyTmFtZSI6ImtldmVuLnZldW0iLCJwYXNzd29yZCI6IjEyM1JvbjMyMSYiLCJpYXQiOjE3MDI0NzI3Mzl9.oUUH4NmhaCBKJj12LDlFFlafzT8z3zls79WPZmtCyyo[\r][\n]"
14:05:39.927 [Test worker] DEBUG org.apache.http.wire --  >> "Accept: */*[\r][\n]"
14:05:39.927 [Test worker] DEBUG org.apache.http.wire --  >> "Host: demoqa.com[\r][\n]"
14:05:39.927 [Test worker] DEBUG org.apache.http.wire --  >> "Connection: Keep-Alive[\r][\n]"
14:05:39.927 [Test worker] DEBUG org.apache.http.wire --  >> "User-Agent: Apache-HttpClient/4.5.13 (Java/11.0.20)[\r][\n]"
14:05:39.927 [Test worker] DEBUG org.apache.http.wire --  >> "Accept-Encoding: gzip,deflate[\r][\n]"
14:05:39.927 [Test worker] DEBUG org.apache.http.wire --  >> "[\r][\n]"
14:05:39.927 [Test worker] DEBUG org.apache.http.headers -- >> DELETE /BookStore/v1/Books?UserId=24fa4882-7b56-4bde-aa2c-92621bf7fc29 HTTP/1.1
14:05:39.927 [Test worker] DEBUG org.apache.http.headers -- >> Content-Type: application/json
14:05:39.927 [Test worker] DEBUG org.apache.http.headers -- >> Authorization: Bearer eyJhbGciOiJIUzI1NiIsInR5cCI6IkpXVCJ9.eyJ1c2VyTmFtZSI6ImtldmVuLnZldW0iLCJwYXNzd29yZCI6IjEyM1JvbjMyMSYiLCJpYXQiOjE3MDI0NzI3Mzl9.oUUH4NmhaCBKJj12LDlFFlafzT8z3zls79WPZmtCyyo
14:05:39.927 [Test worker] DEBUG org.apache.http.headers -- >> Accept: */*
14:05:39.927 [Test worker] DEBUG org.apache.http.headers -- >> Host: demoqa.com
14:05:39.927 [Test worker] DEBUG org.apache.http.headers -- >> Connection: Keep-Alive
14:05:39.927 [Test worker] DEBUG org.apache.http.headers -- >> User-Agent: Apache-HttpClient/4.5.13 (Java/11.0.20)
14:05:39.927 [Test worker] DEBUG org.apache.http.headers -- >> Accept-Encoding: gzip,deflate
14:05:40.054 [Test worker] DEBUG org.apache.http.wire --  << "HTTP/1.1 204 No Content[\r][\n]"
14:05:40.054 [Test worker] DEBUG org.apache.http.wire --  << "Server: nginx/1.17.10 (Ubuntu)[\r][\n]"
14:05:40.054 [Test worker] DEBUG org.apache.http.wire --  << "Date: Wed, 13 Dec 2023 13:05:41 GMT[\r][\n]"
14:05:40.054 [Test worker] DEBUG org.apache.http.wire --  << "Connection: keep-alive[\r][\n]"
14:05:40.054 [Test worker] DEBUG org.apache.http.wire --  << "X-Powered-By: Express[\r][\n]"
14:05:40.054 [Test worker] DEBUG org.apache.http.wire --  << "ETag: W/"44-1mNkCgFWXrysm2bVvAhS6jkBOlQ"[\r][\n]"
14:05:40.054 [Test worker] DEBUG org.apache.http.wire --  << "[\r][\n]"
14:05:40.054 [Test worker] DEBUG org.apache.http.impl.conn.DefaultClientConnection -- Receiving response: HTTP/1.1 204 No Content
14:05:40.054 [Test worker] DEBUG org.apache.http.headers -- << HTTP/1.1 204 No Content
14:05:40.054 [Test worker] DEBUG org.apache.http.headers -- << Server: nginx/1.17.10 (Ubuntu)
14:05:40.054 [Test worker] DEBUG org.apache.http.headers -- << Date: Wed, 13 Dec 2023 13:05:41 GMT
14:05:40.054 [Test worker] DEBUG org.apache.http.headers -- << Connection: keep-alive
14:05:40.054 [Test worker] DEBUG org.apache.http.headers -- << X-Powered-By: Express
14:05:40.054 [Test worker] DEBUG org.apache.http.headers -- << ETag: W/"44-1mNkCgFWXrysm2bVvAhS6jkBOlQ"
14:05:40.054 [Test worker] DEBUG org.apache.http.impl.client.DefaultHttpClient -- Connection can be kept alive indefinitely
14:05:40.055 [Test worker] DEBUG org.apache.http.impl.conn.BasicClientConnectionManager -- Releasing connection org.apache.http.impl.conn.ManagedClientConnectionImpl@3b3a4f9c
14:05:40.055 [Test worker] DEBUG org.apache.http.impl.conn.BasicClientConnectionManager -- Connection can be kept alive indefinitely
HTTP/1.1 204 No Content
Server: nginx/1.17.10 (Ubuntu)
Date: Wed, 13 Dec 2023 13:05:41 GMT
Connection: keep-alive
X-Powered-By: Express
ETag: W/"44-1mNkCgFWXrysm2bVvAhS6jkBOlQ"
Request method:	GET
Request URI:	https://demoqa.com/BookStore/v1/Books
Proxy:			<none>
Request params:	<none>
Query params:	<none>
Form params:	<none>
Path params:	<none>
Headers:		Accept=*/*
				Content-Type=application/json
Cookies:		<none>
Multiparts:		<none>
Body:			<none>
14:05:40.060 [Test worker] DEBUG org.apache.http.impl.conn.BasicClientConnectionManager -- Get connection for route {s}->https://demoqa.com:443
14:05:40.060 [Test worker] DEBUG org.apache.http.impl.conn.DefaultClientConnectionOperator -- Connecting to demoqa.com:443
14:05:40.158 [Test worker] DEBUG org.apache.http.client.protocol.RequestAddCookies -- CookieSpec selected: ignoreCookies
14:05:40.158 [Test worker] DEBUG org.apache.http.client.protocol.RequestAuthCache -- Auth cache not set in the context
14:05:40.158 [Test worker] DEBUG org.apache.http.client.protocol.RequestTargetAuthentication -- Target auth state: UNCHALLENGED
14:05:40.158 [Test worker] DEBUG org.apache.http.client.protocol.RequestProxyAuthentication -- Proxy auth state: UNCHALLENGED
14:05:40.158 [Test worker] DEBUG org.apache.http.impl.client.DefaultHttpClient -- Attempt 1 to execute request
14:05:40.158 [Test worker] DEBUG org.apache.http.impl.conn.DefaultClientConnection -- Sending request: GET /BookStore/v1/Books HTTP/1.1
14:05:40.158 [Test worker] DEBUG org.apache.http.wire --  >> "GET /BookStore/v1/Books HTTP/1.1[\r][\n]"
14:05:40.158 [Test worker] DEBUG org.apache.http.wire --  >> "Content-Type: application/json[\r][\n]"
14:05:40.158 [Test worker] DEBUG org.apache.http.wire --  >> "Accept: */*[\r][\n]"
14:05:40.158 [Test worker] DEBUG org.apache.http.wire --  >> "Host: demoqa.com[\r][\n]"
14:05:40.158 [Test worker] DEBUG org.apache.http.wire --  >> "Connection: Keep-Alive[\r][\n]"
14:05:40.158 [Test worker] DEBUG org.apache.http.wire --  >> "User-Agent: Apache-HttpClient/4.5.13 (Java/11.0.20)[\r][\n]"
14:05:40.158 [Test worker] DEBUG org.apache.http.wire --  >> "Accept-Encoding: gzip,deflate[\r][\n]"
14:05:40.158 [Test worker] DEBUG org.apache.http.wire --  >> "[\r][\n]"
14:05:40.158 [Test worker] DEBUG org.apache.http.headers -- >> GET /BookStore/v1/Books HTTP/1.1
14:05:40.158 [Test worker] DEBUG org.apache.http.headers -- >> Content-Type: application/json
14:05:40.158 [Test worker] DEBUG org.apache.http.headers -- >> Accept: */*
14:05:40.158 [Test worker] DEBUG org.apache.http.headers -- >> Host: demoqa.com
14:05:40.158 [Test worker] DEBUG org.apache.http.headers -- >> Connection: Keep-Alive
14:05:40.158 [Test worker] DEBUG org.apache.http.headers -- >> User-Agent: Apache-HttpClient/4.5.13 (Java/11.0.20)
14:05:40.158 [Test worker] DEBUG org.apache.http.headers -- >> Accept-Encoding: gzip,deflate
14:05:40.232 [Test worker] DEBUG org.apache.http.wire --  << "HTTP/1.1 200 OK[\r][\n]"
14:05:40.232 [Test worker] DEBUG org.apache.http.wire --  << "Server: nginx/1.17.10 (Ubuntu)[\r][\n]"
14:05:40.232 [Test worker] DEBUG org.apache.http.wire --  << "Date: Wed, 13 Dec 2023 13:05:41 GMT[\r][\n]"
14:05:40.232 [Test worker] DEBUG org.apache.http.wire --  << "Content-Type: application/json; charset=utf-8[\r][\n]"
14:05:40.232 [Test worker] DEBUG org.apache.http.wire --  << "Content-Length: 4514[\r][\n]"
14:05:40.232 [Test worker] DEBUG org.apache.http.wire --  << "Connection: keep-alive[\r][\n]"
14:05:40.232 [Test worker] DEBUG org.apache.http.wire --  << "X-Powered-By: Express[\r][\n]"
14:05:40.232 [Test worker] DEBUG org.apache.http.wire --  << "ETag: W/"11a2-8zfX++QwcgaCjSU6F8JP9fUd1tY"[\r][\n]"
14:05:40.232 [Test worker] DEBUG org.apache.http.wire --  << "[\r][\n]"
14:05:40.232 [Test worker] DEBUG org.apache.http.impl.conn.DefaultClientConnection -- Receiving response: HTTP/1.1 200 OK
14:05:40.232 [Test worker] DEBUG org.apache.http.headers -- << HTTP/1.1 200 OK
14:05:40.232 [Test worker] DEBUG org.apache.http.headers -- << Server: nginx/1.17.10 (Ubuntu)
14:05:40.232 [Test worker] DEBUG org.apache.http.headers -- << Date: Wed, 13 Dec 2023 13:05:41 GMT
14:05:40.232 [Test worker] DEBUG org.apache.http.headers -- << Content-Type: application/json; charset=utf-8
14:05:40.232 [Test worker] DEBUG org.apache.http.headers -- << Content-Length: 4514
14:05:40.232 [Test worker] DEBUG org.apache.http.headers -- << Connection: keep-alive
14:05:40.232 [Test worker] DEBUG org.apache.http.headers -- << X-Powered-By: Express
14:05:40.232 [Test worker] DEBUG org.apache.http.headers -- << ETag: W/"11a2-8zfX++QwcgaCjSU6F8JP9fUd1tY"
14:05:40.232 [Test worker] DEBUG org.apache.http.impl.client.DefaultHttpClient -- Connection can be kept alive indefinitely
14:05:40.232 [Test worker] DEBUG io.restassured.internal.RestAssuredHttpBuilder -- Parsing response as: application/json; charset=utf-8
14:05:40.232 [Test worker] DEBUG io.restassured.internal.RestAssuredHttpBuilder -- Parsed data to instance of: class org.apache.http.conn.EofSensorInputStream
14:05:40.232 [Test worker] DEBUG org.apache.http.wire --  << "{"books":[{"isbn":"9781449325862","title":"Git Pocket Guide","subTitle":"A Working Introduction","author":"Richard E. Silverman","publish_date":"2020-06-04T08:48:39.000Z","publisher":"O'Reilly Media","pages":234,"description":"This pocket guide is the perfect on-the-job companion to Git, the distributed version control system. It provides a compact, readable introduction to Git for new users, as well as a reference to common commands and procedures for those of you with Git exp","website":"http://chimera.labs.oreilly.com/books/1230000000561/index.html"},{"isbn":"9781449331818","title":"Learning JavaScript Design Patterns","subTitle":"A JavaScript and jQuery Developer's Guide","author":"Addy Osmani","publish_date":"2020-06-04T09:11:40.000Z","publisher":"O'Reilly Media","pages":254,"description":"With Learning JavaScript Design Patterns, you'll learn how to write beautiful, structured, and maintainable JavaScript by applying classical and modern design patterns to the language. If you want to keep your code efficient, more manageable, and up-to-da","website":"http://www.addyosmani.com/resources/essentialjsdesignpatterns/book/"},{"isbn":"9781449337711","title":"Designing Evolvable Web APIs with ASP.NET","subTitle":"Harnessing the Power of the Web","author":"Glenn Block et al.","publish_date":"2020-06-04T09:12:43.000Z","publisher":"O'Reilly Media","pages":238,"description":"Design and build Web APIs for a broad range of clients[0xe2][0x80][0x94]including browsers and mobile devices[0xe2][0x80][0x94]that can adapt to change over time. This practical, hands-on guide takes you through the theory and tools you need to build evolvable HTTP services with Microsoft","website":"http://chimera.labs.oreilly.com/books/1234000001708/index.html"},{"isbn":"9781449365035","title":"Speaking JavaScript","subTitle":"An In-Depth Guide for Programmers","author":"Axel Rauschmayer","publish_date":"2014-02-01T00:00:00.000Z","publisher":"O'Reilly Media","pages":460,"description":"Like it or not, JavaScript is everywhere these days-from browser to server to mobile-and now you, too, need to learn the language or dive deeper than you have. This concise book guides you into and through JavaScript, written by a veteran programmer who o","website":"http://speakingjs.com/"},{"isbn":"9781491904244","title":"You Don't Know JS","subTitle":"ES6 & Beyond","author":"Kyle Simpson","publish_date":"2015-12-27T00:00:00.000Z","publisher":"O'Reilly Media","pages":278,"description":"No matter how much experience you have with JavaScript, odds are you don[0xe2][0x80][0x99]t fully understand the language. As part of the \\\"You Don[0xe2][0x80][0x99]t Know JS\\\" series, this compact guide focuses on new features available in ECMAScript 6 (ES6), the latest version of the st","website":"https://github.com/getify/You-Dont-Know-JS/tree/master/es6%20&%20beyond"},{"isbn":"9781491950296","title":"Programming JavaScript Applications","subTitle":"Robust Web Architecture with Node, HTML5, and Modern JS Libraries","author":"Eric Elliott","publish_date":"2014-07-01T00:00:00.000Z","publisher":"O'Reilly Media","pages":254,"description":"Take advantage of JavaScript's power to build robust web-scale or enterprise applications that are easy to extend and maintain. By applying the design patterns outlined in this practical book, experienced JavaScript developers will learn how to write flex","website":"http://chimera.labs.oreilly.com/books/1234000000262/index.html"},{"isbn":"9781593275846","title":"Eloquent JavaScript, Second Edition","subTitle":"A Modern Introduction to Programming","author":"Marijn Haverbeke","publish_date":"2014-12-14T00:00:00.000Z","publisher":"No Starch Press","pages":472,"description":"JavaScript lies at the heart of almost every modern web application, from social apps to the newest browser-based games. Though simple for beginners to pick up and play with, JavaScript is a flexible, complex language that you can use to build full-scale ","website":"http://eloquentjavascript.net/"},{"isbn":"9781593277574","title":"Understanding ECMAScript 6","subTitle":"The Definitive Guide for JavaScript Developers","author":"Nicholas C. Zakas","publish_date":"2016-09-03T00:00:00.000Z","publisher":"No Starch Press","pages":352,"description":"ECMAScript 6 represents the biggest update to the core of JavaScript in the history of the language. In Understanding ECMAScript 6, expert developer Nicholas C. Zakas provides a complete guide to the object types, syntax, and other exciting changes that E","website":"https://leanpub.com/understandinges6/read"}]}"
14:05:40.233 [Test worker] DEBUG org.apache.http.impl.conn.BasicClientConnectionManager -- Releasing connection org.apache.http.impl.conn.ManagedClientConnectionImpl@733c4651
14:05:40.233 [Test worker] DEBUG org.apache.http.impl.conn.BasicClientConnectionManager -- Connection can be kept alive indefinitely
HTTP/1.1 200 OK
Server: nginx/1.17.10 (Ubuntu)
Date: Wed, 13 Dec 2023 13:05:41 GMT
Content-Type: application/json; charset=utf-8
Content-Length: 4514
Connection: keep-alive
X-Powered-By: Express
ETag: W/"11a2-8zfX++QwcgaCjSU6F8JP9fUd1tY"

{
    "books": [
        {
            "isbn": "9781449325862",
            "title": "Git Pocket Guide",
            "subTitle": "A Working Introduction",
            "author": "Richard E. Silverman",
            "publish_date": "2020-06-04T08:48:39.000Z",
            "publisher": "O'Reilly Media",
            "pages": 234,
            "description": "This pocket guide is the perfect on-the-job companion to Git, the distributed version control system. It provides a compact, readable introduction to Git for new users, as well as a reference to common commands and procedures for those of you with Git exp",
            "website": "http://chimera.labs.oreilly.com/books/1230000000561/index.html"
        },
        {
            "isbn": "9781449331818",
            "title": "Learning JavaScript Design Patterns",
            "subTitle": "A JavaScript and jQuery Developer's Guide",
            "author": "Addy Osmani",
            "publish_date": "2020-06-04T09:11:40.000Z",
            "publisher": "O'Reilly Media",
            "pages": 254,
            "description": "With Learning JavaScript Design Patterns, you'll learn how to write beautiful, structured, and maintainable JavaScript by applying classical and modern design patterns to the language. If you want to keep your code efficient, more manageable, and up-to-da",
            "website": "http://www.addyosmani.com/resources/essentialjsdesignpatterns/book/"
        },
        {
            "isbn": "9781449337711",
            "title": "Designing Evolvable Web APIs with ASP.NET",
            "subTitle": "Harnessing the Power of the Web",
            "author": "Glenn Block et al.",
            "publish_date": "2020-06-04T09:12:43.000Z",
            "publisher": "O'Reilly Media",
            "pages": 238,
            "description": "Design and build Web APIs for a broad range of clients—including browsers and mobile devices—that can adapt to change over time. This practical, hands-on guide takes you through the theory and tools you need to build evolvable HTTP services with Microsoft",
            "website": "http://chimera.labs.oreilly.com/books/1234000001708/index.html"
        },
        {
            "isbn": "9781449365035",
            "title": "Speaking JavaScript",
            "subTitle": "An In-Depth Guide for Programmers",
            "author": "Axel Rauschmayer",
            "publish_date": "2014-02-01T00:00:00.000Z",
            "publisher": "O'Reilly Media",
            "pages": 460,
            "description": "Like it or not, JavaScript is everywhere these days-from browser to server to mobile-and now you, too, need to learn the language or dive deeper than you have. This concise book guides you into and through JavaScript, written by a veteran programmer who o",
            "website": "http://speakingjs.com/"
        },
        {
            "isbn": "9781491904244",
            "title": "You Don't Know JS",
            "subTitle": "ES6 & Beyond",
            "author": "Kyle Simpson",
            "publish_date": "2015-12-27T00:00:00.000Z",
            "publisher": "O'Reilly Media",
            "pages": 278,
            "description": "No matter how much experience you have with JavaScript, odds are you don’t fully understand the language. As part of the \\\"You Don’t Know JS\\\" series, this compact guide focuses on new features available in ECMAScript 6 (ES6), the latest version of the st",
            "website": "https://github.com/getify/You-Dont-Know-JS/tree/master/es6%20&%20beyond"
        },
        {
            "isbn": "9781491950296",
            "title": "Programming JavaScript Applications",
            "subTitle": "Robust Web Architecture with Node, HTML5, and Modern JS Libraries",
            "author": "Eric Elliott",
            "publish_date": "2014-07-01T00:00:00.000Z",
            "publisher": "O'Reilly Media",
            "pages": 254,
            "description": "Take advantage of JavaScript's power to build robust web-scale or enterprise applications that are easy to extend and maintain. By applying the design patterns outlined in this practical book, experienced JavaScript developers will learn how to write flex",
            "website": "http://chimera.labs.oreilly.com/books/1234000000262/index.html"
        },
        {
            "isbn": "9781593275846",
            "title": "Eloquent JavaScript, Second Edition",
            "subTitle": "A Modern Introduction to Programming",
            "author": "Marijn Haverbeke",
            "publish_date": "2014-12-14T00:00:00.000Z",
            "publisher": "No Starch Press",
            "pages": 472,
            "description": "JavaScript lies at the heart of almost every modern web application, from social apps to the newest browser-based games. Though simple for beginners to pick up and play with, JavaScript is a flexible, complex language that you can use to build full-scale ",
            "website": "http://eloquentjavascript.net/"
        },
        {
            "isbn": "9781593277574",
            "title": "Understanding ECMAScript 6",
            "subTitle": "The Definitive Guide for JavaScript Developers",
            "author": "Nicholas C. Zakas",
            "publish_date": "2016-09-03T00:00:00.000Z",
            "publisher": "No Starch Press",
            "pages": 352,
            "description": "ECMAScript 6 represents the biggest update to the core of JavaScript in the history of the language. In Understanding ECMAScript 6, expert developer Nicholas C. Zakas provides a complete guide to the object types, syntax, and other exciting changes that E",
            "website": "https://leanpub.com/understandinges6/read"
        }
    ]
}
14:05:40.264 [Finalizer] DEBUG org.apache.http.impl.conn.DefaultClientConnection -- Connection 0.0.0.0:53242<->176.58.101.124:443 closed
14:05:40.265 [Finalizer] DEBUG org.apache.http.impl.conn.DefaultClientConnection -- Connection 0.0.0.0:53243<->176.58.101.124:443 closed
14:05:40.266 [Finalizer] DEBUG org.apache.http.impl.conn.DefaultClientConnection -- Connection 0.0.0.0:53245<->176.58.101.124:443 closed
14:05:40.266 [Finalizer] DEBUG org.apache.http.impl.conn.DefaultClientConnection -- Connection 0.0.0.0:53244<->176.58.101.124:443 closed
14:05:40.267 [Finalizer] DEBUG org.apache.http.impl.conn.DefaultClientConnection -- Connection 0.0.0.0:53246<->176.58.101.124:443 closed
Request method:	POST
Request URI:	https://demoqa.com/BookStore/v1/Books
Proxy:			<none>
Request params:	<none>
Query params:	<none>
Form params:	<none>
Path params:	<none>
Headers:		Authorization=Bearer eyJhbGciOiJIUzI1NiIsInR5cCI6IkpXVCJ9.eyJ1c2VyTmFtZSI6ImtldmVuLnZldW0iLCJwYXNzd29yZCI6IjEyM1JvbjMyMSYiLCJpYXQiOjE3MDI0NzI3Mzl9.oUUH4NmhaCBKJj12LDlFFlafzT8z3zls79WPZmtCyyo
				Accept=*/*
				Content-Type=application/json
Cookies:		<none>
Multiparts:		<none>
Body:
{
    "userId": "24fa4882-7b56-4bde-aa2c-92621bf7fc29",
    "collectionOfIsbns": [
        {
            "isbn": "9781491950296"
        }
    ]
}
14:05:40.284 [Test worker] DEBUG org.apache.http.impl.conn.BasicClientConnectionManager -- Get connection for route {s}->https://demoqa.com:443
14:05:40.284 [Test worker] DEBUG org.apache.http.impl.conn.DefaultClientConnectionOperator -- Connecting to demoqa.com:443
14:05:40.390 [Finalizer] DEBUG org.apache.http.impl.conn.DefaultClientConnection -- Connection 0.0.0.0:53240<->176.58.101.124:443 closed
14:05:41.643 [Test worker] DEBUG org.apache.http.client.protocol.RequestAddCookies -- CookieSpec selected: ignoreCookies
14:05:41.643 [Test worker] DEBUG org.apache.http.client.protocol.RequestAuthCache -- Auth cache not set in the context
14:05:41.643 [Test worker] DEBUG org.apache.http.client.protocol.RequestProxyAuthentication -- Proxy auth state: UNCHALLENGED
14:05:41.643 [Test worker] DEBUG org.apache.http.impl.client.DefaultHttpClient -- Attempt 1 to execute request
14:05:41.643 [Test worker] DEBUG org.apache.http.impl.conn.DefaultClientConnection -- Sending request: POST /BookStore/v1/Books HTTP/1.1
14:05:41.643 [Test worker] DEBUG org.apache.http.wire --  >> "POST /BookStore/v1/Books HTTP/1.1[\r][\n]"
14:05:41.643 [Test worker] DEBUG org.apache.http.wire --  >> "Authorization: Bearer eyJhbGciOiJIUzI1NiIsInR5cCI6IkpXVCJ9.eyJ1c2VyTmFtZSI6ImtldmVuLnZldW0iLCJwYXNzd29yZCI6IjEyM1JvbjMyMSYiLCJpYXQiOjE3MDI0NzI3Mzl9.oUUH4NmhaCBKJj12LDlFFlafzT8z3zls79WPZmtCyyo[\r][\n]"
14:05:41.643 [Test worker] DEBUG org.apache.http.wire --  >> "Accept: */*[\r][\n]"
14:05:41.643 [Test worker] DEBUG org.apache.http.wire --  >> "Content-Type: application/json[\r][\n]"
14:05:41.643 [Test worker] DEBUG org.apache.http.wire --  >> "Content-Length: 96[\r][\n]"
14:05:41.643 [Test worker] DEBUG org.apache.http.wire --  >> "Host: demoqa.com[\r][\n]"
14:05:41.643 [Test worker] DEBUG org.apache.http.wire --  >> "Connection: Keep-Alive[\r][\n]"
14:05:41.643 [Test worker] DEBUG org.apache.http.wire --  >> "User-Agent: Apache-HttpClient/4.5.13 (Java/11.0.20)[\r][\n]"
14:05:41.643 [Test worker] DEBUG org.apache.http.wire --  >> "Accept-Encoding: gzip,deflate[\r][\n]"
14:05:41.643 [Test worker] DEBUG org.apache.http.wire --  >> "[\r][\n]"
14:05:41.643 [Test worker] DEBUG org.apache.http.headers -- >> POST /BookStore/v1/Books HTTP/1.1
14:05:41.643 [Test worker] DEBUG org.apache.http.headers -- >> Authorization: Bearer eyJhbGciOiJIUzI1NiIsInR5cCI6IkpXVCJ9.eyJ1c2VyTmFtZSI6ImtldmVuLnZldW0iLCJwYXNzd29yZCI6IjEyM1JvbjMyMSYiLCJpYXQiOjE3MDI0NzI3Mzl9.oUUH4NmhaCBKJj12LDlFFlafzT8z3zls79WPZmtCyyo
14:05:41.643 [Test worker] DEBUG org.apache.http.headers -- >> Accept: */*
14:05:41.643 [Test worker] DEBUG org.apache.http.headers -- >> Content-Type: application/json
14:05:41.643 [Test worker] DEBUG org.apache.http.headers -- >> Content-Length: 96
14:05:41.643 [Test worker] DEBUG org.apache.http.headers -- >> Host: demoqa.com
14:05:41.643 [Test worker] DEBUG org.apache.http.headers -- >> Connection: Keep-Alive
14:05:41.643 [Test worker] DEBUG org.apache.http.headers -- >> User-Agent: Apache-HttpClient/4.5.13 (Java/11.0.20)
14:05:41.643 [Test worker] DEBUG org.apache.http.headers -- >> Accept-Encoding: gzip,deflate
14:05:41.643 [Test worker] DEBUG org.apache.http.wire --  >> "{"userId":"24fa4882-7b56-4bde-aa2c-92621bf7fc29","collectionOfIsbns":[{"isbn":"9781491950296"}]}"
14:05:41.764 [Test worker] DEBUG org.apache.http.wire --  << "HTTP/1.1 201 Created[\r][\n]"
14:05:41.764 [Test worker] DEBUG org.apache.http.wire --  << "Server: nginx/1.17.10 (Ubuntu)[\r][\n]"
14:05:41.764 [Test worker] DEBUG org.apache.http.wire --  << "Date: Wed, 13 Dec 2023 13:05:42 GMT[\r][\n]"
14:05:41.764 [Test worker] DEBUG org.apache.http.wire --  << "Content-Type: application/json; charset=utf-8[\r][\n]"
14:05:41.764 [Test worker] DEBUG org.apache.http.wire --  << "Content-Length: 36[\r][\n]"
14:05:41.764 [Test worker] DEBUG org.apache.http.wire --  << "Connection: keep-alive[\r][\n]"
14:05:41.764 [Test worker] DEBUG org.apache.http.wire --  << "X-Powered-By: Express[\r][\n]"
14:05:41.764 [Test worker] DEBUG org.apache.http.wire --  << "ETag: W/"24-QdbQFOPaQVN5QqIdyeYWEdWe/Hk"[\r][\n]"
14:05:41.764 [Test worker] DEBUG org.apache.http.wire --  << "[\r][\n]"
14:05:41.764 [Test worker] DEBUG org.apache.http.impl.conn.DefaultClientConnection -- Receiving response: HTTP/1.1 201 Created
14:05:41.764 [Test worker] DEBUG org.apache.http.headers -- << HTTP/1.1 201 Created
14:05:41.764 [Test worker] DEBUG org.apache.http.headers -- << Server: nginx/1.17.10 (Ubuntu)
14:05:41.764 [Test worker] DEBUG org.apache.http.headers -- << Date: Wed, 13 Dec 2023 13:05:42 GMT
14:05:41.764 [Test worker] DEBUG org.apache.http.headers -- << Content-Type: application/json; charset=utf-8
14:05:41.764 [Test worker] DEBUG org.apache.http.headers -- << Content-Length: 36
14:05:41.764 [Test worker] DEBUG org.apache.http.headers -- << Connection: keep-alive
14:05:41.764 [Test worker] DEBUG org.apache.http.headers -- << X-Powered-By: Express
14:05:41.764 [Test worker] DEBUG org.apache.http.headers -- << ETag: W/"24-QdbQFOPaQVN5QqIdyeYWEdWe/Hk"
14:05:41.764 [Test worker] DEBUG org.apache.http.impl.client.DefaultHttpClient -- Connection can be kept alive indefinitely
14:05:41.764 [Test worker] DEBUG io.restassured.internal.RestAssuredHttpBuilder -- Parsing response as: application/json; charset=utf-8
14:05:41.764 [Test worker] DEBUG io.restassured.internal.RestAssuredHttpBuilder -- Parsed data to instance of: class org.apache.http.conn.EofSensorInputStream
14:05:41.765 [Test worker] DEBUG org.apache.http.wire --  << "{"books":[{"isbn":"9781491950296"}]}"
14:05:41.765 [Test worker] DEBUG org.apache.http.impl.conn.BasicClientConnectionManager -- Releasing connection org.apache.http.impl.conn.ManagedClientConnectionImpl@72388b94
14:05:41.765 [Test worker] DEBUG org.apache.http.impl.conn.BasicClientConnectionManager -- Connection can be kept alive indefinitely
HTTP/1.1 201 Created
Server: nginx/1.17.10 (Ubuntu)
Date: Wed, 13 Dec 2023 13:05:42 GMT
Content-Type: application/json; charset=utf-8
Content-Length: 36
Connection: keep-alive
X-Powered-By: Express
ETag: W/"24-QdbQFOPaQVN5QqIdyeYWEdWe/Hk"

{
    "books": [
        {
            "isbn": "9781491950296"
        }
    ]
}
Request method:	DELETE
Request URI:	https://demoqa.com/BookStore/v1/Book
Proxy:			<none>
Request params:	<none>
Query params:	<none>
Form params:	<none>
Path params:	<none>
Headers:		Authorization=Bearer eyJhbGciOiJIUzI1NiIsInR5cCI6IkpXVCJ9.eyJ1c2VyTmFtZSI6ImtldmVuLnZldW0iLCJwYXNzd29yZCI6IjEyM1JvbjMyMSYiLCJpYXQiOjE3MDI0NzI3Mzl9.oUUH4NmhaCBKJj12LDlFFlafzT8z3zls79WPZmtCyyo
				Accept=*/*
				Content-Type=application/json
Cookies:		<none>
Multiparts:		<none>
Body:
{
    "isbn": "9781491950296",
    "userId": "24fa4882-7b56-4bde-aa2c-92621bf7fc29"
}
14:05:41.791 [Test worker] DEBUG org.apache.http.impl.conn.BasicClientConnectionManager -- Get connection for route {s}->https://demoqa.com:443
14:05:41.791 [Test worker] DEBUG org.apache.http.impl.conn.DefaultClientConnectionOperator -- Connecting to demoqa.com:443
14:05:41.860 [Test worker] DEBUG org.apache.http.client.protocol.RequestAddCookies -- CookieSpec selected: ignoreCookies
14:05:41.860 [Test worker] DEBUG org.apache.http.client.protocol.RequestAuthCache -- Auth cache not set in the context
14:05:41.860 [Test worker] DEBUG org.apache.http.client.protocol.RequestProxyAuthentication -- Proxy auth state: UNCHALLENGED
14:05:41.860 [Test worker] DEBUG org.apache.http.impl.client.DefaultHttpClient -- Attempt 1 to execute request
14:05:41.860 [Test worker] DEBUG org.apache.http.impl.conn.DefaultClientConnection -- Sending request: DELETE /BookStore/v1/Book HTTP/1.1
14:05:41.860 [Test worker] DEBUG org.apache.http.wire --  >> "DELETE /BookStore/v1/Book HTTP/1.1[\r][\n]"
14:05:41.860 [Test worker] DEBUG org.apache.http.wire --  >> "Authorization: Bearer eyJhbGciOiJIUzI1NiIsInR5cCI6IkpXVCJ9.eyJ1c2VyTmFtZSI6ImtldmVuLnZldW0iLCJwYXNzd29yZCI6IjEyM1JvbjMyMSYiLCJpYXQiOjE3MDI0NzI3Mzl9.oUUH4NmhaCBKJj12LDlFFlafzT8z3zls79WPZmtCyyo[\r][\n]"
14:05:41.860 [Test worker] DEBUG org.apache.http.wire --  >> "Accept: */*[\r][\n]"
14:05:41.860 [Test worker] DEBUG org.apache.http.wire --  >> "Content-Type: application/json[\r][\n]"
14:05:41.861 [Test worker] DEBUG org.apache.http.wire --  >> "Content-Length: 72[\r][\n]"
14:05:41.861 [Test worker] DEBUG org.apache.http.wire --  >> "Host: demoqa.com[\r][\n]"
14:05:41.861 [Test worker] DEBUG org.apache.http.wire --  >> "Connection: Keep-Alive[\r][\n]"
14:05:41.861 [Test worker] DEBUG org.apache.http.wire --  >> "User-Agent: Apache-HttpClient/4.5.13 (Java/11.0.20)[\r][\n]"
14:05:41.861 [Test worker] DEBUG org.apache.http.wire --  >> "Accept-Encoding: gzip,deflate[\r][\n]"
14:05:41.861 [Test worker] DEBUG org.apache.http.wire --  >> "[\r][\n]"
14:05:41.861 [Test worker] DEBUG org.apache.http.headers -- >> DELETE /BookStore/v1/Book HTTP/1.1
14:05:41.861 [Test worker] DEBUG org.apache.http.headers -- >> Authorization: Bearer eyJhbGciOiJIUzI1NiIsInR5cCI6IkpXVCJ9.eyJ1c2VyTmFtZSI6ImtldmVuLnZldW0iLCJwYXNzd29yZCI6IjEyM1JvbjMyMSYiLCJpYXQiOjE3MDI0NzI3Mzl9.oUUH4NmhaCBKJj12LDlFFlafzT8z3zls79WPZmtCyyo
14:05:41.861 [Test worker] DEBUG org.apache.http.headers -- >> Accept: */*
14:05:41.861 [Test worker] DEBUG org.apache.http.headers -- >> Content-Type: application/json
14:05:41.861 [Test worker] DEBUG org.apache.http.headers -- >> Content-Length: 72
14:05:41.861 [Test worker] DEBUG org.apache.http.headers -- >> Host: demoqa.com
14:05:41.861 [Test worker] DEBUG org.apache.http.headers -- >> Connection: Keep-Alive
14:05:41.861 [Test worker] DEBUG org.apache.http.headers -- >> User-Agent: Apache-HttpClient/4.5.13 (Java/11.0.20)
14:05:41.861 [Test worker] DEBUG org.apache.http.headers -- >> Accept-Encoding: gzip,deflate
14:05:41.861 [Test worker] DEBUG org.apache.http.wire --  >> "{"isbn":"9781491950296","userId":"24fa4882-7b56-4bde-aa2c-92621bf7fc29"}"
14:05:42.528 [Test worker] DEBUG org.apache.http.wire --  << "HTTP/1.1 204 No Content[\r][\n]"
14:05:42.529 [Test worker] DEBUG org.apache.http.wire --  << "Server: nginx/1.17.10 (Ubuntu)[\r][\n]"
14:05:42.529 [Test worker] DEBUG org.apache.http.wire --  << "Date: Wed, 13 Dec 2023 13:05:43 GMT[\r][\n]"
14:05:42.529 [Test worker] DEBUG org.apache.http.wire --  << "Connection: keep-alive[\r][\n]"
14:05:42.529 [Test worker] DEBUG org.apache.http.wire --  << "X-Powered-By: Express[\r][\n]"
14:05:42.529 [Test worker] DEBUG org.apache.http.wire --  << "ETag: W/"76-+D+iuZAu5nSFC8Gq3+x3w7XxRx0"[\r][\n]"
14:05:42.529 [Test worker] DEBUG org.apache.http.wire --  << "[\r][\n]"
14:05:42.529 [Test worker] DEBUG org.apache.http.impl.conn.DefaultClientConnection -- Receiving response: HTTP/1.1 204 No Content
14:05:42.529 [Test worker] DEBUG org.apache.http.headers -- << HTTP/1.1 204 No Content
14:05:42.529 [Test worker] DEBUG org.apache.http.headers -- << Server: nginx/1.17.10 (Ubuntu)
14:05:42.529 [Test worker] DEBUG org.apache.http.headers -- << Date: Wed, 13 Dec 2023 13:05:43 GMT
14:05:42.529 [Test worker] DEBUG org.apache.http.headers -- << Connection: keep-alive
14:05:42.529 [Test worker] DEBUG org.apache.http.headers -- << X-Powered-By: Express
14:05:42.529 [Test worker] DEBUG org.apache.http.headers -- << ETag: W/"76-+D+iuZAu5nSFC8Gq3+x3w7XxRx0"
14:05:42.529 [Test worker] DEBUG org.apache.http.impl.client.DefaultHttpClient -- Connection can be kept alive indefinitely
14:05:42.529 [Test worker] DEBUG org.apache.http.impl.conn.BasicClientConnectionManager -- Releasing connection org.apache.http.impl.conn.ManagedClientConnectionImpl@14622ee3
14:05:42.529 [Test worker] DEBUG org.apache.http.impl.conn.BasicClientConnectionManager -- Connection can be kept alive indefinitely
HTTP/1.1 204 No Content
Server: nginx/1.17.10 (Ubuntu)
Date: Wed, 13 Dec 2023 13:05:43 GMT
Connection: keep-alive
X-Powered-By: Express
ETag: W/"76-+D+iuZAu5nSFC8Gq3+x3w7XxRx0"
Request method:	POST
Request URI:	https://demoqa.com/Account/v1/User
Proxy:			<none>
Request params:	<none>
Query params:	<none>
Form params:	<none>
Path params:	<none>
Headers:		Accept=*/*
				Content-Type=application/json
Cookies:		<none>
Multiparts:		<none>
Body:
{
    "userName": "roy.orn",
    "password": "123Ron321&"
}
14:05:42.543 [Test worker] DEBUG org.apache.http.impl.conn.BasicClientConnectionManager -- Get connection for route {s}->https://demoqa.com:443
14:05:42.543 [Test worker] DEBUG org.apache.http.impl.conn.DefaultClientConnectionOperator -- Connecting to demoqa.com:443
14:05:45.018 [Test worker] DEBUG org.apache.http.client.protocol.RequestAddCookies -- CookieSpec selected: ignoreCookies
14:05:45.018 [Test worker] DEBUG org.apache.http.client.protocol.RequestAuthCache -- Auth cache not set in the context
14:05:45.018 [Test worker] DEBUG org.apache.http.client.protocol.RequestTargetAuthentication -- Target auth state: UNCHALLENGED
14:05:45.018 [Test worker] DEBUG org.apache.http.client.protocol.RequestProxyAuthentication -- Proxy auth state: UNCHALLENGED
14:05:45.018 [Test worker] DEBUG org.apache.http.impl.client.DefaultHttpClient -- Attempt 1 to execute request
14:05:45.018 [Test worker] DEBUG org.apache.http.impl.conn.DefaultClientConnection -- Sending request: POST /Account/v1/User HTTP/1.1
14:05:45.018 [Test worker] DEBUG org.apache.http.wire --  >> "POST /Account/v1/User HTTP/1.1[\r][\n]"
14:05:45.018 [Test worker] DEBUG org.apache.http.wire --  >> "Accept: */*[\r][\n]"
14:05:45.018 [Test worker] DEBUG org.apache.http.wire --  >> "Content-Type: application/json[\r][\n]"
14:05:45.018 [Test worker] DEBUG org.apache.http.wire --  >> "Content-Length: 46[\r][\n]"
14:05:45.018 [Test worker] DEBUG org.apache.http.wire --  >> "Host: demoqa.com[\r][\n]"
14:05:45.018 [Test worker] DEBUG org.apache.http.wire --  >> "Connection: Keep-Alive[\r][\n]"
14:05:45.018 [Test worker] DEBUG org.apache.http.wire --  >> "User-Agent: Apache-HttpClient/4.5.13 (Java/11.0.20)[\r][\n]"
14:05:45.018 [Test worker] DEBUG org.apache.http.wire --  >> "Accept-Encoding: gzip,deflate[\r][\n]"
14:05:45.018 [Test worker] DEBUG org.apache.http.wire --  >> "[\r][\n]"
14:05:45.018 [Test worker] DEBUG org.apache.http.headers -- >> POST /Account/v1/User HTTP/1.1
14:05:45.018 [Test worker] DEBUG org.apache.http.headers -- >> Accept: */*
14:05:45.018 [Test worker] DEBUG org.apache.http.headers -- >> Content-Type: application/json
14:05:45.018 [Test worker] DEBUG org.apache.http.headers -- >> Content-Length: 46
14:05:45.018 [Test worker] DEBUG org.apache.http.headers -- >> Host: demoqa.com
14:05:45.018 [Test worker] DEBUG org.apache.http.headers -- >> Connection: Keep-Alive
14:05:45.018 [Test worker] DEBUG org.apache.http.headers -- >> User-Agent: Apache-HttpClient/4.5.13 (Java/11.0.20)
14:05:45.018 [Test worker] DEBUG org.apache.http.headers -- >> Accept-Encoding: gzip,deflate
14:05:45.018 [Test worker] DEBUG org.apache.http.wire --  >> "{"userName":"roy.orn","password":"123Ron321&"}"
14:05:45.218 [Test worker] DEBUG org.apache.http.wire --  << "HTTP/1.1 201 Created[\r][\n]"
14:05:45.218 [Test worker] DEBUG org.apache.http.wire --  << "Server: nginx/1.17.10 (Ubuntu)[\r][\n]"
14:05:45.218 [Test worker] DEBUG org.apache.http.wire --  << "Date: Wed, 13 Dec 2023 13:05:46 GMT[\r][\n]"
14:05:45.218 [Test worker] DEBUG org.apache.http.wire --  << "Content-Type: application/json; charset=utf-8[\r][\n]"
14:05:45.218 [Test worker] DEBUG org.apache.http.wire --  << "Content-Length: 81[\r][\n]"
14:05:45.218 [Test worker] DEBUG org.apache.http.wire --  << "Connection: keep-alive[\r][\n]"
14:05:45.218 [Test worker] DEBUG org.apache.http.wire --  << "X-Powered-By: Express[\r][\n]"
14:05:45.218 [Test worker] DEBUG org.apache.http.wire --  << "ETag: W/"51-rbRgBrgVwhu57XxtAAiqb/h0A7s"[\r][\n]"
14:05:45.218 [Test worker] DEBUG org.apache.http.wire --  << "[\r][\n]"
14:05:45.218 [Test worker] DEBUG org.apache.http.impl.conn.DefaultClientConnection -- Receiving response: HTTP/1.1 201 Created
14:05:45.218 [Test worker] DEBUG org.apache.http.headers -- << HTTP/1.1 201 Created
14:05:45.218 [Test worker] DEBUG org.apache.http.headers -- << Server: nginx/1.17.10 (Ubuntu)
14:05:45.218 [Test worker] DEBUG org.apache.http.headers -- << Date: Wed, 13 Dec 2023 13:05:46 GMT
14:05:45.218 [Test worker] DEBUG org.apache.http.headers -- << Content-Type: application/json; charset=utf-8
14:05:45.218 [Test worker] DEBUG org.apache.http.headers -- << Content-Length: 81
14:05:45.218 [Test worker] DEBUG org.apache.http.headers -- << Connection: keep-alive
14:05:45.218 [Test worker] DEBUG org.apache.http.headers -- << X-Powered-By: Express
14:05:45.218 [Test worker] DEBUG org.apache.http.headers -- << ETag: W/"51-rbRgBrgVwhu57XxtAAiqb/h0A7s"
14:05:45.218 [Test worker] DEBUG org.apache.http.impl.client.DefaultHttpClient -- Connection can be kept alive indefinitely
14:05:45.219 [Test worker] DEBUG io.restassured.internal.RestAssuredHttpBuilder -- Parsing response as: application/json; charset=utf-8
14:05:45.219 [Test worker] DEBUG io.restassured.internal.RestAssuredHttpBuilder -- Parsed data to instance of: class org.apache.http.conn.EofSensorInputStream
14:05:45.219 [Test worker] DEBUG org.apache.http.wire --  << "{"userID":"259902da-e556-4fd8-99bc-a37aab34dcf0","username":"roy.orn","books":[]}"
14:05:45.219 [Test worker] DEBUG org.apache.http.impl.conn.BasicClientConnectionManager -- Releasing connection org.apache.http.impl.conn.ManagedClientConnectionImpl@6e65e46b
14:05:45.219 [Test worker] DEBUG org.apache.http.impl.conn.BasicClientConnectionManager -- Connection can be kept alive indefinitely
HTTP/1.1 201 Created
Server: nginx/1.17.10 (Ubuntu)
Date: Wed, 13 Dec 2023 13:05:46 GMT
Content-Type: application/json; charset=utf-8
Content-Length: 81
Connection: keep-alive
X-Powered-By: Express
ETag: W/"51-rbRgBrgVwhu57XxtAAiqb/h0A7s"

{
    "userID": "259902da-e556-4fd8-99bc-a37aab34dcf0",
    "username": "roy.orn",
    "books": [
        
    ]
}
Request method:	POST
Request URI:	https://demoqa.com/Account/v1/GenerateToken
Proxy:			<none>
Request params:	<none>
Query params:	<none>
Form params:	<none>
Path params:	<none>
Headers:		Accept=*/*
				Content-Type=application/json
Cookies:		<none>
Multiparts:		<none>
Body:
{
    "userName": "roy.orn",
    "password": "123Ron321&"
}
14:05:45.240 [Test worker] DEBUG org.apache.http.impl.conn.BasicClientConnectionManager -- Get connection for route {s}->https://demoqa.com:443
14:05:45.240 [Test worker] DEBUG org.apache.http.impl.conn.DefaultClientConnectionOperator -- Connecting to demoqa.com:443
14:05:45.557 [Test worker] DEBUG org.apache.http.client.protocol.RequestAddCookies -- CookieSpec selected: ignoreCookies
14:05:45.557 [Test worker] DEBUG org.apache.http.client.protocol.RequestAuthCache -- Auth cache not set in the context
14:05:45.557 [Test worker] DEBUG org.apache.http.client.protocol.RequestTargetAuthentication -- Target auth state: UNCHALLENGED
14:05:45.557 [Test worker] DEBUG org.apache.http.client.protocol.RequestProxyAuthentication -- Proxy auth state: UNCHALLENGED
14:05:45.557 [Test worker] DEBUG org.apache.http.impl.client.DefaultHttpClient -- Attempt 1 to execute request
14:05:45.557 [Test worker] DEBUG org.apache.http.impl.conn.DefaultClientConnection -- Sending request: POST /Account/v1/GenerateToken HTTP/1.1
14:05:45.557 [Test worker] DEBUG org.apache.http.wire --  >> "POST /Account/v1/GenerateToken HTTP/1.1[\r][\n]"
14:05:45.557 [Test worker] DEBUG org.apache.http.wire --  >> "Accept: */*[\r][\n]"
14:05:45.557 [Test worker] DEBUG org.apache.http.wire --  >> "Content-Type: application/json[\r][\n]"
14:05:45.557 [Test worker] DEBUG org.apache.http.wire --  >> "Content-Length: 46[\r][\n]"
14:05:45.557 [Test worker] DEBUG org.apache.http.wire --  >> "Host: demoqa.com[\r][\n]"
14:05:45.557 [Test worker] DEBUG org.apache.http.wire --  >> "Connection: Keep-Alive[\r][\n]"
14:05:45.557 [Test worker] DEBUG org.apache.http.wire --  >> "User-Agent: Apache-HttpClient/4.5.13 (Java/11.0.20)[\r][\n]"
14:05:45.557 [Test worker] DEBUG org.apache.http.wire --  >> "Accept-Encoding: gzip,deflate[\r][\n]"
14:05:45.557 [Test worker] DEBUG org.apache.http.wire --  >> "[\r][\n]"
14:05:45.557 [Test worker] DEBUG org.apache.http.headers -- >> POST /Account/v1/GenerateToken HTTP/1.1
14:05:45.557 [Test worker] DEBUG org.apache.http.headers -- >> Accept: */*
14:05:45.557 [Test worker] DEBUG org.apache.http.headers -- >> Content-Type: application/json
14:05:45.557 [Test worker] DEBUG org.apache.http.headers -- >> Content-Length: 46
14:05:45.557 [Test worker] DEBUG org.apache.http.headers -- >> Host: demoqa.com
14:05:45.557 [Test worker] DEBUG org.apache.http.headers -- >> Connection: Keep-Alive
14:05:45.557 [Test worker] DEBUG org.apache.http.headers -- >> User-Agent: Apache-HttpClient/4.5.13 (Java/11.0.20)
14:05:45.557 [Test worker] DEBUG org.apache.http.headers -- >> Accept-Encoding: gzip,deflate
14:05:45.557 [Test worker] DEBUG org.apache.http.wire --  >> "{"userName":"roy.orn","password":"123Ron321&"}"
14:05:46.056 [Test worker] DEBUG org.apache.http.wire --  << "HTTP/1.1 200 OK[\r][\n]"
14:05:46.057 [Test worker] DEBUG org.apache.http.wire --  << "Server: nginx/1.17.10 (Ubuntu)[\r][\n]"
14:05:46.057 [Test worker] DEBUG org.apache.http.wire --  << "Date: Wed, 13 Dec 2023 13:05:47 GMT[\r][\n]"
14:05:46.057 [Test worker] DEBUG org.apache.http.wire --  << "Content-Type: application/json; charset=utf-8[\r][\n]"
14:05:46.057 [Test worker] DEBUG org.apache.http.wire --  << "Content-Length: 274[\r][\n]"
14:05:46.057 [Test worker] DEBUG org.apache.http.wire --  << "Connection: keep-alive[\r][\n]"
14:05:46.057 [Test worker] DEBUG org.apache.http.wire --  << "X-Powered-By: Express[\r][\n]"
14:05:46.057 [Test worker] DEBUG org.apache.http.wire --  << "ETag: W/"112-iX/zFGSJlESRCU884e8giS3i7OQ"[\r][\n]"
14:05:46.057 [Test worker] DEBUG org.apache.http.wire --  << "[\r][\n]"
14:05:46.057 [Test worker] DEBUG org.apache.http.impl.conn.DefaultClientConnection -- Receiving response: HTTP/1.1 200 OK
14:05:46.057 [Test worker] DEBUG org.apache.http.headers -- << HTTP/1.1 200 OK
14:05:46.057 [Test worker] DEBUG org.apache.http.headers -- << Server: nginx/1.17.10 (Ubuntu)
14:05:46.057 [Test worker] DEBUG org.apache.http.headers -- << Date: Wed, 13 Dec 2023 13:05:47 GMT
14:05:46.057 [Test worker] DEBUG org.apache.http.headers -- << Content-Type: application/json; charset=utf-8
14:05:46.057 [Test worker] DEBUG org.apache.http.headers -- << Content-Length: 274
14:05:46.057 [Test worker] DEBUG org.apache.http.headers -- << Connection: keep-alive
14:05:46.057 [Test worker] DEBUG org.apache.http.headers -- << X-Powered-By: Express
14:05:46.057 [Test worker] DEBUG org.apache.http.headers -- << ETag: W/"112-iX/zFGSJlESRCU884e8giS3i7OQ"
14:05:46.057 [Test worker] DEBUG org.apache.http.impl.client.DefaultHttpClient -- Connection can be kept alive indefinitely
14:05:46.057 [Test worker] DEBUG io.restassured.internal.RestAssuredHttpBuilder -- Parsing response as: application/json; charset=utf-8
14:05:46.057 [Test worker] DEBUG io.restassured.internal.RestAssuredHttpBuilder -- Parsed data to instance of: class org.apache.http.conn.EofSensorInputStream
14:05:46.058 [Test worker] DEBUG org.apache.http.wire --  << "{"token":"eyJhbGciOiJIUzI1NiIsInR5cCI6IkpXVCJ9.eyJ1c2VyTmFtZSI6InJveS5vcm4iLCJwYXNzd29yZCI6IjEyM1JvbjMyMSYiLCJpYXQiOjE3MDI0NzI3NDZ9.w_7Zv9gg43Og1xO_TdPdbnSNcetDDcFl2gy2VFquWP0","expires":"2023-12-20T13:05:46.856Z","status":"Success","result":"User authorized successfully."}"
14:05:46.058 [Test worker] DEBUG org.apache.http.impl.conn.BasicClientConnectionManager -- Releasing connection org.apache.http.impl.conn.ManagedClientConnectionImpl@66a62319
14:05:46.058 [Test worker] DEBUG org.apache.http.impl.conn.BasicClientConnectionManager -- Connection can be kept alive indefinitely
HTTP/1.1 200 OK
Server: nginx/1.17.10 (Ubuntu)
Date: Wed, 13 Dec 2023 13:05:47 GMT
Content-Type: application/json; charset=utf-8
Content-Length: 274
Connection: keep-alive
X-Powered-By: Express
ETag: W/"112-iX/zFGSJlESRCU884e8giS3i7OQ"

{
    "token": "eyJhbGciOiJIUzI1NiIsInR5cCI6IkpXVCJ9.eyJ1c2VyTmFtZSI6InJveS5vcm4iLCJwYXNzd29yZCI6IjEyM1JvbjMyMSYiLCJpYXQiOjE3MDI0NzI3NDZ9.w_7Zv9gg43Og1xO_TdPdbnSNcetDDcFl2gy2VFquWP0",
    "expires": "2023-12-20T13:05:46.856Z",
    "status": "Success",
    "result": "User authorized successfully."
}
Request method:	DELETE
Request URI:	https://demoqa.com/BookStore/v1/Books?UserId=259902da-e556-4fd8-99bc-a37aab34dcf0
Proxy:			<none>
Request params:	<none>
Query params:	UserId=259902da-e556-4fd8-99bc-a37aab34dcf0
Form params:	<none>
Path params:	<none>
Headers:		Authorization=Bearer eyJhbGciOiJIUzI1NiIsInR5cCI6IkpXVCJ9.eyJ1c2VyTmFtZSI6InJveS5vcm4iLCJwYXNzd29yZCI6IjEyM1JvbjMyMSYiLCJpYXQiOjE3MDI0NzI3NDZ9.w_7Zv9gg43Og1xO_TdPdbnSNcetDDcFl2gy2VFquWP0
				Accept=*/*
				Content-Type=application/json
Cookies:		<none>
Multiparts:		<none>
Body:			<none>
14:05:46.076 [Test worker] DEBUG org.apache.http.impl.conn.BasicClientConnectionManager -- Get connection for route {s}->https://demoqa.com:443
14:05:46.076 [Test worker] DEBUG org.apache.http.impl.conn.DefaultClientConnectionOperator -- Connecting to demoqa.com:443
14:05:46.198 [Test worker] DEBUG org.apache.http.client.protocol.RequestAddCookies -- CookieSpec selected: ignoreCookies
14:05:46.198 [Test worker] DEBUG org.apache.http.client.protocol.RequestAuthCache -- Auth cache not set in the context
14:05:46.198 [Test worker] DEBUG org.apache.http.client.protocol.RequestProxyAuthentication -- Proxy auth state: UNCHALLENGED
14:05:46.198 [Test worker] DEBUG org.apache.http.impl.client.DefaultHttpClient -- Attempt 1 to execute request
14:05:46.198 [Test worker] DEBUG org.apache.http.impl.conn.DefaultClientConnection -- Sending request: DELETE /BookStore/v1/Books?UserId=259902da-e556-4fd8-99bc-a37aab34dcf0 HTTP/1.1
14:05:46.198 [Test worker] DEBUG org.apache.http.wire --  >> "DELETE /BookStore/v1/Books?UserId=259902da-e556-4fd8-99bc-a37aab34dcf0 HTTP/1.1[\r][\n]"
14:05:46.198 [Test worker] DEBUG org.apache.http.wire --  >> "Content-Type: application/json[\r][\n]"
14:05:46.198 [Test worker] DEBUG org.apache.http.wire --  >> "Authorization: Bearer eyJhbGciOiJIUzI1NiIsInR5cCI6IkpXVCJ9.eyJ1c2VyTmFtZSI6InJveS5vcm4iLCJwYXNzd29yZCI6IjEyM1JvbjMyMSYiLCJpYXQiOjE3MDI0NzI3NDZ9.w_7Zv9gg43Og1xO_TdPdbnSNcetDDcFl2gy2VFquWP0[\r][\n]"
14:05:46.198 [Test worker] DEBUG org.apache.http.wire --  >> "Accept: */*[\r][\n]"
14:05:46.198 [Test worker] DEBUG org.apache.http.wire --  >> "Host: demoqa.com[\r][\n]"
14:05:46.198 [Test worker] DEBUG org.apache.http.wire --  >> "Connection: Keep-Alive[\r][\n]"
14:05:46.198 [Test worker] DEBUG org.apache.http.wire --  >> "User-Agent: Apache-HttpClient/4.5.13 (Java/11.0.20)[\r][\n]"
14:05:46.198 [Test worker] DEBUG org.apache.http.wire --  >> "Accept-Encoding: gzip,deflate[\r][\n]"
14:05:46.198 [Test worker] DEBUG org.apache.http.wire --  >> "[\r][\n]"
14:05:46.198 [Test worker] DEBUG org.apache.http.headers -- >> DELETE /BookStore/v1/Books?UserId=259902da-e556-4fd8-99bc-a37aab34dcf0 HTTP/1.1
14:05:46.198 [Test worker] DEBUG org.apache.http.headers -- >> Content-Type: application/json
14:05:46.198 [Test worker] DEBUG org.apache.http.headers -- >> Authorization: Bearer eyJhbGciOiJIUzI1NiIsInR5cCI6IkpXVCJ9.eyJ1c2VyTmFtZSI6InJveS5vcm4iLCJwYXNzd29yZCI6IjEyM1JvbjMyMSYiLCJpYXQiOjE3MDI0NzI3NDZ9.w_7Zv9gg43Og1xO_TdPdbnSNcetDDcFl2gy2VFquWP0
14:05:46.198 [Test worker] DEBUG org.apache.http.headers -- >> Accept: */*
14:05:46.198 [Test worker] DEBUG org.apache.http.headers -- >> Host: demoqa.com
14:05:46.198 [Test worker] DEBUG org.apache.http.headers -- >> Connection: Keep-Alive
14:05:46.198 [Test worker] DEBUG org.apache.http.headers -- >> User-Agent: Apache-HttpClient/4.5.13 (Java/11.0.20)
14:05:46.198 [Test worker] DEBUG org.apache.http.headers -- >> Accept-Encoding: gzip,deflate
14:05:47.263 [Test worker] DEBUG org.apache.http.wire --  << "HTTP/1.1 204 No Content[\r][\n]"
14:05:47.263 [Test worker] DEBUG org.apache.http.wire --  << "Server: nginx/1.17.10 (Ubuntu)[\r][\n]"
14:05:47.263 [Test worker] DEBUG org.apache.http.wire --  << "Date: Wed, 13 Dec 2023 13:05:47 GMT[\r][\n]"
14:05:47.263 [Test worker] DEBUG org.apache.http.wire --  << "Connection: keep-alive[\r][\n]"
14:05:47.263 [Test worker] DEBUG org.apache.http.wire --  << "X-Powered-By: Express[\r][\n]"
14:05:47.263 [Test worker] DEBUG org.apache.http.wire --  << "ETag: W/"44-1mNkCgFWXrysm2bVvAhS6jkBOlQ"[\r][\n]"
14:05:47.263 [Test worker] DEBUG org.apache.http.wire --  << "[\r][\n]"
14:05:47.263 [Test worker] DEBUG org.apache.http.impl.conn.DefaultClientConnection -- Receiving response: HTTP/1.1 204 No Content
14:05:47.263 [Test worker] DEBUG org.apache.http.headers -- << HTTP/1.1 204 No Content
14:05:47.263 [Test worker] DEBUG org.apache.http.headers -- << Server: nginx/1.17.10 (Ubuntu)
14:05:47.263 [Test worker] DEBUG org.apache.http.headers -- << Date: Wed, 13 Dec 2023 13:05:47 GMT
14:05:47.263 [Test worker] DEBUG org.apache.http.headers -- << Connection: keep-alive
14:05:47.263 [Test worker] DEBUG org.apache.http.headers -- << X-Powered-By: Express
14:05:47.263 [Test worker] DEBUG org.apache.http.headers -- << ETag: W/"44-1mNkCgFWXrysm2bVvAhS6jkBOlQ"
14:05:47.265 [Test worker] DEBUG org.apache.http.impl.client.DefaultHttpClient -- Connection can be kept alive indefinitely
14:05:47.265 [Test worker] DEBUG org.apache.http.impl.conn.BasicClientConnectionManager -- Releasing connection org.apache.http.impl.conn.ManagedClientConnectionImpl@680eee50
14:05:47.265 [Test worker] DEBUG org.apache.http.impl.conn.BasicClientConnectionManager -- Connection can be kept alive indefinitely
HTTP/1.1 204 No Content
Server: nginx/1.17.10 (Ubuntu)
Date: Wed, 13 Dec 2023 13:05:47 GMT
Connection: keep-alive
X-Powered-By: Express
ETag: W/"44-1mNkCgFWXrysm2bVvAhS6jkBOlQ"
Request method:	GET
Request URI:	https://demoqa.com/BookStore/v1/Books
Proxy:			<none>
Request params:	<none>
Query params:	<none>
Form params:	<none>
Path params:	<none>
Headers:		Accept=*/*
				Content-Type=application/json
Cookies:		<none>
Multiparts:		<none>
Body:			<none>
14:05:47.269 [Test worker] DEBUG org.apache.http.impl.conn.BasicClientConnectionManager -- Get connection for route {s}->https://demoqa.com:443
14:05:47.269 [Test worker] DEBUG org.apache.http.impl.conn.DefaultClientConnectionOperator -- Connecting to demoqa.com:443
14:05:47.379 [Test worker] DEBUG org.apache.http.client.protocol.RequestAddCookies -- CookieSpec selected: ignoreCookies
14:05:47.379 [Test worker] DEBUG org.apache.http.client.protocol.RequestAuthCache -- Auth cache not set in the context
14:05:47.379 [Test worker] DEBUG org.apache.http.client.protocol.RequestTargetAuthentication -- Target auth state: UNCHALLENGED
14:05:47.379 [Test worker] DEBUG org.apache.http.client.protocol.RequestProxyAuthentication -- Proxy auth state: UNCHALLENGED
14:05:47.379 [Test worker] DEBUG org.apache.http.impl.client.DefaultHttpClient -- Attempt 1 to execute request
14:05:47.379 [Test worker] DEBUG org.apache.http.impl.conn.DefaultClientConnection -- Sending request: GET /BookStore/v1/Books HTTP/1.1
14:05:47.379 [Test worker] DEBUG org.apache.http.wire --  >> "GET /BookStore/v1/Books HTTP/1.1[\r][\n]"
14:05:47.379 [Test worker] DEBUG org.apache.http.wire --  >> "Content-Type: application/json[\r][\n]"
14:05:47.379 [Test worker] DEBUG org.apache.http.wire --  >> "Accept: */*[\r][\n]"
14:05:47.379 [Test worker] DEBUG org.apache.http.wire --  >> "Host: demoqa.com[\r][\n]"
14:05:47.379 [Test worker] DEBUG org.apache.http.wire --  >> "Connection: Keep-Alive[\r][\n]"
14:05:47.379 [Test worker] DEBUG org.apache.http.wire --  >> "User-Agent: Apache-HttpClient/4.5.13 (Java/11.0.20)[\r][\n]"
14:05:47.379 [Test worker] DEBUG org.apache.http.wire --  >> "Accept-Encoding: gzip,deflate[\r][\n]"
14:05:47.379 [Test worker] DEBUG org.apache.http.wire --  >> "[\r][\n]"
14:05:47.379 [Test worker] DEBUG org.apache.http.headers -- >> GET /BookStore/v1/Books HTTP/1.1
14:05:47.379 [Test worker] DEBUG org.apache.http.headers -- >> Content-Type: application/json
14:05:47.379 [Test worker] DEBUG org.apache.http.headers -- >> Accept: */*
14:05:47.379 [Test worker] DEBUG org.apache.http.headers -- >> Host: demoqa.com
14:05:47.379 [Test worker] DEBUG org.apache.http.headers -- >> Connection: Keep-Alive
14:05:47.379 [Test worker] DEBUG org.apache.http.headers -- >> User-Agent: Apache-HttpClient/4.5.13 (Java/11.0.20)
14:05:47.379 [Test worker] DEBUG org.apache.http.headers -- >> Accept-Encoding: gzip,deflate
14:05:47.418 [Test worker] DEBUG org.apache.http.wire --  << "HTTP/1.1 200 OK[\r][\n]"
14:05:47.418 [Test worker] DEBUG org.apache.http.wire --  << "Server: nginx/1.17.10 (Ubuntu)[\r][\n]"
14:05:47.418 [Test worker] DEBUG org.apache.http.wire --  << "Date: Wed, 13 Dec 2023 13:05:48 GMT[\r][\n]"
14:05:47.418 [Test worker] DEBUG org.apache.http.wire --  << "Content-Type: application/json; charset=utf-8[\r][\n]"
14:05:47.418 [Test worker] DEBUG org.apache.http.wire --  << "Content-Length: 4514[\r][\n]"
14:05:47.418 [Test worker] DEBUG org.apache.http.wire --  << "Connection: keep-alive[\r][\n]"
14:05:47.418 [Test worker] DEBUG org.apache.http.wire --  << "X-Powered-By: Express[\r][\n]"
14:05:47.418 [Test worker] DEBUG org.apache.http.wire --  << "ETag: W/"11a2-8zfX++QwcgaCjSU6F8JP9fUd1tY"[\r][\n]"
14:05:47.418 [Test worker] DEBUG org.apache.http.wire --  << "[\r][\n]"
14:05:47.418 [Test worker] DEBUG org.apache.http.impl.conn.DefaultClientConnection -- Receiving response: HTTP/1.1 200 OK
14:05:47.418 [Test worker] DEBUG org.apache.http.headers -- << HTTP/1.1 200 OK
14:05:47.418 [Test worker] DEBUG org.apache.http.headers -- << Server: nginx/1.17.10 (Ubuntu)
14:05:47.418 [Test worker] DEBUG org.apache.http.headers -- << Date: Wed, 13 Dec 2023 13:05:48 GMT
14:05:47.418 [Test worker] DEBUG org.apache.http.headers -- << Content-Type: application/json; charset=utf-8
14:05:47.418 [Test worker] DEBUG org.apache.http.headers -- << Content-Length: 4514
14:05:47.418 [Test worker] DEBUG org.apache.http.headers -- << Connection: keep-alive
14:05:47.418 [Test worker] DEBUG org.apache.http.headers -- << X-Powered-By: Express
14:05:47.418 [Test worker] DEBUG org.apache.http.headers -- << ETag: W/"11a2-8zfX++QwcgaCjSU6F8JP9fUd1tY"
14:05:47.418 [Test worker] DEBUG org.apache.http.impl.client.DefaultHttpClient -- Connection can be kept alive indefinitely
14:05:47.418 [Test worker] DEBUG io.restassured.internal.RestAssuredHttpBuilder -- Parsing response as: application/json; charset=utf-8
14:05:47.418 [Test worker] DEBUG io.restassured.internal.RestAssuredHttpBuilder -- Parsed data to instance of: class org.apache.http.conn.EofSensorInputStream
14:05:47.419 [Test worker] DEBUG org.apache.http.wire --  << "{"books":[{"isbn":"9781449325862","title":"Git Pocket Guide","subTitle":"A Working Introduction","author":"Richard E. Silverman","publish_date":"2020-06-04T08:48:39.000Z","publisher":"O'Reilly Media","pages":234,"description":"This pocket guide is the perfect on-the-job companion to Git, the distributed version control system. It provides a compact, readable introduction to Git for new users, as well as a reference to common commands and procedures for those of you with Git exp","website":"http://chimera.labs.oreilly.com/books/1230000000561/index.html"},{"isbn":"9781449331818","title":"Learning JavaScript Design Patterns","subTitle":"A JavaScript and jQuery Developer's Guide","author":"Addy Osmani","publish_date":"2020-06-04T09:11:40.000Z","publisher":"O'Reilly Media","pages":254,"description":"With Learning JavaScript Design Patterns, you'll learn how to write beautiful, structured, and maintainable JavaScript by applying classical and modern design patterns to the language. If you want to keep your code efficient, more manageable, and up-to-da","website":"http://www.addyosmani.com/resources/essentialjsdesignpatterns/book/"},{"isbn":"9781449337711","title":"Designing Evolvable Web APIs with ASP.NET","subTitle":"Harnessing the Power of the Web","author":"Glenn Block et al.","publish_date":"2020-06-04T09:12:43.000Z","publisher":"O'Reilly Media","pages":238,"description":"Design and build Web APIs for a broad range of clients[0xe2][0x80][0x94]including browsers and mobile devices[0xe2][0x80][0x94]that can adapt to change over time. This practical, hands-on guide takes you through the theory and tools you need to build evolvable HTTP services with Microsoft","website":"http://chimera.labs.oreilly.com/books/1234000001708/index.html"},{"isbn":"9781449365035","title":"Speaking JavaScript","subTitle":"An In-Depth Guide for Programmers","author":"Axel Rauschmayer","publish_date":"2014-02-01T00:00:00.000Z","publisher":"O'Reilly Media","pages":460,"description":"Like it or not, JavaScript is everywhere these days-from browser to server to mobile-and now you, too, need to learn the language or dive deeper than you have. This concise book guides you into and through JavaScript, written by a veteran programmer who o","website":"http://speakingjs.com/"},{"isbn":"9781491904244","title":"You Don't Know JS","subTitle":"ES6 & Beyond","author":"Kyle Simpson","publish_date":"2015-12-27T00:00:00.000Z","publisher":"O'Reilly Media","pages":278,"description":"No matter how much experience you have with JavaScript, odds are you don[0xe2][0x80][0x99]t fully understand the language. As part of the \\\"You Don[0xe2][0x80][0x99]t Know JS\\\" series, this compact guide focuses on new features available in ECMAScript 6 (ES6), the latest version of the st","website":"https://github.com/getify/You-Dont-Know-JS/tree/master/es6%20&%20beyond"},{"isbn":"9781491950296","title":"Programming JavaScript Applications","subTitle":"Robust Web Architecture with Node, HTML5, and Modern JS Libraries","author":"Eric Elliott","publish_date":"2014-07-01T00:00:00.000Z","publisher":"O'Reilly Media","pages":254,"description":"Take advantage of JavaScript's power to build robust web-scale or enterprise applications that are easy to extend and maintain. By applying the design patterns outlined in this practical book, experienced JavaScript developers will learn how to write flex","website":"http://chimera.labs.oreilly.com/books/1234000000262/index.html"},{"isbn":"9781593275846","title":"Eloquent JavaScript, Second Edition","subTitle":"A Modern Introduction to Programming","author":"Marijn Haverbeke","publish_date":"2014-12-14T00:00:00.000Z","publisher":"No Starch Press","pages":472,"description":"JavaScript lies at the heart of almost every modern web application, from social apps to the newest browser-based games. Though simple for beginners to pick up and play with, JavaScript is a flexible, complex language that you can use to build full-scale ","website":"http://eloquentjavascript.net/"},{"isbn":"9781593277574","title":"Understanding ECMAScript 6","subTitle":"The Definitive Guide for JavaScript Developers","author":"Nicholas C. Zakas","publish_date":"2016-09-03T00:00:00.000Z","publisher":"No Starch Press","pages":352,"description":"ECMAScript 6 represents the biggest update to the core of JavaScript in the history of the language. In Understanding ECMAScript 6, expert developer Nicholas C. Zakas provides a complete guide to the object types, syntax, and other exciting changes that E","website":"https://leanpub.com/understandinges6/read"}]}"
14:05:47.419 [Test worker] DEBUG org.apache.http.impl.conn.BasicClientConnectionManager -- Releasing connection org.apache.http.impl.conn.ManagedClientConnectionImpl@3ab833c5
14:05:47.419 [Test worker] DEBUG org.apache.http.impl.conn.BasicClientConnectionManager -- Connection can be kept alive indefinitely
HTTP/1.1 200 OK
Server: nginx/1.17.10 (Ubuntu)
Date: Wed, 13 Dec 2023 13:05:48 GMT
Content-Type: application/json; charset=utf-8
Content-Length: 4514
Connection: keep-alive
X-Powered-By: Express
ETag: W/"11a2-8zfX++QwcgaCjSU6F8JP9fUd1tY"

{
    "books": [
        {
            "isbn": "9781449325862",
            "title": "Git Pocket Guide",
            "subTitle": "A Working Introduction",
            "author": "Richard E. Silverman",
            "publish_date": "2020-06-04T08:48:39.000Z",
            "publisher": "O'Reilly Media",
            "pages": 234,
            "description": "This pocket guide is the perfect on-the-job companion to Git, the distributed version control system. It provides a compact, readable introduction to Git for new users, as well as a reference to common commands and procedures for those of you with Git exp",
            "website": "http://chimera.labs.oreilly.com/books/1230000000561/index.html"
        },
        {
            "isbn": "9781449331818",
            "title": "Learning JavaScript Design Patterns",
            "subTitle": "A JavaScript and jQuery Developer's Guide",
            "author": "Addy Osmani",
            "publish_date": "2020-06-04T09:11:40.000Z",
            "publisher": "O'Reilly Media",
            "pages": 254,
            "description": "With Learning JavaScript Design Patterns, you'll learn how to write beautiful, structured, and maintainable JavaScript by applying classical and modern design patterns to the language. If you want to keep your code efficient, more manageable, and up-to-da",
            "website": "http://www.addyosmani.com/resources/essentialjsdesignpatterns/book/"
        },
        {
            "isbn": "9781449337711",
            "title": "Designing Evolvable Web APIs with ASP.NET",
            "subTitle": "Harnessing the Power of the Web",
            "author": "Glenn Block et al.",
            "publish_date": "2020-06-04T09:12:43.000Z",
            "publisher": "O'Reilly Media",
            "pages": 238,
            "description": "Design and build Web APIs for a broad range of clients—including browsers and mobile devices—that can adapt to change over time. This practical, hands-on guide takes you through the theory and tools you need to build evolvable HTTP services with Microsoft",
            "website": "http://chimera.labs.oreilly.com/books/1234000001708/index.html"
        },
        {
            "isbn": "9781449365035",
            "title": "Speaking JavaScript",
            "subTitle": "An In-Depth Guide for Programmers",
            "author": "Axel Rauschmayer",
            "publish_date": "2014-02-01T00:00:00.000Z",
            "publisher": "O'Reilly Media",
            "pages": 460,
            "description": "Like it or not, JavaScript is everywhere these days-from browser to server to mobile-and now you, too, need to learn the language or dive deeper than you have. This concise book guides you into and through JavaScript, written by a veteran programmer who o",
            "website": "http://speakingjs.com/"
        },
        {
            "isbn": "9781491904244",
            "title": "You Don't Know JS",
            "subTitle": "ES6 & Beyond",
            "author": "Kyle Simpson",
            "publish_date": "2015-12-27T00:00:00.000Z",
            "publisher": "O'Reilly Media",
            "pages": 278,
            "description": "No matter how much experience you have with JavaScript, odds are you don’t fully understand the language. As part of the \\\"You Don’t Know JS\\\" series, this compact guide focuses on new features available in ECMAScript 6 (ES6), the latest version of the st",
            "website": "https://github.com/getify/You-Dont-Know-JS/tree/master/es6%20&%20beyond"
        },
        {
            "isbn": "9781491950296",
            "title": "Programming JavaScript Applications",
            "subTitle": "Robust Web Architecture with Node, HTML5, and Modern JS Libraries",
            "author": "Eric Elliott",
            "publish_date": "2014-07-01T00:00:00.000Z",
            "publisher": "O'Reilly Media",
            "pages": 254,
            "description": "Take advantage of JavaScript's power to build robust web-scale or enterprise applications that are easy to extend and maintain. By applying the design patterns outlined in this practical book, experienced JavaScript developers will learn how to write flex",
            "website": "http://chimera.labs.oreilly.com/books/1234000000262/index.html"
        },
        {
            "isbn": "9781593275846",
            "title": "Eloquent JavaScript, Second Edition",
            "subTitle": "A Modern Introduction to Programming",
            "author": "Marijn Haverbeke",
            "publish_date": "2014-12-14T00:00:00.000Z",
            "publisher": "No Starch Press",
            "pages": 472,
            "description": "JavaScript lies at the heart of almost every modern web application, from social apps to the newest browser-based games. Though simple for beginners to pick up and play with, JavaScript is a flexible, complex language that you can use to build full-scale ",
            "website": "http://eloquentjavascript.net/"
        },
        {
            "isbn": "9781593277574",
            "title": "Understanding ECMAScript 6",
            "subTitle": "The Definitive Guide for JavaScript Developers",
            "author": "Nicholas C. Zakas",
            "publish_date": "2016-09-03T00:00:00.000Z",
            "publisher": "No Starch Press",
            "pages": 352,
            "description": "ECMAScript 6 represents the biggest update to the core of JavaScript in the history of the language. In Understanding ECMAScript 6, expert developer Nicholas C. Zakas provides a complete guide to the object types, syntax, and other exciting changes that E",
            "website": "https://leanpub.com/understandinges6/read"
        }
    ]
}
Request method:	DELETE
Request URI:	https://demoqa.com/BookStore/v1/Book
Proxy:			<none>
Request params:	<none>
Query params:	<none>
Form params:	<none>
Path params:	<none>
Headers:		Authorization=Bearer eyJhbGciOiJIUzI1NiIsInR5cCI6IkpXVCJ9.eyJ1c2VyTmFtZSI6InJveS5vcm4iLCJwYXNzd29yZCI6IjEyM1JvbjMyMSYiLCJpYXQiOjE3MDI0NzI3NDZ9.w_7Zv9gg43Og1xO_TdPdbnSNcetDDcFl2gy2VFquWP0
				Accept=*/*
				Content-Type=application/json
Cookies:		<none>
Multiparts:		<none>
Body:
{
    "isbn": "9781491950296",
    "userId": "259902da-e556-4fd8-99bc-a37aab34dcf0"
}
14:05:47.461 [Test worker] DEBUG org.apache.http.impl.conn.BasicClientConnectionManager -- Get connection for route {s}->https://demoqa.com:443
14:05:47.461 [Test worker] DEBUG org.apache.http.impl.conn.DefaultClientConnectionOperator -- Connecting to demoqa.com:443
14:05:47.632 [Test worker] DEBUG org.apache.http.client.protocol.RequestAddCookies -- CookieSpec selected: ignoreCookies
14:05:47.632 [Test worker] DEBUG org.apache.http.client.protocol.RequestAuthCache -- Auth cache not set in the context
14:05:47.632 [Test worker] DEBUG org.apache.http.client.protocol.RequestProxyAuthentication -- Proxy auth state: UNCHALLENGED
14:05:47.632 [Test worker] DEBUG org.apache.http.impl.client.DefaultHttpClient -- Attempt 1 to execute request
14:05:47.632 [Test worker] DEBUG org.apache.http.impl.conn.DefaultClientConnection -- Sending request: DELETE /BookStore/v1/Book HTTP/1.1
14:05:47.632 [Test worker] DEBUG org.apache.http.wire --  >> "DELETE /BookStore/v1/Book HTTP/1.1[\r][\n]"
14:05:47.632 [Test worker] DEBUG org.apache.http.wire --  >> "Authorization: Bearer eyJhbGciOiJIUzI1NiIsInR5cCI6IkpXVCJ9.eyJ1c2VyTmFtZSI6InJveS5vcm4iLCJwYXNzd29yZCI6IjEyM1JvbjMyMSYiLCJpYXQiOjE3MDI0NzI3NDZ9.w_7Zv9gg43Og1xO_TdPdbnSNcetDDcFl2gy2VFquWP0[\r][\n]"
14:05:47.632 [Test worker] DEBUG org.apache.http.wire --  >> "Accept: */*[\r][\n]"
14:05:47.632 [Test worker] DEBUG org.apache.http.wire --  >> "Content-Type: application/json[\r][\n]"
14:05:47.632 [Test worker] DEBUG org.apache.http.wire --  >> "Content-Length: 72[\r][\n]"
14:05:47.632 [Test worker] DEBUG org.apache.http.wire --  >> "Host: demoqa.com[\r][\n]"
14:05:47.632 [Test worker] DEBUG org.apache.http.wire --  >> "Connection: Keep-Alive[\r][\n]"
14:05:47.632 [Test worker] DEBUG org.apache.http.wire --  >> "User-Agent: Apache-HttpClient/4.5.13 (Java/11.0.20)[\r][\n]"
14:05:47.632 [Test worker] DEBUG org.apache.http.wire --  >> "Accept-Encoding: gzip,deflate[\r][\n]"
14:05:47.632 [Test worker] DEBUG org.apache.http.wire --  >> "[\r][\n]"
14:05:47.632 [Test worker] DEBUG org.apache.http.headers -- >> DELETE /BookStore/v1/Book HTTP/1.1
14:05:47.632 [Test worker] DEBUG org.apache.http.headers -- >> Authorization: Bearer eyJhbGciOiJIUzI1NiIsInR5cCI6IkpXVCJ9.eyJ1c2VyTmFtZSI6InJveS5vcm4iLCJwYXNzd29yZCI6IjEyM1JvbjMyMSYiLCJpYXQiOjE3MDI0NzI3NDZ9.w_7Zv9gg43Og1xO_TdPdbnSNcetDDcFl2gy2VFquWP0
14:05:47.632 [Test worker] DEBUG org.apache.http.headers -- >> Accept: */*
14:05:47.632 [Test worker] DEBUG org.apache.http.headers -- >> Content-Type: application/json
14:05:47.632 [Test worker] DEBUG org.apache.http.headers -- >> Content-Length: 72
14:05:47.632 [Test worker] DEBUG org.apache.http.headers -- >> Host: demoqa.com
14:05:47.632 [Test worker] DEBUG org.apache.http.headers -- >> Connection: Keep-Alive
14:05:47.632 [Test worker] DEBUG org.apache.http.headers -- >> User-Agent: Apache-HttpClient/4.5.13 (Java/11.0.20)
14:05:47.632 [Test worker] DEBUG org.apache.http.headers -- >> Accept-Encoding: gzip,deflate
14:05:47.632 [Test worker] DEBUG org.apache.http.wire --  >> "{"isbn":"9781491950296","userId":"259902da-e556-4fd8-99bc-a37aab34dcf0"}"
14:05:47.806 [Test worker] DEBUG org.apache.http.wire --  << "HTTP/1.1 400 Bad Request[\r][\n]"
14:05:47.806 [Test worker] DEBUG org.apache.http.wire --  << "Server: nginx/1.17.10 (Ubuntu)[\r][\n]"
14:05:47.806 [Test worker] DEBUG org.apache.http.wire --  << "Date: Wed, 13 Dec 2023 13:05:49 GMT[\r][\n]"
14:05:47.806 [Test worker] DEBUG org.apache.http.wire --  << "Content-Type: application/json; charset=utf-8[\r][\n]"
14:05:47.806 [Test worker] DEBUG org.apache.http.wire --  << "Content-Length: 80[\r][\n]"
14:05:47.806 [Test worker] DEBUG org.apache.http.wire --  << "Connection: keep-alive[\r][\n]"
14:05:47.806 [Test worker] DEBUG org.apache.http.wire --  << "X-Powered-By: Express[\r][\n]"
14:05:47.806 [Test worker] DEBUG org.apache.http.wire --  << "ETag: W/"50-zVNoQrFFG7jCwa1ApMkhwufXoo0"[\r][\n]"
14:05:47.806 [Test worker] DEBUG org.apache.http.wire --  << "[\r][\n]"
14:05:47.806 [Test worker] DEBUG org.apache.http.impl.conn.DefaultClientConnection -- Receiving response: HTTP/1.1 400 Bad Request
14:05:47.806 [Test worker] DEBUG org.apache.http.headers -- << HTTP/1.1 400 Bad Request
14:05:47.806 [Test worker] DEBUG org.apache.http.headers -- << Server: nginx/1.17.10 (Ubuntu)
14:05:47.806 [Test worker] DEBUG org.apache.http.headers -- << Date: Wed, 13 Dec 2023 13:05:49 GMT
14:05:47.807 [Test worker] DEBUG org.apache.http.headers -- << Content-Type: application/json; charset=utf-8
14:05:47.807 [Test worker] DEBUG org.apache.http.headers -- << Content-Length: 80
14:05:47.807 [Test worker] DEBUG org.apache.http.headers -- << Connection: keep-alive
14:05:47.807 [Test worker] DEBUG org.apache.http.headers -- << X-Powered-By: Express
14:05:47.807 [Test worker] DEBUG org.apache.http.headers -- << ETag: W/"50-zVNoQrFFG7jCwa1ApMkhwufXoo0"
14:05:47.807 [Test worker] DEBUG org.apache.http.impl.client.DefaultHttpClient -- Connection can be kept alive indefinitely
14:05:47.807 [Test worker] DEBUG io.restassured.internal.RestAssuredHttpBuilder -- Parsing response as: application/json; charset=utf-8
14:05:47.807 [Test worker] DEBUG io.restassured.internal.RestAssuredHttpBuilder -- Parsed data to instance of: class org.apache.http.conn.EofSensorInputStream
14:05:47.807 [Test worker] DEBUG org.apache.http.wire --  << "{"code":"1206","message":"ISBN supplied is not available in User's Collection!"}"
14:05:47.807 [Test worker] DEBUG org.apache.http.impl.conn.BasicClientConnectionManager -- Releasing connection org.apache.http.impl.conn.ManagedClientConnectionImpl@782d2e29
14:05:47.807 [Test worker] DEBUG org.apache.http.impl.conn.BasicClientConnectionManager -- Connection can be kept alive indefinitely
HTTP/1.1 400 Bad Request
Server: nginx/1.17.10 (Ubuntu)
Date: Wed, 13 Dec 2023 13:05:49 GMT
Content-Type: application/json; charset=utf-8
Content-Length: 80
Connection: keep-alive
X-Powered-By: Express
ETag: W/"50-zVNoQrFFG7jCwa1ApMkhwufXoo0"

{
    "code": "1206",
    "message": "ISBN supplied is not available in User's Collection!"
}
Request method:	POST
Request URI:	https://demoqa.com/Account/v1/User
Proxy:			<none>
Request params:	<none>
Query params:	<none>
Form params:	<none>
Path params:	<none>
Headers:		Accept=*/*
				Content-Type=application/json
Cookies:		<none>
Multiparts:		<none>
Body:
{
    "userName": "delmer.turcotte",
    "password": "123Ron321&"
}
14:05:47.834 [Test worker] DEBUG org.apache.http.impl.conn.BasicClientConnectionManager -- Get connection for route {s}->https://demoqa.com:443
14:05:47.834 [Test worker] DEBUG org.apache.http.impl.conn.DefaultClientConnectionOperator -- Connecting to demoqa.com:443
14:05:48.894 [Test worker] DEBUG org.apache.http.client.protocol.RequestAddCookies -- CookieSpec selected: ignoreCookies
14:05:48.894 [Test worker] DEBUG org.apache.http.client.protocol.RequestAuthCache -- Auth cache not set in the context
14:05:48.894 [Test worker] DEBUG org.apache.http.client.protocol.RequestTargetAuthentication -- Target auth state: UNCHALLENGED
14:05:48.894 [Test worker] DEBUG org.apache.http.client.protocol.RequestProxyAuthentication -- Proxy auth state: UNCHALLENGED
14:05:48.894 [Test worker] DEBUG org.apache.http.impl.client.DefaultHttpClient -- Attempt 1 to execute request
14:05:48.894 [Test worker] DEBUG org.apache.http.impl.conn.DefaultClientConnection -- Sending request: POST /Account/v1/User HTTP/1.1
14:05:48.894 [Test worker] DEBUG org.apache.http.wire --  >> "POST /Account/v1/User HTTP/1.1[\r][\n]"
14:05:48.894 [Test worker] DEBUG org.apache.http.wire --  >> "Accept: */*[\r][\n]"
14:05:48.894 [Test worker] DEBUG org.apache.http.wire --  >> "Content-Type: application/json[\r][\n]"
14:05:48.894 [Test worker] DEBUG org.apache.http.wire --  >> "Content-Length: 54[\r][\n]"
14:05:48.894 [Test worker] DEBUG org.apache.http.wire --  >> "Host: demoqa.com[\r][\n]"
14:05:48.894 [Test worker] DEBUG org.apache.http.wire --  >> "Connection: Keep-Alive[\r][\n]"
14:05:48.894 [Test worker] DEBUG org.apache.http.wire --  >> "User-Agent: Apache-HttpClient/4.5.13 (Java/11.0.20)[\r][\n]"
14:05:48.894 [Test worker] DEBUG org.apache.http.wire --  >> "Accept-Encoding: gzip,deflate[\r][\n]"
14:05:48.894 [Test worker] DEBUG org.apache.http.wire --  >> "[\r][\n]"
14:05:48.894 [Test worker] DEBUG org.apache.http.headers -- >> POST /Account/v1/User HTTP/1.1
14:05:48.894 [Test worker] DEBUG org.apache.http.headers -- >> Accept: */*
14:05:48.894 [Test worker] DEBUG org.apache.http.headers -- >> Content-Type: application/json
14:05:48.894 [Test worker] DEBUG org.apache.http.headers -- >> Content-Length: 54
14:05:48.894 [Test worker] DEBUG org.apache.http.headers -- >> Host: demoqa.com
14:05:48.894 [Test worker] DEBUG org.apache.http.headers -- >> Connection: Keep-Alive
14:05:48.894 [Test worker] DEBUG org.apache.http.headers -- >> User-Agent: Apache-HttpClient/4.5.13 (Java/11.0.20)
14:05:48.894 [Test worker] DEBUG org.apache.http.headers -- >> Accept-Encoding: gzip,deflate
14:05:48.894 [Test worker] DEBUG org.apache.http.wire --  >> "{"userName":"delmer.turcotte","password":"123Ron321&"}"
14:05:50.943 [Test worker] DEBUG org.apache.http.wire --  << "HTTP/1.1 201 Created[\r][\n]"
14:05:50.944 [Test worker] DEBUG org.apache.http.wire --  << "Server: nginx/1.17.10 (Ubuntu)[\r][\n]"
14:05:50.944 [Test worker] DEBUG org.apache.http.wire --  << "Date: Wed, 13 Dec 2023 13:05:50 GMT[\r][\n]"
14:05:50.944 [Test worker] DEBUG org.apache.http.wire --  << "Content-Type: application/json; charset=utf-8[\r][\n]"
14:05:50.944 [Test worker] DEBUG org.apache.http.wire --  << "Content-Length: 89[\r][\n]"
14:05:50.944 [Test worker] DEBUG org.apache.http.wire --  << "Connection: keep-alive[\r][\n]"
14:05:50.944 [Test worker] DEBUG org.apache.http.wire --  << "X-Powered-By: Express[\r][\n]"
14:05:50.944 [Test worker] DEBUG org.apache.http.wire --  << "ETag: W/"59-UogXSLZayzTS9x4tHta1a3INKJY"[\r][\n]"
14:05:50.944 [Test worker] DEBUG org.apache.http.wire --  << "[\r][\n]"
14:05:50.944 [Test worker] DEBUG org.apache.http.impl.conn.DefaultClientConnection -- Receiving response: HTTP/1.1 201 Created
14:05:50.944 [Test worker] DEBUG org.apache.http.headers -- << HTTP/1.1 201 Created
14:05:50.944 [Test worker] DEBUG org.apache.http.headers -- << Server: nginx/1.17.10 (Ubuntu)
14:05:50.944 [Test worker] DEBUG org.apache.http.headers -- << Date: Wed, 13 Dec 2023 13:05:50 GMT
14:05:50.944 [Test worker] DEBUG org.apache.http.headers -- << Content-Type: application/json; charset=utf-8
14:05:50.944 [Test worker] DEBUG org.apache.http.headers -- << Content-Length: 89
14:05:50.944 [Test worker] DEBUG org.apache.http.headers -- << Connection: keep-alive
14:05:50.944 [Test worker] DEBUG org.apache.http.headers -- << X-Powered-By: Express
14:05:50.944 [Test worker] DEBUG org.apache.http.headers -- << ETag: W/"59-UogXSLZayzTS9x4tHta1a3INKJY"
14:05:50.944 [Test worker] DEBUG org.apache.http.impl.client.DefaultHttpClient -- Connection can be kept alive indefinitely
14:05:50.944 [Test worker] DEBUG io.restassured.internal.RestAssuredHttpBuilder -- Parsing response as: application/json; charset=utf-8
14:05:50.944 [Test worker] DEBUG io.restassured.internal.RestAssuredHttpBuilder -- Parsed data to instance of: class org.apache.http.conn.EofSensorInputStream
14:05:50.944 [Test worker] DEBUG org.apache.http.wire --  << "{"userID":"22c83f35-ce03-479f-a13e-c3d87941159d","username":"delmer.turcotte","books":[]}"
14:05:50.944 [Test worker] DEBUG org.apache.http.impl.conn.BasicClientConnectionManager -- Releasing connection org.apache.http.impl.conn.ManagedClientConnectionImpl@30e1be80
14:05:50.944 [Test worker] DEBUG org.apache.http.impl.conn.BasicClientConnectionManager -- Connection can be kept alive indefinitely
HTTP/1.1 201 Created
Server: nginx/1.17.10 (Ubuntu)
Date: Wed, 13 Dec 2023 13:05:50 GMT
Content-Type: application/json; charset=utf-8
Content-Length: 89
Connection: keep-alive
X-Powered-By: Express
ETag: W/"59-UogXSLZayzTS9x4tHta1a3INKJY"

{
    "userID": "22c83f35-ce03-479f-a13e-c3d87941159d",
    "username": "delmer.turcotte",
    "books": [
        
    ]
}
14:05:50.960 [Finalizer] DEBUG org.apache.http.impl.conn.DefaultClientConnection -- Connection 0.0.0.0:53258<->176.58.101.124:443 closed
14:05:50.960 [Finalizer] DEBUG org.apache.http.impl.conn.DefaultClientConnection -- Connection 0.0.0.0:53247<->176.58.101.124:443 closed
14:05:50.960 [Finalizer] DEBUG org.apache.http.impl.conn.DefaultClientConnection -- Connection 0.0.0.0:53257<->176.58.101.124:443 closed
14:05:50.961 [Finalizer] DEBUG org.apache.http.impl.conn.DefaultClientConnection -- Connection 0.0.0.0:53256<->176.58.101.124:443 closed
14:05:50.961 [Finalizer] DEBUG org.apache.http.impl.conn.DefaultClientConnection -- Connection 0.0.0.0:53254<->176.58.101.124:443 closed
14:05:50.962 [Finalizer] DEBUG org.apache.http.impl.conn.DefaultClientConnection -- Connection 0.0.0.0:53255<->176.58.101.124:443 closed
14:05:50.962 [Finalizer] DEBUG org.apache.http.impl.conn.DefaultClientConnection -- Connection 0.0.0.0:53252<->176.58.101.124:443 closed
14:05:50.962 [Finalizer] DEBUG org.apache.http.impl.conn.DefaultClientConnection -- Connection 0.0.0.0:53253<->176.58.101.124:443 closed
Request method:	POST
Request URI:	https://demoqa.com/Account/v1/GenerateToken
Proxy:			<none>
Request params:	<none>
Query params:	<none>
Form params:	<none>
Path params:	<none>
Headers:		Accept=*/*
				Content-Type=application/json
Cookies:		<none>
Multiparts:		<none>
Body:
{
    "userName": "delmer.turcotte",
    "password": "11111"
}
14:05:50.967 [Test worker] DEBUG org.apache.http.impl.conn.BasicClientConnectionManager -- Get connection for route {s}->https://demoqa.com:443
14:05:50.967 [Test worker] DEBUG org.apache.http.impl.conn.DefaultClientConnectionOperator -- Connecting to demoqa.com:443
14:05:51.079 [Test worker] DEBUG org.apache.http.client.protocol.RequestAddCookies -- CookieSpec selected: ignoreCookies
14:05:51.079 [Test worker] DEBUG org.apache.http.client.protocol.RequestAuthCache -- Auth cache not set in the context
14:05:51.079 [Test worker] DEBUG org.apache.http.client.protocol.RequestTargetAuthentication -- Target auth state: UNCHALLENGED
14:05:51.079 [Test worker] DEBUG org.apache.http.client.protocol.RequestProxyAuthentication -- Proxy auth state: UNCHALLENGED
14:05:51.079 [Test worker] DEBUG org.apache.http.impl.client.DefaultHttpClient -- Attempt 1 to execute request
14:05:51.079 [Test worker] DEBUG org.apache.http.impl.conn.DefaultClientConnection -- Sending request: POST /Account/v1/GenerateToken HTTP/1.1
14:05:51.079 [Test worker] DEBUG org.apache.http.wire --  >> "POST /Account/v1/GenerateToken HTTP/1.1[\r][\n]"
14:05:51.079 [Test worker] DEBUG org.apache.http.wire --  >> "Accept: */*[\r][\n]"
14:05:51.079 [Test worker] DEBUG org.apache.http.wire --  >> "Content-Type: application/json[\r][\n]"
14:05:51.079 [Test worker] DEBUG org.apache.http.wire --  >> "Content-Length: 49[\r][\n]"
14:05:51.079 [Test worker] DEBUG org.apache.http.wire --  >> "Host: demoqa.com[\r][\n]"
14:05:51.079 [Test worker] DEBUG org.apache.http.wire --  >> "Connection: Keep-Alive[\r][\n]"
14:05:51.079 [Test worker] DEBUG org.apache.http.wire --  >> "User-Agent: Apache-HttpClient/4.5.13 (Java/11.0.20)[\r][\n]"
14:05:51.079 [Test worker] DEBUG org.apache.http.wire --  >> "Accept-Encoding: gzip,deflate[\r][\n]"
14:05:51.079 [Test worker] DEBUG org.apache.http.wire --  >> "[\r][\n]"
14:05:51.079 [Test worker] DEBUG org.apache.http.headers -- >> POST /Account/v1/GenerateToken HTTP/1.1
14:05:51.079 [Test worker] DEBUG org.apache.http.headers -- >> Accept: */*
14:05:51.079 [Test worker] DEBUG org.apache.http.headers -- >> Content-Type: application/json
14:05:51.079 [Test worker] DEBUG org.apache.http.headers -- >> Content-Length: 49
14:05:51.079 [Test worker] DEBUG org.apache.http.headers -- >> Host: demoqa.com
14:05:51.080 [Test worker] DEBUG org.apache.http.headers -- >> Connection: Keep-Alive
14:05:51.080 [Test worker] DEBUG org.apache.http.headers -- >> User-Agent: Apache-HttpClient/4.5.13 (Java/11.0.20)
14:05:51.080 [Test worker] DEBUG org.apache.http.headers -- >> Accept-Encoding: gzip,deflate
14:05:51.080 [Test worker] DEBUG org.apache.http.wire --  >> "{"userName":"delmer.turcotte","password":"11111"}"
14:05:51.423 [Test worker] DEBUG org.apache.http.wire --  << "HTTP/1.1 200 OK[\r][\n]"
14:05:51.423 [Test worker] DEBUG org.apache.http.wire --  << "Server: nginx/1.17.10 (Ubuntu)[\r][\n]"
14:05:51.423 [Test worker] DEBUG org.apache.http.wire --  << "Date: Wed, 13 Dec 2023 13:05:52 GMT[\r][\n]"
14:05:51.423 [Test worker] DEBUG org.apache.http.wire --  << "Content-Type: application/json; charset=utf-8[\r][\n]"
14:05:51.423 [Test worker] DEBUG org.apache.http.wire --  << "Content-Length: 85[\r][\n]"
14:05:51.423 [Test worker] DEBUG org.apache.http.wire --  << "Connection: keep-alive[\r][\n]"
14:05:51.423 [Test worker] DEBUG org.apache.http.wire --  << "X-Powered-By: Express[\r][\n]"
14:05:51.423 [Test worker] DEBUG org.apache.http.wire --  << "ETag: W/"55-uDqoBYBzbvMfwcbBiE9kdrLOtHY"[\r][\n]"
14:05:51.423 [Test worker] DEBUG org.apache.http.wire --  << "[\r][\n]"
14:05:51.423 [Test worker] DEBUG org.apache.http.impl.conn.DefaultClientConnection -- Receiving response: HTTP/1.1 200 OK
14:05:51.423 [Test worker] DEBUG org.apache.http.headers -- << HTTP/1.1 200 OK
14:05:51.423 [Test worker] DEBUG org.apache.http.headers -- << Server: nginx/1.17.10 (Ubuntu)
14:05:51.423 [Test worker] DEBUG org.apache.http.headers -- << Date: Wed, 13 Dec 2023 13:05:52 GMT
14:05:51.423 [Test worker] DEBUG org.apache.http.headers -- << Content-Type: application/json; charset=utf-8
14:05:51.423 [Test worker] DEBUG org.apache.http.headers -- << Content-Length: 85
14:05:51.423 [Test worker] DEBUG org.apache.http.headers -- << Connection: keep-alive
14:05:51.423 [Test worker] DEBUG org.apache.http.headers -- << X-Powered-By: Express
14:05:51.423 [Test worker] DEBUG org.apache.http.headers -- << ETag: W/"55-uDqoBYBzbvMfwcbBiE9kdrLOtHY"
14:05:51.423 [Test worker] DEBUG org.apache.http.impl.client.DefaultHttpClient -- Connection can be kept alive indefinitely
14:05:51.423 [Test worker] DEBUG io.restassured.internal.RestAssuredHttpBuilder -- Parsing response as: application/json; charset=utf-8
14:05:51.423 [Test worker] DEBUG io.restassured.internal.RestAssuredHttpBuilder -- Parsed data to instance of: class org.apache.http.conn.EofSensorInputStream
14:05:51.423 [Test worker] DEBUG org.apache.http.wire --  << "{"token":null,"expires":null,"status":"Failed","result":"User authorization failed."}"
14:05:51.424 [Test worker] DEBUG org.apache.http.impl.conn.BasicClientConnectionManager -- Releasing connection org.apache.http.impl.conn.ManagedClientConnectionImpl@175a6f00
14:05:51.424 [Test worker] DEBUG org.apache.http.impl.conn.BasicClientConnectionManager -- Connection can be kept alive indefinitely
HTTP/1.1 200 OK
Server: nginx/1.17.10 (Ubuntu)
Date: Wed, 13 Dec 2023 13:05:52 GMT
Content-Type: application/json; charset=utf-8
Content-Length: 85
Connection: keep-alive
X-Powered-By: Express
ETag: W/"55-uDqoBYBzbvMfwcbBiE9kdrLOtHY"

{
    "token": null,
    "expires": null,
    "status": "Failed",
    "result": "User authorization failed."
}
14:05:51.436 [Finalizer] DEBUG org.apache.http.impl.conn.DefaultClientConnection -- Connection 0.0.0.0:53259<->176.58.101.124:443 closed
Request method:	GET
Request URI:	https://demoqa.com/BookStore/v1/Books
Proxy:			<none>
Request params:	<none>
Query params:	<none>
Form params:	<none>
Path params:	<none>
Headers:		Accept=*/*
				Content-Type=application/json
Cookies:		<none>
Multiparts:		<none>
Body:			<none>
14:05:51.440 [Test worker] DEBUG org.apache.http.impl.conn.BasicClientConnectionManager -- Get connection for route {s}->https://demoqa.com:443
14:05:51.440 [Test worker] DEBUG org.apache.http.impl.conn.DefaultClientConnectionOperator -- Connecting to demoqa.com:443
14:05:51.496 [Test worker] DEBUG org.apache.http.client.protocol.RequestAddCookies -- CookieSpec selected: ignoreCookies
14:05:51.496 [Test worker] DEBUG org.apache.http.client.protocol.RequestAuthCache -- Auth cache not set in the context
14:05:51.496 [Test worker] DEBUG org.apache.http.client.protocol.RequestTargetAuthentication -- Target auth state: UNCHALLENGED
14:05:51.496 [Test worker] DEBUG org.apache.http.client.protocol.RequestProxyAuthentication -- Proxy auth state: UNCHALLENGED
14:05:51.496 [Test worker] DEBUG org.apache.http.impl.client.DefaultHttpClient -- Attempt 1 to execute request
14:05:51.496 [Test worker] DEBUG org.apache.http.impl.conn.DefaultClientConnection -- Sending request: GET /BookStore/v1/Books HTTP/1.1
14:05:51.496 [Test worker] DEBUG org.apache.http.wire --  >> "GET /BookStore/v1/Books HTTP/1.1[\r][\n]"
14:05:51.496 [Test worker] DEBUG org.apache.http.wire --  >> "Content-Type: application/json[\r][\n]"
14:05:51.496 [Test worker] DEBUG org.apache.http.wire --  >> "Accept: */*[\r][\n]"
14:05:51.496 [Test worker] DEBUG org.apache.http.wire --  >> "Host: demoqa.com[\r][\n]"
14:05:51.496 [Test worker] DEBUG org.apache.http.wire --  >> "Connection: Keep-Alive[\r][\n]"
14:05:51.496 [Test worker] DEBUG org.apache.http.wire --  >> "User-Agent: Apache-HttpClient/4.5.13 (Java/11.0.20)[\r][\n]"
14:05:51.496 [Test worker] DEBUG org.apache.http.wire --  >> "Accept-Encoding: gzip,deflate[\r][\n]"
14:05:51.496 [Test worker] DEBUG org.apache.http.wire --  >> "[\r][\n]"
14:05:51.496 [Test worker] DEBUG org.apache.http.headers -- >> GET /BookStore/v1/Books HTTP/1.1
14:05:51.496 [Test worker] DEBUG org.apache.http.headers -- >> Content-Type: application/json
14:05:51.496 [Test worker] DEBUG org.apache.http.headers -- >> Accept: */*
14:05:51.496 [Test worker] DEBUG org.apache.http.headers -- >> Host: demoqa.com
14:05:51.496 [Test worker] DEBUG org.apache.http.headers -- >> Connection: Keep-Alive
14:05:51.496 [Test worker] DEBUG org.apache.http.headers -- >> User-Agent: Apache-HttpClient/4.5.13 (Java/11.0.20)
14:05:51.496 [Test worker] DEBUG org.apache.http.headers -- >> Accept-Encoding: gzip,deflate
14:05:51.804 [Test worker] DEBUG org.apache.http.wire --  << "HTTP/1.1 200 OK[\r][\n]"
14:05:51.804 [Test worker] DEBUG org.apache.http.wire --  << "Server: nginx/1.17.10 (Ubuntu)[\r][\n]"
14:05:51.804 [Test worker] DEBUG org.apache.http.wire --  << "Date: Wed, 13 Dec 2023 13:05:52 GMT[\r][\n]"
14:05:51.804 [Test worker] DEBUG org.apache.http.wire --  << "Content-Type: application/json; charset=utf-8[\r][\n]"
14:05:51.804 [Test worker] DEBUG org.apache.http.wire --  << "Content-Length: 4514[\r][\n]"
14:05:51.804 [Test worker] DEBUG org.apache.http.wire --  << "Connection: keep-alive[\r][\n]"
14:05:51.804 [Test worker] DEBUG org.apache.http.wire --  << "X-Powered-By: Express[\r][\n]"
14:05:51.804 [Test worker] DEBUG org.apache.http.wire --  << "ETag: W/"11a2-8zfX++QwcgaCjSU6F8JP9fUd1tY"[\r][\n]"
14:05:51.804 [Test worker] DEBUG org.apache.http.wire --  << "[\r][\n]"
14:05:51.804 [Test worker] DEBUG org.apache.http.impl.conn.DefaultClientConnection -- Receiving response: HTTP/1.1 200 OK
14:05:51.804 [Test worker] DEBUG org.apache.http.headers -- << HTTP/1.1 200 OK
14:05:51.804 [Test worker] DEBUG org.apache.http.headers -- << Server: nginx/1.17.10 (Ubuntu)
14:05:51.804 [Test worker] DEBUG org.apache.http.headers -- << Date: Wed, 13 Dec 2023 13:05:52 GMT
14:05:51.804 [Test worker] DEBUG org.apache.http.headers -- << Content-Type: application/json; charset=utf-8
14:05:51.804 [Test worker] DEBUG org.apache.http.headers -- << Content-Length: 4514
14:05:51.804 [Test worker] DEBUG org.apache.http.headers -- << Connection: keep-alive
14:05:51.804 [Test worker] DEBUG org.apache.http.headers -- << X-Powered-By: Express
14:05:51.804 [Test worker] DEBUG org.apache.http.headers -- << ETag: W/"11a2-8zfX++QwcgaCjSU6F8JP9fUd1tY"
14:05:51.804 [Test worker] DEBUG org.apache.http.impl.client.DefaultHttpClient -- Connection can be kept alive indefinitely
14:05:51.804 [Test worker] DEBUG io.restassured.internal.RestAssuredHttpBuilder -- Parsing response as: application/json; charset=utf-8
14:05:51.804 [Test worker] DEBUG io.restassured.internal.RestAssuredHttpBuilder -- Parsed data to instance of: class org.apache.http.conn.EofSensorInputStream
14:05:51.804 [Test worker] DEBUG org.apache.http.wire --  << "{"books":[{"isbn":"9781449325862","title":"Git Pocket Guide","subTitle":"A Working Introduction","author":"Richard E. Silverman","publish_date":"2020-06-04T08:48:39.000Z","publisher":"O'Reilly Media","pages":234,"description":"This pocket guide is the perfect on-the-job companion to Git, the distributed version control system. It provides a compact, readable introduction to Git for new users, as well as a reference to common commands and procedures for those of you with Git exp","website":"http://chimera.labs.oreilly.com/books/1230000000561/index.html"},{"isbn":"9781449331818","title":"Learning JavaScript Design Patterns","subTitle":"A JavaScript and jQuery Developer's Guide","author":"Addy Osmani","publish_date":"2020-06-04T09:11:40.000Z","publisher":"O'Reilly Media","pages":254,"description":"With Learning JavaScript Design Patterns, you'll learn how to write beautiful, structured, and maintainable JavaScript by applying classical and modern design patterns to the language. If you want to keep your code efficient, more manageable, and up-to-da","website":"http://www.addyosmani.com/resources/essentialjsdesignpatterns/book/"},{"isbn":"9781449337711","title":"Designing Evolvable Web APIs with ASP.NET","subTitle":"Harnessing the Power of the Web","author":"Glenn Block et al.","publish_date":"2020-06-04T09:12:43.000Z","publisher":"O'Reilly Media","pages":238,"description":"Design and build Web APIs for a broad range of clients[0xe2][0x80][0x94]including browsers and mobile devices[0xe2][0x80][0x94]that can adapt to change over time. This practical, hands-on guide takes you through the theory and tools you need to build evolvable HTTP services with Microsoft","website":"http://chimera.labs.oreilly.com/books/1234000001708/index.html"},{"isbn":"9781449365035","title":"Speaking JavaScript","subTitle":"An In-Depth Guide for Programmers","author":"Axel Rauschmayer","publish_date":"2014-02-01T00:00:00.000Z","publisher":"O'Reilly Media","pages":460,"description":"Like it or not, JavaScript is everywhere these days-from browser to server to mobile-and now you, too, need to learn the language or dive deeper than you have. This concise book guides you into and through JavaScript, written by a veteran programmer who o","website":"http://speakingjs.com/"},{"isbn":"9781491904244","title":"You Don't Know JS","subTitle":"ES6 & Beyond","author":"Kyle Simpson","publish_date":"2015-12-27T00:00:00.000Z","publisher":"O'Reilly Media","pages":278,"description":"No matter how much experience you have with JavaScript, odds are you don[0xe2][0x80][0x99]t fully understand the language. As part of the \\\"You Don[0xe2][0x80][0x99]t Know JS\\\" series, this compact guide focuses on new features available in ECMAScript 6 (ES6), the latest version of the st","website":"https://github.com/getify/You-Dont-Know-JS/tree/master/es6%20&%20beyond"},{"isbn":"9781491950296","title":"Programming JavaScript Applications","subTitle":"Robust Web Architecture with Node, HTML5, and Modern JS Libraries","author":"Eric Elliott","publish_date":"2014-07-01T00:00:00.000Z","publisher":"O'Reilly Media","pages":254,"description":"Take advantage of JavaScript's power to build robust web-scale or enterprise applications that are easy to extend and maintain. By applying the design patterns outlined in this practical book, experienced JavaScript developers will learn how to write flex","website":"http://chimera.labs.oreilly.com/books/1234000000262/index.html"},{"isbn":"9781593275846","title":"Eloquent JavaScript, Second Edition","subTitle":"A Modern Introduction to Programming","author":"Marijn Haverbeke","publish_date":"2014-12-14T00:00:00.000Z","publisher":"No Starch Press","pages":472,"description":"JavaScript lies at the heart of almost every modern web application, from social apps to the newest browser-based games. Though simple for beginners to pick up and play with, JavaScript is a flexible, complex language that you can use to build full-scale ","website":"http://eloquentjavascript.net/"},{"isbn":"9781593277574","title":"Understanding ECMAScript 6","subTitle":"The Definitive Guide for JavaScript Developers","author":"Nicholas C. Zakas","publish_date":"2016-09-03T00:00:00.000Z","publisher":"No Starch Press","pages":352,"description":"ECMAScript 6 represents the biggest update to the core of JavaScript in the history of the language. In Understanding ECMAScript 6, expert developer Nicholas C. Zakas provides a complete guide to the object types, syntax, and other exciting changes that E","website":"https://leanpub.com/understandinges6/read"}]}"
14:05:51.804 [Test worker] DEBUG org.apache.http.impl.conn.BasicClientConnectionManager -- Releasing connection org.apache.http.impl.conn.ManagedClientConnectionImpl@37dc38cc
14:05:51.804 [Test worker] DEBUG org.apache.http.impl.conn.BasicClientConnectionManager -- Connection can be kept alive indefinitely
HTTP/1.1 200 OK
Server: nginx/1.17.10 (Ubuntu)
Date: Wed, 13 Dec 2023 13:05:52 GMT
Content-Type: application/json; charset=utf-8
Content-Length: 4514
Connection: keep-alive
X-Powered-By: Express
ETag: W/"11a2-8zfX++QwcgaCjSU6F8JP9fUd1tY"

{
    "books": [
        {
            "isbn": "9781449325862",
            "title": "Git Pocket Guide",
            "subTitle": "A Working Introduction",
            "author": "Richard E. Silverman",
            "publish_date": "2020-06-04T08:48:39.000Z",
            "publisher": "O'Reilly Media",
            "pages": 234,
            "description": "This pocket guide is the perfect on-the-job companion to Git, the distributed version control system. It provides a compact, readable introduction to Git for new users, as well as a reference to common commands and procedures for those of you with Git exp",
            "website": "http://chimera.labs.oreilly.com/books/1230000000561/index.html"
        },
        {
            "isbn": "9781449331818",
            "title": "Learning JavaScript Design Patterns",
            "subTitle": "A JavaScript and jQuery Developer's Guide",
            "author": "Addy Osmani",
            "publish_date": "2020-06-04T09:11:40.000Z",
            "publisher": "O'Reilly Media",
            "pages": 254,
            "description": "With Learning JavaScript Design Patterns, you'll learn how to write beautiful, structured, and maintainable JavaScript by applying classical and modern design patterns to the language. If you want to keep your code efficient, more manageable, and up-to-da",
            "website": "http://www.addyosmani.com/resources/essentialjsdesignpatterns/book/"
        },
        {
            "isbn": "9781449337711",
            "title": "Designing Evolvable Web APIs with ASP.NET",
            "subTitle": "Harnessing the Power of the Web",
            "author": "Glenn Block et al.",
            "publish_date": "2020-06-04T09:12:43.000Z",
            "publisher": "O'Reilly Media",
            "pages": 238,
            "description": "Design and build Web APIs for a broad range of clients—including browsers and mobile devices—that can adapt to change over time. This practical, hands-on guide takes you through the theory and tools you need to build evolvable HTTP services with Microsoft",
            "website": "http://chimera.labs.oreilly.com/books/1234000001708/index.html"
        },
        {
            "isbn": "9781449365035",
            "title": "Speaking JavaScript",
            "subTitle": "An In-Depth Guide for Programmers",
            "author": "Axel Rauschmayer",
            "publish_date": "2014-02-01T00:00:00.000Z",
            "publisher": "O'Reilly Media",
            "pages": 460,
            "description": "Like it or not, JavaScript is everywhere these days-from browser to server to mobile-and now you, too, need to learn the language or dive deeper than you have. This concise book guides you into and through JavaScript, written by a veteran programmer who o",
            "website": "http://speakingjs.com/"
        },
        {
            "isbn": "9781491904244",
            "title": "You Don't Know JS",
            "subTitle": "ES6 & Beyond",
            "author": "Kyle Simpson",
            "publish_date": "2015-12-27T00:00:00.000Z",
            "publisher": "O'Reilly Media",
            "pages": 278,
            "description": "No matter how much experience you have with JavaScript, odds are you don’t fully understand the language. As part of the \\\"You Don’t Know JS\\\" series, this compact guide focuses on new features available in ECMAScript 6 (ES6), the latest version of the st",
            "website": "https://github.com/getify/You-Dont-Know-JS/tree/master/es6%20&%20beyond"
        },
        {
            "isbn": "9781491950296",
            "title": "Programming JavaScript Applications",
            "subTitle": "Robust Web Architecture with Node, HTML5, and Modern JS Libraries",
            "author": "Eric Elliott",
            "publish_date": "2014-07-01T00:00:00.000Z",
            "publisher": "O'Reilly Media",
            "pages": 254,
            "description": "Take advantage of JavaScript's power to build robust web-scale or enterprise applications that are easy to extend and maintain. By applying the design patterns outlined in this practical book, experienced JavaScript developers will learn how to write flex",
            "website": "http://chimera.labs.oreilly.com/books/1234000000262/index.html"
        },
        {
            "isbn": "9781593275846",
            "title": "Eloquent JavaScript, Second Edition",
            "subTitle": "A Modern Introduction to Programming",
            "author": "Marijn Haverbeke",
            "publish_date": "2014-12-14T00:00:00.000Z",
            "publisher": "No Starch Press",
            "pages": 472,
            "description": "JavaScript lies at the heart of almost every modern web application, from social apps to the newest browser-based games. Though simple for beginners to pick up and play with, JavaScript is a flexible, complex language that you can use to build full-scale ",
            "website": "http://eloquentjavascript.net/"
        },
        {
            "isbn": "9781593277574",
            "title": "Understanding ECMAScript 6",
            "subTitle": "The Definitive Guide for JavaScript Developers",
            "author": "Nicholas C. Zakas",
            "publish_date": "2016-09-03T00:00:00.000Z",
            "publisher": "No Starch Press",
            "pages": 352,
            "description": "ECMAScript 6 represents the biggest update to the core of JavaScript in the history of the language. In Understanding ECMAScript 6, expert developer Nicholas C. Zakas provides a complete guide to the object types, syntax, and other exciting changes that E",
            "website": "https://leanpub.com/understandinges6/read"
        }
    ]
}
Request method:	DELETE
Request URI:	https://demoqa.com/BookStore/v1/Book
Proxy:			<none>
Request params:	<none>
Query params:	<none>
Form params:	<none>
Path params:	<none>
Headers:		Authorization=Bearer null
				Accept=*/*
				Content-Type=application/json
Cookies:		<none>
Multiparts:		<none>
Body:
{
    "isbn": "9781491950296",
    "userId": "22c83f35-ce03-479f-a13e-c3d87941159d"
}
14:05:51.849 [Test worker] DEBUG org.apache.http.impl.conn.BasicClientConnectionManager -- Get connection for route {s}->https://demoqa.com:443
14:05:51.849 [Test worker] DEBUG org.apache.http.impl.conn.DefaultClientConnectionOperator -- Connecting to demoqa.com:443
14:05:52.186 [Test worker] DEBUG org.apache.http.client.protocol.RequestAddCookies -- CookieSpec selected: ignoreCookies
14:05:52.186 [Test worker] DEBUG org.apache.http.client.protocol.RequestAuthCache -- Auth cache not set in the context
14:05:52.186 [Test worker] DEBUG org.apache.http.client.protocol.RequestProxyAuthentication -- Proxy auth state: UNCHALLENGED
14:05:52.186 [Test worker] DEBUG org.apache.http.impl.client.DefaultHttpClient -- Attempt 1 to execute request
14:05:52.186 [Test worker] DEBUG org.apache.http.impl.conn.DefaultClientConnection -- Sending request: DELETE /BookStore/v1/Book HTTP/1.1
14:05:52.187 [Test worker] DEBUG org.apache.http.wire --  >> "DELETE /BookStore/v1/Book HTTP/1.1[\r][\n]"
14:05:52.187 [Test worker] DEBUG org.apache.http.wire --  >> "Authorization: Bearer null[\r][\n]"
14:05:52.187 [Test worker] DEBUG org.apache.http.wire --  >> "Accept: */*[\r][\n]"
14:05:52.187 [Test worker] DEBUG org.apache.http.wire --  >> "Content-Type: application/json[\r][\n]"
14:05:52.187 [Test worker] DEBUG org.apache.http.wire --  >> "Content-Length: 72[\r][\n]"
14:05:52.187 [Test worker] DEBUG org.apache.http.wire --  >> "Host: demoqa.com[\r][\n]"
14:05:52.187 [Test worker] DEBUG org.apache.http.wire --  >> "Connection: Keep-Alive[\r][\n]"
14:05:52.187 [Test worker] DEBUG org.apache.http.wire --  >> "User-Agent: Apache-HttpClient/4.5.13 (Java/11.0.20)[\r][\n]"
14:05:52.187 [Test worker] DEBUG org.apache.http.wire --  >> "Accept-Encoding: gzip,deflate[\r][\n]"
14:05:52.187 [Test worker] DEBUG org.apache.http.wire --  >> "[\r][\n]"
14:05:52.187 [Test worker] DEBUG org.apache.http.headers -- >> DELETE /BookStore/v1/Book HTTP/1.1
14:05:52.187 [Test worker] DEBUG org.apache.http.headers -- >> Authorization: Bearer null
14:05:52.187 [Test worker] DEBUG org.apache.http.headers -- >> Accept: */*
14:05:52.187 [Test worker] DEBUG org.apache.http.headers -- >> Content-Type: application/json
14:05:52.187 [Test worker] DEBUG org.apache.http.headers -- >> Content-Length: 72
14:05:52.187 [Test worker] DEBUG org.apache.http.headers -- >> Host: demoqa.com
14:05:52.187 [Test worker] DEBUG org.apache.http.headers -- >> Connection: Keep-Alive
14:05:52.187 [Test worker] DEBUG org.apache.http.headers -- >> User-Agent: Apache-HttpClient/4.5.13 (Java/11.0.20)
14:05:52.187 [Test worker] DEBUG org.apache.http.headers -- >> Accept-Encoding: gzip,deflate
14:05:52.187 [Test worker] DEBUG org.apache.http.wire --  >> "{"isbn":"9781491950296","userId":"22c83f35-ce03-479f-a13e-c3d87941159d"}"
14:05:52.263 [Test worker] DEBUG org.apache.http.wire --  << "HTTP/1.1 401 Unauthorized[\r][\n]"
14:05:52.263 [Test worker] DEBUG org.apache.http.wire --  << "Server: nginx/1.17.10 (Ubuntu)[\r][\n]"
14:05:52.263 [Test worker] DEBUG org.apache.http.wire --  << "Date: Wed, 13 Dec 2023 13:05:53 GMT[\r][\n]"
14:05:52.263 [Test worker] DEBUG org.apache.http.wire --  << "Content-Type: application/json; charset=utf-8[\r][\n]"
14:05:52.263 [Test worker] DEBUG org.apache.http.wire --  << "Content-Length: 48[\r][\n]"
14:05:52.263 [Test worker] DEBUG org.apache.http.wire --  << "Connection: keep-alive[\r][\n]"
14:05:52.263 [Test worker] DEBUG org.apache.http.wire --  << "X-Powered-By: Express[\r][\n]"
14:05:52.263 [Test worker] DEBUG org.apache.http.wire --  << "ETag: W/"30-V67npMN18Zy3bnk1xW2xtLGgx8c"[\r][\n]"
14:05:52.263 [Test worker] DEBUG org.apache.http.wire --  << "[\r][\n]"
14:05:52.264 [Test worker] DEBUG org.apache.http.impl.conn.DefaultClientConnection -- Receiving response: HTTP/1.1 401 Unauthorized
14:05:52.264 [Test worker] DEBUG org.apache.http.headers -- << HTTP/1.1 401 Unauthorized
14:05:52.264 [Test worker] DEBUG org.apache.http.headers -- << Server: nginx/1.17.10 (Ubuntu)
14:05:52.264 [Test worker] DEBUG org.apache.http.headers -- << Date: Wed, 13 Dec 2023 13:05:53 GMT
14:05:52.264 [Test worker] DEBUG org.apache.http.headers -- << Content-Type: application/json; charset=utf-8
14:05:52.264 [Test worker] DEBUG org.apache.http.headers -- << Content-Length: 48
14:05:52.264 [Test worker] DEBUG org.apache.http.headers -- << Connection: keep-alive
14:05:52.264 [Test worker] DEBUG org.apache.http.headers -- << X-Powered-By: Express
14:05:52.264 [Test worker] DEBUG org.apache.http.headers -- << ETag: W/"30-V67npMN18Zy3bnk1xW2xtLGgx8c"
14:05:52.264 [Test worker] DEBUG org.apache.http.impl.client.DefaultHttpClient -- Connection can be kept alive indefinitely
14:05:52.264 [Test worker] DEBUG org.apache.http.impl.client.DefaultHttpClient -- Authentication required
14:05:52.264 [Test worker] DEBUG org.apache.http.impl.client.DefaultHttpClient -- demoqa.com:443 requested authentication
14:05:52.264 [Test worker] DEBUG org.apache.http.impl.client.DefaultHttpClient -- Response contains no authentication challenges
14:05:52.264 [Test worker] DEBUG io.restassured.internal.RestAssuredHttpBuilder -- Parsing response as: application/json; charset=utf-8
14:05:52.264 [Test worker] DEBUG io.restassured.internal.RestAssuredHttpBuilder -- Parsed data to instance of: class org.apache.http.conn.EofSensorInputStream
14:05:52.264 [Test worker] DEBUG org.apache.http.wire --  << "{"code":"1200","message":"User not authorized!"}"
14:05:52.264 [Test worker] DEBUG org.apache.http.impl.conn.BasicClientConnectionManager -- Releasing connection org.apache.http.impl.conn.ManagedClientConnectionImpl@446c63b4
14:05:52.264 [Test worker] DEBUG org.apache.http.impl.conn.BasicClientConnectionManager -- Connection can be kept alive indefinitely
HTTP/1.1 401 Unauthorized
Server: nginx/1.17.10 (Ubuntu)
Date: Wed, 13 Dec 2023 13:05:53 GMT
Content-Type: application/json; charset=utf-8
Content-Length: 48
Connection: keep-alive
X-Powered-By: Express
ETag: W/"30-V67npMN18Zy3bnk1xW2xtLGgx8c"

{
    "code": "1200",
    "message": "User not authorized!"
}
]]></system-out>
  <system-err><![CDATA[]]></system-err>
</testsuite>
