<?xml version="1.0" encoding="UTF-8"?>
<testsuite name="tests.GetBookTest" tests="3" skipped="0" failures="0" errors="0" timestamp="2023-12-13T13:06:00" hostname="DESKTOP-TFD6REL" time="2.476">
  <properties/>
  <testcase name="getAllBooksTest" classname="tests.GetBookTest" time="1.899"/>
  <testcase name="getOneBook" classname="tests.GetBookTest" time="0.387"/>
  <testcase name="getOneBookWithInvalidIsbn" classname="tests.GetBookTest" time="0.186"/>
  <system-out><![CDATA[Request method:	GET
Request URI:	https://demoqa.com/BookStore/v1/Books
Proxy:			<none>
Request params:	<none>
Query params:	<none>
Form params:	<none>
Path params:	<none>
Headers:		Accept=*/*
				Content-Type=application/json
Cookies:		<none>
Multiparts:		<none>
Body:			<none>
14:06:00.465 [Test worker] DEBUG org.apache.http.impl.conn.BasicClientConnectionManager -- Get connection for route {s}->https://demoqa.com:443
14:06:00.465 [Test worker] DEBUG org.apache.http.impl.conn.DefaultClientConnectionOperator -- Connecting to demoqa.com:443
14:06:01.534 [Test worker] DEBUG org.apache.http.client.protocol.RequestAddCookies -- CookieSpec selected: ignoreCookies
14:06:01.534 [Test worker] DEBUG org.apache.http.client.protocol.RequestAuthCache -- Auth cache not set in the context
14:06:01.534 [Test worker] DEBUG org.apache.http.client.protocol.RequestTargetAuthentication -- Target auth state: UNCHALLENGED
14:06:01.534 [Test worker] DEBUG org.apache.http.client.protocol.RequestProxyAuthentication -- Proxy auth state: UNCHALLENGED
14:06:01.534 [Test worker] DEBUG org.apache.http.impl.client.DefaultHttpClient -- Attempt 1 to execute request
14:06:01.534 [Test worker] DEBUG org.apache.http.impl.conn.DefaultClientConnection -- Sending request: GET /BookStore/v1/Books HTTP/1.1
14:06:01.534 [Test worker] DEBUG org.apache.http.wire --  >> "GET /BookStore/v1/Books HTTP/1.1[\r][\n]"
14:06:01.534 [Test worker] DEBUG org.apache.http.wire --  >> "Content-Type: application/json[\r][\n]"
14:06:01.534 [Test worker] DEBUG org.apache.http.wire --  >> "Accept: */*[\r][\n]"
14:06:01.534 [Test worker] DEBUG org.apache.http.wire --  >> "Host: demoqa.com[\r][\n]"
14:06:01.534 [Test worker] DEBUG org.apache.http.wire --  >> "Connection: Keep-Alive[\r][\n]"
14:06:01.534 [Test worker] DEBUG org.apache.http.wire --  >> "User-Agent: Apache-HttpClient/4.5.13 (Java/11.0.20)[\r][\n]"
14:06:01.534 [Test worker] DEBUG org.apache.http.wire --  >> "Accept-Encoding: gzip,deflate[\r][\n]"
14:06:01.534 [Test worker] DEBUG org.apache.http.wire --  >> "[\r][\n]"
14:06:01.534 [Test worker] DEBUG org.apache.http.headers -- >> GET /BookStore/v1/Books HTTP/1.1
14:06:01.534 [Test worker] DEBUG org.apache.http.headers -- >> Content-Type: application/json
14:06:01.534 [Test worker] DEBUG org.apache.http.headers -- >> Accept: */*
14:06:01.534 [Test worker] DEBUG org.apache.http.headers -- >> Host: demoqa.com
14:06:01.535 [Test worker] DEBUG org.apache.http.headers -- >> Connection: Keep-Alive
14:06:01.535 [Test worker] DEBUG org.apache.http.headers -- >> User-Agent: Apache-HttpClient/4.5.13 (Java/11.0.20)
14:06:01.535 [Test worker] DEBUG org.apache.http.headers -- >> Accept-Encoding: gzip,deflate
14:06:02.331 [Test worker] DEBUG org.apache.http.wire --  << "HTTP/1.1 200 OK[\r][\n]"
14:06:02.331 [Test worker] DEBUG org.apache.http.wire --  << "Server: nginx/1.17.10 (Ubuntu)[\r][\n]"
14:06:02.331 [Test worker] DEBUG org.apache.http.wire --  << "Date: Wed, 13 Dec 2023 13:06:02 GMT[\r][\n]"
14:06:02.331 [Test worker] DEBUG org.apache.http.wire --  << "Content-Type: application/json; charset=utf-8[\r][\n]"
14:06:02.331 [Test worker] DEBUG org.apache.http.wire --  << "Content-Length: 4514[\r][\n]"
14:06:02.331 [Test worker] DEBUG org.apache.http.wire --  << "Connection: keep-alive[\r][\n]"
14:06:02.331 [Test worker] DEBUG org.apache.http.wire --  << "X-Powered-By: Express[\r][\n]"
14:06:02.331 [Test worker] DEBUG org.apache.http.wire --  << "ETag: W/"11a2-8zfX++QwcgaCjSU6F8JP9fUd1tY"[\r][\n]"
14:06:02.331 [Test worker] DEBUG org.apache.http.wire --  << "[\r][\n]"
14:06:02.331 [Test worker] DEBUG org.apache.http.impl.conn.DefaultClientConnection -- Receiving response: HTTP/1.1 200 OK
14:06:02.331 [Test worker] DEBUG org.apache.http.headers -- << HTTP/1.1 200 OK
14:06:02.331 [Test worker] DEBUG org.apache.http.headers -- << Server: nginx/1.17.10 (Ubuntu)
14:06:02.331 [Test worker] DEBUG org.apache.http.headers -- << Date: Wed, 13 Dec 2023 13:06:02 GMT
14:06:02.331 [Test worker] DEBUG org.apache.http.headers -- << Content-Type: application/json; charset=utf-8
14:06:02.331 [Test worker] DEBUG org.apache.http.headers -- << Content-Length: 4514
14:06:02.331 [Test worker] DEBUG org.apache.http.headers -- << Connection: keep-alive
14:06:02.331 [Test worker] DEBUG org.apache.http.headers -- << X-Powered-By: Express
14:06:02.331 [Test worker] DEBUG org.apache.http.headers -- << ETag: W/"11a2-8zfX++QwcgaCjSU6F8JP9fUd1tY"
14:06:02.331 [Test worker] DEBUG org.apache.http.impl.client.DefaultHttpClient -- Connection can be kept alive indefinitely
14:06:02.331 [Test worker] DEBUG io.restassured.internal.RestAssuredHttpBuilder -- Parsing response as: application/json; charset=utf-8
14:06:02.332 [Test worker] DEBUG io.restassured.internal.RestAssuredHttpBuilder -- Parsed data to instance of: class org.apache.http.conn.EofSensorInputStream
14:06:02.334 [Test worker] DEBUG org.apache.http.wire --  << "{"books":[{"isbn":"9781449325862","title":"Git Pocket Guide","subTitle":"A Working Introduction","author":"Richard E. Silverman","publish_date":"2020-06-04T08:48:39.000Z","publisher":"O'Reilly Media","pages":234,"description":"This pocket guide is the perfect on-the-job companion to Git, the distributed version control system. It provides a compact, readable introduction to Git for new users, as well as a reference to common commands and procedures for those of you with Git exp","website":"http://chimera.labs.oreilly.com/books/1230000000561/index.html"},{"isbn":"9781449331818","title":"Learning JavaScript Design Patterns","subTitle":"A JavaScript and jQuery Developer's Guide","author":"Addy Osmani","publish_date":"2020-06-04T09:11:40.000Z","publisher":"O'Reilly Media","pages":254,"description":"With Learning JavaScript Design Patterns, you'll learn how to write beautiful, structured, and maintainable JavaScript by applying classical and modern design patterns to the language. If you want to keep your code efficient, more manageable, and up-to-da","website":"http://www.addyosmani.com/resources/essentialjsdesignpatterns/book/"},{"isbn":"9781449337711","title":"Designing Evolvable Web APIs with ASP.NET","subTitle":"Harnessing the Power of the Web","author":"Glenn Block et al.","publish_date":"2020-06-04T09:12:43.000Z","publisher":"O'Reilly Media","pages":238,"description":"Design and build Web APIs for a broad range of clients[0xe2][0x80][0x94]including browsers and mobile devices[0xe2][0x80][0x94]that can adapt to change over time. This practical, hands-on guide takes you through the theory and tools you need to build evolvable HTTP services with Microsoft","website":"http://chimera.labs.oreilly.com/books/1234000001708/index.html"},{"isbn":"9781449365035","title":"Speaking JavaScript","subTitle":"An In-Depth Guide for Programmers","author":"Axel Rauschmayer","publish_date":"2014-02-01T00:00:00.000Z","publisher":"O'Reilly Media","pages":460,"description":"Like it or not, JavaScript is everywhere these days-from browser to server to mobile-and now you, too, need to learn the language or dive deeper than you have. This concise book guides you into and through JavaScript, written by a veteran programmer who o","website":"http://speakingjs.com/"},{"isbn":"9781491904244","title":"You Don't Know JS","subTitle":"ES6 & Beyond","author":"Kyle Simpson","publish_date":"2015-12-27T00:00:00.000Z","publisher":"O'Reilly Media","pages":278,"description":"No matter how much experience you have with JavaScript, odds are you don[0xe2][0x80][0x99]t fully understand the language. As part of the \\\"You Don[0xe2][0x80][0x99]t Know JS\\\" series, this compact guide focuses on new features available in ECMAScript 6 (ES6), the latest version of the st","website":"https://github.com/getify/You-Dont-Know-JS/tree/master/es6%20&%20beyond"},{"isbn":"9781491950296","title":"Programming JavaScript Applications","subTitle":"Robust Web Architecture with Node, HTML5, and Modern JS Libraries","author":"Eric Elliott","publish_date":"2014-07-01T00:00:00.000Z","publisher":"O'Reilly Media","pages":254,"description":"Take advantage of JavaScript's power to build robust web-scale or enterprise applications that are easy to extend and maintain. By applying the design patterns outlined in this practical book, experienced JavaScript developers will learn how to write flex","website":"http://chimera.labs.oreilly.com/books/1234000000262/index.html"},{"isbn":"9781593275846","title":"Eloquent JavaScript, Second Edition","subTitle":"A Modern Introduction to Programming","author":"Marijn Haverbeke","publish_date":"2014-12-14T00:00:00.000Z","publisher":"No Starch Press","pages":472,"description":"JavaScript lies at the heart of almost every modern web application, from social apps to the newest browser-based games. Though simple for beginners to pick up and play with, JavaScript is a flexible, complex language that you can use to build full-scale ","website":"http://eloquentjavascript.net/"},{"isbn":"9781593277574","title":"Understanding ECMAScript 6","subTitle":"The Definitive Guide for JavaScript Developers","author":"Nicholas C. Zakas","publish_date":"2016-09-03T00:00:00.000Z","publisher":"No Starch Press","pages":352,"description":"ECMAScript 6 represents the biggest update to the core of JavaScript in the history of the language. In Understanding ECMAScript 6, expert developer Nicholas C. Zakas provides a complete guide to the object types, syntax, and other exciting changes that E","website":"https://leanpub.com/understandinges6/read"}]}"
14:06:02.334 [Test worker] DEBUG org.apache.http.impl.conn.BasicClientConnectionManager -- Releasing connection org.apache.http.impl.conn.ManagedClientConnectionImpl@49e1bdd8
14:06:02.334 [Test worker] DEBUG org.apache.http.impl.conn.BasicClientConnectionManager -- Connection can be kept alive indefinitely
HTTP/1.1 200 OK
Server: nginx/1.17.10 (Ubuntu)
Date: Wed, 13 Dec 2023 13:06:02 GMT
Content-Type: application/json; charset=utf-8
Content-Length: 4514
Connection: keep-alive
X-Powered-By: Express
ETag: W/"11a2-8zfX++QwcgaCjSU6F8JP9fUd1tY"

{
    "books": [
        {
            "isbn": "9781449325862",
            "title": "Git Pocket Guide",
            "subTitle": "A Working Introduction",
            "author": "Richard E. Silverman",
            "publish_date": "2020-06-04T08:48:39.000Z",
            "publisher": "O'Reilly Media",
            "pages": 234,
            "description": "This pocket guide is the perfect on-the-job companion to Git, the distributed version control system. It provides a compact, readable introduction to Git for new users, as well as a reference to common commands and procedures for those of you with Git exp",
            "website": "http://chimera.labs.oreilly.com/books/1230000000561/index.html"
        },
        {
            "isbn": "9781449331818",
            "title": "Learning JavaScript Design Patterns",
            "subTitle": "A JavaScript and jQuery Developer's Guide",
            "author": "Addy Osmani",
            "publish_date": "2020-06-04T09:11:40.000Z",
            "publisher": "O'Reilly Media",
            "pages": 254,
            "description": "With Learning JavaScript Design Patterns, you'll learn how to write beautiful, structured, and maintainable JavaScript by applying classical and modern design patterns to the language. If you want to keep your code efficient, more manageable, and up-to-da",
            "website": "http://www.addyosmani.com/resources/essentialjsdesignpatterns/book/"
        },
        {
            "isbn": "9781449337711",
            "title": "Designing Evolvable Web APIs with ASP.NET",
            "subTitle": "Harnessing the Power of the Web",
            "author": "Glenn Block et al.",
            "publish_date": "2020-06-04T09:12:43.000Z",
            "publisher": "O'Reilly Media",
            "pages": 238,
            "description": "Design and build Web APIs for a broad range of clients—including browsers and mobile devices—that can adapt to change over time. This practical, hands-on guide takes you through the theory and tools you need to build evolvable HTTP services with Microsoft",
            "website": "http://chimera.labs.oreilly.com/books/1234000001708/index.html"
        },
        {
            "isbn": "9781449365035",
            "title": "Speaking JavaScript",
            "subTitle": "An In-Depth Guide for Programmers",
            "author": "Axel Rauschmayer",
            "publish_date": "2014-02-01T00:00:00.000Z",
            "publisher": "O'Reilly Media",
            "pages": 460,
            "description": "Like it or not, JavaScript is everywhere these days-from browser to server to mobile-and now you, too, need to learn the language or dive deeper than you have. This concise book guides you into and through JavaScript, written by a veteran programmer who o",
            "website": "http://speakingjs.com/"
        },
        {
            "isbn": "9781491904244",
            "title": "You Don't Know JS",
            "subTitle": "ES6 & Beyond",
            "author": "Kyle Simpson",
            "publish_date": "2015-12-27T00:00:00.000Z",
            "publisher": "O'Reilly Media",
            "pages": 278,
            "description": "No matter how much experience you have with JavaScript, odds are you don’t fully understand the language. As part of the \\\"You Don’t Know JS\\\" series, this compact guide focuses on new features available in ECMAScript 6 (ES6), the latest version of the st",
            "website": "https://github.com/getify/You-Dont-Know-JS/tree/master/es6%20&%20beyond"
        },
        {
            "isbn": "9781491950296",
            "title": "Programming JavaScript Applications",
            "subTitle": "Robust Web Architecture with Node, HTML5, and Modern JS Libraries",
            "author": "Eric Elliott",
            "publish_date": "2014-07-01T00:00:00.000Z",
            "publisher": "O'Reilly Media",
            "pages": 254,
            "description": "Take advantage of JavaScript's power to build robust web-scale or enterprise applications that are easy to extend and maintain. By applying the design patterns outlined in this practical book, experienced JavaScript developers will learn how to write flex",
            "website": "http://chimera.labs.oreilly.com/books/1234000000262/index.html"
        },
        {
            "isbn": "9781593275846",
            "title": "Eloquent JavaScript, Second Edition",
            "subTitle": "A Modern Introduction to Programming",
            "author": "Marijn Haverbeke",
            "publish_date": "2014-12-14T00:00:00.000Z",
            "publisher": "No Starch Press",
            "pages": 472,
            "description": "JavaScript lies at the heart of almost every modern web application, from social apps to the newest browser-based games. Though simple for beginners to pick up and play with, JavaScript is a flexible, complex language that you can use to build full-scale ",
            "website": "http://eloquentjavascript.net/"
        },
        {
            "isbn": "9781593277574",
            "title": "Understanding ECMAScript 6",
            "subTitle": "The Definitive Guide for JavaScript Developers",
            "author": "Nicholas C. Zakas",
            "publish_date": "2016-09-03T00:00:00.000Z",
            "publisher": "No Starch Press",
            "pages": 352,
            "description": "ECMAScript 6 represents the biggest update to the core of JavaScript in the history of the language. In Understanding ECMAScript 6, expert developer Nicholas C. Zakas provides a complete guide to the object types, syntax, and other exciting changes that E",
            "website": "https://leanpub.com/understandinges6/read"
        }
    ]
}
Request method:	GET
Request URI:	https://demoqa.com/BookStore/v1/Books
Proxy:			<none>
Request params:	<none>
Query params:	<none>
Form params:	<none>
Path params:	<none>
Headers:		Accept=*/*
				Content-Type=application/json
Cookies:		<none>
Multiparts:		<none>
Body:			<none>
14:06:02.367 [Test worker] DEBUG org.apache.http.impl.conn.BasicClientConnectionManager -- Get connection for route {s}->https://demoqa.com:443
14:06:02.367 [Test worker] DEBUG org.apache.http.impl.conn.DefaultClientConnectionOperator -- Connecting to demoqa.com:443
14:06:02.539 [Test worker] DEBUG org.apache.http.client.protocol.RequestAddCookies -- CookieSpec selected: ignoreCookies
14:06:02.539 [Test worker] DEBUG org.apache.http.client.protocol.RequestAuthCache -- Auth cache not set in the context
14:06:02.539 [Test worker] DEBUG org.apache.http.client.protocol.RequestTargetAuthentication -- Target auth state: UNCHALLENGED
14:06:02.540 [Test worker] DEBUG org.apache.http.client.protocol.RequestProxyAuthentication -- Proxy auth state: UNCHALLENGED
14:06:02.540 [Test worker] DEBUG org.apache.http.impl.client.DefaultHttpClient -- Attempt 1 to execute request
14:06:02.540 [Test worker] DEBUG org.apache.http.impl.conn.DefaultClientConnection -- Sending request: GET /BookStore/v1/Books HTTP/1.1
14:06:02.540 [Test worker] DEBUG org.apache.http.wire --  >> "GET /BookStore/v1/Books HTTP/1.1[\r][\n]"
14:06:02.540 [Test worker] DEBUG org.apache.http.wire --  >> "Content-Type: application/json[\r][\n]"
14:06:02.540 [Test worker] DEBUG org.apache.http.wire --  >> "Accept: */*[\r][\n]"
14:06:02.540 [Test worker] DEBUG org.apache.http.wire --  >> "Host: demoqa.com[\r][\n]"
14:06:02.540 [Test worker] DEBUG org.apache.http.wire --  >> "Connection: Keep-Alive[\r][\n]"
14:06:02.540 [Test worker] DEBUG org.apache.http.wire --  >> "User-Agent: Apache-HttpClient/4.5.13 (Java/11.0.20)[\r][\n]"
14:06:02.540 [Test worker] DEBUG org.apache.http.wire --  >> "Accept-Encoding: gzip,deflate[\r][\n]"
14:06:02.540 [Test worker] DEBUG org.apache.http.wire --  >> "[\r][\n]"
14:06:02.540 [Test worker] DEBUG org.apache.http.headers -- >> GET /BookStore/v1/Books HTTP/1.1
14:06:02.540 [Test worker] DEBUG org.apache.http.headers -- >> Content-Type: application/json
14:06:02.540 [Test worker] DEBUG org.apache.http.headers -- >> Accept: */*
14:06:02.540 [Test worker] DEBUG org.apache.http.headers -- >> Host: demoqa.com
14:06:02.540 [Test worker] DEBUG org.apache.http.headers -- >> Connection: Keep-Alive
14:06:02.540 [Test worker] DEBUG org.apache.http.headers -- >> User-Agent: Apache-HttpClient/4.5.13 (Java/11.0.20)
14:06:02.540 [Test worker] DEBUG org.apache.http.headers -- >> Accept-Encoding: gzip,deflate
14:06:02.628 [Test worker] DEBUG org.apache.http.wire --  << "HTTP/1.1 200 OK[\r][\n]"
14:06:02.628 [Test worker] DEBUG org.apache.http.wire --  << "Server: nginx/1.17.10 (Ubuntu)[\r][\n]"
14:06:02.628 [Test worker] DEBUG org.apache.http.wire --  << "Date: Wed, 13 Dec 2023 13:06:03 GMT[\r][\n]"
14:06:02.628 [Test worker] DEBUG org.apache.http.wire --  << "Content-Type: application/json; charset=utf-8[\r][\n]"
14:06:02.628 [Test worker] DEBUG org.apache.http.wire --  << "Content-Length: 4514[\r][\n]"
14:06:02.628 [Test worker] DEBUG org.apache.http.wire --  << "Connection: keep-alive[\r][\n]"
14:06:02.628 [Test worker] DEBUG org.apache.http.wire --  << "X-Powered-By: Express[\r][\n]"
14:06:02.628 [Test worker] DEBUG org.apache.http.wire --  << "ETag: W/"11a2-8zfX++QwcgaCjSU6F8JP9fUd1tY"[\r][\n]"
14:06:02.628 [Test worker] DEBUG org.apache.http.wire --  << "[\r][\n]"
14:06:02.628 [Test worker] DEBUG org.apache.http.impl.conn.DefaultClientConnection -- Receiving response: HTTP/1.1 200 OK
14:06:02.628 [Test worker] DEBUG org.apache.http.headers -- << HTTP/1.1 200 OK
14:06:02.628 [Test worker] DEBUG org.apache.http.headers -- << Server: nginx/1.17.10 (Ubuntu)
14:06:02.628 [Test worker] DEBUG org.apache.http.headers -- << Date: Wed, 13 Dec 2023 13:06:03 GMT
14:06:02.628 [Test worker] DEBUG org.apache.http.headers -- << Content-Type: application/json; charset=utf-8
14:06:02.628 [Test worker] DEBUG org.apache.http.headers -- << Content-Length: 4514
14:06:02.628 [Test worker] DEBUG org.apache.http.headers -- << Connection: keep-alive
14:06:02.628 [Test worker] DEBUG org.apache.http.headers -- << X-Powered-By: Express
14:06:02.628 [Test worker] DEBUG org.apache.http.headers -- << ETag: W/"11a2-8zfX++QwcgaCjSU6F8JP9fUd1tY"
14:06:02.628 [Test worker] DEBUG org.apache.http.impl.client.DefaultHttpClient -- Connection can be kept alive indefinitely
14:06:02.629 [Test worker] DEBUG io.restassured.internal.RestAssuredHttpBuilder -- Parsing response as: application/json; charset=utf-8
14:06:02.629 [Test worker] DEBUG io.restassured.internal.RestAssuredHttpBuilder -- Parsed data to instance of: class org.apache.http.conn.EofSensorInputStream
14:06:02.629 [Test worker] DEBUG org.apache.http.wire --  << "{"books":[{"isbn":"9781449325862","title":"Git Pocket Guide","subTitle":"A Working Introduction","author":"Richard E. Silverman","publish_date":"2020-06-04T08:48:39.000Z","publisher":"O'Reilly Media","pages":234,"description":"This pocket guide is the perfect on-the-job companion to Git, the distributed version control system. It provides a compact, readable introduction to Git for new users, as well as a reference to common commands and procedures for those of you with Git exp","website":"http://chimera.labs.oreilly.com/books/1230000000561/index.html"},{"isbn":"9781449331818","title":"Learning JavaScript Design Patterns","subTitle":"A JavaScript and jQuery Developer's Guide","author":"Addy Osmani","publish_date":"2020-06-04T09:11:40.000Z","publisher":"O'Reilly Media","pages":254,"description":"With Learning JavaScript Design Patterns, you'll learn how to write beautiful, structured, and maintainable JavaScript by applying classical and modern design patterns to the language. If you want to keep your code efficient, more manageable, and up-to-da","website":"http://www.addyosmani.com/resources/essentialjsdesignpatterns/book/"},{"isbn":"9781449337711","title":"Designing Evolvable Web APIs with ASP.NET","subTitle":"Harnessing the Power of the Web","author":"Glenn Block et al.","publish_date":"2020-06-04T09:12:43.000Z","publisher":"O'Reilly Media","pages":238,"description":"Design and build Web APIs for a broad range of clients[0xe2][0x80][0x94]including browsers and mobile devices[0xe2][0x80][0x94]that can adapt to change over time. This practical, hands-on guide takes you through the theory and tools you need to build evolvable HTTP services with Microsoft","website":"http://chimera.labs.oreilly.com/books/1234000001708/index.html"},{"isbn":"9781449365035","title":"Speaking JavaScript","subTitle":"An In-Depth Guide for Programmers","author":"Axel Rauschmayer","publish_date":"2014-02-01T00:00:00.000Z","publisher":"O'Reilly Media","pages":460,"description":"Like it or not, JavaScript is everywhere these days-from browser to server to mobile-and now you, too, need to learn the language or dive deeper than you have. This concise book guides you into and through JavaScript, written by a veteran programmer who o","website":"http://speakingjs.com/"},{"isbn":"9781491904244","title":"You Don't Know JS","subTitle":"ES6 & Beyond","author":"Kyle Simpson","publish_date":"2015-12-27T00:00:00.000Z","publisher":"O'Reilly Media","pages":278,"description":"No matter how much experience you have with JavaScript, odds are you don[0xe2][0x80][0x99]t fully understand the language. As part of the \\\"You Don[0xe2][0x80][0x99]t Know JS\\\" series, this compact guide focuses on new features available in ECMAScript 6 (ES6), the latest version of the st","website":"https://github.com/getify/You-Dont-Know-JS/tree/master/es6%20&%20beyond"},{"isbn":"9781491950296","title":"Programming JavaScript Applications","subTitle":"Robust Web Architecture with Node, HTML5, and Modern JS Libraries","author":"Eric Elliott","publish_date":"2014-07-01T00:00:00.000Z","publisher":"O'Reilly Media","pages":254,"description":"Take advantage of JavaScript's power to build robust web-scale or enterprise applications that are easy to extend and maintain. By applying the design patterns outlined in this practical book, experienced JavaScript developers will learn how to write flex","website":"http://chimera.labs.oreilly.com/books/1234000000262/index.html"},{"isbn":"9781593275846","title":"Eloquent JavaScript, Second Edition","subTitle":"A Modern Introduction to Programming","author":"Marijn Haverbeke","publish_date":"2014-12-14T00:00:00.000Z","publisher":"No Starch Press","pages":472,"description":"JavaScript lies at the heart of almost every modern web application, from social apps to the newest browser-based games. Though simple for beginners to pick up and play with, JavaScript is a flexible, complex language that you can use to build full-scale ","website":"http://eloquentjavascript.net/"},{"isbn":"9781593277574","title":"Understanding ECMAScript 6","subTitle":"The Definitive Guide for JavaScript Developers","author":"Nicholas C. Zakas","publish_date":"2016-09-03T00:00:00.000Z","publisher":"No Starch Press","pages":352,"description":"ECMAScript 6 represents the biggest update to the core of JavaScript in the history of the language. In Understanding ECMAScript 6, expert developer Nicholas C. Zakas provides a complete guide to the object types, syntax, and other exciting changes that E","website":"https://leanpub.com/understandinges6/read"}]}"
14:06:02.629 [Test worker] DEBUG org.apache.http.impl.conn.BasicClientConnectionManager -- Releasing connection org.apache.http.impl.conn.ManagedClientConnectionImpl@64ff46e1
14:06:02.629 [Test worker] DEBUG org.apache.http.impl.conn.BasicClientConnectionManager -- Connection can be kept alive indefinitely
HTTP/1.1 200 OK
Server: nginx/1.17.10 (Ubuntu)
Date: Wed, 13 Dec 2023 13:06:03 GMT
Content-Type: application/json; charset=utf-8
Content-Length: 4514
Connection: keep-alive
X-Powered-By: Express
ETag: W/"11a2-8zfX++QwcgaCjSU6F8JP9fUd1tY"

{
    "books": [
        {
            "isbn": "9781449325862",
            "title": "Git Pocket Guide",
            "subTitle": "A Working Introduction",
            "author": "Richard E. Silverman",
            "publish_date": "2020-06-04T08:48:39.000Z",
            "publisher": "O'Reilly Media",
            "pages": 234,
            "description": "This pocket guide is the perfect on-the-job companion to Git, the distributed version control system. It provides a compact, readable introduction to Git for new users, as well as a reference to common commands and procedures for those of you with Git exp",
            "website": "http://chimera.labs.oreilly.com/books/1230000000561/index.html"
        },
        {
            "isbn": "9781449331818",
            "title": "Learning JavaScript Design Patterns",
            "subTitle": "A JavaScript and jQuery Developer's Guide",
            "author": "Addy Osmani",
            "publish_date": "2020-06-04T09:11:40.000Z",
            "publisher": "O'Reilly Media",
            "pages": 254,
            "description": "With Learning JavaScript Design Patterns, you'll learn how to write beautiful, structured, and maintainable JavaScript by applying classical and modern design patterns to the language. If you want to keep your code efficient, more manageable, and up-to-da",
            "website": "http://www.addyosmani.com/resources/essentialjsdesignpatterns/book/"
        },
        {
            "isbn": "9781449337711",
            "title": "Designing Evolvable Web APIs with ASP.NET",
            "subTitle": "Harnessing the Power of the Web",
            "author": "Glenn Block et al.",
            "publish_date": "2020-06-04T09:12:43.000Z",
            "publisher": "O'Reilly Media",
            "pages": 238,
            "description": "Design and build Web APIs for a broad range of clients—including browsers and mobile devices—that can adapt to change over time. This practical, hands-on guide takes you through the theory and tools you need to build evolvable HTTP services with Microsoft",
            "website": "http://chimera.labs.oreilly.com/books/1234000001708/index.html"
        },
        {
            "isbn": "9781449365035",
            "title": "Speaking JavaScript",
            "subTitle": "An In-Depth Guide for Programmers",
            "author": "Axel Rauschmayer",
            "publish_date": "2014-02-01T00:00:00.000Z",
            "publisher": "O'Reilly Media",
            "pages": 460,
            "description": "Like it or not, JavaScript is everywhere these days-from browser to server to mobile-and now you, too, need to learn the language or dive deeper than you have. This concise book guides you into and through JavaScript, written by a veteran programmer who o",
            "website": "http://speakingjs.com/"
        },
        {
            "isbn": "9781491904244",
            "title": "You Don't Know JS",
            "subTitle": "ES6 & Beyond",
            "author": "Kyle Simpson",
            "publish_date": "2015-12-27T00:00:00.000Z",
            "publisher": "O'Reilly Media",
            "pages": 278,
            "description": "No matter how much experience you have with JavaScript, odds are you don’t fully understand the language. As part of the \\\"You Don’t Know JS\\\" series, this compact guide focuses on new features available in ECMAScript 6 (ES6), the latest version of the st",
            "website": "https://github.com/getify/You-Dont-Know-JS/tree/master/es6%20&%20beyond"
        },
        {
            "isbn": "9781491950296",
            "title": "Programming JavaScript Applications",
            "subTitle": "Robust Web Architecture with Node, HTML5, and Modern JS Libraries",
            "author": "Eric Elliott",
            "publish_date": "2014-07-01T00:00:00.000Z",
            "publisher": "O'Reilly Media",
            "pages": 254,
            "description": "Take advantage of JavaScript's power to build robust web-scale or enterprise applications that are easy to extend and maintain. By applying the design patterns outlined in this practical book, experienced JavaScript developers will learn how to write flex",
            "website": "http://chimera.labs.oreilly.com/books/1234000000262/index.html"
        },
        {
            "isbn": "9781593275846",
            "title": "Eloquent JavaScript, Second Edition",
            "subTitle": "A Modern Introduction to Programming",
            "author": "Marijn Haverbeke",
            "publish_date": "2014-12-14T00:00:00.000Z",
            "publisher": "No Starch Press",
            "pages": 472,
            "description": "JavaScript lies at the heart of almost every modern web application, from social apps to the newest browser-based games. Though simple for beginners to pick up and play with, JavaScript is a flexible, complex language that you can use to build full-scale ",
            "website": "http://eloquentjavascript.net/"
        },
        {
            "isbn": "9781593277574",
            "title": "Understanding ECMAScript 6",
            "subTitle": "The Definitive Guide for JavaScript Developers",
            "author": "Nicholas C. Zakas",
            "publish_date": "2016-09-03T00:00:00.000Z",
            "publisher": "No Starch Press",
            "pages": 352,
            "description": "ECMAScript 6 represents the biggest update to the core of JavaScript in the history of the language. In Understanding ECMAScript 6, expert developer Nicholas C. Zakas provides a complete guide to the object types, syntax, and other exciting changes that E",
            "website": "https://leanpub.com/understandinges6/read"
        }
    ]
}
Request method:	GET
Request URI:	https://demoqa.com/BookStore/v1/Book?ISBN=9781449331818
Proxy:			<none>
Request params:	<none>
Query params:	ISBN=9781449331818
Form params:	<none>
Path params:	<none>
Headers:		Accept=*/*
				Content-Type=application/json
Cookies:		<none>
Multiparts:		<none>
Body:			<none>
14:06:02.654 [Test worker] DEBUG org.apache.http.impl.conn.BasicClientConnectionManager -- Get connection for route {s}->https://demoqa.com:443
14:06:02.654 [Test worker] DEBUG org.apache.http.impl.conn.DefaultClientConnectionOperator -- Connecting to demoqa.com:443
14:06:02.712 [Test worker] DEBUG org.apache.http.client.protocol.RequestAddCookies -- CookieSpec selected: ignoreCookies
14:06:02.713 [Test worker] DEBUG org.apache.http.client.protocol.RequestAuthCache -- Auth cache not set in the context
14:06:02.713 [Test worker] DEBUG org.apache.http.client.protocol.RequestTargetAuthentication -- Target auth state: UNCHALLENGED
14:06:02.713 [Test worker] DEBUG org.apache.http.client.protocol.RequestProxyAuthentication -- Proxy auth state: UNCHALLENGED
14:06:02.713 [Test worker] DEBUG org.apache.http.impl.client.DefaultHttpClient -- Attempt 1 to execute request
14:06:02.713 [Test worker] DEBUG org.apache.http.impl.conn.DefaultClientConnection -- Sending request: GET /BookStore/v1/Book?ISBN=9781449331818 HTTP/1.1
14:06:02.713 [Test worker] DEBUG org.apache.http.wire --  >> "GET /BookStore/v1/Book?ISBN=9781449331818 HTTP/1.1[\r][\n]"
14:06:02.713 [Test worker] DEBUG org.apache.http.wire --  >> "Content-Type: application/json[\r][\n]"
14:06:02.713 [Test worker] DEBUG org.apache.http.wire --  >> "Accept: */*[\r][\n]"
14:06:02.713 [Test worker] DEBUG org.apache.http.wire --  >> "Host: demoqa.com[\r][\n]"
14:06:02.713 [Test worker] DEBUG org.apache.http.wire --  >> "Connection: Keep-Alive[\r][\n]"
14:06:02.713 [Test worker] DEBUG org.apache.http.wire --  >> "User-Agent: Apache-HttpClient/4.5.13 (Java/11.0.20)[\r][\n]"
14:06:02.713 [Test worker] DEBUG org.apache.http.wire --  >> "Accept-Encoding: gzip,deflate[\r][\n]"
14:06:02.713 [Test worker] DEBUG org.apache.http.wire --  >> "[\r][\n]"
14:06:02.713 [Test worker] DEBUG org.apache.http.headers -- >> GET /BookStore/v1/Book?ISBN=9781449331818 HTTP/1.1
14:06:02.713 [Test worker] DEBUG org.apache.http.headers -- >> Content-Type: application/json
14:06:02.713 [Test worker] DEBUG org.apache.http.headers -- >> Accept: */*
14:06:02.713 [Test worker] DEBUG org.apache.http.headers -- >> Host: demoqa.com
14:06:02.713 [Test worker] DEBUG org.apache.http.headers -- >> Connection: Keep-Alive
14:06:02.713 [Test worker] DEBUG org.apache.http.headers -- >> User-Agent: Apache-HttpClient/4.5.13 (Java/11.0.20)
14:06:02.713 [Test worker] DEBUG org.apache.http.headers -- >> Accept-Encoding: gzip,deflate
14:06:02.744 [Test worker] DEBUG org.apache.http.wire --  << "HTTP/1.1 200 OK[\r][\n]"
14:06:02.744 [Test worker] DEBUG org.apache.http.wire --  << "Server: nginx/1.17.10 (Ubuntu)[\r][\n]"
14:06:02.744 [Test worker] DEBUG org.apache.http.wire --  << "Date: Wed, 13 Dec 2023 13:06:04 GMT[\r][\n]"
14:06:02.744 [Test worker] DEBUG org.apache.http.wire --  << "Content-Type: application/json; charset=utf-8[\r][\n]"
14:06:02.744 [Test worker] DEBUG org.apache.http.wire --  << "Content-Length: 583[\r][\n]"
14:06:02.744 [Test worker] DEBUG org.apache.http.wire --  << "Connection: keep-alive[\r][\n]"
14:06:02.744 [Test worker] DEBUG org.apache.http.wire --  << "X-Powered-By: Express[\r][\n]"
14:06:02.744 [Test worker] DEBUG org.apache.http.wire --  << "ETag: W/"247-iskzmX4KfilgJ5JQZJp1iZj4b6c"[\r][\n]"
14:06:02.744 [Test worker] DEBUG org.apache.http.wire --  << "[\r][\n]"
14:06:02.744 [Test worker] DEBUG org.apache.http.impl.conn.DefaultClientConnection -- Receiving response: HTTP/1.1 200 OK
14:06:02.744 [Test worker] DEBUG org.apache.http.headers -- << HTTP/1.1 200 OK
14:06:02.744 [Test worker] DEBUG org.apache.http.headers -- << Server: nginx/1.17.10 (Ubuntu)
14:06:02.744 [Test worker] DEBUG org.apache.http.headers -- << Date: Wed, 13 Dec 2023 13:06:04 GMT
14:06:02.744 [Test worker] DEBUG org.apache.http.headers -- << Content-Type: application/json; charset=utf-8
14:06:02.744 [Test worker] DEBUG org.apache.http.headers -- << Content-Length: 583
14:06:02.744 [Test worker] DEBUG org.apache.http.headers -- << Connection: keep-alive
14:06:02.744 [Test worker] DEBUG org.apache.http.headers -- << X-Powered-By: Express
14:06:02.744 [Test worker] DEBUG org.apache.http.headers -- << ETag: W/"247-iskzmX4KfilgJ5JQZJp1iZj4b6c"
14:06:02.744 [Test worker] DEBUG org.apache.http.impl.client.DefaultHttpClient -- Connection can be kept alive indefinitely
14:06:02.744 [Test worker] DEBUG io.restassured.internal.RestAssuredHttpBuilder -- Parsing response as: application/json; charset=utf-8
14:06:02.744 [Test worker] DEBUG io.restassured.internal.RestAssuredHttpBuilder -- Parsed data to instance of: class org.apache.http.conn.EofSensorInputStream
14:06:02.745 [Test worker] DEBUG org.apache.http.wire --  << "{"isbn":"9781449331818","title":"Learning JavaScript Design Patterns","subTitle":"A JavaScript and jQuery Developer's Guide","author":"Addy Osmani","publish_date":"2020-06-04T09:11:40.000Z","publisher":"O'Reilly Media","pages":254,"description":"With Learning JavaScript Design Patterns, you'll learn how to write beautiful, structured, and maintainable JavaScript by applying classical and modern design patterns to the language. If you want to keep your code efficient, more manageable, and up-to-da","website":"http://www.addyosmani.com/resources/essentialjsdesignpatterns/book/"}"
14:06:02.745 [Test worker] DEBUG org.apache.http.impl.conn.BasicClientConnectionManager -- Releasing connection org.apache.http.impl.conn.ManagedClientConnectionImpl@6a914d1b
14:06:02.745 [Test worker] DEBUG org.apache.http.impl.conn.BasicClientConnectionManager -- Connection can be kept alive indefinitely
HTTP/1.1 200 OK
Server: nginx/1.17.10 (Ubuntu)
Date: Wed, 13 Dec 2023 13:06:04 GMT
Content-Type: application/json; charset=utf-8
Content-Length: 583
Connection: keep-alive
X-Powered-By: Express
ETag: W/"247-iskzmX4KfilgJ5JQZJp1iZj4b6c"

{
    "isbn": "9781449331818",
    "title": "Learning JavaScript Design Patterns",
    "subTitle": "A JavaScript and jQuery Developer's Guide",
    "author": "Addy Osmani",
    "publish_date": "2020-06-04T09:11:40.000Z",
    "publisher": "O'Reilly Media",
    "pages": 254,
    "description": "With Learning JavaScript Design Patterns, you'll learn how to write beautiful, structured, and maintainable JavaScript by applying classical and modern design patterns to the language. If you want to keep your code efficient, more manageable, and up-to-da",
    "website": "http://www.addyosmani.com/resources/essentialjsdesignpatterns/book/"
}
Request method:	GET
Request URI:	https://demoqa.com/BookStore/v1/Book?ISBN=1111111111
Proxy:			<none>
Request params:	<none>
Query params:	ISBN=1111111111
Form params:	<none>
Path params:	<none>
Headers:		Accept=*/*
				Content-Type=application/json
Cookies:		<none>
Multiparts:		<none>
Body:			<none>
14:06:02.753 [Test worker] DEBUG org.apache.http.impl.conn.BasicClientConnectionManager -- Get connection for route {s}->https://demoqa.com:443
14:06:02.753 [Test worker] DEBUG org.apache.http.impl.conn.DefaultClientConnectionOperator -- Connecting to demoqa.com:443
14:06:02.853 [Test worker] DEBUG org.apache.http.client.protocol.RequestAddCookies -- CookieSpec selected: ignoreCookies
14:06:02.854 [Test worker] DEBUG org.apache.http.client.protocol.RequestAuthCache -- Auth cache not set in the context
14:06:02.854 [Test worker] DEBUG org.apache.http.client.protocol.RequestTargetAuthentication -- Target auth state: UNCHALLENGED
14:06:02.854 [Test worker] DEBUG org.apache.http.client.protocol.RequestProxyAuthentication -- Proxy auth state: UNCHALLENGED
14:06:02.854 [Test worker] DEBUG org.apache.http.impl.client.DefaultHttpClient -- Attempt 1 to execute request
14:06:02.854 [Test worker] DEBUG org.apache.http.impl.conn.DefaultClientConnection -- Sending request: GET /BookStore/v1/Book?ISBN=1111111111 HTTP/1.1
14:06:02.854 [Test worker] DEBUG org.apache.http.wire --  >> "GET /BookStore/v1/Book?ISBN=1111111111 HTTP/1.1[\r][\n]"
14:06:02.854 [Test worker] DEBUG org.apache.http.wire --  >> "Content-Type: application/json[\r][\n]"
14:06:02.854 [Test worker] DEBUG org.apache.http.wire --  >> "Accept: */*[\r][\n]"
14:06:02.854 [Test worker] DEBUG org.apache.http.wire --  >> "Host: demoqa.com[\r][\n]"
14:06:02.854 [Test worker] DEBUG org.apache.http.wire --  >> "Connection: Keep-Alive[\r][\n]"
14:06:02.854 [Test worker] DEBUG org.apache.http.wire --  >> "User-Agent: Apache-HttpClient/4.5.13 (Java/11.0.20)[\r][\n]"
14:06:02.854 [Test worker] DEBUG org.apache.http.wire --  >> "Accept-Encoding: gzip,deflate[\r][\n]"
14:06:02.854 [Test worker] DEBUG org.apache.http.wire --  >> "[\r][\n]"
14:06:02.854 [Test worker] DEBUG org.apache.http.headers -- >> GET /BookStore/v1/Book?ISBN=1111111111 HTTP/1.1
14:06:02.854 [Test worker] DEBUG org.apache.http.headers -- >> Content-Type: application/json
14:06:02.854 [Test worker] DEBUG org.apache.http.headers -- >> Accept: */*
14:06:02.854 [Test worker] DEBUG org.apache.http.headers -- >> Host: demoqa.com
14:06:02.854 [Test worker] DEBUG org.apache.http.headers -- >> Connection: Keep-Alive
14:06:02.854 [Test worker] DEBUG org.apache.http.headers -- >> User-Agent: Apache-HttpClient/4.5.13 (Java/11.0.20)
14:06:02.854 [Test worker] DEBUG org.apache.http.headers -- >> Accept-Encoding: gzip,deflate
14:06:02.923 [Test worker] DEBUG org.apache.http.wire --  << "HTTP/1.1 400 Bad Request[\r][\n]"
14:06:02.923 [Test worker] DEBUG org.apache.http.wire --  << "Server: nginx/1.17.10 (Ubuntu)[\r][\n]"
14:06:02.923 [Test worker] DEBUG org.apache.http.wire --  << "Date: Wed, 13 Dec 2023 13:06:04 GMT[\r][\n]"
14:06:02.923 [Test worker] DEBUG org.apache.http.wire --  << "Content-Type: application/json; charset=utf-8[\r][\n]"
14:06:02.923 [Test worker] DEBUG org.apache.http.wire --  << "Content-Length: 79[\r][\n]"
14:06:02.923 [Test worker] DEBUG org.apache.http.wire --  << "Connection: keep-alive[\r][\n]"
14:06:02.923 [Test worker] DEBUG org.apache.http.wire --  << "X-Powered-By: Express[\r][\n]"
14:06:02.923 [Test worker] DEBUG org.apache.http.wire --  << "ETag: W/"4f-RpKuEeQ3Bj2uvDIxIXvc7QRyqm4"[\r][\n]"
14:06:02.923 [Test worker] DEBUG org.apache.http.wire --  << "[\r][\n]"
14:06:02.923 [Test worker] DEBUG org.apache.http.impl.conn.DefaultClientConnection -- Receiving response: HTTP/1.1 400 Bad Request
14:06:02.923 [Test worker] DEBUG org.apache.http.headers -- << HTTP/1.1 400 Bad Request
14:06:02.923 [Test worker] DEBUG org.apache.http.headers -- << Server: nginx/1.17.10 (Ubuntu)
14:06:02.923 [Test worker] DEBUG org.apache.http.headers -- << Date: Wed, 13 Dec 2023 13:06:04 GMT
14:06:02.923 [Test worker] DEBUG org.apache.http.headers -- << Content-Type: application/json; charset=utf-8
14:06:02.923 [Test worker] DEBUG org.apache.http.headers -- << Content-Length: 79
14:06:02.923 [Test worker] DEBUG org.apache.http.headers -- << Connection: keep-alive
14:06:02.923 [Test worker] DEBUG org.apache.http.headers -- << X-Powered-By: Express
14:06:02.923 [Test worker] DEBUG org.apache.http.headers -- << ETag: W/"4f-RpKuEeQ3Bj2uvDIxIXvc7QRyqm4"
14:06:02.923 [Test worker] DEBUG org.apache.http.impl.client.DefaultHttpClient -- Connection can be kept alive indefinitely
14:06:02.923 [Test worker] DEBUG io.restassured.internal.RestAssuredHttpBuilder -- Parsing response as: application/json; charset=utf-8
14:06:02.923 [Test worker] DEBUG io.restassured.internal.RestAssuredHttpBuilder -- Parsed data to instance of: class org.apache.http.conn.EofSensorInputStream
14:06:02.923 [Test worker] DEBUG org.apache.http.wire --  << "{"code":"1205","message":"ISBN supplied is not available in Books Collection!"}"
14:06:02.923 [Test worker] DEBUG org.apache.http.impl.conn.BasicClientConnectionManager -- Releasing connection org.apache.http.impl.conn.ManagedClientConnectionImpl@452afee
14:06:02.923 [Test worker] DEBUG org.apache.http.impl.conn.BasicClientConnectionManager -- Connection can be kept alive indefinitely
HTTP/1.1 400 Bad Request
Server: nginx/1.17.10 (Ubuntu)
Date: Wed, 13 Dec 2023 13:06:04 GMT
Content-Type: application/json; charset=utf-8
Content-Length: 79
Connection: keep-alive
X-Powered-By: Express
ETag: W/"4f-RpKuEeQ3Bj2uvDIxIXvc7QRyqm4"

{
    "code": "1205",
    "message": "ISBN supplied is not available in Books Collection!"
}
]]></system-out>
  <system-err><![CDATA[]]></system-err>
</testsuite>
