<?xml version="1.0" encoding="UTF-8"?>
<testsuite name="tests.DeleteAccountTest" tests="4" skipped="0" failures="2" errors="0" timestamp="2023-12-13T13:05:16" hostname="DESKTOP-TFD6REL" time="11.149">
  <properties/>
  <testcase name="deleteAccount" classname="tests.DeleteAccountTest" time="3.801">
    <failure message="java.lang.AssertionError: 1 expectation failed.&#10;Expected status code &lt;200&gt; but was &lt;204&gt;.&#10;" type="java.lang.AssertionError">java.lang.AssertionError: 1 expectation failed.
Expected status code &lt;200&gt; but was &lt;204&gt;.

	at java.base/jdk.internal.reflect.NativeConstructorAccessorImpl.newInstance0(Native Method)
	at java.base/jdk.internal.reflect.NativeConstructorAccessorImpl.newInstance(NativeConstructorAccessorImpl.java:62)
	at java.base/jdk.internal.reflect.DelegatingConstructorAccessorImpl.newInstance(DelegatingConstructorAccessorImpl.java:45)
	at java.base/java.lang.reflect.Constructor.newInstance(Constructor.java:490)
	at org.codehaus.groovy.reflection.CachedConstructor.invoke(CachedConstructor.java:73)
	at org.codehaus.groovy.reflection.CachedConstructor.doConstructorInvoke(CachedConstructor.java:60)
	at org.codehaus.groovy.runtime.callsite.ConstructorSite$ConstructorSiteNoUnwrap.callConstructor(ConstructorSite.java:86)
	at org.codehaus.groovy.runtime.callsite.AbstractCallSite.callConstructor(AbstractCallSite.java:277)
	at io.restassured.internal.ResponseSpecificationImpl$HamcrestAssertionClosure.validate(ResponseSpecificationImpl.groovy:512)
	at io.restassured.internal.ResponseSpecificationImpl$HamcrestAssertionClosure$validate$1.call(Unknown Source)
	at io.restassured.internal.ResponseSpecificationImpl.validateResponseIfRequired(ResponseSpecificationImpl.groovy:696)
	at io.restassured.internal.ResponseSpecificationImpl.this$2$validateResponseIfRequired(ResponseSpecificationImpl.groovy)
	at jdk.internal.reflect.GeneratedMethodAccessor148.invoke(Unknown Source)
	at java.base/jdk.internal.reflect.DelegatingMethodAccessorImpl.invoke(DelegatingMethodAccessorImpl.java:43)
	at java.base/java.lang.reflect.Method.invoke(Method.java:566)
	at org.codehaus.groovy.runtime.callsite.PlainObjectMetaMethodSite.doInvoke(PlainObjectMetaMethodSite.java:43)
	at org.codehaus.groovy.runtime.callsite.PogoMetaMethodSite$PogoCachedMethodSiteNoUnwrapNoCoerce.invoke(PogoMetaMethodSite.java:198)
	at org.codehaus.groovy.runtime.callsite.PogoMetaMethodSite.callCurrent(PogoMetaMethodSite.java:62)
	at org.codehaus.groovy.runtime.callsite.AbstractCallSite.callCurrent(AbstractCallSite.java:185)
	at io.restassured.internal.ResponseSpecificationImpl.statusCode(ResponseSpecificationImpl.groovy:135)
	at io.restassured.specification.ResponseSpecification$statusCode$0.callCurrent(Unknown Source)
	at io.restassured.internal.ResponseSpecificationImpl.statusCode(ResponseSpecificationImpl.groovy:143)
	at io.restassured.internal.ValidatableResponseOptionsImpl.statusCode(ValidatableResponseOptionsImpl.java:89)
	at tests.helpers.ApiBase.deleteRequestWithParam(ApiBase.java:122)
	at tests.DeleteAccountTest.deleteAccount(DeleteAccountTest.java:27)
	at java.base/jdk.internal.reflect.NativeMethodAccessorImpl.invoke0(Native Method)
	at java.base/jdk.internal.reflect.NativeMethodAccessorImpl.invoke(NativeMethodAccessorImpl.java:62)
	at java.base/jdk.internal.reflect.DelegatingMethodAccessorImpl.invoke(DelegatingMethodAccessorImpl.java:43)
	at java.base/java.lang.reflect.Method.invoke(Method.java:566)
	at org.testng.internal.invokers.MethodInvocationHelper.invokeMethod(MethodInvocationHelper.java:139)
	at org.testng.internal.invokers.TestInvoker.invokeMethod(TestInvoker.java:664)
	at org.testng.internal.invokers.TestInvoker.invokeTestMethod(TestInvoker.java:227)
	at org.testng.internal.invokers.MethodRunner.runInSequence(MethodRunner.java:50)
	at org.testng.internal.invokers.TestInvoker$MethodInvocationAgent.invoke(TestInvoker.java:957)
	at org.testng.internal.invokers.TestInvoker.invokeTestMethods(TestInvoker.java:200)
	at org.testng.internal.invokers.TestMethodWorker.invokeTestMethods(TestMethodWorker.java:148)
	at org.testng.internal.invokers.TestMethodWorker.run(TestMethodWorker.java:128)
	at java.base/java.util.ArrayList.forEach(ArrayList.java:1541)
	at org.testng.TestRunner.privateRun(TestRunner.java:848)
	at org.testng.TestRunner.run(TestRunner.java:621)
	at org.testng.SuiteRunner.runTest(SuiteRunner.java:443)
	at org.testng.SuiteRunner.runSequentially(SuiteRunner.java:437)
	at org.testng.SuiteRunner.privateRun(SuiteRunner.java:397)
	at org.testng.SuiteRunner.run(SuiteRunner.java:336)
	at org.testng.SuiteRunnerWorker.runSuite(SuiteRunnerWorker.java:52)
	at org.testng.SuiteRunnerWorker.run(SuiteRunnerWorker.java:95)
	at org.testng.TestNG.runSuitesSequentially(TestNG.java:1280)
	at org.testng.TestNG.runSuitesLocally(TestNG.java:1200)
	at org.testng.TestNG.runSuites(TestNG.java:1114)
	at org.testng.TestNG.run(TestNG.java:1082)
	at org.gradle.api.internal.tasks.testing.testng.TestNGTestClassProcessor.runTests(TestNGTestClassProcessor.java:146)
	at org.gradle.api.internal.tasks.testing.testng.TestNGTestClassProcessor.stop(TestNGTestClassProcessor.java:91)
	at org.gradle.api.internal.tasks.testing.SuiteTestClassProcessor.stop(SuiteTestClassProcessor.java:61)
	at java.base/jdk.internal.reflect.NativeMethodAccessorImpl.invoke0(Native Method)
	at java.base/jdk.internal.reflect.NativeMethodAccessorImpl.invoke(NativeMethodAccessorImpl.java:62)
	at java.base/jdk.internal.reflect.DelegatingMethodAccessorImpl.invoke(DelegatingMethodAccessorImpl.java:43)
	at java.base/java.lang.reflect.Method.invoke(Method.java:566)
	at org.gradle.internal.dispatch.ReflectionDispatch.dispatch(ReflectionDispatch.java:36)
	at org.gradle.internal.dispatch.ReflectionDispatch.dispatch(ReflectionDispatch.java:24)
	at org.gradle.internal.dispatch.ContextClassLoaderDispatch.dispatch(ContextClassLoaderDispatch.java:33)
	at org.gradle.internal.dispatch.ProxyDispatchAdapter$DispatchingInvocationHandler.invoke(ProxyDispatchAdapter.java:94)
	at com.sun.proxy.$Proxy2.stop(Unknown Source)
	at org.gradle.api.internal.tasks.testing.worker.TestWorker$3.run(TestWorker.java:193)
	at org.gradle.api.internal.tasks.testing.worker.TestWorker.executeAndMaintainThreadName(TestWorker.java:129)
	at org.gradle.api.internal.tasks.testing.worker.TestWorker.execute(TestWorker.java:100)
	at org.gradle.api.internal.tasks.testing.worker.TestWorker.execute(TestWorker.java:60)
	at org.gradle.process.internal.worker.child.ActionExecutionWorker.execute(ActionExecutionWorker.java:56)
	at org.gradle.process.internal.worker.child.SystemApplicationClassLoaderWorker.call(SystemApplicationClassLoaderWorker.java:133)
	at org.gradle.process.internal.worker.child.SystemApplicationClassLoaderWorker.call(SystemApplicationClassLoaderWorker.java:71)
	at worker.org.gradle.process.internal.worker.GradleWorkerMain.run(GradleWorkerMain.java:69)
	at worker.org.gradle.process.internal.worker.GradleWorkerMain.main(GradleWorkerMain.java:74)
</failure>
  </testcase>
  <testcase name="invalidEndPointDeleteAccount" classname="tests.DeleteAccountTest" time="2.597"/>
  <testcase name="invalidUserIdDeleteAccount" classname="tests.DeleteAccountTest" time="3.974">
    <failure message="java.lang.AssertionError: 1 expectation failed.&#10;Expected status code &lt;404&gt; but was &lt;200&gt;.&#10;" type="java.lang.AssertionError">java.lang.AssertionError: 1 expectation failed.
Expected status code &lt;404&gt; but was &lt;200&gt;.

	at java.base/jdk.internal.reflect.NativeConstructorAccessorImpl.newInstance0(Native Method)
	at java.base/jdk.internal.reflect.NativeConstructorAccessorImpl.newInstance(NativeConstructorAccessorImpl.java:62)
	at java.base/jdk.internal.reflect.DelegatingConstructorAccessorImpl.newInstance(DelegatingConstructorAccessorImpl.java:45)
	at java.base/java.lang.reflect.Constructor.newInstance(Constructor.java:490)
	at org.codehaus.groovy.reflection.CachedConstructor.invoke(CachedConstructor.java:73)
	at org.codehaus.groovy.reflection.CachedConstructor.doConstructorInvoke(CachedConstructor.java:60)
	at org.codehaus.groovy.runtime.callsite.ConstructorSite$ConstructorSiteNoUnwrap.callConstructor(ConstructorSite.java:86)
	at org.codehaus.groovy.runtime.callsite.AbstractCallSite.callConstructor(AbstractCallSite.java:277)
	at io.restassured.internal.ResponseSpecificationImpl$HamcrestAssertionClosure.validate(ResponseSpecificationImpl.groovy:512)
	at io.restassured.internal.ResponseSpecificationImpl$HamcrestAssertionClosure$validate$1.call(Unknown Source)
	at io.restassured.internal.ResponseSpecificationImpl.validateResponseIfRequired(ResponseSpecificationImpl.groovy:696)
	at io.restassured.internal.ResponseSpecificationImpl.this$2$validateResponseIfRequired(ResponseSpecificationImpl.groovy)
	at jdk.internal.reflect.GeneratedMethodAccessor148.invoke(Unknown Source)
	at java.base/jdk.internal.reflect.DelegatingMethodAccessorImpl.invoke(DelegatingMethodAccessorImpl.java:43)
	at java.base/java.lang.reflect.Method.invoke(Method.java:566)
	at org.codehaus.groovy.runtime.callsite.PlainObjectMetaMethodSite.doInvoke(PlainObjectMetaMethodSite.java:43)
	at org.codehaus.groovy.runtime.callsite.PogoMetaMethodSite$PogoCachedMethodSiteNoUnwrapNoCoerce.invoke(PogoMetaMethodSite.java:198)
	at org.codehaus.groovy.runtime.callsite.PogoMetaMethodSite.callCurrent(PogoMetaMethodSite.java:62)
	at org.codehaus.groovy.runtime.callsite.AbstractCallSite.callCurrent(AbstractCallSite.java:185)
	at io.restassured.internal.ResponseSpecificationImpl.statusCode(ResponseSpecificationImpl.groovy:135)
	at io.restassured.specification.ResponseSpecification$statusCode$0.callCurrent(Unknown Source)
	at io.restassured.internal.ResponseSpecificationImpl.statusCode(ResponseSpecificationImpl.groovy:143)
	at io.restassured.internal.ValidatableResponseOptionsImpl.statusCode(ValidatableResponseOptionsImpl.java:89)
	at tests.helpers.ApiBase.deleteRequestWithParam(ApiBase.java:122)
	at tests.DeleteAccountTest.invalidUserIdDeleteAccount(DeleteAccountTest.java:42)
	at java.base/jdk.internal.reflect.NativeMethodAccessorImpl.invoke0(Native Method)
	at java.base/jdk.internal.reflect.NativeMethodAccessorImpl.invoke(NativeMethodAccessorImpl.java:62)
	at java.base/jdk.internal.reflect.DelegatingMethodAccessorImpl.invoke(DelegatingMethodAccessorImpl.java:43)
	at java.base/java.lang.reflect.Method.invoke(Method.java:566)
	at org.testng.internal.invokers.MethodInvocationHelper.invokeMethod(MethodInvocationHelper.java:139)
	at org.testng.internal.invokers.TestInvoker.invokeMethod(TestInvoker.java:664)
	at org.testng.internal.invokers.TestInvoker.invokeTestMethod(TestInvoker.java:227)
	at org.testng.internal.invokers.MethodRunner.runInSequence(MethodRunner.java:50)
	at org.testng.internal.invokers.TestInvoker$MethodInvocationAgent.invoke(TestInvoker.java:957)
	at org.testng.internal.invokers.TestInvoker.invokeTestMethods(TestInvoker.java:200)
	at org.testng.internal.invokers.TestMethodWorker.invokeTestMethods(TestMethodWorker.java:148)
	at org.testng.internal.invokers.TestMethodWorker.run(TestMethodWorker.java:128)
	at java.base/java.util.ArrayList.forEach(ArrayList.java:1541)
	at org.testng.TestRunner.privateRun(TestRunner.java:848)
	at org.testng.TestRunner.run(TestRunner.java:621)
	at org.testng.SuiteRunner.runTest(SuiteRunner.java:443)
	at org.testng.SuiteRunner.runSequentially(SuiteRunner.java:437)
	at org.testng.SuiteRunner.privateRun(SuiteRunner.java:397)
	at org.testng.SuiteRunner.run(SuiteRunner.java:336)
	at org.testng.SuiteRunnerWorker.runSuite(SuiteRunnerWorker.java:52)
	at org.testng.SuiteRunnerWorker.run(SuiteRunnerWorker.java:95)
	at org.testng.TestNG.runSuitesSequentially(TestNG.java:1280)
	at org.testng.TestNG.runSuitesLocally(TestNG.java:1200)
	at org.testng.TestNG.runSuites(TestNG.java:1114)
	at org.testng.TestNG.run(TestNG.java:1082)
	at org.gradle.api.internal.tasks.testing.testng.TestNGTestClassProcessor.runTests(TestNGTestClassProcessor.java:146)
	at org.gradle.api.internal.tasks.testing.testng.TestNGTestClassProcessor.stop(TestNGTestClassProcessor.java:91)
	at org.gradle.api.internal.tasks.testing.SuiteTestClassProcessor.stop(SuiteTestClassProcessor.java:61)
	at java.base/jdk.internal.reflect.NativeMethodAccessorImpl.invoke0(Native Method)
	at java.base/jdk.internal.reflect.NativeMethodAccessorImpl.invoke(NativeMethodAccessorImpl.java:62)
	at java.base/jdk.internal.reflect.DelegatingMethodAccessorImpl.invoke(DelegatingMethodAccessorImpl.java:43)
	at java.base/java.lang.reflect.Method.invoke(Method.java:566)
	at org.gradle.internal.dispatch.ReflectionDispatch.dispatch(ReflectionDispatch.java:36)
	at org.gradle.internal.dispatch.ReflectionDispatch.dispatch(ReflectionDispatch.java:24)
	at org.gradle.internal.dispatch.ContextClassLoaderDispatch.dispatch(ContextClassLoaderDispatch.java:33)
	at org.gradle.internal.dispatch.ProxyDispatchAdapter$DispatchingInvocationHandler.invoke(ProxyDispatchAdapter.java:94)
	at com.sun.proxy.$Proxy2.stop(Unknown Source)
	at org.gradle.api.internal.tasks.testing.worker.TestWorker$3.run(TestWorker.java:193)
	at org.gradle.api.internal.tasks.testing.worker.TestWorker.executeAndMaintainThreadName(TestWorker.java:129)
	at org.gradle.api.internal.tasks.testing.worker.TestWorker.execute(TestWorker.java:100)
	at org.gradle.api.internal.tasks.testing.worker.TestWorker.execute(TestWorker.java:60)
	at org.gradle.process.internal.worker.child.ActionExecutionWorker.execute(ActionExecutionWorker.java:56)
	at org.gradle.process.internal.worker.child.SystemApplicationClassLoaderWorker.call(SystemApplicationClassLoaderWorker.java:133)
	at org.gradle.process.internal.worker.child.SystemApplicationClassLoaderWorker.call(SystemApplicationClassLoaderWorker.java:71)
	at worker.org.gradle.process.internal.worker.GradleWorkerMain.run(GradleWorkerMain.java:69)
	at worker.org.gradle.process.internal.worker.GradleWorkerMain.main(GradleWorkerMain.java:74)
</failure>
  </testcase>
  <testcase name="withoutTokenDeleteAccount" classname="tests.DeleteAccountTest" time="0.755"/>
  <system-out><![CDATA[Request method:	POST
Request URI:	https://demoqa.com/Account/v1/User
Proxy:			<none>
Request params:	<none>
Query params:	<none>
Form params:	<none>
Path params:	<none>
Headers:		Accept=*/*
				Content-Type=application/json
Cookies:		<none>
Multiparts:		<none>
Body:
{
    "userName": "shad.gleichner",
    "password": "123Ron321&"
}
14:05:16.977 [Test worker] DEBUG org.apache.http.impl.conn.BasicClientConnectionManager -- Get connection for route {s}->https://demoqa.com:443
14:05:16.977 [Test worker] DEBUG org.apache.http.impl.conn.DefaultClientConnectionOperator -- Connecting to demoqa.com:443
14:05:17.821 [Test worker] DEBUG org.apache.http.client.protocol.RequestAddCookies -- CookieSpec selected: ignoreCookies
14:05:17.821 [Test worker] DEBUG org.apache.http.client.protocol.RequestAuthCache -- Auth cache not set in the context
14:05:17.821 [Test worker] DEBUG org.apache.http.client.protocol.RequestTargetAuthentication -- Target auth state: UNCHALLENGED
14:05:17.821 [Test worker] DEBUG org.apache.http.client.protocol.RequestProxyAuthentication -- Proxy auth state: UNCHALLENGED
14:05:17.821 [Test worker] DEBUG org.apache.http.impl.client.DefaultHttpClient -- Attempt 1 to execute request
14:05:17.821 [Test worker] DEBUG org.apache.http.impl.conn.DefaultClientConnection -- Sending request: POST /Account/v1/User HTTP/1.1
14:05:17.821 [Test worker] DEBUG org.apache.http.wire --  >> "POST /Account/v1/User HTTP/1.1[\r][\n]"
14:05:17.821 [Test worker] DEBUG org.apache.http.wire --  >> "Accept: */*[\r][\n]"
14:05:17.821 [Test worker] DEBUG org.apache.http.wire --  >> "Content-Type: application/json[\r][\n]"
14:05:17.821 [Test worker] DEBUG org.apache.http.wire --  >> "Content-Length: 53[\r][\n]"
14:05:17.821 [Test worker] DEBUG org.apache.http.wire --  >> "Host: demoqa.com[\r][\n]"
14:05:17.821 [Test worker] DEBUG org.apache.http.wire --  >> "Connection: Keep-Alive[\r][\n]"
14:05:17.821 [Test worker] DEBUG org.apache.http.wire --  >> "User-Agent: Apache-HttpClient/4.5.13 (Java/11.0.20)[\r][\n]"
14:05:17.821 [Test worker] DEBUG org.apache.http.wire --  >> "Accept-Encoding: gzip,deflate[\r][\n]"
14:05:17.821 [Test worker] DEBUG org.apache.http.wire --  >> "[\r][\n]"
14:05:17.821 [Test worker] DEBUG org.apache.http.headers -- >> POST /Account/v1/User HTTP/1.1
14:05:17.821 [Test worker] DEBUG org.apache.http.headers -- >> Accept: */*
14:05:17.821 [Test worker] DEBUG org.apache.http.headers -- >> Content-Type: application/json
14:05:17.821 [Test worker] DEBUG org.apache.http.headers -- >> Content-Length: 53
14:05:17.821 [Test worker] DEBUG org.apache.http.headers -- >> Host: demoqa.com
14:05:17.821 [Test worker] DEBUG org.apache.http.headers -- >> Connection: Keep-Alive
14:05:17.821 [Test worker] DEBUG org.apache.http.headers -- >> User-Agent: Apache-HttpClient/4.5.13 (Java/11.0.20)
14:05:17.821 [Test worker] DEBUG org.apache.http.headers -- >> Accept-Encoding: gzip,deflate
14:05:17.821 [Test worker] DEBUG org.apache.http.wire --  >> "{"userName":"shad.gleichner","password":"123Ron321&"}"
14:05:18.022 [Test worker] DEBUG org.apache.http.wire --  << "HTTP/1.1 201 Created[\r][\n]"
14:05:18.023 [Test worker] DEBUG org.apache.http.wire --  << "Server: nginx/1.17.10 (Ubuntu)[\r][\n]"
14:05:18.023 [Test worker] DEBUG org.apache.http.wire --  << "Date: Wed, 13 Dec 2023 13:05:19 GMT[\r][\n]"
14:05:18.023 [Test worker] DEBUG org.apache.http.wire --  << "Content-Type: application/json; charset=utf-8[\r][\n]"
14:05:18.023 [Test worker] DEBUG org.apache.http.wire --  << "Content-Length: 88[\r][\n]"
14:05:18.023 [Test worker] DEBUG org.apache.http.wire --  << "Connection: keep-alive[\r][\n]"
14:05:18.023 [Test worker] DEBUG org.apache.http.wire --  << "X-Powered-By: Express[\r][\n]"
14:05:18.023 [Test worker] DEBUG org.apache.http.wire --  << "ETag: W/"58-jO+jatTtkioJzfDwRb9h143FsXY"[\r][\n]"
14:05:18.023 [Test worker] DEBUG org.apache.http.wire --  << "[\r][\n]"
14:05:18.023 [Test worker] DEBUG org.apache.http.impl.conn.DefaultClientConnection -- Receiving response: HTTP/1.1 201 Created
14:05:18.023 [Test worker] DEBUG org.apache.http.headers -- << HTTP/1.1 201 Created
14:05:18.023 [Test worker] DEBUG org.apache.http.headers -- << Server: nginx/1.17.10 (Ubuntu)
14:05:18.023 [Test worker] DEBUG org.apache.http.headers -- << Date: Wed, 13 Dec 2023 13:05:19 GMT
14:05:18.023 [Test worker] DEBUG org.apache.http.headers -- << Content-Type: application/json; charset=utf-8
14:05:18.023 [Test worker] DEBUG org.apache.http.headers -- << Content-Length: 88
14:05:18.023 [Test worker] DEBUG org.apache.http.headers -- << Connection: keep-alive
14:05:18.023 [Test worker] DEBUG org.apache.http.headers -- << X-Powered-By: Express
14:05:18.023 [Test worker] DEBUG org.apache.http.headers -- << ETag: W/"58-jO+jatTtkioJzfDwRb9h143FsXY"
14:05:18.023 [Test worker] DEBUG org.apache.http.impl.client.DefaultHttpClient -- Connection can be kept alive indefinitely
14:05:18.023 [Test worker] DEBUG io.restassured.internal.RestAssuredHttpBuilder -- Parsing response as: application/json; charset=utf-8
14:05:18.023 [Test worker] DEBUG io.restassured.internal.RestAssuredHttpBuilder -- Parsed data to instance of: class org.apache.http.conn.EofSensorInputStream
14:05:18.024 [Test worker] DEBUG org.apache.http.wire --  << "{"userID":"c2951ed1-63d5-422b-ad68-b4b673d58164","username":"shad.gleichner","books":[]}"
14:05:18.024 [Test worker] DEBUG org.apache.http.impl.conn.BasicClientConnectionManager -- Releasing connection org.apache.http.impl.conn.ManagedClientConnectionImpl@518b3e15
14:05:18.024 [Test worker] DEBUG org.apache.http.impl.conn.BasicClientConnectionManager -- Connection can be kept alive indefinitely
HTTP/1.1 201 Created
Server: nginx/1.17.10 (Ubuntu)
Date: Wed, 13 Dec 2023 13:05:19 GMT
Content-Type: application/json; charset=utf-8
Content-Length: 88
Connection: keep-alive
X-Powered-By: Express
ETag: W/"58-jO+jatTtkioJzfDwRb9h143FsXY"

{
    "userID": "c2951ed1-63d5-422b-ad68-b4b673d58164",
    "username": "shad.gleichner",
    "books": [
        
    ]
}
14:05:18.036 [Finalizer] DEBUG org.apache.http.impl.conn.DefaultClientConnection -- Connection 0.0.0.0:53219<->176.58.101.124:443 closed
14:05:18.037 [Finalizer] DEBUG org.apache.http.impl.conn.DefaultClientConnection -- Connection 0.0.0.0:53220<->176.58.101.124:443 closed
14:05:18.037 [Finalizer] DEBUG org.apache.http.impl.conn.DefaultClientConnection -- Connection 0.0.0.0:53221<->176.58.101.124:443 closed
14:05:18.038 [Finalizer] DEBUG org.apache.http.impl.conn.DefaultClientConnection -- Connection 0.0.0.0:53222<->176.58.101.124:443 closed
14:05:18.038 [Finalizer] DEBUG org.apache.http.impl.conn.DefaultClientConnection -- Connection 0.0.0.0:53223<->176.58.101.124:443 closed
Request method:	POST
Request URI:	https://demoqa.com/Account/v1/GenerateToken
Proxy:			<none>
Request params:	<none>
Query params:	<none>
Form params:	<none>
Path params:	<none>
Headers:		Accept=*/*
				Content-Type=application/json
Cookies:		<none>
Multiparts:		<none>
Body:
{
    "userName": "shad.gleichner",
    "password": "123Ron321&"
}
14:05:18.045 [Test worker] DEBUG org.apache.http.impl.conn.BasicClientConnectionManager -- Get connection for route {s}->https://demoqa.com:443
14:05:18.046 [Test worker] DEBUG org.apache.http.impl.conn.DefaultClientConnectionOperator -- Connecting to demoqa.com:443
14:05:18.224 [Test worker] DEBUG org.apache.http.client.protocol.RequestAddCookies -- CookieSpec selected: ignoreCookies
14:05:18.224 [Test worker] DEBUG org.apache.http.client.protocol.RequestAuthCache -- Auth cache not set in the context
14:05:18.224 [Test worker] DEBUG org.apache.http.client.protocol.RequestTargetAuthentication -- Target auth state: UNCHALLENGED
14:05:18.224 [Test worker] DEBUG org.apache.http.client.protocol.RequestProxyAuthentication -- Proxy auth state: UNCHALLENGED
14:05:18.224 [Test worker] DEBUG org.apache.http.impl.client.DefaultHttpClient -- Attempt 1 to execute request
14:05:18.224 [Test worker] DEBUG org.apache.http.impl.conn.DefaultClientConnection -- Sending request: POST /Account/v1/GenerateToken HTTP/1.1
14:05:18.224 [Test worker] DEBUG org.apache.http.wire --  >> "POST /Account/v1/GenerateToken HTTP/1.1[\r][\n]"
14:05:18.224 [Test worker] DEBUG org.apache.http.wire --  >> "Accept: */*[\r][\n]"
14:05:18.224 [Test worker] DEBUG org.apache.http.wire --  >> "Content-Type: application/json[\r][\n]"
14:05:18.224 [Test worker] DEBUG org.apache.http.wire --  >> "Content-Length: 53[\r][\n]"
14:05:18.224 [Test worker] DEBUG org.apache.http.wire --  >> "Host: demoqa.com[\r][\n]"
14:05:18.224 [Test worker] DEBUG org.apache.http.wire --  >> "Connection: Keep-Alive[\r][\n]"
14:05:18.224 [Test worker] DEBUG org.apache.http.wire --  >> "User-Agent: Apache-HttpClient/4.5.13 (Java/11.0.20)[\r][\n]"
14:05:18.224 [Test worker] DEBUG org.apache.http.wire --  >> "Accept-Encoding: gzip,deflate[\r][\n]"
14:05:18.224 [Test worker] DEBUG org.apache.http.wire --  >> "[\r][\n]"
14:05:18.224 [Test worker] DEBUG org.apache.http.headers -- >> POST /Account/v1/GenerateToken HTTP/1.1
14:05:18.224 [Test worker] DEBUG org.apache.http.headers -- >> Accept: */*
14:05:18.224 [Test worker] DEBUG org.apache.http.headers -- >> Content-Type: application/json
14:05:18.224 [Test worker] DEBUG org.apache.http.headers -- >> Content-Length: 53
14:05:18.224 [Test worker] DEBUG org.apache.http.headers -- >> Host: demoqa.com
14:05:18.224 [Test worker] DEBUG org.apache.http.headers -- >> Connection: Keep-Alive
14:05:18.224 [Test worker] DEBUG org.apache.http.headers -- >> User-Agent: Apache-HttpClient/4.5.13 (Java/11.0.20)
14:05:18.224 [Test worker] DEBUG org.apache.http.headers -- >> Accept-Encoding: gzip,deflate
14:05:18.225 [Test worker] DEBUG org.apache.http.wire --  >> "{"userName":"shad.gleichner","password":"123Ron321&"}"
14:05:19.080 [Test worker] DEBUG org.apache.http.wire --  << "HTTP/1.1 200 OK[\r][\n]"
14:05:19.080 [Test worker] DEBUG org.apache.http.wire --  << "Server: nginx/1.17.10 (Ubuntu)[\r][\n]"
14:05:19.080 [Test worker] DEBUG org.apache.http.wire --  << "Date: Wed, 13 Dec 2023 13:05:20 GMT[\r][\n]"
14:05:19.080 [Test worker] DEBUG org.apache.http.wire --  << "Content-Type: application/json; charset=utf-8[\r][\n]"
14:05:19.080 [Test worker] DEBUG org.apache.http.wire --  << "Content-Length: 284[\r][\n]"
14:05:19.080 [Test worker] DEBUG org.apache.http.wire --  << "Connection: keep-alive[\r][\n]"
14:05:19.080 [Test worker] DEBUG org.apache.http.wire --  << "X-Powered-By: Express[\r][\n]"
14:05:19.080 [Test worker] DEBUG org.apache.http.wire --  << "ETag: W/"11c-ZYnL+ZVaCNAAwRr6oTXLd+7O6No"[\r][\n]"
14:05:19.080 [Test worker] DEBUG org.apache.http.wire --  << "[\r][\n]"
14:05:19.080 [Test worker] DEBUG org.apache.http.impl.conn.DefaultClientConnection -- Receiving response: HTTP/1.1 200 OK
14:05:19.080 [Test worker] DEBUG org.apache.http.headers -- << HTTP/1.1 200 OK
14:05:19.080 [Test worker] DEBUG org.apache.http.headers -- << Server: nginx/1.17.10 (Ubuntu)
14:05:19.080 [Test worker] DEBUG org.apache.http.headers -- << Date: Wed, 13 Dec 2023 13:05:20 GMT
14:05:19.081 [Test worker] DEBUG org.apache.http.headers -- << Content-Type: application/json; charset=utf-8
14:05:19.081 [Test worker] DEBUG org.apache.http.headers -- << Content-Length: 284
14:05:19.081 [Test worker] DEBUG org.apache.http.headers -- << Connection: keep-alive
14:05:19.081 [Test worker] DEBUG org.apache.http.headers -- << X-Powered-By: Express
14:05:19.081 [Test worker] DEBUG org.apache.http.headers -- << ETag: W/"11c-ZYnL+ZVaCNAAwRr6oTXLd+7O6No"
14:05:19.081 [Test worker] DEBUG org.apache.http.impl.client.DefaultHttpClient -- Connection can be kept alive indefinitely
14:05:19.081 [Test worker] DEBUG io.restassured.internal.RestAssuredHttpBuilder -- Parsing response as: application/json; charset=utf-8
14:05:19.081 [Test worker] DEBUG io.restassured.internal.RestAssuredHttpBuilder -- Parsed data to instance of: class org.apache.http.conn.EofSensorInputStream
14:05:19.081 [Test worker] DEBUG org.apache.http.wire --  << "{"token":"eyJhbGciOiJIUzI1NiIsInR5cCI6IkpXVCJ9.eyJ1c2VyTmFtZSI6InNoYWQuZ2xlaWNobmVyIiwicGFzc3dvcmQiOiIxMjNSb24zMjEmIiwiaWF0IjoxNzAyNDcyNzE5fQ.3zbz7TYkMIJEhj0BdY3lvdLThDMWvsZexk5hEow0Jmw","expires":"2023-12-20T13:05:19.554Z","status":"Success","result":"User authorized successfully."}"
14:05:19.081 [Test worker] DEBUG org.apache.http.impl.conn.BasicClientConnectionManager -- Releasing connection org.apache.http.impl.conn.ManagedClientConnectionImpl@16bebd03
14:05:19.081 [Test worker] DEBUG org.apache.http.impl.conn.BasicClientConnectionManager -- Connection can be kept alive indefinitely
HTTP/1.1 200 OK
Server: nginx/1.17.10 (Ubuntu)
Date: Wed, 13 Dec 2023 13:05:20 GMT
Content-Type: application/json; charset=utf-8
Content-Length: 284
Connection: keep-alive
X-Powered-By: Express
ETag: W/"11c-ZYnL+ZVaCNAAwRr6oTXLd+7O6No"

{
    "token": "eyJhbGciOiJIUzI1NiIsInR5cCI6IkpXVCJ9.eyJ1c2VyTmFtZSI6InNoYWQuZ2xlaWNobmVyIiwicGFzc3dvcmQiOiIxMjNSb24zMjEmIiwiaWF0IjoxNzAyNDcyNzE5fQ.3zbz7TYkMIJEhj0BdY3lvdLThDMWvsZexk5hEow0Jmw",
    "expires": "2023-12-20T13:05:19.554Z",
    "status": "Success",
    "result": "User authorized successfully."
}
Request method:	DELETE
Request URI:	https://demoqa.com/Account/v1/User/c2951ed1-63d5-422b-ad68-b4b673d58164
Proxy:			<none>
Request params:	<none>
Query params:	<none>
Form params:	<none>
Path params:	UserId=c2951ed1-63d5-422b-ad68-b4b673d58164
Headers:		Authorization=Bearer eyJhbGciOiJIUzI1NiIsInR5cCI6IkpXVCJ9.eyJ1c2VyTmFtZSI6InNoYWQuZ2xlaWNobmVyIiwicGFzc3dvcmQiOiIxMjNSb24zMjEmIiwiaWF0IjoxNzAyNDcyNzE5fQ.3zbz7TYkMIJEhj0BdY3lvdLThDMWvsZexk5hEow0Jmw
				Accept=*/*
				Content-Type=application/json
Cookies:		<none>
Multiparts:		<none>
Body:			<none>
14:05:19.099 [Test worker] DEBUG org.apache.http.impl.conn.BasicClientConnectionManager -- Get connection for route {s}->https://demoqa.com:443
14:05:19.100 [Test worker] DEBUG org.apache.http.impl.conn.DefaultClientConnectionOperator -- Connecting to demoqa.com:443
14:05:20.504 [Test worker] DEBUG org.apache.http.client.protocol.RequestAddCookies -- CookieSpec selected: ignoreCookies
14:05:20.504 [Test worker] DEBUG org.apache.http.client.protocol.RequestAuthCache -- Auth cache not set in the context
14:05:20.504 [Test worker] DEBUG org.apache.http.client.protocol.RequestProxyAuthentication -- Proxy auth state: UNCHALLENGED
14:05:20.504 [Test worker] DEBUG org.apache.http.impl.client.DefaultHttpClient -- Attempt 1 to execute request
14:05:20.504 [Test worker] DEBUG org.apache.http.impl.conn.DefaultClientConnection -- Sending request: DELETE /Account/v1/User/c2951ed1-63d5-422b-ad68-b4b673d58164 HTTP/1.1
14:05:20.504 [Test worker] DEBUG org.apache.http.wire --  >> "DELETE /Account/v1/User/c2951ed1-63d5-422b-ad68-b4b673d58164 HTTP/1.1[\r][\n]"
14:05:20.504 [Test worker] DEBUG org.apache.http.wire --  >> "Content-Type: application/json[\r][\n]"
14:05:20.505 [Test worker] DEBUG org.apache.http.wire --  >> "Authorization: Bearer eyJhbGciOiJIUzI1NiIsInR5cCI6IkpXVCJ9.eyJ1c2VyTmFtZSI6InNoYWQuZ2xlaWNobmVyIiwicGFzc3dvcmQiOiIxMjNSb24zMjEmIiwiaWF0IjoxNzAyNDcyNzE5fQ.3zbz7TYkMIJEhj0BdY3lvdLThDMWvsZexk5hEow0Jmw[\r][\n]"
14:05:20.505 [Test worker] DEBUG org.apache.http.wire --  >> "Accept: */*[\r][\n]"
14:05:20.505 [Test worker] DEBUG org.apache.http.wire --  >> "Host: demoqa.com[\r][\n]"
14:05:20.505 [Test worker] DEBUG org.apache.http.wire --  >> "Connection: Keep-Alive[\r][\n]"
14:05:20.505 [Test worker] DEBUG org.apache.http.wire --  >> "User-Agent: Apache-HttpClient/4.5.13 (Java/11.0.20)[\r][\n]"
14:05:20.505 [Test worker] DEBUG org.apache.http.wire --  >> "Accept-Encoding: gzip,deflate[\r][\n]"
14:05:20.505 [Test worker] DEBUG org.apache.http.wire --  >> "[\r][\n]"
14:05:20.505 [Test worker] DEBUG org.apache.http.headers -- >> DELETE /Account/v1/User/c2951ed1-63d5-422b-ad68-b4b673d58164 HTTP/1.1
14:05:20.505 [Test worker] DEBUG org.apache.http.headers -- >> Content-Type: application/json
14:05:20.505 [Test worker] DEBUG org.apache.http.headers -- >> Authorization: Bearer eyJhbGciOiJIUzI1NiIsInR5cCI6IkpXVCJ9.eyJ1c2VyTmFtZSI6InNoYWQuZ2xlaWNobmVyIiwicGFzc3dvcmQiOiIxMjNSb24zMjEmIiwiaWF0IjoxNzAyNDcyNzE5fQ.3zbz7TYkMIJEhj0BdY3lvdLThDMWvsZexk5hEow0Jmw
14:05:20.505 [Test worker] DEBUG org.apache.http.headers -- >> Accept: */*
14:05:20.505 [Test worker] DEBUG org.apache.http.headers -- >> Host: demoqa.com
14:05:20.505 [Test worker] DEBUG org.apache.http.headers -- >> Connection: Keep-Alive
14:05:20.505 [Test worker] DEBUG org.apache.http.headers -- >> User-Agent: Apache-HttpClient/4.5.13 (Java/11.0.20)
14:05:20.505 [Test worker] DEBUG org.apache.http.headers -- >> Accept-Encoding: gzip,deflate
14:05:20.728 [Test worker] DEBUG org.apache.http.wire --  << "HTTP/1.1 204 No Content[\r][\n]"
14:05:20.729 [Test worker] DEBUG org.apache.http.wire --  << "Server: nginx/1.17.10 (Ubuntu)[\r][\n]"
14:05:20.729 [Test worker] DEBUG org.apache.http.wire --  << "Date: Wed, 13 Dec 2023 13:05:21 GMT[\r][\n]"
14:05:20.729 [Test worker] DEBUG org.apache.http.wire --  << "Connection: keep-alive[\r][\n]"
14:05:20.729 [Test worker] DEBUG org.apache.http.wire --  << "X-Powered-By: Express[\r][\n]"
14:05:20.729 [Test worker] DEBUG org.apache.http.wire --  << "ETag: W/"58-nJuXCUMkaFksoy68bjB1zkPuOJU"[\r][\n]"
14:05:20.729 [Test worker] DEBUG org.apache.http.wire --  << "[\r][\n]"
14:05:20.729 [Test worker] DEBUG org.apache.http.impl.conn.DefaultClientConnection -- Receiving response: HTTP/1.1 204 No Content
14:05:20.729 [Test worker] DEBUG org.apache.http.headers -- << HTTP/1.1 204 No Content
14:05:20.729 [Test worker] DEBUG org.apache.http.headers -- << Server: nginx/1.17.10 (Ubuntu)
14:05:20.729 [Test worker] DEBUG org.apache.http.headers -- << Date: Wed, 13 Dec 2023 13:05:21 GMT
14:05:20.729 [Test worker] DEBUG org.apache.http.headers -- << Connection: keep-alive
14:05:20.729 [Test worker] DEBUG org.apache.http.headers -- << X-Powered-By: Express
14:05:20.729 [Test worker] DEBUG org.apache.http.headers -- << ETag: W/"58-nJuXCUMkaFksoy68bjB1zkPuOJU"
14:05:20.729 [Test worker] DEBUG org.apache.http.impl.client.DefaultHttpClient -- Connection can be kept alive indefinitely
14:05:20.729 [Test worker] DEBUG org.apache.http.impl.conn.BasicClientConnectionManager -- Releasing connection org.apache.http.impl.conn.ManagedClientConnectionImpl@5cc4feb7
14:05:20.729 [Test worker] DEBUG org.apache.http.impl.conn.BasicClientConnectionManager -- Connection can be kept alive indefinitely
HTTP/1.1 204 No Content
Server: nginx/1.17.10 (Ubuntu)
Date: Wed, 13 Dec 2023 13:05:21 GMT
Connection: keep-alive
X-Powered-By: Express
ETag: W/"58-nJuXCUMkaFksoy68bjB1zkPuOJU"
Request method:	POST
Request URI:	https://demoqa.com/Account/v1/User
Proxy:			<none>
Request params:	<none>
Query params:	<none>
Form params:	<none>
Path params:	<none>
Headers:		Accept=*/*
				Content-Type=application/json
Cookies:		<none>
Multiparts:		<none>
Body:
{
    "userName": "marvella.muller",
    "password": "123Ron321&"
}
14:05:20.755 [Test worker] DEBUG org.apache.http.impl.conn.BasicClientConnectionManager -- Get connection for route {s}->https://demoqa.com:443
14:05:20.755 [Test worker] DEBUG org.apache.http.impl.conn.DefaultClientConnectionOperator -- Connecting to demoqa.com:443
14:05:21.898 [Test worker] DEBUG org.apache.http.client.protocol.RequestAddCookies -- CookieSpec selected: ignoreCookies
14:05:21.898 [Test worker] DEBUG org.apache.http.client.protocol.RequestAuthCache -- Auth cache not set in the context
14:05:21.898 [Test worker] DEBUG org.apache.http.client.protocol.RequestTargetAuthentication -- Target auth state: UNCHALLENGED
14:05:21.898 [Test worker] DEBUG org.apache.http.client.protocol.RequestProxyAuthentication -- Proxy auth state: UNCHALLENGED
14:05:21.898 [Test worker] DEBUG org.apache.http.impl.client.DefaultHttpClient -- Attempt 1 to execute request
14:05:21.898 [Test worker] DEBUG org.apache.http.impl.conn.DefaultClientConnection -- Sending request: POST /Account/v1/User HTTP/1.1
14:05:21.898 [Test worker] DEBUG org.apache.http.wire --  >> "POST /Account/v1/User HTTP/1.1[\r][\n]"
14:05:21.898 [Test worker] DEBUG org.apache.http.wire --  >> "Accept: */*[\r][\n]"
14:05:21.898 [Test worker] DEBUG org.apache.http.wire --  >> "Content-Type: application/json[\r][\n]"
14:05:21.898 [Test worker] DEBUG org.apache.http.wire --  >> "Content-Length: 54[\r][\n]"
14:05:21.898 [Test worker] DEBUG org.apache.http.wire --  >> "Host: demoqa.com[\r][\n]"
14:05:21.898 [Test worker] DEBUG org.apache.http.wire --  >> "Connection: Keep-Alive[\r][\n]"
14:05:21.898 [Test worker] DEBUG org.apache.http.wire --  >> "User-Agent: Apache-HttpClient/4.5.13 (Java/11.0.20)[\r][\n]"
14:05:21.898 [Test worker] DEBUG org.apache.http.wire --  >> "Accept-Encoding: gzip,deflate[\r][\n]"
14:05:21.898 [Test worker] DEBUG org.apache.http.wire --  >> "[\r][\n]"
14:05:21.898 [Test worker] DEBUG org.apache.http.headers -- >> POST /Account/v1/User HTTP/1.1
14:05:21.898 [Test worker] DEBUG org.apache.http.headers -- >> Accept: */*
14:05:21.899 [Test worker] DEBUG org.apache.http.headers -- >> Content-Type: application/json
14:05:21.899 [Test worker] DEBUG org.apache.http.headers -- >> Content-Length: 54
14:05:21.899 [Test worker] DEBUG org.apache.http.headers -- >> Host: demoqa.com
14:05:21.899 [Test worker] DEBUG org.apache.http.headers -- >> Connection: Keep-Alive
14:05:21.899 [Test worker] DEBUG org.apache.http.headers -- >> User-Agent: Apache-HttpClient/4.5.13 (Java/11.0.20)
14:05:21.899 [Test worker] DEBUG org.apache.http.headers -- >> Accept-Encoding: gzip,deflate
14:05:21.899 [Test worker] DEBUG org.apache.http.wire --  >> "{"userName":"marvella.muller","password":"123Ron321&"}"
14:05:22.082 [Test worker] DEBUG org.apache.http.wire --  << "HTTP/1.1 201 Created[\r][\n]"
14:05:22.082 [Test worker] DEBUG org.apache.http.wire --  << "Server: nginx/1.17.10 (Ubuntu)[\r][\n]"
14:05:22.082 [Test worker] DEBUG org.apache.http.wire --  << "Date: Wed, 13 Dec 2023 13:05:23 GMT[\r][\n]"
14:05:22.082 [Test worker] DEBUG org.apache.http.wire --  << "Content-Type: application/json; charset=utf-8[\r][\n]"
14:05:22.082 [Test worker] DEBUG org.apache.http.wire --  << "Content-Length: 89[\r][\n]"
14:05:22.082 [Test worker] DEBUG org.apache.http.wire --  << "Connection: keep-alive[\r][\n]"
14:05:22.082 [Test worker] DEBUG org.apache.http.wire --  << "X-Powered-By: Express[\r][\n]"
14:05:22.082 [Test worker] DEBUG org.apache.http.wire --  << "ETag: W/"59-uPbz9O0r46VkWUP5TZi1YEa05Eo"[\r][\n]"
14:05:22.082 [Test worker] DEBUG org.apache.http.wire --  << "[\r][\n]"
14:05:22.082 [Test worker] DEBUG org.apache.http.impl.conn.DefaultClientConnection -- Receiving response: HTTP/1.1 201 Created
14:05:22.082 [Test worker] DEBUG org.apache.http.headers -- << HTTP/1.1 201 Created
14:05:22.082 [Test worker] DEBUG org.apache.http.headers -- << Server: nginx/1.17.10 (Ubuntu)
14:05:22.082 [Test worker] DEBUG org.apache.http.headers -- << Date: Wed, 13 Dec 2023 13:05:23 GMT
14:05:22.082 [Test worker] DEBUG org.apache.http.headers -- << Content-Type: application/json; charset=utf-8
14:05:22.082 [Test worker] DEBUG org.apache.http.headers -- << Content-Length: 89
14:05:22.082 [Test worker] DEBUG org.apache.http.headers -- << Connection: keep-alive
14:05:22.082 [Test worker] DEBUG org.apache.http.headers -- << X-Powered-By: Express
14:05:22.082 [Test worker] DEBUG org.apache.http.headers -- << ETag: W/"59-uPbz9O0r46VkWUP5TZi1YEa05Eo"
14:05:22.082 [Test worker] DEBUG org.apache.http.impl.client.DefaultHttpClient -- Connection can be kept alive indefinitely
14:05:22.082 [Test worker] DEBUG io.restassured.internal.RestAssuredHttpBuilder -- Parsing response as: application/json; charset=utf-8
14:05:22.082 [Test worker] DEBUG io.restassured.internal.RestAssuredHttpBuilder -- Parsed data to instance of: class org.apache.http.conn.EofSensorInputStream
14:05:22.083 [Test worker] DEBUG org.apache.http.wire --  << "{"userID":"d591967b-632d-47cb-bd86-4ce9a0613d7a","username":"marvella.muller","books":[]}"
14:05:22.083 [Test worker] DEBUG org.apache.http.impl.conn.BasicClientConnectionManager -- Releasing connection org.apache.http.impl.conn.ManagedClientConnectionImpl@55e4d821
14:05:22.083 [Test worker] DEBUG org.apache.http.impl.conn.BasicClientConnectionManager -- Connection can be kept alive indefinitely
HTTP/1.1 201 Created
Server: nginx/1.17.10 (Ubuntu)
Date: Wed, 13 Dec 2023 13:05:23 GMT
Content-Type: application/json; charset=utf-8
Content-Length: 89
Connection: keep-alive
X-Powered-By: Express
ETag: W/"59-uPbz9O0r46VkWUP5TZi1YEa05Eo"

{
    "userID": "d591967b-632d-47cb-bd86-4ce9a0613d7a",
    "username": "marvella.muller",
    "books": [
        
    ]
}
Request method:	DELETE
Request URI:	https://demoqa.com/Account/v1/Book/d591967b-632d-47cb-bd86-4ce9a0613d7a
Proxy:			<none>
Request params:	<none>
Query params:	<none>
Form params:	<none>
Path params:	UserId=d591967b-632d-47cb-bd86-4ce9a0613d7a
Headers:		Accept=*/*
				Content-Type=application/json
Cookies:		<none>
Multiparts:		<none>
Body:			<none>
14:05:22.140 [Test worker] DEBUG org.apache.http.impl.conn.BasicClientConnectionManager -- Get connection for route {s}->https://demoqa.com:443
14:05:22.141 [Test worker] DEBUG org.apache.http.impl.conn.DefaultClientConnectionOperator -- Connecting to demoqa.com:443
14:05:23.272 [Test worker] DEBUG org.apache.http.client.protocol.RequestAddCookies -- CookieSpec selected: ignoreCookies
14:05:23.273 [Test worker] DEBUG org.apache.http.client.protocol.RequestAuthCache -- Auth cache not set in the context
14:05:23.273 [Test worker] DEBUG org.apache.http.client.protocol.RequestTargetAuthentication -- Target auth state: UNCHALLENGED
14:05:23.273 [Test worker] DEBUG org.apache.http.client.protocol.RequestProxyAuthentication -- Proxy auth state: UNCHALLENGED
14:05:23.273 [Test worker] DEBUG org.apache.http.impl.client.DefaultHttpClient -- Attempt 1 to execute request
14:05:23.273 [Test worker] DEBUG org.apache.http.impl.conn.DefaultClientConnection -- Sending request: DELETE /Account/v1/Book/d591967b-632d-47cb-bd86-4ce9a0613d7a HTTP/1.1
14:05:23.273 [Test worker] DEBUG org.apache.http.wire --  >> "DELETE /Account/v1/Book/d591967b-632d-47cb-bd86-4ce9a0613d7a HTTP/1.1[\r][\n]"
14:05:23.273 [Test worker] DEBUG org.apache.http.wire --  >> "Content-Type: application/json[\r][\n]"
14:05:23.273 [Test worker] DEBUG org.apache.http.wire --  >> "Accept: */*[\r][\n]"
14:05:23.273 [Test worker] DEBUG org.apache.http.wire --  >> "Host: demoqa.com[\r][\n]"
14:05:23.273 [Test worker] DEBUG org.apache.http.wire --  >> "Connection: Keep-Alive[\r][\n]"
14:05:23.273 [Test worker] DEBUG org.apache.http.wire --  >> "User-Agent: Apache-HttpClient/4.5.13 (Java/11.0.20)[\r][\n]"
14:05:23.273 [Test worker] DEBUG org.apache.http.wire --  >> "Accept-Encoding: gzip,deflate[\r][\n]"
14:05:23.273 [Test worker] DEBUG org.apache.http.wire --  >> "[\r][\n]"
14:05:23.273 [Test worker] DEBUG org.apache.http.headers -- >> DELETE /Account/v1/Book/d591967b-632d-47cb-bd86-4ce9a0613d7a HTTP/1.1
14:05:23.273 [Test worker] DEBUG org.apache.http.headers -- >> Content-Type: application/json
14:05:23.273 [Test worker] DEBUG org.apache.http.headers -- >> Accept: */*
14:05:23.273 [Test worker] DEBUG org.apache.http.headers -- >> Host: demoqa.com
14:05:23.273 [Test worker] DEBUG org.apache.http.headers -- >> Connection: Keep-Alive
14:05:23.273 [Test worker] DEBUG org.apache.http.headers -- >> User-Agent: Apache-HttpClient/4.5.13 (Java/11.0.20)
14:05:23.273 [Test worker] DEBUG org.apache.http.headers -- >> Accept-Encoding: gzip,deflate
14:05:23.331 [Test worker] DEBUG org.apache.http.wire --  << "HTTP/1.1 404 Not Found[\r][\n]"
14:05:23.331 [Test worker] DEBUG org.apache.http.wire --  << "Server: nginx/1.17.10 (Ubuntu)[\r][\n]"
14:05:23.331 [Test worker] DEBUG org.apache.http.wire --  << "Date: Wed, 13 Dec 2023 13:05:24 GMT[\r][\n]"
14:05:23.331 [Test worker] DEBUG org.apache.http.wire --  << "Content-Type: text/html; charset=utf-8[\r][\n]"
14:05:23.331 [Test worker] DEBUG org.apache.http.wire --  << "Transfer-Encoding: chunked[\r][\n]"
14:05:23.331 [Test worker] DEBUG org.apache.http.wire --  << "Connection: keep-alive[\r][\n]"
14:05:23.331 [Test worker] DEBUG org.apache.http.wire --  << "X-Powered-By: Express[\r][\n]"
14:05:23.331 [Test worker] DEBUG org.apache.http.wire --  << "Content-Security-Policy: default-src 'none'[\r][\n]"
14:05:23.331 [Test worker] DEBUG org.apache.http.wire --  << "X-Content-Type-Options: nosniff[\r][\n]"
14:05:23.331 [Test worker] DEBUG org.apache.http.wire --  << "Content-Encoding: gzip[\r][\n]"
14:05:23.331 [Test worker] DEBUG org.apache.http.wire --  << "[\r][\n]"
14:05:23.331 [Test worker] DEBUG org.apache.http.impl.conn.DefaultClientConnection -- Receiving response: HTTP/1.1 404 Not Found
14:05:23.331 [Test worker] DEBUG org.apache.http.headers -- << HTTP/1.1 404 Not Found
14:05:23.331 [Test worker] DEBUG org.apache.http.headers -- << Server: nginx/1.17.10 (Ubuntu)
14:05:23.331 [Test worker] DEBUG org.apache.http.headers -- << Date: Wed, 13 Dec 2023 13:05:24 GMT
14:05:23.331 [Test worker] DEBUG org.apache.http.headers -- << Content-Type: text/html; charset=utf-8
14:05:23.331 [Test worker] DEBUG org.apache.http.headers -- << Transfer-Encoding: chunked
14:05:23.331 [Test worker] DEBUG org.apache.http.headers -- << Connection: keep-alive
14:05:23.331 [Test worker] DEBUG org.apache.http.headers -- << X-Powered-By: Express
14:05:23.331 [Test worker] DEBUG org.apache.http.headers -- << Content-Security-Policy: default-src 'none'
14:05:23.331 [Test worker] DEBUG org.apache.http.headers -- << X-Content-Type-Options: nosniff
14:05:23.331 [Test worker] DEBUG org.apache.http.headers -- << Content-Encoding: gzip
14:05:23.332 [Test worker] DEBUG org.apache.http.impl.client.DefaultHttpClient -- Connection can be kept alive indefinitely
14:05:23.332 [Test worker] DEBUG io.restassured.internal.RestAssuredHttpBuilder -- Parsing response as: text/html; charset=utf-8
14:05:23.332 [Test worker] DEBUG org.apache.http.wire --  << "b0[\r][\n]"
14:05:23.332 [Test worker] DEBUG org.apache.http.wire --  << "[0x1f][0x8b][0x8][0x0][0x0][0x0][0x0][0x0][0x4][0x3]-[0x8e][0xcb][0xe][0x82]0[0x10]E[0xf7]|Ee[0xdf][0x8c][0x8][0x82]$[0x85]D[0xa1];[0x13]][0xb0]q[0xd9][0x97]b[0x84][0xd6][0xd4][0xc1][0xc4][0xbf][0x97][0x6]V'3[0xf7][0xce][0xc9][0xb0]M{i[0xba][0xdb][0x95][0x93][0x1e][0xc7][0xa1][0x8e]X[0x0][0x19][0x84]}T[0xb1][0xb1]qX[0x18][0xa1]g[0x8c][0x6][0x5]Q[0xbd][0xf0][0x1f][0x83]U<[0xe1][0x9d][0x1e]B[0x8a]O[0x1c]L[0xcd][0xbd]w[0x9e][0xc1]2D[0xc][0xd6][0x1b][0xe9][0xf4]o[0xee][0xbc][0xbd][0xa9][0x1b]a[0xad]C[0xd2][0xf2]3[0xef]8[0x81][0xa3]Rn[0xb2][0x8][0xdf][0x4]N[0xce][0xbd]@[0xef][0xcb][0xa4][0xcc][0xb]I[0xf3]t[0xa7]iV(I[0xa5]>[0xe4]4S[0xa6][0x14][0xdb]<Iu![0x18][0x4][0xd1]l_[0xb5][0xb0]|[0xfc][0x7][0xe2][0x6][0x8][0xb5][0xc2][0x0][0x0][0x0]"
14:05:23.332 [Test worker] DEBUG org.apache.http.wire --  << "[\r][\n]"
14:05:23.332 [Test worker] DEBUG org.apache.http.wire --  << "0[\r][\n]"
14:05:23.332 [Test worker] DEBUG org.apache.http.wire --  << "[\r][\n]"
14:05:23.332 [Test worker] DEBUG io.restassured.internal.RestAssuredHttpBuilder -- Parsed data to instance of: class org.apache.http.conn.EofSensorInputStream
14:05:23.333 [Test worker] DEBUG org.apache.http.impl.conn.BasicClientConnectionManager -- Releasing connection org.apache.http.impl.conn.ManagedClientConnectionImpl@647e7305
14:05:23.333 [Test worker] DEBUG org.apache.http.impl.conn.BasicClientConnectionManager -- Connection can be kept alive indefinitely
HTTP/1.1 404 Not Found
Server: nginx/1.17.10 (Ubuntu)
Date: Wed, 13 Dec 2023 13:05:24 GMT
Content-Type: text/html; charset=utf-8
Transfer-Encoding: chunked
Connection: keep-alive
X-Powered-By: Express
Content-Security-Policy: default-src 'none'
X-Content-Type-Options: nosniff
Content-Encoding: gzip

<html lang="en">
  <head>
    <meta charset="utf-8"/>
    <title>Error</title>
  </head>
  <body>
    <pre>Cannot DELETE /Account/v1/Book/d591967b-632d-47cb-bd86-4ce9a0613d7a</pre>
  </body>
</html>
Request method:	POST
Request URI:	https://demoqa.com/Account/v1/User
Proxy:			<none>
Request params:	<none>
Query params:	<none>
Form params:	<none>
Path params:	<none>
Headers:		Accept=*/*
				Content-Type=application/json
Cookies:		<none>
Multiparts:		<none>
Body:
{
    "userName": "elane.mcglynn",
    "password": "123Ron321&"
}
14:05:23.359 [Test worker] DEBUG org.apache.http.impl.conn.BasicClientConnectionManager -- Get connection for route {s}->https://demoqa.com:443
14:05:23.359 [Test worker] DEBUG org.apache.http.impl.conn.DefaultClientConnectionOperator -- Connecting to demoqa.com:443
14:05:24.430 [Test worker] DEBUG org.apache.http.client.protocol.RequestAddCookies -- CookieSpec selected: ignoreCookies
14:05:24.430 [Test worker] DEBUG org.apache.http.client.protocol.RequestAuthCache -- Auth cache not set in the context
14:05:24.430 [Test worker] DEBUG org.apache.http.client.protocol.RequestTargetAuthentication -- Target auth state: UNCHALLENGED
14:05:24.430 [Test worker] DEBUG org.apache.http.client.protocol.RequestProxyAuthentication -- Proxy auth state: UNCHALLENGED
14:05:24.430 [Test worker] DEBUG org.apache.http.impl.client.DefaultHttpClient -- Attempt 1 to execute request
14:05:24.430 [Test worker] DEBUG org.apache.http.impl.conn.DefaultClientConnection -- Sending request: POST /Account/v1/User HTTP/1.1
14:05:24.430 [Test worker] DEBUG org.apache.http.wire --  >> "POST /Account/v1/User HTTP/1.1[\r][\n]"
14:05:24.430 [Test worker] DEBUG org.apache.http.wire --  >> "Accept: */*[\r][\n]"
14:05:24.430 [Test worker] DEBUG org.apache.http.wire --  >> "Content-Type: application/json[\r][\n]"
14:05:24.430 [Test worker] DEBUG org.apache.http.wire --  >> "Content-Length: 52[\r][\n]"
14:05:24.430 [Test worker] DEBUG org.apache.http.wire --  >> "Host: demoqa.com[\r][\n]"
14:05:24.430 [Test worker] DEBUG org.apache.http.wire --  >> "Connection: Keep-Alive[\r][\n]"
14:05:24.430 [Test worker] DEBUG org.apache.http.wire --  >> "User-Agent: Apache-HttpClient/4.5.13 (Java/11.0.20)[\r][\n]"
14:05:24.430 [Test worker] DEBUG org.apache.http.wire --  >> "Accept-Encoding: gzip,deflate[\r][\n]"
14:05:24.430 [Test worker] DEBUG org.apache.http.wire --  >> "[\r][\n]"
14:05:24.430 [Test worker] DEBUG org.apache.http.headers -- >> POST /Account/v1/User HTTP/1.1
14:05:24.430 [Test worker] DEBUG org.apache.http.headers -- >> Accept: */*
14:05:24.430 [Test worker] DEBUG org.apache.http.headers -- >> Content-Type: application/json
14:05:24.430 [Test worker] DEBUG org.apache.http.headers -- >> Content-Length: 52
14:05:24.430 [Test worker] DEBUG org.apache.http.headers -- >> Host: demoqa.com
14:05:24.430 [Test worker] DEBUG org.apache.http.headers -- >> Connection: Keep-Alive
14:05:24.430 [Test worker] DEBUG org.apache.http.headers -- >> User-Agent: Apache-HttpClient/4.5.13 (Java/11.0.20)
14:05:24.430 [Test worker] DEBUG org.apache.http.headers -- >> Accept-Encoding: gzip,deflate
14:05:24.430 [Test worker] DEBUG org.apache.http.wire --  >> "{"userName":"elane.mcglynn","password":"123Ron321&"}"
14:05:25.024 [Test worker] DEBUG org.apache.http.wire --  << "HTTP/1.1 201 Created[\r][\n]"
14:05:25.024 [Test worker] DEBUG org.apache.http.wire --  << "Server: nginx/1.17.10 (Ubuntu)[\r][\n]"
14:05:25.024 [Test worker] DEBUG org.apache.http.wire --  << "Date: Wed, 13 Dec 2023 13:05:25 GMT[\r][\n]"
14:05:25.024 [Test worker] DEBUG org.apache.http.wire --  << "Content-Type: application/json; charset=utf-8[\r][\n]"
14:05:25.024 [Test worker] DEBUG org.apache.http.wire --  << "Content-Length: 87[\r][\n]"
14:05:25.024 [Test worker] DEBUG org.apache.http.wire --  << "Connection: keep-alive[\r][\n]"
14:05:25.024 [Test worker] DEBUG org.apache.http.wire --  << "X-Powered-By: Express[\r][\n]"
14:05:25.024 [Test worker] DEBUG org.apache.http.wire --  << "ETag: W/"57-GK+4hNe/Nslzy2QvK4J4kDRqqrM"[\r][\n]"
14:05:25.024 [Test worker] DEBUG org.apache.http.wire --  << "[\r][\n]"
14:05:25.024 [Test worker] DEBUG org.apache.http.impl.conn.DefaultClientConnection -- Receiving response: HTTP/1.1 201 Created
14:05:25.024 [Test worker] DEBUG org.apache.http.headers -- << HTTP/1.1 201 Created
14:05:25.024 [Test worker] DEBUG org.apache.http.headers -- << Server: nginx/1.17.10 (Ubuntu)
14:05:25.024 [Test worker] DEBUG org.apache.http.headers -- << Date: Wed, 13 Dec 2023 13:05:25 GMT
14:05:25.024 [Test worker] DEBUG org.apache.http.headers -- << Content-Type: application/json; charset=utf-8
14:05:25.024 [Test worker] DEBUG org.apache.http.headers -- << Content-Length: 87
14:05:25.024 [Test worker] DEBUG org.apache.http.headers -- << Connection: keep-alive
14:05:25.024 [Test worker] DEBUG org.apache.http.headers -- << X-Powered-By: Express
14:05:25.024 [Test worker] DEBUG org.apache.http.headers -- << ETag: W/"57-GK+4hNe/Nslzy2QvK4J4kDRqqrM"
14:05:25.024 [Test worker] DEBUG org.apache.http.impl.client.DefaultHttpClient -- Connection can be kept alive indefinitely
14:05:25.025 [Test worker] DEBUG io.restassured.internal.RestAssuredHttpBuilder -- Parsing response as: application/json; charset=utf-8
14:05:25.025 [Test worker] DEBUG io.restassured.internal.RestAssuredHttpBuilder -- Parsed data to instance of: class org.apache.http.conn.EofSensorInputStream
14:05:25.025 [Test worker] DEBUG org.apache.http.wire --  << "{"userID":"7d4f69ea-27e0-41c4-a745-4b32cc962ca9","username":"elane.mcglynn","books":[]}"
14:05:25.025 [Test worker] DEBUG org.apache.http.impl.conn.BasicClientConnectionManager -- Releasing connection org.apache.http.impl.conn.ManagedClientConnectionImpl@3e0c4b29
14:05:25.025 [Test worker] DEBUG org.apache.http.impl.conn.BasicClientConnectionManager -- Connection can be kept alive indefinitely
HTTP/1.1 201 Created
Server: nginx/1.17.10 (Ubuntu)
Date: Wed, 13 Dec 2023 13:05:25 GMT
Content-Type: application/json; charset=utf-8
Content-Length: 87
Connection: keep-alive
X-Powered-By: Express
ETag: W/"57-GK+4hNe/Nslzy2QvK4J4kDRqqrM"

{
    "userID": "7d4f69ea-27e0-41c4-a745-4b32cc962ca9",
    "username": "elane.mcglynn",
    "books": [
        
    ]
}
Request method:	POST
Request URI:	https://demoqa.com/Account/v1/GenerateToken
Proxy:			<none>
Request params:	<none>
Query params:	<none>
Form params:	<none>
Path params:	<none>
Headers:		Accept=*/*
				Content-Type=application/json
Cookies:		<none>
Multiparts:		<none>
Body:
{
    "userName": "elane.mcglynn",
    "password": "123Ron321&"
}
14:05:25.056 [Test worker] DEBUG org.apache.http.impl.conn.BasicClientConnectionManager -- Get connection for route {s}->https://demoqa.com:443
14:05:25.068 [Test worker] DEBUG org.apache.http.impl.conn.DefaultClientConnectionOperator -- Connecting to demoqa.com:443
14:05:26.192 [Test worker] DEBUG org.apache.http.client.protocol.RequestAddCookies -- CookieSpec selected: ignoreCookies
14:05:26.192 [Test worker] DEBUG org.apache.http.client.protocol.RequestAuthCache -- Auth cache not set in the context
14:05:26.192 [Test worker] DEBUG org.apache.http.client.protocol.RequestTargetAuthentication -- Target auth state: UNCHALLENGED
14:05:26.192 [Test worker] DEBUG org.apache.http.client.protocol.RequestProxyAuthentication -- Proxy auth state: UNCHALLENGED
14:05:26.192 [Test worker] DEBUG org.apache.http.impl.client.DefaultHttpClient -- Attempt 1 to execute request
14:05:26.192 [Test worker] DEBUG org.apache.http.impl.conn.DefaultClientConnection -- Sending request: POST /Account/v1/GenerateToken HTTP/1.1
14:05:26.192 [Test worker] DEBUG org.apache.http.wire --  >> "POST /Account/v1/GenerateToken HTTP/1.1[\r][\n]"
14:05:26.192 [Test worker] DEBUG org.apache.http.wire --  >> "Accept: */*[\r][\n]"
14:05:26.192 [Test worker] DEBUG org.apache.http.wire --  >> "Content-Type: application/json[\r][\n]"
14:05:26.192 [Test worker] DEBUG org.apache.http.wire --  >> "Content-Length: 52[\r][\n]"
14:05:26.192 [Test worker] DEBUG org.apache.http.wire --  >> "Host: demoqa.com[\r][\n]"
14:05:26.192 [Test worker] DEBUG org.apache.http.wire --  >> "Connection: Keep-Alive[\r][\n]"
14:05:26.192 [Test worker] DEBUG org.apache.http.wire --  >> "User-Agent: Apache-HttpClient/4.5.13 (Java/11.0.20)[\r][\n]"
14:05:26.192 [Test worker] DEBUG org.apache.http.wire --  >> "Accept-Encoding: gzip,deflate[\r][\n]"
14:05:26.192 [Test worker] DEBUG org.apache.http.wire --  >> "[\r][\n]"
14:05:26.192 [Test worker] DEBUG org.apache.http.headers -- >> POST /Account/v1/GenerateToken HTTP/1.1
14:05:26.192 [Test worker] DEBUG org.apache.http.headers -- >> Accept: */*
14:05:26.192 [Test worker] DEBUG org.apache.http.headers -- >> Content-Type: application/json
14:05:26.192 [Test worker] DEBUG org.apache.http.headers -- >> Content-Length: 52
14:05:26.192 [Test worker] DEBUG org.apache.http.headers -- >> Host: demoqa.com
14:05:26.192 [Test worker] DEBUG org.apache.http.headers -- >> Connection: Keep-Alive
14:05:26.192 [Test worker] DEBUG org.apache.http.headers -- >> User-Agent: Apache-HttpClient/4.5.13 (Java/11.0.20)
14:05:26.192 [Test worker] DEBUG org.apache.http.headers -- >> Accept-Encoding: gzip,deflate
14:05:26.192 [Test worker] DEBUG org.apache.http.wire --  >> "{"userName":"elane.mcglynn","password":"123Ron321&"}"
14:05:26.537 [Test worker] DEBUG org.apache.http.wire --  << "HTTP/1.1 200 OK[\r][\n]"
14:05:26.537 [Test worker] DEBUG org.apache.http.wire --  << "Server: nginx/1.17.10 (Ubuntu)[\r][\n]"
14:05:26.537 [Test worker] DEBUG org.apache.http.wire --  << "Date: Wed, 13 Dec 2023 13:05:27 GMT[\r][\n]"
14:05:26.537 [Test worker] DEBUG org.apache.http.wire --  << "Content-Type: application/json; charset=utf-8[\r][\n]"
14:05:26.537 [Test worker] DEBUG org.apache.http.wire --  << "Content-Length: 282[\r][\n]"
14:05:26.537 [Test worker] DEBUG org.apache.http.wire --  << "Connection: keep-alive[\r][\n]"
14:05:26.537 [Test worker] DEBUG org.apache.http.wire --  << "X-Powered-By: Express[\r][\n]"
14:05:26.537 [Test worker] DEBUG org.apache.http.wire --  << "ETag: W/"11a-9xGLu+kvkCEgES5FJFKS74uUrOk"[\r][\n]"
14:05:26.537 [Test worker] DEBUG org.apache.http.wire --  << "[\r][\n]"
14:05:26.537 [Test worker] DEBUG org.apache.http.impl.conn.DefaultClientConnection -- Receiving response: HTTP/1.1 200 OK
14:05:26.537 [Test worker] DEBUG org.apache.http.headers -- << HTTP/1.1 200 OK
14:05:26.537 [Test worker] DEBUG org.apache.http.headers -- << Server: nginx/1.17.10 (Ubuntu)
14:05:26.537 [Test worker] DEBUG org.apache.http.headers -- << Date: Wed, 13 Dec 2023 13:05:27 GMT
14:05:26.537 [Test worker] DEBUG org.apache.http.headers -- << Content-Type: application/json; charset=utf-8
14:05:26.537 [Test worker] DEBUG org.apache.http.headers -- << Content-Length: 282
14:05:26.537 [Test worker] DEBUG org.apache.http.headers -- << Connection: keep-alive
14:05:26.537 [Test worker] DEBUG org.apache.http.headers -- << X-Powered-By: Express
14:05:26.537 [Test worker] DEBUG org.apache.http.headers -- << ETag: W/"11a-9xGLu+kvkCEgES5FJFKS74uUrOk"
14:05:26.537 [Test worker] DEBUG org.apache.http.impl.client.DefaultHttpClient -- Connection can be kept alive indefinitely
14:05:26.537 [Test worker] DEBUG io.restassured.internal.RestAssuredHttpBuilder -- Parsing response as: application/json; charset=utf-8
14:05:26.537 [Test worker] DEBUG io.restassured.internal.RestAssuredHttpBuilder -- Parsed data to instance of: class org.apache.http.conn.EofSensorInputStream
14:05:26.538 [Test worker] DEBUG org.apache.http.wire --  << "{"token":"eyJhbGciOiJIUzI1NiIsInR5cCI6IkpXVCJ9.eyJ1c2VyTmFtZSI6ImVsYW5lLm1jZ2x5bm4iLCJwYXNzd29yZCI6IjEyM1JvbjMyMSYiLCJpYXQiOjE3MDI0NzI3Mjd9.D_HHLJ9jRCTK2ws9wt7fyDdExL5OWU_QCCcNMrW2t8U","expires":"2023-12-20T13:05:27.489Z","status":"Success","result":"User authorized successfully."}"
14:05:26.538 [Test worker] DEBUG org.apache.http.impl.conn.BasicClientConnectionManager -- Releasing connection org.apache.http.impl.conn.ManagedClientConnectionImpl@237c65fc
14:05:26.538 [Test worker] DEBUG org.apache.http.impl.conn.BasicClientConnectionManager -- Connection can be kept alive indefinitely
HTTP/1.1 200 OK
Server: nginx/1.17.10 (Ubuntu)
Date: Wed, 13 Dec 2023 13:05:27 GMT
Content-Type: application/json; charset=utf-8
Content-Length: 282
Connection: keep-alive
X-Powered-By: Express
ETag: W/"11a-9xGLu+kvkCEgES5FJFKS74uUrOk"

{
    "token": "eyJhbGciOiJIUzI1NiIsInR5cCI6IkpXVCJ9.eyJ1c2VyTmFtZSI6ImVsYW5lLm1jZ2x5bm4iLCJwYXNzd29yZCI6IjEyM1JvbjMyMSYiLCJpYXQiOjE3MDI0NzI3Mjd9.D_HHLJ9jRCTK2ws9wt7fyDdExL5OWU_QCCcNMrW2t8U",
    "expires": "2023-12-20T13:05:27.489Z",
    "status": "Success",
    "result": "User authorized successfully."
}
Request method:	DELETE
Request URI:	https://demoqa.com/Account/v1/User/47e350e6
Proxy:			<none>
Request params:	<none>
Query params:	<none>
Form params:	<none>
Path params:	UserId=47e350e6
Headers:		Authorization=Bearer eyJhbGciOiJIUzI1NiIsInR5cCI6IkpXVCJ9.eyJ1c2VyTmFtZSI6ImVsYW5lLm1jZ2x5bm4iLCJwYXNzd29yZCI6IjEyM1JvbjMyMSYiLCJpYXQiOjE3MDI0NzI3Mjd9.D_HHLJ9jRCTK2ws9wt7fyDdExL5OWU_QCCcNMrW2t8U
				Accept=*/*
				Content-Type=application/json
Cookies:		<none>
Multiparts:		<none>
Body:			<none>
14:05:26.563 [Test worker] DEBUG org.apache.http.impl.conn.BasicClientConnectionManager -- Get connection for route {s}->https://demoqa.com:443
14:05:26.563 [Test worker] DEBUG org.apache.http.impl.conn.DefaultClientConnectionOperator -- Connecting to demoqa.com:443
14:05:26.937 [Test worker] DEBUG org.apache.http.client.protocol.RequestAddCookies -- CookieSpec selected: ignoreCookies
14:05:26.937 [Test worker] DEBUG org.apache.http.client.protocol.RequestAuthCache -- Auth cache not set in the context
14:05:26.937 [Test worker] DEBUG org.apache.http.client.protocol.RequestProxyAuthentication -- Proxy auth state: UNCHALLENGED
14:05:26.937 [Test worker] DEBUG org.apache.http.impl.client.DefaultHttpClient -- Attempt 1 to execute request
14:05:26.937 [Test worker] DEBUG org.apache.http.impl.conn.DefaultClientConnection -- Sending request: DELETE /Account/v1/User/47e350e6 HTTP/1.1
14:05:26.937 [Test worker] DEBUG org.apache.http.wire --  >> "DELETE /Account/v1/User/47e350e6 HTTP/1.1[\r][\n]"
14:05:26.937 [Test worker] DEBUG org.apache.http.wire --  >> "Content-Type: application/json[\r][\n]"
14:05:26.937 [Test worker] DEBUG org.apache.http.wire --  >> "Authorization: Bearer eyJhbGciOiJIUzI1NiIsInR5cCI6IkpXVCJ9.eyJ1c2VyTmFtZSI6ImVsYW5lLm1jZ2x5bm4iLCJwYXNzd29yZCI6IjEyM1JvbjMyMSYiLCJpYXQiOjE3MDI0NzI3Mjd9.D_HHLJ9jRCTK2ws9wt7fyDdExL5OWU_QCCcNMrW2t8U[\r][\n]"
14:05:26.937 [Test worker] DEBUG org.apache.http.wire --  >> "Accept: */*[\r][\n]"
14:05:26.937 [Test worker] DEBUG org.apache.http.wire --  >> "Host: demoqa.com[\r][\n]"
14:05:26.938 [Test worker] DEBUG org.apache.http.wire --  >> "Connection: Keep-Alive[\r][\n]"
14:05:26.938 [Test worker] DEBUG org.apache.http.wire --  >> "User-Agent: Apache-HttpClient/4.5.13 (Java/11.0.20)[\r][\n]"
14:05:26.938 [Test worker] DEBUG org.apache.http.wire --  >> "Accept-Encoding: gzip,deflate[\r][\n]"
14:05:26.938 [Test worker] DEBUG org.apache.http.wire --  >> "[\r][\n]"
14:05:26.938 [Test worker] DEBUG org.apache.http.headers -- >> DELETE /Account/v1/User/47e350e6 HTTP/1.1
14:05:26.938 [Test worker] DEBUG org.apache.http.headers -- >> Content-Type: application/json
14:05:26.938 [Test worker] DEBUG org.apache.http.headers -- >> Authorization: Bearer eyJhbGciOiJIUzI1NiIsInR5cCI6IkpXVCJ9.eyJ1c2VyTmFtZSI6ImVsYW5lLm1jZ2x5bm4iLCJwYXNzd29yZCI6IjEyM1JvbjMyMSYiLCJpYXQiOjE3MDI0NzI3Mjd9.D_HHLJ9jRCTK2ws9wt7fyDdExL5OWU_QCCcNMrW2t8U
14:05:26.938 [Test worker] DEBUG org.apache.http.headers -- >> Accept: */*
14:05:26.938 [Test worker] DEBUG org.apache.http.headers -- >> Host: demoqa.com
14:05:26.938 [Test worker] DEBUG org.apache.http.headers -- >> Connection: Keep-Alive
14:05:26.938 [Test worker] DEBUG org.apache.http.headers -- >> User-Agent: Apache-HttpClient/4.5.13 (Java/11.0.20)
14:05:26.938 [Test worker] DEBUG org.apache.http.headers -- >> Accept-Encoding: gzip,deflate
14:05:27.315 [Test worker] DEBUG org.apache.http.wire --  << "HTTP/1.1 200 OK[\r][\n]"
14:05:27.315 [Test worker] DEBUG org.apache.http.wire --  << "Server: nginx/1.17.10 (Ubuntu)[\r][\n]"
14:05:27.316 [Test worker] DEBUG org.apache.http.wire --  << "Date: Wed, 13 Dec 2023 13:05:28 GMT[\r][\n]"
14:05:27.316 [Test worker] DEBUG org.apache.http.wire --  << "Content-Type: application/json; charset=utf-8[\r][\n]"
14:05:27.316 [Test worker] DEBUG org.apache.http.wire --  << "Content-Length: 48[\r][\n]"
14:05:27.316 [Test worker] DEBUG org.apache.http.wire --  << "Connection: keep-alive[\r][\n]"
14:05:27.316 [Test worker] DEBUG org.apache.http.wire --  << "X-Powered-By: Express[\r][\n]"
14:05:27.316 [Test worker] DEBUG org.apache.http.wire --  << "ETag: W/"30-zoAnprTpYK9HmHYlpHOx6U+Br2A"[\r][\n]"
14:05:27.316 [Test worker] DEBUG org.apache.http.wire --  << "[\r][\n]"
14:05:27.316 [Test worker] DEBUG org.apache.http.impl.conn.DefaultClientConnection -- Receiving response: HTTP/1.1 200 OK
14:05:27.316 [Test worker] DEBUG org.apache.http.headers -- << HTTP/1.1 200 OK
14:05:27.316 [Test worker] DEBUG org.apache.http.headers -- << Server: nginx/1.17.10 (Ubuntu)
14:05:27.316 [Test worker] DEBUG org.apache.http.headers -- << Date: Wed, 13 Dec 2023 13:05:28 GMT
14:05:27.316 [Test worker] DEBUG org.apache.http.headers -- << Content-Type: application/json; charset=utf-8
14:05:27.316 [Test worker] DEBUG org.apache.http.headers -- << Content-Length: 48
14:05:27.316 [Test worker] DEBUG org.apache.http.headers -- << Connection: keep-alive
14:05:27.316 [Test worker] DEBUG org.apache.http.headers -- << X-Powered-By: Express
14:05:27.316 [Test worker] DEBUG org.apache.http.headers -- << ETag: W/"30-zoAnprTpYK9HmHYlpHOx6U+Br2A"
14:05:27.316 [Test worker] DEBUG org.apache.http.impl.client.DefaultHttpClient -- Connection can be kept alive indefinitely
14:05:27.316 [Test worker] DEBUG io.restassured.internal.RestAssuredHttpBuilder -- Parsing response as: application/json; charset=utf-8
14:05:27.316 [Test worker] DEBUG io.restassured.internal.RestAssuredHttpBuilder -- Parsed data to instance of: class org.apache.http.conn.EofSensorInputStream
14:05:27.317 [Test worker] DEBUG org.apache.http.wire --  << "{"code":"1207","message":"User Id not correct!"}"
14:05:27.317 [Test worker] DEBUG org.apache.http.impl.conn.BasicClientConnectionManager -- Releasing connection org.apache.http.impl.conn.ManagedClientConnectionImpl@111f13c7
14:05:27.317 [Test worker] DEBUG org.apache.http.impl.conn.BasicClientConnectionManager -- Connection can be kept alive indefinitely
HTTP/1.1 200 OK
Server: nginx/1.17.10 (Ubuntu)
Date: Wed, 13 Dec 2023 13:05:28 GMT
Content-Type: application/json; charset=utf-8
Content-Length: 48
Connection: keep-alive
X-Powered-By: Express
ETag: W/"30-zoAnprTpYK9HmHYlpHOx6U+Br2A"

{
    "code": "1207",
    "message": "User Id not correct!"
}
Request method:	POST
Request URI:	https://demoqa.com/Account/v1/User
Proxy:			<none>
Request params:	<none>
Query params:	<none>
Form params:	<none>
Path params:	<none>
Headers:		Accept=*/*
				Content-Type=application/json
Cookies:		<none>
Multiparts:		<none>
Body:
{
    "userName": "tanisha.bechtelar",
    "password": "123Ron321&"
}
14:05:27.342 [Test worker] DEBUG org.apache.http.impl.conn.BasicClientConnectionManager -- Get connection for route {s}->https://demoqa.com:443
14:05:27.342 [Test worker] DEBUG org.apache.http.impl.conn.DefaultClientConnectionOperator -- Connecting to demoqa.com:443
14:05:27.405 [Test worker] DEBUG org.apache.http.client.protocol.RequestAddCookies -- CookieSpec selected: ignoreCookies
14:05:27.405 [Test worker] DEBUG org.apache.http.client.protocol.RequestAuthCache -- Auth cache not set in the context
14:05:27.405 [Test worker] DEBUG org.apache.http.client.protocol.RequestTargetAuthentication -- Target auth state: UNCHALLENGED
14:05:27.405 [Test worker] DEBUG org.apache.http.client.protocol.RequestProxyAuthentication -- Proxy auth state: UNCHALLENGED
14:05:27.405 [Test worker] DEBUG org.apache.http.impl.client.DefaultHttpClient -- Attempt 1 to execute request
14:05:27.405 [Test worker] DEBUG org.apache.http.impl.conn.DefaultClientConnection -- Sending request: POST /Account/v1/User HTTP/1.1
14:05:27.405 [Test worker] DEBUG org.apache.http.wire --  >> "POST /Account/v1/User HTTP/1.1[\r][\n]"
14:05:27.405 [Test worker] DEBUG org.apache.http.wire --  >> "Accept: */*[\r][\n]"
14:05:27.405 [Test worker] DEBUG org.apache.http.wire --  >> "Content-Type: application/json[\r][\n]"
14:05:27.405 [Test worker] DEBUG org.apache.http.wire --  >> "Content-Length: 56[\r][\n]"
14:05:27.405 [Test worker] DEBUG org.apache.http.wire --  >> "Host: demoqa.com[\r][\n]"
14:05:27.405 [Test worker] DEBUG org.apache.http.wire --  >> "Connection: Keep-Alive[\r][\n]"
14:05:27.405 [Test worker] DEBUG org.apache.http.wire --  >> "User-Agent: Apache-HttpClient/4.5.13 (Java/11.0.20)[\r][\n]"
14:05:27.405 [Test worker] DEBUG org.apache.http.wire --  >> "Accept-Encoding: gzip,deflate[\r][\n]"
14:05:27.405 [Test worker] DEBUG org.apache.http.wire --  >> "[\r][\n]"
14:05:27.405 [Test worker] DEBUG org.apache.http.headers -- >> POST /Account/v1/User HTTP/1.1
14:05:27.405 [Test worker] DEBUG org.apache.http.headers -- >> Accept: */*
14:05:27.405 [Test worker] DEBUG org.apache.http.headers -- >> Content-Type: application/json
14:05:27.405 [Test worker] DEBUG org.apache.http.headers -- >> Content-Length: 56
14:05:27.405 [Test worker] DEBUG org.apache.http.headers -- >> Host: demoqa.com
14:05:27.405 [Test worker] DEBUG org.apache.http.headers -- >> Connection: Keep-Alive
14:05:27.405 [Test worker] DEBUG org.apache.http.headers -- >> User-Agent: Apache-HttpClient/4.5.13 (Java/11.0.20)
14:05:27.405 [Test worker] DEBUG org.apache.http.headers -- >> Accept-Encoding: gzip,deflate
14:05:27.405 [Test worker] DEBUG org.apache.http.wire --  >> "{"userName":"tanisha.bechtelar","password":"123Ron321&"}"
14:05:27.656 [Test worker] DEBUG org.apache.http.wire --  << "HTTP/1.1 201 Created[\r][\n]"
14:05:27.656 [Test worker] DEBUG org.apache.http.wire --  << "Server: nginx/1.17.10 (Ubuntu)[\r][\n]"
14:05:27.656 [Test worker] DEBUG org.apache.http.wire --  << "Date: Wed, 13 Dec 2023 13:05:28 GMT[\r][\n]"
14:05:27.657 [Test worker] DEBUG org.apache.http.wire --  << "Content-Type: application/json; charset=utf-8[\r][\n]"
14:05:27.657 [Test worker] DEBUG org.apache.http.wire --  << "Content-Length: 91[\r][\n]"
14:05:27.657 [Test worker] DEBUG org.apache.http.wire --  << "Connection: keep-alive[\r][\n]"
14:05:27.657 [Test worker] DEBUG org.apache.http.wire --  << "X-Powered-By: Express[\r][\n]"
14:05:27.657 [Test worker] DEBUG org.apache.http.wire --  << "ETag: W/"5b-7f/ou4DiZn2/o9oQ3SNb28bM6zc"[\r][\n]"
14:05:27.657 [Test worker] DEBUG org.apache.http.wire --  << "[\r][\n]"
14:05:27.657 [Test worker] DEBUG org.apache.http.impl.conn.DefaultClientConnection -- Receiving response: HTTP/1.1 201 Created
14:05:27.657 [Test worker] DEBUG org.apache.http.headers -- << HTTP/1.1 201 Created
14:05:27.657 [Test worker] DEBUG org.apache.http.headers -- << Server: nginx/1.17.10 (Ubuntu)
14:05:27.657 [Test worker] DEBUG org.apache.http.headers -- << Date: Wed, 13 Dec 2023 13:05:28 GMT
14:05:27.657 [Test worker] DEBUG org.apache.http.headers -- << Content-Type: application/json; charset=utf-8
14:05:27.657 [Test worker] DEBUG org.apache.http.headers -- << Content-Length: 91
14:05:27.657 [Test worker] DEBUG org.apache.http.headers -- << Connection: keep-alive
14:05:27.657 [Test worker] DEBUG org.apache.http.headers -- << X-Powered-By: Express
14:05:27.657 [Test worker] DEBUG org.apache.http.headers -- << ETag: W/"5b-7f/ou4DiZn2/o9oQ3SNb28bM6zc"
14:05:27.657 [Test worker] DEBUG org.apache.http.impl.client.DefaultHttpClient -- Connection can be kept alive indefinitely
14:05:27.657 [Test worker] DEBUG io.restassured.internal.RestAssuredHttpBuilder -- Parsing response as: application/json; charset=utf-8
14:05:27.657 [Test worker] DEBUG io.restassured.internal.RestAssuredHttpBuilder -- Parsed data to instance of: class org.apache.http.conn.EofSensorInputStream
14:05:27.657 [Test worker] DEBUG org.apache.http.wire --  << "{"userID":"b8024b2f-c3fc-4833-a3cb-4163bffbc95d","username":"tanisha.bechtelar","books":[]}"
14:05:27.657 [Test worker] DEBUG org.apache.http.impl.conn.BasicClientConnectionManager -- Releasing connection org.apache.http.impl.conn.ManagedClientConnectionImpl@17ed0311
14:05:27.657 [Test worker] DEBUG org.apache.http.impl.conn.BasicClientConnectionManager -- Connection can be kept alive indefinitely
HTTP/1.1 201 Created
Server: nginx/1.17.10 (Ubuntu)
Date: Wed, 13 Dec 2023 13:05:28 GMT
Content-Type: application/json; charset=utf-8
Content-Length: 91
Connection: keep-alive
X-Powered-By: Express
ETag: W/"5b-7f/ou4DiZn2/o9oQ3SNb28bM6zc"

{
    "userID": "b8024b2f-c3fc-4833-a3cb-4163bffbc95d",
    "username": "tanisha.bechtelar",
    "books": [
        
    ]
}
Request method:	DELETE
Request URI:	https://demoqa.com/Account/v1/User/b8024b2f-c3fc-4833-a3cb-4163bffbc95d
Proxy:			<none>
Request params:	<none>
Query params:	<none>
Form params:	<none>
Path params:	UserId=b8024b2f-c3fc-4833-a3cb-4163bffbc95d
Headers:		Accept=*/*
				Content-Type=application/json
Cookies:		<none>
Multiparts:		<none>
Body:			<none>
14:05:27.678 [Test worker] DEBUG org.apache.http.impl.conn.BasicClientConnectionManager -- Get connection for route {s}->https://demoqa.com:443
14:05:27.679 [Test worker] DEBUG org.apache.http.impl.conn.DefaultClientConnectionOperator -- Connecting to demoqa.com:443
14:05:27.742 [Test worker] DEBUG org.apache.http.client.protocol.RequestAddCookies -- CookieSpec selected: ignoreCookies
14:05:27.742 [Test worker] DEBUG org.apache.http.client.protocol.RequestAuthCache -- Auth cache not set in the context
14:05:27.742 [Test worker] DEBUG org.apache.http.client.protocol.RequestTargetAuthentication -- Target auth state: UNCHALLENGED
14:05:27.742 [Test worker] DEBUG org.apache.http.client.protocol.RequestProxyAuthentication -- Proxy auth state: UNCHALLENGED
14:05:27.742 [Test worker] DEBUG org.apache.http.impl.client.DefaultHttpClient -- Attempt 1 to execute request
14:05:27.742 [Test worker] DEBUG org.apache.http.impl.conn.DefaultClientConnection -- Sending request: DELETE /Account/v1/User/b8024b2f-c3fc-4833-a3cb-4163bffbc95d HTTP/1.1
14:05:27.742 [Test worker] DEBUG org.apache.http.wire --  >> "DELETE /Account/v1/User/b8024b2f-c3fc-4833-a3cb-4163bffbc95d HTTP/1.1[\r][\n]"
14:05:27.742 [Test worker] DEBUG org.apache.http.wire --  >> "Content-Type: application/json[\r][\n]"
14:05:27.742 [Test worker] DEBUG org.apache.http.wire --  >> "Accept: */*[\r][\n]"
14:05:27.742 [Test worker] DEBUG org.apache.http.wire --  >> "Host: demoqa.com[\r][\n]"
14:05:27.742 [Test worker] DEBUG org.apache.http.wire --  >> "Connection: Keep-Alive[\r][\n]"
14:05:27.742 [Test worker] DEBUG org.apache.http.wire --  >> "User-Agent: Apache-HttpClient/4.5.13 (Java/11.0.20)[\r][\n]"
14:05:27.742 [Test worker] DEBUG org.apache.http.wire --  >> "Accept-Encoding: gzip,deflate[\r][\n]"
14:05:27.742 [Test worker] DEBUG org.apache.http.wire --  >> "[\r][\n]"
14:05:27.742 [Test worker] DEBUG org.apache.http.headers -- >> DELETE /Account/v1/User/b8024b2f-c3fc-4833-a3cb-4163bffbc95d HTTP/1.1
14:05:27.742 [Test worker] DEBUG org.apache.http.headers -- >> Content-Type: application/json
14:05:27.742 [Test worker] DEBUG org.apache.http.headers -- >> Accept: */*
14:05:27.742 [Test worker] DEBUG org.apache.http.headers -- >> Host: demoqa.com
14:05:27.742 [Test worker] DEBUG org.apache.http.headers -- >> Connection: Keep-Alive
14:05:27.742 [Test worker] DEBUG org.apache.http.headers -- >> User-Agent: Apache-HttpClient/4.5.13 (Java/11.0.20)
14:05:27.742 [Test worker] DEBUG org.apache.http.headers -- >> Accept-Encoding: gzip,deflate
14:05:28.053 [Test worker] DEBUG org.apache.http.wire --  << "HTTP/1.1 401 Unauthorized[\r][\n]"
14:05:28.053 [Test worker] DEBUG org.apache.http.wire --  << "Server: nginx/1.17.10 (Ubuntu)[\r][\n]"
14:05:28.053 [Test worker] DEBUG org.apache.http.wire --  << "Date: Wed, 13 Dec 2023 13:05:29 GMT[\r][\n]"
14:05:28.053 [Test worker] DEBUG org.apache.http.wire --  << "Content-Type: application/json; charset=utf-8[\r][\n]"
14:05:28.053 [Test worker] DEBUG org.apache.http.wire --  << "Content-Length: 48[\r][\n]"
14:05:28.053 [Test worker] DEBUG org.apache.http.wire --  << "Connection: keep-alive[\r][\n]"
14:05:28.053 [Test worker] DEBUG org.apache.http.wire --  << "X-Powered-By: Express[\r][\n]"
14:05:28.053 [Test worker] DEBUG org.apache.http.wire --  << "ETag: W/"30-V67npMN18Zy3bnk1xW2xtLGgx8c"[\r][\n]"
14:05:28.053 [Test worker] DEBUG org.apache.http.wire --  << "[\r][\n]"
14:05:28.053 [Test worker] DEBUG org.apache.http.impl.conn.DefaultClientConnection -- Receiving response: HTTP/1.1 401 Unauthorized
14:05:28.053 [Test worker] DEBUG org.apache.http.headers -- << HTTP/1.1 401 Unauthorized
14:05:28.053 [Test worker] DEBUG org.apache.http.headers -- << Server: nginx/1.17.10 (Ubuntu)
14:05:28.053 [Test worker] DEBUG org.apache.http.headers -- << Date: Wed, 13 Dec 2023 13:05:29 GMT
14:05:28.053 [Test worker] DEBUG org.apache.http.headers -- << Content-Type: application/json; charset=utf-8
14:05:28.053 [Test worker] DEBUG org.apache.http.headers -- << Content-Length: 48
14:05:28.053 [Test worker] DEBUG org.apache.http.headers -- << Connection: keep-alive
14:05:28.053 [Test worker] DEBUG org.apache.http.headers -- << X-Powered-By: Express
14:05:28.053 [Test worker] DEBUG org.apache.http.headers -- << ETag: W/"30-V67npMN18Zy3bnk1xW2xtLGgx8c"
14:05:28.053 [Test worker] DEBUG org.apache.http.impl.client.DefaultHttpClient -- Connection can be kept alive indefinitely
14:05:28.053 [Test worker] DEBUG org.apache.http.impl.client.DefaultHttpClient -- Authentication required
14:05:28.053 [Test worker] DEBUG org.apache.http.impl.client.DefaultHttpClient -- demoqa.com:443 requested authentication
14:05:28.053 [Test worker] DEBUG org.apache.http.impl.client.DefaultHttpClient -- Response contains no authentication challenges
14:05:28.053 [Test worker] DEBUG io.restassured.internal.RestAssuredHttpBuilder -- Parsing response as: application/json; charset=utf-8
14:05:28.053 [Test worker] DEBUG io.restassured.internal.RestAssuredHttpBuilder -- Parsed data to instance of: class org.apache.http.conn.EofSensorInputStream
14:05:28.054 [Test worker] DEBUG org.apache.http.wire --  << "{"code":"1200","message":"User not authorized!"}"
14:05:28.054 [Test worker] DEBUG org.apache.http.impl.conn.BasicClientConnectionManager -- Releasing connection org.apache.http.impl.conn.ManagedClientConnectionImpl@2cba6440
14:05:28.054 [Test worker] DEBUG org.apache.http.impl.conn.BasicClientConnectionManager -- Connection can be kept alive indefinitely
HTTP/1.1 401 Unauthorized
Server: nginx/1.17.10 (Ubuntu)
Date: Wed, 13 Dec 2023 13:05:29 GMT
Content-Type: application/json; charset=utf-8
Content-Length: 48
Connection: keep-alive
X-Powered-By: Express
ETag: W/"30-V67npMN18Zy3bnk1xW2xtLGgx8c"

{
    "code": "1200",
    "message": "User not authorized!"
}
]]></system-out>
  <system-err><![CDATA[]]></system-err>
</testsuite>
