<?xml version="1.0" encoding="UTF-8"?>
<testsuite name="tests.DeleteAllBooksTest" tests="2" skipped="0" failures="1" errors="0" timestamp="2023-12-13T13:05:28" hostname="DESKTOP-TFD6REL" time="6.23">
  <properties/>
  <testcase name="deleteAllBooksTest" classname="tests.DeleteAllBooksTest" time="4.715">
    <failure message="java.lang.AssertionError: The response body is empty. did not expect [] but found []" type="java.lang.AssertionError">java.lang.AssertionError: The response body is empty. did not expect [] but found []
	at org.testng.Assert.fail(Assert.java:111)
	at org.testng.Assert.failEquals(Assert.java:1582)
	at org.testng.Assert.assertNotEqualsImpl(Assert.java:157)
	at org.testng.Assert.assertNotEquals(Assert.java:2198)
	at tests.DeleteAllBooksTest.deleteAllBooksTest(DeleteAllBooksTest.java:33)
	at java.base/jdk.internal.reflect.NativeMethodAccessorImpl.invoke0(Native Method)
	at java.base/jdk.internal.reflect.NativeMethodAccessorImpl.invoke(NativeMethodAccessorImpl.java:62)
	at java.base/jdk.internal.reflect.DelegatingMethodAccessorImpl.invoke(DelegatingMethodAccessorImpl.java:43)
	at java.base/java.lang.reflect.Method.invoke(Method.java:566)
	at org.testng.internal.invokers.MethodInvocationHelper.invokeMethod(MethodInvocationHelper.java:139)
	at org.testng.internal.invokers.TestInvoker.invokeMethod(TestInvoker.java:664)
	at org.testng.internal.invokers.TestInvoker.invokeTestMethod(TestInvoker.java:227)
	at org.testng.internal.invokers.MethodRunner.runInSequence(MethodRunner.java:50)
	at org.testng.internal.invokers.TestInvoker$MethodInvocationAgent.invoke(TestInvoker.java:957)
	at org.testng.internal.invokers.TestInvoker.invokeTestMethods(TestInvoker.java:200)
	at org.testng.internal.invokers.TestMethodWorker.invokeTestMethods(TestMethodWorker.java:148)
	at org.testng.internal.invokers.TestMethodWorker.run(TestMethodWorker.java:128)
	at java.base/java.util.ArrayList.forEach(ArrayList.java:1541)
	at org.testng.TestRunner.privateRun(TestRunner.java:848)
	at org.testng.TestRunner.run(TestRunner.java:621)
	at org.testng.SuiteRunner.runTest(SuiteRunner.java:443)
	at org.testng.SuiteRunner.runSequentially(SuiteRunner.java:437)
	at org.testng.SuiteRunner.privateRun(SuiteRunner.java:397)
	at org.testng.SuiteRunner.run(SuiteRunner.java:336)
	at org.testng.SuiteRunnerWorker.runSuite(SuiteRunnerWorker.java:52)
	at org.testng.SuiteRunnerWorker.run(SuiteRunnerWorker.java:95)
	at org.testng.TestNG.runSuitesSequentially(TestNG.java:1280)
	at org.testng.TestNG.runSuitesLocally(TestNG.java:1200)
	at org.testng.TestNG.runSuites(TestNG.java:1114)
	at org.testng.TestNG.run(TestNG.java:1082)
	at org.gradle.api.internal.tasks.testing.testng.TestNGTestClassProcessor.runTests(TestNGTestClassProcessor.java:146)
	at org.gradle.api.internal.tasks.testing.testng.TestNGTestClassProcessor.stop(TestNGTestClassProcessor.java:91)
	at org.gradle.api.internal.tasks.testing.SuiteTestClassProcessor.stop(SuiteTestClassProcessor.java:61)
	at java.base/jdk.internal.reflect.NativeMethodAccessorImpl.invoke0(Native Method)
	at java.base/jdk.internal.reflect.NativeMethodAccessorImpl.invoke(NativeMethodAccessorImpl.java:62)
	at java.base/jdk.internal.reflect.DelegatingMethodAccessorImpl.invoke(DelegatingMethodAccessorImpl.java:43)
	at java.base/java.lang.reflect.Method.invoke(Method.java:566)
	at org.gradle.internal.dispatch.ReflectionDispatch.dispatch(ReflectionDispatch.java:36)
	at org.gradle.internal.dispatch.ReflectionDispatch.dispatch(ReflectionDispatch.java:24)
	at org.gradle.internal.dispatch.ContextClassLoaderDispatch.dispatch(ContextClassLoaderDispatch.java:33)
	at org.gradle.internal.dispatch.ProxyDispatchAdapter$DispatchingInvocationHandler.invoke(ProxyDispatchAdapter.java:94)
	at com.sun.proxy.$Proxy2.stop(Unknown Source)
	at org.gradle.api.internal.tasks.testing.worker.TestWorker$3.run(TestWorker.java:193)
	at org.gradle.api.internal.tasks.testing.worker.TestWorker.executeAndMaintainThreadName(TestWorker.java:129)
	at org.gradle.api.internal.tasks.testing.worker.TestWorker.execute(TestWorker.java:100)
	at org.gradle.api.internal.tasks.testing.worker.TestWorker.execute(TestWorker.java:60)
	at org.gradle.process.internal.worker.child.ActionExecutionWorker.execute(ActionExecutionWorker.java:56)
	at org.gradle.process.internal.worker.child.SystemApplicationClassLoaderWorker.call(SystemApplicationClassLoaderWorker.java:133)
	at org.gradle.process.internal.worker.child.SystemApplicationClassLoaderWorker.call(SystemApplicationClassLoaderWorker.java:71)
	at worker.org.gradle.process.internal.worker.GradleWorkerMain.run(GradleWorkerMain.java:69)
	at worker.org.gradle.process.internal.worker.GradleWorkerMain.main(GradleWorkerMain.java:74)
</failure>
  </testcase>
  <testcase name="deleteAllBooksTestWithoutToken" classname="tests.DeleteAllBooksTest" time="1.501"/>
  <system-out><![CDATA[14:05:28.094 [Finalizer] DEBUG org.apache.http.impl.conn.DefaultClientConnection -- Connection 0.0.0.0:53228<->176.58.101.124:443 closed
14:05:28.095 [Finalizer] DEBUG org.apache.http.impl.conn.DefaultClientConnection -- Connection 0.0.0.0:53233<->176.58.101.124:443 closed
14:05:28.095 [Finalizer] DEBUG org.apache.http.impl.conn.DefaultClientConnection -- Connection 0.0.0.0:53229<->176.58.101.124:443 closed
14:05:28.096 [Finalizer] DEBUG org.apache.http.impl.conn.DefaultClientConnection -- Connection 0.0.0.0:53231<->176.58.101.124:443 closed
14:05:28.096 [Finalizer] DEBUG org.apache.http.impl.conn.DefaultClientConnection -- Connection 0.0.0.0:53232<->176.58.101.124:443 closed
14:05:28.096 [Finalizer] DEBUG org.apache.http.impl.conn.DefaultClientConnection -- Connection 0.0.0.0:53227<->176.58.101.124:443 closed
14:05:28.096 [Finalizer] DEBUG org.apache.http.impl.conn.DefaultClientConnection -- Connection 0.0.0.0:53226<->176.58.101.124:443 closed
14:05:28.097 [Finalizer] DEBUG org.apache.http.impl.conn.DefaultClientConnection -- Connection 0.0.0.0:53224<->176.58.101.124:443 closed
14:05:28.097 [Finalizer] DEBUG org.apache.http.impl.conn.DefaultClientConnection -- Connection 0.0.0.0:53225<->176.58.101.124:443 closed
Request method:	POST
Request URI:	https://demoqa.com/Account/v1/User
Proxy:			<none>
Request params:	<none>
Query params:	<none>
Form params:	<none>
Path params:	<none>
Headers:		Accept=*/*
				Content-Type=application/json
Cookies:		<none>
Multiparts:		<none>
Body:
{
    "userName": "elissa.hermiston",
    "password": "123Ron321&"
}
14:05:28.162 [Test worker] DEBUG org.apache.http.impl.conn.BasicClientConnectionManager -- Get connection for route {s}->https://demoqa.com:443
14:05:28.164 [Test worker] DEBUG org.apache.http.impl.conn.DefaultClientConnectionOperator -- Connecting to demoqa.com:443
14:05:29.241 [Test worker] DEBUG org.apache.http.client.protocol.RequestAddCookies -- CookieSpec selected: ignoreCookies
14:05:29.241 [Test worker] DEBUG org.apache.http.client.protocol.RequestAuthCache -- Auth cache not set in the context
14:05:29.241 [Test worker] DEBUG org.apache.http.client.protocol.RequestTargetAuthentication -- Target auth state: UNCHALLENGED
14:05:29.241 [Test worker] DEBUG org.apache.http.client.protocol.RequestProxyAuthentication -- Proxy auth state: UNCHALLENGED
14:05:29.241 [Test worker] DEBUG org.apache.http.impl.client.DefaultHttpClient -- Attempt 1 to execute request
14:05:29.241 [Test worker] DEBUG org.apache.http.impl.conn.DefaultClientConnection -- Sending request: POST /Account/v1/User HTTP/1.1
14:05:29.241 [Test worker] DEBUG org.apache.http.wire --  >> "POST /Account/v1/User HTTP/1.1[\r][\n]"
14:05:29.241 [Test worker] DEBUG org.apache.http.wire --  >> "Accept: */*[\r][\n]"
14:05:29.241 [Test worker] DEBUG org.apache.http.wire --  >> "Content-Type: application/json[\r][\n]"
14:05:29.241 [Test worker] DEBUG org.apache.http.wire --  >> "Content-Length: 55[\r][\n]"
14:05:29.241 [Test worker] DEBUG org.apache.http.wire --  >> "Host: demoqa.com[\r][\n]"
14:05:29.241 [Test worker] DEBUG org.apache.http.wire --  >> "Connection: Keep-Alive[\r][\n]"
14:05:29.241 [Test worker] DEBUG org.apache.http.wire --  >> "User-Agent: Apache-HttpClient/4.5.13 (Java/11.0.20)[\r][\n]"
14:05:29.241 [Test worker] DEBUG org.apache.http.wire --  >> "Accept-Encoding: gzip,deflate[\r][\n]"
14:05:29.241 [Test worker] DEBUG org.apache.http.wire --  >> "[\r][\n]"
14:05:29.241 [Test worker] DEBUG org.apache.http.headers -- >> POST /Account/v1/User HTTP/1.1
14:05:29.241 [Test worker] DEBUG org.apache.http.headers -- >> Accept: */*
14:05:29.241 [Test worker] DEBUG org.apache.http.headers -- >> Content-Type: application/json
14:05:29.241 [Test worker] DEBUG org.apache.http.headers -- >> Content-Length: 55
14:05:29.241 [Test worker] DEBUG org.apache.http.headers -- >> Host: demoqa.com
14:05:29.241 [Test worker] DEBUG org.apache.http.headers -- >> Connection: Keep-Alive
14:05:29.241 [Test worker] DEBUG org.apache.http.headers -- >> User-Agent: Apache-HttpClient/4.5.13 (Java/11.0.20)
14:05:29.241 [Test worker] DEBUG org.apache.http.headers -- >> Accept-Encoding: gzip,deflate
14:05:29.241 [Test worker] DEBUG org.apache.http.wire --  >> "{"userName":"elissa.hermiston","password":"123Ron321&"}"
14:05:29.433 [Test worker] DEBUG org.apache.http.wire --  << "HTTP/1.1 201 Created[\r][\n]"
14:05:29.433 [Test worker] DEBUG org.apache.http.wire --  << "Server: nginx/1.17.10 (Ubuntu)[\r][\n]"
14:05:29.433 [Test worker] DEBUG org.apache.http.wire --  << "Date: Wed, 13 Dec 2023 13:05:30 GMT[\r][\n]"
14:05:29.433 [Test worker] DEBUG org.apache.http.wire --  << "Content-Type: application/json; charset=utf-8[\r][\n]"
14:05:29.433 [Test worker] DEBUG org.apache.http.wire --  << "Content-Length: 90[\r][\n]"
14:05:29.433 [Test worker] DEBUG org.apache.http.wire --  << "Connection: keep-alive[\r][\n]"
14:05:29.433 [Test worker] DEBUG org.apache.http.wire --  << "X-Powered-By: Express[\r][\n]"
14:05:29.433 [Test worker] DEBUG org.apache.http.wire --  << "ETag: W/"5a-/jVeMWwiqPJFuirTNVzICjczwfQ"[\r][\n]"
14:05:29.433 [Test worker] DEBUG org.apache.http.wire --  << "[\r][\n]"
14:05:29.433 [Test worker] DEBUG org.apache.http.impl.conn.DefaultClientConnection -- Receiving response: HTTP/1.1 201 Created
14:05:29.433 [Test worker] DEBUG org.apache.http.headers -- << HTTP/1.1 201 Created
14:05:29.433 [Test worker] DEBUG org.apache.http.headers -- << Server: nginx/1.17.10 (Ubuntu)
14:05:29.433 [Test worker] DEBUG org.apache.http.headers -- << Date: Wed, 13 Dec 2023 13:05:30 GMT
14:05:29.433 [Test worker] DEBUG org.apache.http.headers -- << Content-Type: application/json; charset=utf-8
14:05:29.433 [Test worker] DEBUG org.apache.http.headers -- << Content-Length: 90
14:05:29.433 [Test worker] DEBUG org.apache.http.headers -- << Connection: keep-alive
14:05:29.433 [Test worker] DEBUG org.apache.http.headers -- << X-Powered-By: Express
14:05:29.433 [Test worker] DEBUG org.apache.http.headers -- << ETag: W/"5a-/jVeMWwiqPJFuirTNVzICjczwfQ"
14:05:29.434 [Test worker] DEBUG org.apache.http.impl.client.DefaultHttpClient -- Connection can be kept alive indefinitely
14:05:29.434 [Test worker] DEBUG io.restassured.internal.RestAssuredHttpBuilder -- Parsing response as: application/json; charset=utf-8
14:05:29.434 [Test worker] DEBUG io.restassured.internal.RestAssuredHttpBuilder -- Parsed data to instance of: class org.apache.http.conn.EofSensorInputStream
14:05:29.435 [Test worker] DEBUG org.apache.http.wire --  << "{"userID":"738d1183-8343-4077-9835-472109b13013","username":"elissa.hermiston","books":[]}"
14:05:29.435 [Test worker] DEBUG org.apache.http.impl.conn.BasicClientConnectionManager -- Releasing connection org.apache.http.impl.conn.ManagedClientConnectionImpl@d036aad
14:05:29.435 [Test worker] DEBUG org.apache.http.impl.conn.BasicClientConnectionManager -- Connection can be kept alive indefinitely
HTTP/1.1 201 Created
Server: nginx/1.17.10 (Ubuntu)
Date: Wed, 13 Dec 2023 13:05:30 GMT
Content-Type: application/json; charset=utf-8
Content-Length: 90
Connection: keep-alive
X-Powered-By: Express
ETag: W/"5a-/jVeMWwiqPJFuirTNVzICjczwfQ"

{
    "userID": "738d1183-8343-4077-9835-472109b13013",
    "username": "elissa.hermiston",
    "books": [
        
    ]
}
Request method:	POST
Request URI:	https://demoqa.com/Account/v1/GenerateToken
Proxy:			<none>
Request params:	<none>
Query params:	<none>
Form params:	<none>
Path params:	<none>
Headers:		Accept=*/*
				Content-Type=application/json
Cookies:		<none>
Multiparts:		<none>
Body:
{
    "userName": "elissa.hermiston",
    "password": "123Ron321&"
}
14:05:29.472 [Test worker] DEBUG org.apache.http.impl.conn.BasicClientConnectionManager -- Get connection for route {s}->https://demoqa.com:443
14:05:29.473 [Test worker] DEBUG org.apache.http.impl.conn.DefaultClientConnectionOperator -- Connecting to demoqa.com:443
14:05:30.552 [Test worker] DEBUG org.apache.http.client.protocol.RequestAddCookies -- CookieSpec selected: ignoreCookies
14:05:30.552 [Test worker] DEBUG org.apache.http.client.protocol.RequestAuthCache -- Auth cache not set in the context
14:05:30.552 [Test worker] DEBUG org.apache.http.client.protocol.RequestTargetAuthentication -- Target auth state: UNCHALLENGED
14:05:30.552 [Test worker] DEBUG org.apache.http.client.protocol.RequestProxyAuthentication -- Proxy auth state: UNCHALLENGED
14:05:30.552 [Test worker] DEBUG org.apache.http.impl.client.DefaultHttpClient -- Attempt 1 to execute request
14:05:30.552 [Test worker] DEBUG org.apache.http.impl.conn.DefaultClientConnection -- Sending request: POST /Account/v1/GenerateToken HTTP/1.1
14:05:30.552 [Test worker] DEBUG org.apache.http.wire --  >> "POST /Account/v1/GenerateToken HTTP/1.1[\r][\n]"
14:05:30.552 [Test worker] DEBUG org.apache.http.wire --  >> "Accept: */*[\r][\n]"
14:05:30.552 [Test worker] DEBUG org.apache.http.wire --  >> "Content-Type: application/json[\r][\n]"
14:05:30.552 [Test worker] DEBUG org.apache.http.wire --  >> "Content-Length: 55[\r][\n]"
14:05:30.552 [Test worker] DEBUG org.apache.http.wire --  >> "Host: demoqa.com[\r][\n]"
14:05:30.552 [Test worker] DEBUG org.apache.http.wire --  >> "Connection: Keep-Alive[\r][\n]"
14:05:30.552 [Test worker] DEBUG org.apache.http.wire --  >> "User-Agent: Apache-HttpClient/4.5.13 (Java/11.0.20)[\r][\n]"
14:05:30.552 [Test worker] DEBUG org.apache.http.wire --  >> "Accept-Encoding: gzip,deflate[\r][\n]"
14:05:30.552 [Test worker] DEBUG org.apache.http.wire --  >> "[\r][\n]"
14:05:30.552 [Test worker] DEBUG org.apache.http.headers -- >> POST /Account/v1/GenerateToken HTTP/1.1
14:05:30.552 [Test worker] DEBUG org.apache.http.headers -- >> Accept: */*
14:05:30.552 [Test worker] DEBUG org.apache.http.headers -- >> Content-Type: application/json
14:05:30.552 [Test worker] DEBUG org.apache.http.headers -- >> Content-Length: 55
14:05:30.552 [Test worker] DEBUG org.apache.http.headers -- >> Host: demoqa.com
14:05:30.552 [Test worker] DEBUG org.apache.http.headers -- >> Connection: Keep-Alive
14:05:30.552 [Test worker] DEBUG org.apache.http.headers -- >> User-Agent: Apache-HttpClient/4.5.13 (Java/11.0.20)
14:05:30.552 [Test worker] DEBUG org.apache.http.headers -- >> Accept-Encoding: gzip,deflate
14:05:30.552 [Test worker] DEBUG org.apache.http.wire --  >> "{"userName":"elissa.hermiston","password":"123Ron321&"}"
14:05:30.974 [Test worker] DEBUG org.apache.http.wire --  << "HTTP/1.1 200 OK[\r][\n]"
14:05:30.974 [Test worker] DEBUG org.apache.http.wire --  << "Server: nginx/1.17.10 (Ubuntu)[\r][\n]"
14:05:30.974 [Test worker] DEBUG org.apache.http.wire --  << "Date: Wed, 13 Dec 2023 13:05:32 GMT[\r][\n]"
14:05:30.974 [Test worker] DEBUG org.apache.http.wire --  << "Content-Type: application/json; charset=utf-8[\r][\n]"
14:05:30.974 [Test worker] DEBUG org.apache.http.wire --  << "Content-Length: 286[\r][\n]"
14:05:30.974 [Test worker] DEBUG org.apache.http.wire --  << "Connection: keep-alive[\r][\n]"
14:05:30.974 [Test worker] DEBUG org.apache.http.wire --  << "X-Powered-By: Express[\r][\n]"
14:05:30.974 [Test worker] DEBUG org.apache.http.wire --  << "ETag: W/"11e-wxxheS2ZF9dZK8YeJzoSi/KWfng"[\r][\n]"
14:05:30.974 [Test worker] DEBUG org.apache.http.wire --  << "[\r][\n]"
14:05:30.974 [Test worker] DEBUG org.apache.http.impl.conn.DefaultClientConnection -- Receiving response: HTTP/1.1 200 OK
14:05:30.974 [Test worker] DEBUG org.apache.http.headers -- << HTTP/1.1 200 OK
14:05:30.974 [Test worker] DEBUG org.apache.http.headers -- << Server: nginx/1.17.10 (Ubuntu)
14:05:30.974 [Test worker] DEBUG org.apache.http.headers -- << Date: Wed, 13 Dec 2023 13:05:32 GMT
14:05:30.974 [Test worker] DEBUG org.apache.http.headers -- << Content-Type: application/json; charset=utf-8
14:05:30.974 [Test worker] DEBUG org.apache.http.headers -- << Content-Length: 286
14:05:30.974 [Test worker] DEBUG org.apache.http.headers -- << Connection: keep-alive
14:05:30.974 [Test worker] DEBUG org.apache.http.headers -- << X-Powered-By: Express
14:05:30.974 [Test worker] DEBUG org.apache.http.headers -- << ETag: W/"11e-wxxheS2ZF9dZK8YeJzoSi/KWfng"
14:05:30.974 [Test worker] DEBUG org.apache.http.impl.client.DefaultHttpClient -- Connection can be kept alive indefinitely
14:05:30.974 [Test worker] DEBUG io.restassured.internal.RestAssuredHttpBuilder -- Parsing response as: application/json; charset=utf-8
14:05:30.974 [Test worker] DEBUG io.restassured.internal.RestAssuredHttpBuilder -- Parsed data to instance of: class org.apache.http.conn.EofSensorInputStream
14:05:30.975 [Test worker] DEBUG org.apache.http.wire --  << "{"token":"eyJhbGciOiJIUzI1NiIsInR5cCI6IkpXVCJ9.eyJ1c2VyTmFtZSI6ImVsaXNzYS5oZXJtaXN0b24iLCJwYXNzd29yZCI6IjEyM1JvbjMyMSYiLCJpYXQiOjE3MDI0NzI3MzF9.MXljWRCI37LkG0qg2FMp_3trWGn7opNqs1944Vz5iWk","expires":"2023-12-20T13:05:31.851Z","status":"Success","result":"User authorized successfully."}"
14:05:30.975 [Test worker] DEBUG org.apache.http.impl.conn.BasicClientConnectionManager -- Releasing connection org.apache.http.impl.conn.ManagedClientConnectionImpl@7676963
14:05:30.975 [Test worker] DEBUG org.apache.http.impl.conn.BasicClientConnectionManager -- Connection can be kept alive indefinitely
HTTP/1.1 200 OK
Server: nginx/1.17.10 (Ubuntu)
Date: Wed, 13 Dec 2023 13:05:32 GMT
Content-Type: application/json; charset=utf-8
Content-Length: 286
Connection: keep-alive
X-Powered-By: Express
ETag: W/"11e-wxxheS2ZF9dZK8YeJzoSi/KWfng"

{
    "token": "eyJhbGciOiJIUzI1NiIsInR5cCI6IkpXVCJ9.eyJ1c2VyTmFtZSI6ImVsaXNzYS5oZXJtaXN0b24iLCJwYXNzd29yZCI6IjEyM1JvbjMyMSYiLCJpYXQiOjE3MDI0NzI3MzF9.MXljWRCI37LkG0qg2FMp_3trWGn7opNqs1944Vz5iWk",
    "expires": "2023-12-20T13:05:31.851Z",
    "status": "Success",
    "result": "User authorized successfully."
}
Request method:	GET
Request URI:	https://demoqa.com/BookStore/v1/Books
Proxy:			<none>
Request params:	<none>
Query params:	<none>
Form params:	<none>
Path params:	<none>
Headers:		Accept=*/*
				Content-Type=application/json
Cookies:		<none>
Multiparts:		<none>
Body:			<none>
14:05:30.993 [Test worker] DEBUG org.apache.http.impl.conn.BasicClientConnectionManager -- Get connection for route {s}->https://demoqa.com:443
14:05:30.993 [Test worker] DEBUG org.apache.http.impl.conn.DefaultClientConnectionOperator -- Connecting to demoqa.com:443
14:05:32.136 [Test worker] DEBUG org.apache.http.client.protocol.RequestAddCookies -- CookieSpec selected: ignoreCookies
14:05:32.136 [Test worker] DEBUG org.apache.http.client.protocol.RequestAuthCache -- Auth cache not set in the context
14:05:32.136 [Test worker] DEBUG org.apache.http.client.protocol.RequestTargetAuthentication -- Target auth state: UNCHALLENGED
14:05:32.136 [Test worker] DEBUG org.apache.http.client.protocol.RequestProxyAuthentication -- Proxy auth state: UNCHALLENGED
14:05:32.136 [Test worker] DEBUG org.apache.http.impl.client.DefaultHttpClient -- Attempt 1 to execute request
14:05:32.136 [Test worker] DEBUG org.apache.http.impl.conn.DefaultClientConnection -- Sending request: GET /BookStore/v1/Books HTTP/1.1
14:05:32.137 [Test worker] DEBUG org.apache.http.wire --  >> "GET /BookStore/v1/Books HTTP/1.1[\r][\n]"
14:05:32.137 [Test worker] DEBUG org.apache.http.wire --  >> "Content-Type: application/json[\r][\n]"
14:05:32.137 [Test worker] DEBUG org.apache.http.wire --  >> "Accept: */*[\r][\n]"
14:05:32.137 [Test worker] DEBUG org.apache.http.wire --  >> "Host: demoqa.com[\r][\n]"
14:05:32.137 [Test worker] DEBUG org.apache.http.wire --  >> "Connection: Keep-Alive[\r][\n]"
14:05:32.137 [Test worker] DEBUG org.apache.http.wire --  >> "User-Agent: Apache-HttpClient/4.5.13 (Java/11.0.20)[\r][\n]"
14:05:32.137 [Test worker] DEBUG org.apache.http.wire --  >> "Accept-Encoding: gzip,deflate[\r][\n]"
14:05:32.137 [Test worker] DEBUG org.apache.http.wire --  >> "[\r][\n]"
14:05:32.137 [Test worker] DEBUG org.apache.http.headers -- >> GET /BookStore/v1/Books HTTP/1.1
14:05:32.137 [Test worker] DEBUG org.apache.http.headers -- >> Content-Type: application/json
14:05:32.137 [Test worker] DEBUG org.apache.http.headers -- >> Accept: */*
14:05:32.137 [Test worker] DEBUG org.apache.http.headers -- >> Host: demoqa.com
14:05:32.137 [Test worker] DEBUG org.apache.http.headers -- >> Connection: Keep-Alive
14:05:32.137 [Test worker] DEBUG org.apache.http.headers -- >> User-Agent: Apache-HttpClient/4.5.13 (Java/11.0.20)
14:05:32.137 [Test worker] DEBUG org.apache.http.headers -- >> Accept-Encoding: gzip,deflate
14:05:32.206 [Test worker] DEBUG org.apache.http.wire --  << "HTTP/1.1 200 OK[\r][\n]"
14:05:32.206 [Test worker] DEBUG org.apache.http.wire --  << "Server: nginx/1.17.10 (Ubuntu)[\r][\n]"
14:05:32.206 [Test worker] DEBUG org.apache.http.wire --  << "Date: Wed, 13 Dec 2023 13:05:33 GMT[\r][\n]"
14:05:32.206 [Test worker] DEBUG org.apache.http.wire --  << "Content-Type: application/json; charset=utf-8[\r][\n]"
14:05:32.206 [Test worker] DEBUG org.apache.http.wire --  << "Content-Length: 4514[\r][\n]"
14:05:32.206 [Test worker] DEBUG org.apache.http.wire --  << "Connection: keep-alive[\r][\n]"
14:05:32.206 [Test worker] DEBUG org.apache.http.wire --  << "X-Powered-By: Express[\r][\n]"
14:05:32.206 [Test worker] DEBUG org.apache.http.wire --  << "ETag: W/"11a2-8zfX++QwcgaCjSU6F8JP9fUd1tY"[\r][\n]"
14:05:32.206 [Test worker] DEBUG org.apache.http.wire --  << "[\r][\n]"
14:05:32.206 [Test worker] DEBUG org.apache.http.impl.conn.DefaultClientConnection -- Receiving response: HTTP/1.1 200 OK
14:05:32.206 [Test worker] DEBUG org.apache.http.headers -- << HTTP/1.1 200 OK
14:05:32.206 [Test worker] DEBUG org.apache.http.headers -- << Server: nginx/1.17.10 (Ubuntu)
14:05:32.206 [Test worker] DEBUG org.apache.http.headers -- << Date: Wed, 13 Dec 2023 13:05:33 GMT
14:05:32.206 [Test worker] DEBUG org.apache.http.headers -- << Content-Type: application/json; charset=utf-8
14:05:32.206 [Test worker] DEBUG org.apache.http.headers -- << Content-Length: 4514
14:05:32.206 [Test worker] DEBUG org.apache.http.headers -- << Connection: keep-alive
14:05:32.206 [Test worker] DEBUG org.apache.http.headers -- << X-Powered-By: Express
14:05:32.206 [Test worker] DEBUG org.apache.http.headers -- << ETag: W/"11a2-8zfX++QwcgaCjSU6F8JP9fUd1tY"
14:05:32.206 [Test worker] DEBUG org.apache.http.impl.client.DefaultHttpClient -- Connection can be kept alive indefinitely
14:05:32.206 [Test worker] DEBUG io.restassured.internal.RestAssuredHttpBuilder -- Parsing response as: application/json; charset=utf-8
14:05:32.206 [Test worker] DEBUG io.restassured.internal.RestAssuredHttpBuilder -- Parsed data to instance of: class org.apache.http.conn.EofSensorInputStream
14:05:32.207 [Test worker] DEBUG org.apache.http.wire --  << "{"books":[{"isbn":"9781449325862","title":"Git Pocket Guide","subTitle":"A Working Introduction","author":"Richard E. Silverman","publish_date":"2020-06-04T08:48:39.000Z","publisher":"O'Reilly Media","pages":234,"description":"This pocket guide is the perfect on-the-job companion to Git, the distributed version control system. It provides a compact, readable introduction to Git for new users, as well as a reference to common commands and procedures for those of you with Git exp","website":"http://chimera.labs.oreilly.com/books/1230000000561/index.html"},{"isbn":"9781449331818","title":"Learning JavaScript Design Patterns","subTitle":"A JavaScript and jQuery Developer's Guide","author":"Addy Osmani","publish_date":"2020-06-04T09:11:40.000Z","publisher":"O'Reilly Media","pages":254,"description":"With Learning JavaScript Design Patterns, you'll learn how to write beautiful, structured, and maintainable JavaScript by applying classical and modern design patterns to the language. If you want to keep your code efficient, more manageable, and up-to-da","website":"http://www.addyosmani.com/resources/essentialjsdesignpatterns/book/"},{"isbn":"9781449337711","title":"Designing Evolvable Web APIs with ASP.NET","subTitle":"Harnessing the Power of the Web","author":"Glenn Block et al.","publish_date":"2020-06-04T09:12:43.000Z","publisher":"O'Reilly Media","pages":238,"description":"Design and build Web APIs for a broad range of clients[0xe2][0x80][0x94]including browsers and mobile devices[0xe2][0x80][0x94]that can adapt to change over time. This practical, hands-on guide takes you through the theory and tools you need to build evolvable HTTP services with Microsoft","website":"http://chimera.labs.oreilly.com/books/1234000001708/index.html"},{"isbn":"9781449365035","title":"Speaking JavaScript","subTitle":"An In-Depth Guide for Programmers","author":"Axel Rauschmayer","publish_date":"2014-02-01T00:00:00.000Z","publisher":"O'Reilly Media","pages":460,"description":"Like it or not, JavaScript is everywhere these days-from browser to server to mobile-and now you, too, need to learn the language or dive deeper than you have. This concise book guides you into and through JavaScript, written by a veteran programmer who o","website":"http://speakingjs.com/"},{"isbn":"9781491904244","title":"You Don't Know JS","subTitle":"ES6 & Beyond","author":"Kyle Simpson","publish_date":"2015-12-27T00:00:00.000Z","publisher":"O'Reilly Media","pages":278,"description":"No matter how much experience you have with JavaScript, odds are you don[0xe2][0x80][0x99]t fully understand the language. As part of the \\\"You Don[0xe2][0x80][0x99]t Know JS\\\" series, this compact guide focuses on new features available in ECMAScript 6 (ES6), the latest version of the st","website":"https://github.com/getify/You-Dont-Know-JS/tree/master/es6%20&%20beyond"},{"isbn":"9781491950296","title":"Programming JavaScript Applications","subTitle":"Robust Web Architecture with Node, HTML5, and Modern JS Libraries","author":"Eric Elliott","publish_date":"2014-07-01T00:00:00.000Z","publisher":"O'Reilly Media","pages":254,"description":"Take advantage of JavaScript's power to build robust web-scale or enterprise applications that are easy to extend and maintain. By applying the design patterns outlined in this practical book, experienced JavaScript developers will learn how to write flex","website":"http://chimera.labs.oreilly.com/books/1234000000262/index.html"},{"isbn":"9781593275846","title":"Eloquent JavaScript, Second Edition","subTitle":"A Modern Introduction to Programming","author":"Marijn Haverbeke","publish_date":"2014-12-14T00:00:00.000Z","publisher":"No Starch Press","pages":472,"description":"JavaScript lies at the heart of almost every modern web application, from social apps to the newest browser-based games. Though simple for beginners to pick up and play with, JavaScript is a flexible, complex language that you can use to build full-scale ","website":"http://eloquentjavascript.net/"},{"isbn":"9781593277574","title":"Understanding ECMAScript 6","subTitle":"The Definitive Guide for JavaScript Developers","author":"Nicholas C. Zakas","publish_date":"2016-09-03T00:00:00.000Z","publisher":"No Starch Press","pages":352,"description":"ECMAScript 6 represents the biggest update to the core of JavaScript in the history of the language. In Understanding ECMAScript 6, expert developer Nicholas C. Zakas provides a complete guide to the object types, syntax, and other exciting changes that E","website":"https://leanpub.com/understandinges6/read"}]}"
14:05:32.207 [Test worker] DEBUG org.apache.http.impl.conn.BasicClientConnectionManager -- Releasing connection org.apache.http.impl.conn.ManagedClientConnectionImpl@577cb38d
14:05:32.207 [Test worker] DEBUG org.apache.http.impl.conn.BasicClientConnectionManager -- Connection can be kept alive indefinitely
HTTP/1.1 200 OK
Server: nginx/1.17.10 (Ubuntu)
Date: Wed, 13 Dec 2023 13:05:33 GMT
Content-Type: application/json; charset=utf-8
Content-Length: 4514
Connection: keep-alive
X-Powered-By: Express
ETag: W/"11a2-8zfX++QwcgaCjSU6F8JP9fUd1tY"

{
    "books": [
        {
            "isbn": "9781449325862",
            "title": "Git Pocket Guide",
            "subTitle": "A Working Introduction",
            "author": "Richard E. Silverman",
            "publish_date": "2020-06-04T08:48:39.000Z",
            "publisher": "O'Reilly Media",
            "pages": 234,
            "description": "This pocket guide is the perfect on-the-job companion to Git, the distributed version control system. It provides a compact, readable introduction to Git for new users, as well as a reference to common commands and procedures for those of you with Git exp",
            "website": "http://chimera.labs.oreilly.com/books/1230000000561/index.html"
        },
        {
            "isbn": "9781449331818",
            "title": "Learning JavaScript Design Patterns",
            "subTitle": "A JavaScript and jQuery Developer's Guide",
            "author": "Addy Osmani",
            "publish_date": "2020-06-04T09:11:40.000Z",
            "publisher": "O'Reilly Media",
            "pages": 254,
            "description": "With Learning JavaScript Design Patterns, you'll learn how to write beautiful, structured, and maintainable JavaScript by applying classical and modern design patterns to the language. If you want to keep your code efficient, more manageable, and up-to-da",
            "website": "http://www.addyosmani.com/resources/essentialjsdesignpatterns/book/"
        },
        {
            "isbn": "9781449337711",
            "title": "Designing Evolvable Web APIs with ASP.NET",
            "subTitle": "Harnessing the Power of the Web",
            "author": "Glenn Block et al.",
            "publish_date": "2020-06-04T09:12:43.000Z",
            "publisher": "O'Reilly Media",
            "pages": 238,
            "description": "Design and build Web APIs for a broad range of clients—including browsers and mobile devices—that can adapt to change over time. This practical, hands-on guide takes you through the theory and tools you need to build evolvable HTTP services with Microsoft",
            "website": "http://chimera.labs.oreilly.com/books/1234000001708/index.html"
        },
        {
            "isbn": "9781449365035",
            "title": "Speaking JavaScript",
            "subTitle": "An In-Depth Guide for Programmers",
            "author": "Axel Rauschmayer",
            "publish_date": "2014-02-01T00:00:00.000Z",
            "publisher": "O'Reilly Media",
            "pages": 460,
            "description": "Like it or not, JavaScript is everywhere these days-from browser to server to mobile-and now you, too, need to learn the language or dive deeper than you have. This concise book guides you into and through JavaScript, written by a veteran programmer who o",
            "website": "http://speakingjs.com/"
        },
        {
            "isbn": "9781491904244",
            "title": "You Don't Know JS",
            "subTitle": "ES6 & Beyond",
            "author": "Kyle Simpson",
            "publish_date": "2015-12-27T00:00:00.000Z",
            "publisher": "O'Reilly Media",
            "pages": 278,
            "description": "No matter how much experience you have with JavaScript, odds are you don’t fully understand the language. As part of the \\\"You Don’t Know JS\\\" series, this compact guide focuses on new features available in ECMAScript 6 (ES6), the latest version of the st",
            "website": "https://github.com/getify/You-Dont-Know-JS/tree/master/es6%20&%20beyond"
        },
        {
            "isbn": "9781491950296",
            "title": "Programming JavaScript Applications",
            "subTitle": "Robust Web Architecture with Node, HTML5, and Modern JS Libraries",
            "author": "Eric Elliott",
            "publish_date": "2014-07-01T00:00:00.000Z",
            "publisher": "O'Reilly Media",
            "pages": 254,
            "description": "Take advantage of JavaScript's power to build robust web-scale or enterprise applications that are easy to extend and maintain. By applying the design patterns outlined in this practical book, experienced JavaScript developers will learn how to write flex",
            "website": "http://chimera.labs.oreilly.com/books/1234000000262/index.html"
        },
        {
            "isbn": "9781593275846",
            "title": "Eloquent JavaScript, Second Edition",
            "subTitle": "A Modern Introduction to Programming",
            "author": "Marijn Haverbeke",
            "publish_date": "2014-12-14T00:00:00.000Z",
            "publisher": "No Starch Press",
            "pages": 472,
            "description": "JavaScript lies at the heart of almost every modern web application, from social apps to the newest browser-based games. Though simple for beginners to pick up and play with, JavaScript is a flexible, complex language that you can use to build full-scale ",
            "website": "http://eloquentjavascript.net/"
        },
        {
            "isbn": "9781593277574",
            "title": "Understanding ECMAScript 6",
            "subTitle": "The Definitive Guide for JavaScript Developers",
            "author": "Nicholas C. Zakas",
            "publish_date": "2016-09-03T00:00:00.000Z",
            "publisher": "No Starch Press",
            "pages": 352,
            "description": "ECMAScript 6 represents the biggest update to the core of JavaScript in the history of the language. In Understanding ECMAScript 6, expert developer Nicholas C. Zakas provides a complete guide to the object types, syntax, and other exciting changes that E",
            "website": "https://leanpub.com/understandinges6/read"
        }
    ]
}
Request method:	POST
Request URI:	https://demoqa.com/BookStore/v1/Books
Proxy:			<none>
Request params:	<none>
Query params:	<none>
Form params:	<none>
Path params:	<none>
Headers:		Authorization=Bearer eyJhbGciOiJIUzI1NiIsInR5cCI6IkpXVCJ9.eyJ1c2VyTmFtZSI6ImVsaXNzYS5oZXJtaXN0b24iLCJwYXNzd29yZCI6IjEyM1JvbjMyMSYiLCJpYXQiOjE3MDI0NzI3MzF9.MXljWRCI37LkG0qg2FMp_3trWGn7opNqs1944Vz5iWk
				Accept=*/*
				Content-Type=application/json
Cookies:		<none>
Multiparts:		<none>
Body:
{
    "userId": "738d1183-8343-4077-9835-472109b13013",
    "collectionOfIsbns": [
        {
            "isbn": "9781449325862"
        },
        {
            "isbn": "9781449331818"
        },
        {
            "isbn": "9781449337711"
        },
        {
            "isbn": "9781449365035"
        },
        {
            "isbn": "9781491904244"
        },
        {
            "isbn": "9781491950296"
        }
    ]
}
14:05:32.290 [Test worker] DEBUG org.apache.http.impl.conn.BasicClientConnectionManager -- Get connection for route {s}->https://demoqa.com:443
14:05:32.291 [Test worker] DEBUG org.apache.http.impl.conn.DefaultClientConnectionOperator -- Connecting to demoqa.com:443
14:05:32.364 [Test worker] DEBUG org.apache.http.client.protocol.RequestAddCookies -- CookieSpec selected: ignoreCookies
14:05:32.364 [Test worker] DEBUG org.apache.http.client.protocol.RequestAuthCache -- Auth cache not set in the context
14:05:32.364 [Test worker] DEBUG org.apache.http.client.protocol.RequestProxyAuthentication -- Proxy auth state: UNCHALLENGED
14:05:32.364 [Test worker] DEBUG org.apache.http.impl.client.DefaultHttpClient -- Attempt 1 to execute request
14:05:32.364 [Test worker] DEBUG org.apache.http.impl.conn.DefaultClientConnection -- Sending request: POST /BookStore/v1/Books HTTP/1.1
14:05:32.364 [Test worker] DEBUG org.apache.http.wire --  >> "POST /BookStore/v1/Books HTTP/1.1[\r][\n]"
14:05:32.365 [Test worker] DEBUG org.apache.http.wire --  >> "Authorization: Bearer eyJhbGciOiJIUzI1NiIsInR5cCI6IkpXVCJ9.eyJ1c2VyTmFtZSI6ImVsaXNzYS5oZXJtaXN0b24iLCJwYXNzd29yZCI6IjEyM1JvbjMyMSYiLCJpYXQiOjE3MDI0NzI3MzF9.MXljWRCI37LkG0qg2FMp_3trWGn7opNqs1944Vz5iWk[\r][\n]"
14:05:32.365 [Test worker] DEBUG org.apache.http.wire --  >> "Accept: */*[\r][\n]"
14:05:32.365 [Test worker] DEBUG org.apache.http.wire --  >> "Content-Type: application/json[\r][\n]"
14:05:32.365 [Test worker] DEBUG org.apache.http.wire --  >> "Content-Length: 221[\r][\n]"
14:05:32.365 [Test worker] DEBUG org.apache.http.wire --  >> "Host: demoqa.com[\r][\n]"
14:05:32.365 [Test worker] DEBUG org.apache.http.wire --  >> "Connection: Keep-Alive[\r][\n]"
14:05:32.365 [Test worker] DEBUG org.apache.http.wire --  >> "User-Agent: Apache-HttpClient/4.5.13 (Java/11.0.20)[\r][\n]"
14:05:32.365 [Test worker] DEBUG org.apache.http.wire --  >> "Accept-Encoding: gzip,deflate[\r][\n]"
14:05:32.365 [Test worker] DEBUG org.apache.http.wire --  >> "[\r][\n]"
14:05:32.365 [Test worker] DEBUG org.apache.http.headers -- >> POST /BookStore/v1/Books HTTP/1.1
14:05:32.365 [Test worker] DEBUG org.apache.http.headers -- >> Authorization: Bearer eyJhbGciOiJIUzI1NiIsInR5cCI6IkpXVCJ9.eyJ1c2VyTmFtZSI6ImVsaXNzYS5oZXJtaXN0b24iLCJwYXNzd29yZCI6IjEyM1JvbjMyMSYiLCJpYXQiOjE3MDI0NzI3MzF9.MXljWRCI37LkG0qg2FMp_3trWGn7opNqs1944Vz5iWk
14:05:32.365 [Test worker] DEBUG org.apache.http.headers -- >> Accept: */*
14:05:32.365 [Test worker] DEBUG org.apache.http.headers -- >> Content-Type: application/json
14:05:32.365 [Test worker] DEBUG org.apache.http.headers -- >> Content-Length: 221
14:05:32.365 [Test worker] DEBUG org.apache.http.headers -- >> Host: demoqa.com
14:05:32.365 [Test worker] DEBUG org.apache.http.headers -- >> Connection: Keep-Alive
14:05:32.365 [Test worker] DEBUG org.apache.http.headers -- >> User-Agent: Apache-HttpClient/4.5.13 (Java/11.0.20)
14:05:32.365 [Test worker] DEBUG org.apache.http.headers -- >> Accept-Encoding: gzip,deflate
14:05:32.365 [Test worker] DEBUG org.apache.http.wire --  >> "{"userId":"738d1183-8343-4077-9835-472109b13013","collectionOfIsbns":[{"isbn":"9781449325862"},{"isbn":"9781449331818"},{"isbn":"9781449337711"},{"isbn":"9781449365035"},{"isbn":"9781491904244"},{"isbn":"9781491950296"}]}"
14:05:32.436 [Test worker] DEBUG org.apache.http.wire --  << "HTTP/1.1 201 Created[\r][\n]"
14:05:32.436 [Test worker] DEBUG org.apache.http.wire --  << "Server: nginx/1.17.10 (Ubuntu)[\r][\n]"
14:05:32.436 [Test worker] DEBUG org.apache.http.wire --  << "Date: Wed, 13 Dec 2023 13:05:33 GMT[\r][\n]"
14:05:32.436 [Test worker] DEBUG org.apache.http.wire --  << "Content-Type: application/json; charset=utf-8[\r][\n]"
14:05:32.436 [Test worker] DEBUG org.apache.http.wire --  << "Content-Length: 161[\r][\n]"
14:05:32.436 [Test worker] DEBUG org.apache.http.wire --  << "Connection: keep-alive[\r][\n]"
14:05:32.436 [Test worker] DEBUG org.apache.http.wire --  << "X-Powered-By: Express[\r][\n]"
14:05:32.436 [Test worker] DEBUG org.apache.http.wire --  << "ETag: W/"a1-XMsZ5dLxDfuj7yADwdLwIqQjZ2Q"[\r][\n]"
14:05:32.436 [Test worker] DEBUG org.apache.http.wire --  << "[\r][\n]"
14:05:32.436 [Test worker] DEBUG org.apache.http.impl.conn.DefaultClientConnection -- Receiving response: HTTP/1.1 201 Created
14:05:32.436 [Test worker] DEBUG org.apache.http.headers -- << HTTP/1.1 201 Created
14:05:32.436 [Test worker] DEBUG org.apache.http.headers -- << Server: nginx/1.17.10 (Ubuntu)
14:05:32.436 [Test worker] DEBUG org.apache.http.headers -- << Date: Wed, 13 Dec 2023 13:05:33 GMT
14:05:32.436 [Test worker] DEBUG org.apache.http.headers -- << Content-Type: application/json; charset=utf-8
14:05:32.436 [Test worker] DEBUG org.apache.http.headers -- << Content-Length: 161
14:05:32.436 [Test worker] DEBUG org.apache.http.headers -- << Connection: keep-alive
14:05:32.436 [Test worker] DEBUG org.apache.http.headers -- << X-Powered-By: Express
14:05:32.436 [Test worker] DEBUG org.apache.http.headers -- << ETag: W/"a1-XMsZ5dLxDfuj7yADwdLwIqQjZ2Q"
14:05:32.437 [Test worker] DEBUG org.apache.http.impl.client.DefaultHttpClient -- Connection can be kept alive indefinitely
14:05:32.437 [Test worker] DEBUG io.restassured.internal.RestAssuredHttpBuilder -- Parsing response as: application/json; charset=utf-8
14:05:32.437 [Test worker] DEBUG io.restassured.internal.RestAssuredHttpBuilder -- Parsed data to instance of: class org.apache.http.conn.EofSensorInputStream
14:05:32.437 [Test worker] DEBUG org.apache.http.wire --  << "{"books":[{"isbn":"9781449325862"},{"isbn":"9781449331818"},{"isbn":"9781449337711"},{"isbn":"9781449365035"},{"isbn":"9781491904244"},{"isbn":"9781491950296"}]}"
14:05:32.437 [Test worker] DEBUG org.apache.http.impl.conn.BasicClientConnectionManager -- Releasing connection org.apache.http.impl.conn.ManagedClientConnectionImpl@30c23fcb
14:05:32.437 [Test worker] DEBUG org.apache.http.impl.conn.BasicClientConnectionManager -- Connection can be kept alive indefinitely
HTTP/1.1 201 Created
Server: nginx/1.17.10 (Ubuntu)
Date: Wed, 13 Dec 2023 13:05:33 GMT
Content-Type: application/json; charset=utf-8
Content-Length: 161
Connection: keep-alive
X-Powered-By: Express
ETag: W/"a1-XMsZ5dLxDfuj7yADwdLwIqQjZ2Q"

{
    "books": [
        {
            "isbn": "9781449325862"
        },
        {
            "isbn": "9781449331818"
        },
        {
            "isbn": "9781449337711"
        },
        {
            "isbn": "9781449365035"
        },
        {
            "isbn": "9781491904244"
        },
        {
            "isbn": "9781491950296"
        }
    ]
}
Request method:	DELETE
Request URI:	https://demoqa.com/BookStore/v1/Books?UserId=738d1183-8343-4077-9835-472109b13013
Proxy:			<none>
Request params:	<none>
Query params:	UserId=738d1183-8343-4077-9835-472109b13013
Form params:	<none>
Path params:	<none>
Headers:		Authorization=Bearer eyJhbGciOiJIUzI1NiIsInR5cCI6IkpXVCJ9.eyJ1c2VyTmFtZSI6ImVsaXNzYS5oZXJtaXN0b24iLCJwYXNzd29yZCI6IjEyM1JvbjMyMSYiLCJpYXQiOjE3MDI0NzI3MzF9.MXljWRCI37LkG0qg2FMp_3trWGn7opNqs1944Vz5iWk
				Accept=*/*
				Content-Type=application/json
Cookies:		<none>
Multiparts:		<none>
Body:			<none>
14:05:32.492 [Test worker] DEBUG org.apache.http.impl.conn.BasicClientConnectionManager -- Get connection for route {s}->https://demoqa.com:443
14:05:32.492 [Test worker] DEBUG org.apache.http.impl.conn.DefaultClientConnectionOperator -- Connecting to demoqa.com:443
14:05:32.579 [Finalizer] DEBUG org.apache.http.impl.conn.DefaultClientConnection -- Connection 0.0.0.0:53234<->176.58.101.124:443 closed
14:05:32.580 [Test worker] DEBUG org.apache.http.client.protocol.RequestAddCookies -- CookieSpec selected: ignoreCookies
14:05:32.580 [Test worker] DEBUG org.apache.http.client.protocol.RequestAuthCache -- Auth cache not set in the context
14:05:32.580 [Test worker] DEBUG org.apache.http.client.protocol.RequestProxyAuthentication -- Proxy auth state: UNCHALLENGED
14:05:32.580 [Test worker] DEBUG org.apache.http.impl.client.DefaultHttpClient -- Attempt 1 to execute request
14:05:32.580 [Finalizer] DEBUG org.apache.http.impl.conn.DefaultClientConnection -- Connection 0.0.0.0:53235<->176.58.101.124:443 closed
14:05:32.580 [Test worker] DEBUG org.apache.http.impl.conn.DefaultClientConnection -- Sending request: DELETE /BookStore/v1/Books?UserId=738d1183-8343-4077-9835-472109b13013 HTTP/1.1
14:05:32.580 [Test worker] DEBUG org.apache.http.wire --  >> "DELETE /BookStore/v1/Books?UserId=738d1183-8343-4077-9835-472109b13013 HTTP/1.1[\r][\n]"
14:05:32.580 [Test worker] DEBUG org.apache.http.wire --  >> "Content-Type: application/json[\r][\n]"
14:05:32.580 [Test worker] DEBUG org.apache.http.wire --  >> "Authorization: Bearer eyJhbGciOiJIUzI1NiIsInR5cCI6IkpXVCJ9.eyJ1c2VyTmFtZSI6ImVsaXNzYS5oZXJtaXN0b24iLCJwYXNzd29yZCI6IjEyM1JvbjMyMSYiLCJpYXQiOjE3MDI0NzI3MzF9.MXljWRCI37LkG0qg2FMp_3trWGn7opNqs1944Vz5iWk[\r][\n]"
14:05:32.580 [Test worker] DEBUG org.apache.http.wire --  >> "Accept: */*[\r][\n]"
14:05:32.580 [Test worker] DEBUG org.apache.http.wire --  >> "Host: demoqa.com[\r][\n]"
14:05:32.580 [Test worker] DEBUG org.apache.http.wire --  >> "Connection: Keep-Alive[\r][\n]"
14:05:32.580 [Test worker] DEBUG org.apache.http.wire --  >> "User-Agent: Apache-HttpClient/4.5.13 (Java/11.0.20)[\r][\n]"
14:05:32.580 [Test worker] DEBUG org.apache.http.wire --  >> "Accept-Encoding: gzip,deflate[\r][\n]"
14:05:32.581 [Test worker] DEBUG org.apache.http.wire --  >> "[\r][\n]"
14:05:32.581 [Test worker] DEBUG org.apache.http.headers -- >> DELETE /BookStore/v1/Books?UserId=738d1183-8343-4077-9835-472109b13013 HTTP/1.1
14:05:32.581 [Test worker] DEBUG org.apache.http.headers -- >> Content-Type: application/json
14:05:32.581 [Test worker] DEBUG org.apache.http.headers -- >> Authorization: Bearer eyJhbGciOiJIUzI1NiIsInR5cCI6IkpXVCJ9.eyJ1c2VyTmFtZSI6ImVsaXNzYS5oZXJtaXN0b24iLCJwYXNzd29yZCI6IjEyM1JvbjMyMSYiLCJpYXQiOjE3MDI0NzI3MzF9.MXljWRCI37LkG0qg2FMp_3trWGn7opNqs1944Vz5iWk
14:05:32.581 [Test worker] DEBUG org.apache.http.headers -- >> Accept: */*
14:05:32.581 [Test worker] DEBUG org.apache.http.headers -- >> Host: demoqa.com
14:05:32.581 [Test worker] DEBUG org.apache.http.headers -- >> Connection: Keep-Alive
14:05:32.581 [Test worker] DEBUG org.apache.http.headers -- >> User-Agent: Apache-HttpClient/4.5.13 (Java/11.0.20)
14:05:32.581 [Test worker] DEBUG org.apache.http.headers -- >> Accept-Encoding: gzip,deflate
14:05:32.581 [Finalizer] DEBUG org.apache.http.impl.conn.DefaultClientConnection -- Connection 0.0.0.0:53237<->176.58.101.124:443 closed
14:05:32.582 [Finalizer] DEBUG org.apache.http.impl.conn.DefaultClientConnection -- Connection 0.0.0.0:53238<->176.58.101.124:443 closed
14:05:32.762 [Test worker] DEBUG org.apache.http.wire --  << "HTTP/1.1 204 No Content[\r][\n]"
14:05:32.762 [Test worker] DEBUG org.apache.http.wire --  << "Server: nginx/1.17.10 (Ubuntu)[\r][\n]"
14:05:32.762 [Test worker] DEBUG org.apache.http.wire --  << "Date: Wed, 13 Dec 2023 13:05:34 GMT[\r][\n]"
14:05:32.762 [Test worker] DEBUG org.apache.http.wire --  << "Connection: keep-alive[\r][\n]"
14:05:32.762 [Test worker] DEBUG org.apache.http.wire --  << "X-Powered-By: Express[\r][\n]"
14:05:32.762 [Test worker] DEBUG org.apache.http.wire --  << "ETag: W/"60-fo1BmirJUHT6a1za44qlnfq6mhA"[\r][\n]"
14:05:32.762 [Test worker] DEBUG org.apache.http.wire --  << "[\r][\n]"
14:05:32.763 [Test worker] DEBUG org.apache.http.impl.conn.DefaultClientConnection -- Receiving response: HTTP/1.1 204 No Content
14:05:32.763 [Test worker] DEBUG org.apache.http.headers -- << HTTP/1.1 204 No Content
14:05:32.763 [Test worker] DEBUG org.apache.http.headers -- << Server: nginx/1.17.10 (Ubuntu)
14:05:32.763 [Test worker] DEBUG org.apache.http.headers -- << Date: Wed, 13 Dec 2023 13:05:34 GMT
14:05:32.763 [Test worker] DEBUG org.apache.http.headers -- << Connection: keep-alive
14:05:32.763 [Test worker] DEBUG org.apache.http.headers -- << X-Powered-By: Express
14:05:32.763 [Test worker] DEBUG org.apache.http.headers -- << ETag: W/"60-fo1BmirJUHT6a1za44qlnfq6mhA"
14:05:32.763 [Test worker] DEBUG org.apache.http.impl.client.DefaultHttpClient -- Connection can be kept alive indefinitely
14:05:32.763 [Test worker] DEBUG org.apache.http.impl.conn.BasicClientConnectionManager -- Releasing connection org.apache.http.impl.conn.ManagedClientConnectionImpl@df9940b
14:05:32.763 [Test worker] DEBUG org.apache.http.impl.conn.BasicClientConnectionManager -- Connection can be kept alive indefinitely
HTTP/1.1 204 No Content
Server: nginx/1.17.10 (Ubuntu)
Date: Wed, 13 Dec 2023 13:05:34 GMT
Connection: keep-alive
X-Powered-By: Express
ETag: W/"60-fo1BmirJUHT6a1za44qlnfq6mhA"
Request method:	POST
Request URI:	https://demoqa.com/Account/v1/User
Proxy:			<none>
Request params:	<none>
Query params:	<none>
Form params:	<none>
Path params:	<none>
Headers:		Accept=*/*
				Content-Type=application/json
Cookies:		<none>
Multiparts:		<none>
Body:
{
    "userName": "eliseo.gerhold",
    "password": "123Ron321&"
}
14:05:32.825 [Test worker] DEBUG org.apache.http.impl.conn.BasicClientConnectionManager -- Get connection for route {s}->https://demoqa.com:443
14:05:32.825 [Test worker] DEBUG org.apache.http.impl.conn.DefaultClientConnectionOperator -- Connecting to demoqa.com:443
14:05:32.958 [Test worker] DEBUG org.apache.http.client.protocol.RequestAddCookies -- CookieSpec selected: ignoreCookies
14:05:32.958 [Test worker] DEBUG org.apache.http.client.protocol.RequestAuthCache -- Auth cache not set in the context
14:05:32.958 [Test worker] DEBUG org.apache.http.client.protocol.RequestTargetAuthentication -- Target auth state: UNCHALLENGED
14:05:32.958 [Test worker] DEBUG org.apache.http.client.protocol.RequestProxyAuthentication -- Proxy auth state: UNCHALLENGED
14:05:32.958 [Test worker] DEBUG org.apache.http.impl.client.DefaultHttpClient -- Attempt 1 to execute request
14:05:32.958 [Test worker] DEBUG org.apache.http.impl.conn.DefaultClientConnection -- Sending request: POST /Account/v1/User HTTP/1.1
14:05:32.958 [Test worker] DEBUG org.apache.http.wire --  >> "POST /Account/v1/User HTTP/1.1[\r][\n]"
14:05:32.958 [Test worker] DEBUG org.apache.http.wire --  >> "Accept: */*[\r][\n]"
14:05:32.958 [Test worker] DEBUG org.apache.http.wire --  >> "Content-Type: application/json[\r][\n]"
14:05:32.958 [Test worker] DEBUG org.apache.http.wire --  >> "Content-Length: 53[\r][\n]"
14:05:32.958 [Test worker] DEBUG org.apache.http.wire --  >> "Host: demoqa.com[\r][\n]"
14:05:32.958 [Test worker] DEBUG org.apache.http.wire --  >> "Connection: Keep-Alive[\r][\n]"
14:05:32.958 [Test worker] DEBUG org.apache.http.wire --  >> "User-Agent: Apache-HttpClient/4.5.13 (Java/11.0.20)[\r][\n]"
14:05:32.958 [Test worker] DEBUG org.apache.http.wire --  >> "Accept-Encoding: gzip,deflate[\r][\n]"
14:05:32.958 [Test worker] DEBUG org.apache.http.wire --  >> "[\r][\n]"
14:05:32.958 [Test worker] DEBUG org.apache.http.headers -- >> POST /Account/v1/User HTTP/1.1
14:05:32.958 [Test worker] DEBUG org.apache.http.headers -- >> Accept: */*
14:05:32.958 [Test worker] DEBUG org.apache.http.headers -- >> Content-Type: application/json
14:05:32.958 [Test worker] DEBUG org.apache.http.headers -- >> Content-Length: 53
14:05:32.958 [Test worker] DEBUG org.apache.http.headers -- >> Host: demoqa.com
14:05:32.958 [Test worker] DEBUG org.apache.http.headers -- >> Connection: Keep-Alive
14:05:32.958 [Test worker] DEBUG org.apache.http.headers -- >> User-Agent: Apache-HttpClient/4.5.13 (Java/11.0.20)
14:05:32.958 [Test worker] DEBUG org.apache.http.headers -- >> Accept-Encoding: gzip,deflate
14:05:32.958 [Test worker] DEBUG org.apache.http.wire --  >> "{"userName":"eliseo.gerhold","password":"123Ron321&"}"
14:05:33.160 [Test worker] DEBUG org.apache.http.wire --  << "HTTP/1.1 201 Created[\r][\n]"
14:05:33.160 [Test worker] DEBUG org.apache.http.wire --  << "Server: nginx/1.17.10 (Ubuntu)[\r][\n]"
14:05:33.160 [Test worker] DEBUG org.apache.http.wire --  << "Date: Wed, 13 Dec 2023 13:05:34 GMT[\r][\n]"
14:05:33.160 [Test worker] DEBUG org.apache.http.wire --  << "Content-Type: application/json; charset=utf-8[\r][\n]"
14:05:33.160 [Test worker] DEBUG org.apache.http.wire --  << "Content-Length: 88[\r][\n]"
14:05:33.160 [Test worker] DEBUG org.apache.http.wire --  << "Connection: keep-alive[\r][\n]"
14:05:33.160 [Test worker] DEBUG org.apache.http.wire --  << "X-Powered-By: Express[\r][\n]"
14:05:33.160 [Test worker] DEBUG org.apache.http.wire --  << "ETag: W/"58-NEpR9WtL+xMRahYv30xcUqdlIXc"[\r][\n]"
14:05:33.160 [Test worker] DEBUG org.apache.http.wire --  << "[\r][\n]"
14:05:33.160 [Test worker] DEBUG org.apache.http.impl.conn.DefaultClientConnection -- Receiving response: HTTP/1.1 201 Created
14:05:33.160 [Test worker] DEBUG org.apache.http.headers -- << HTTP/1.1 201 Created
14:05:33.160 [Test worker] DEBUG org.apache.http.headers -- << Server: nginx/1.17.10 (Ubuntu)
14:05:33.160 [Test worker] DEBUG org.apache.http.headers -- << Date: Wed, 13 Dec 2023 13:05:34 GMT
14:05:33.160 [Test worker] DEBUG org.apache.http.headers -- << Content-Type: application/json; charset=utf-8
14:05:33.160 [Test worker] DEBUG org.apache.http.headers -- << Content-Length: 88
14:05:33.160 [Test worker] DEBUG org.apache.http.headers -- << Connection: keep-alive
14:05:33.160 [Test worker] DEBUG org.apache.http.headers -- << X-Powered-By: Express
14:05:33.160 [Test worker] DEBUG org.apache.http.headers -- << ETag: W/"58-NEpR9WtL+xMRahYv30xcUqdlIXc"
14:05:33.160 [Test worker] DEBUG org.apache.http.impl.client.DefaultHttpClient -- Connection can be kept alive indefinitely
14:05:33.160 [Test worker] DEBUG io.restassured.internal.RestAssuredHttpBuilder -- Parsing response as: application/json; charset=utf-8
14:05:33.160 [Test worker] DEBUG io.restassured.internal.RestAssuredHttpBuilder -- Parsed data to instance of: class org.apache.http.conn.EofSensorInputStream
14:05:33.161 [Test worker] DEBUG org.apache.http.wire --  << "{"userID":"c1ea6a44-cd49-4b4f-a426-e35283c6d17e","username":"eliseo.gerhold","books":[]}"
14:05:33.161 [Test worker] DEBUG org.apache.http.impl.conn.BasicClientConnectionManager -- Releasing connection org.apache.http.impl.conn.ManagedClientConnectionImpl@497cff3b
14:05:33.161 [Test worker] DEBUG org.apache.http.impl.conn.BasicClientConnectionManager -- Connection can be kept alive indefinitely
HTTP/1.1 201 Created
Server: nginx/1.17.10 (Ubuntu)
Date: Wed, 13 Dec 2023 13:05:34 GMT
Content-Type: application/json; charset=utf-8
Content-Length: 88
Connection: keep-alive
X-Powered-By: Express
ETag: W/"58-NEpR9WtL+xMRahYv30xcUqdlIXc"

{
    "userID": "c1ea6a44-cd49-4b4f-a426-e35283c6d17e",
    "username": "eliseo.gerhold",
    "books": [
        
    ]
}
14:05:33.177 [Finalizer] DEBUG org.apache.http.impl.conn.DefaultClientConnection -- Connection 0.0.0.0:53241<->176.58.101.124:443 closed
Request method:	DELETE
Request URI:	https://demoqa.com/BookStore/v1/Books?UserId=c1ea6a44-cd49-4b4f-a426-e35283c6d17e
Proxy:			<none>
Request params:	<none>
Query params:	UserId=c1ea6a44-cd49-4b4f-a426-e35283c6d17e
Form params:	<none>
Path params:	<none>
Headers:		Accept=*/*
				Content-Type=application/json
Cookies:		<none>
Multiparts:		<none>
Body:			<none>
14:05:33.187 [Test worker] DEBUG org.apache.http.impl.conn.BasicClientConnectionManager -- Get connection for route {s}->https://demoqa.com:443
14:05:33.188 [Test worker] DEBUG org.apache.http.impl.conn.DefaultClientConnectionOperator -- Connecting to demoqa.com:443
14:05:34.270 [Test worker] DEBUG org.apache.http.client.protocol.RequestAddCookies -- CookieSpec selected: ignoreCookies
14:05:34.270 [Test worker] DEBUG org.apache.http.client.protocol.RequestAuthCache -- Auth cache not set in the context
14:05:34.270 [Test worker] DEBUG org.apache.http.client.protocol.RequestTargetAuthentication -- Target auth state: UNCHALLENGED
14:05:34.270 [Test worker] DEBUG org.apache.http.client.protocol.RequestProxyAuthentication -- Proxy auth state: UNCHALLENGED
14:05:34.270 [Test worker] DEBUG org.apache.http.impl.client.DefaultHttpClient -- Attempt 1 to execute request
14:05:34.270 [Test worker] DEBUG org.apache.http.impl.conn.DefaultClientConnection -- Sending request: DELETE /BookStore/v1/Books?UserId=c1ea6a44-cd49-4b4f-a426-e35283c6d17e HTTP/1.1
14:05:34.270 [Test worker] DEBUG org.apache.http.wire --  >> "DELETE /BookStore/v1/Books?UserId=c1ea6a44-cd49-4b4f-a426-e35283c6d17e HTTP/1.1[\r][\n]"
14:05:34.270 [Test worker] DEBUG org.apache.http.wire --  >> "Content-Type: application/json[\r][\n]"
14:05:34.270 [Test worker] DEBUG org.apache.http.wire --  >> "Accept: */*[\r][\n]"
14:05:34.270 [Test worker] DEBUG org.apache.http.wire --  >> "Host: demoqa.com[\r][\n]"
14:05:34.270 [Test worker] DEBUG org.apache.http.wire --  >> "Connection: Keep-Alive[\r][\n]"
14:05:34.270 [Test worker] DEBUG org.apache.http.wire --  >> "User-Agent: Apache-HttpClient/4.5.13 (Java/11.0.20)[\r][\n]"
14:05:34.270 [Test worker] DEBUG org.apache.http.wire --  >> "Accept-Encoding: gzip,deflate[\r][\n]"
14:05:34.270 [Test worker] DEBUG org.apache.http.wire --  >> "[\r][\n]"
14:05:34.270 [Test worker] DEBUG org.apache.http.headers -- >> DELETE /BookStore/v1/Books?UserId=c1ea6a44-cd49-4b4f-a426-e35283c6d17e HTTP/1.1
14:05:34.270 [Test worker] DEBUG org.apache.http.headers -- >> Content-Type: application/json
14:05:34.270 [Test worker] DEBUG org.apache.http.headers -- >> Accept: */*
14:05:34.270 [Test worker] DEBUG org.apache.http.headers -- >> Host: demoqa.com
14:05:34.270 [Test worker] DEBUG org.apache.http.headers -- >> Connection: Keep-Alive
14:05:34.270 [Test worker] DEBUG org.apache.http.headers -- >> User-Agent: Apache-HttpClient/4.5.13 (Java/11.0.20)
14:05:34.270 [Test worker] DEBUG org.apache.http.headers -- >> Accept-Encoding: gzip,deflate
14:05:34.298 [Test worker] DEBUG org.apache.http.wire --  << "HTTP/1.1 401 Unauthorized[\r][\n]"
14:05:34.299 [Test worker] DEBUG org.apache.http.wire --  << "Server: nginx/1.17.10 (Ubuntu)[\r][\n]"
14:05:34.299 [Test worker] DEBUG org.apache.http.wire --  << "Date: Wed, 13 Dec 2023 13:05:35 GMT[\r][\n]"
14:05:34.299 [Test worker] DEBUG org.apache.http.wire --  << "Content-Type: application/json; charset=utf-8[\r][\n]"
14:05:34.299 [Test worker] DEBUG org.apache.http.wire --  << "Content-Length: 48[\r][\n]"
14:05:34.299 [Test worker] DEBUG org.apache.http.wire --  << "Connection: keep-alive[\r][\n]"
14:05:34.299 [Test worker] DEBUG org.apache.http.wire --  << "X-Powered-By: Express[\r][\n]"
14:05:34.299 [Test worker] DEBUG org.apache.http.wire --  << "ETag: W/"30-V67npMN18Zy3bnk1xW2xtLGgx8c"[\r][\n]"
14:05:34.299 [Test worker] DEBUG org.apache.http.wire --  << "[\r][\n]"
14:05:34.299 [Test worker] DEBUG org.apache.http.impl.conn.DefaultClientConnection -- Receiving response: HTTP/1.1 401 Unauthorized
14:05:34.299 [Test worker] DEBUG org.apache.http.headers -- << HTTP/1.1 401 Unauthorized
14:05:34.299 [Test worker] DEBUG org.apache.http.headers -- << Server: nginx/1.17.10 (Ubuntu)
14:05:34.299 [Test worker] DEBUG org.apache.http.headers -- << Date: Wed, 13 Dec 2023 13:05:35 GMT
14:05:34.299 [Test worker] DEBUG org.apache.http.headers -- << Content-Type: application/json; charset=utf-8
14:05:34.299 [Test worker] DEBUG org.apache.http.headers -- << Content-Length: 48
14:05:34.299 [Test worker] DEBUG org.apache.http.headers -- << Connection: keep-alive
14:05:34.299 [Test worker] DEBUG org.apache.http.headers -- << X-Powered-By: Express
14:05:34.299 [Test worker] DEBUG org.apache.http.headers -- << ETag: W/"30-V67npMN18Zy3bnk1xW2xtLGgx8c"
14:05:34.299 [Test worker] DEBUG org.apache.http.impl.client.DefaultHttpClient -- Connection can be kept alive indefinitely
14:05:34.299 [Test worker] DEBUG org.apache.http.impl.client.DefaultHttpClient -- Authentication required
14:05:34.299 [Test worker] DEBUG org.apache.http.impl.client.DefaultHttpClient -- demoqa.com:443 requested authentication
14:05:34.299 [Test worker] DEBUG org.apache.http.impl.client.DefaultHttpClient -- Response contains no authentication challenges
14:05:34.299 [Test worker] DEBUG io.restassured.internal.RestAssuredHttpBuilder -- Parsing response as: application/json; charset=utf-8
14:05:34.299 [Test worker] DEBUG io.restassured.internal.RestAssuredHttpBuilder -- Parsed data to instance of: class org.apache.http.conn.EofSensorInputStream
14:05:34.299 [Test worker] DEBUG org.apache.http.wire --  << "{"code":"1200","message":"User not authorized!"}"
14:05:34.299 [Test worker] DEBUG org.apache.http.impl.conn.BasicClientConnectionManager -- Releasing connection org.apache.http.impl.conn.ManagedClientConnectionImpl@64209d58
14:05:34.299 [Test worker] DEBUG org.apache.http.impl.conn.BasicClientConnectionManager -- Connection can be kept alive indefinitely
HTTP/1.1 401 Unauthorized
Server: nginx/1.17.10 (Ubuntu)
Date: Wed, 13 Dec 2023 13:05:35 GMT
Content-Type: application/json; charset=utf-8
Content-Length: 48
Connection: keep-alive
X-Powered-By: Express
ETag: W/"30-V67npMN18Zy3bnk1xW2xtLGgx8c"

{
    "code": "1200",
    "message": "User not authorized!"
}
]]></system-out>
  <system-err><![CDATA[]]></system-err>
</testsuite>
