<?xml version="1.0" encoding="UTF-8"?>
<testsuite name="tests.AddListOfBooksTest" tests="5" skipped="0" failures="1" errors="0" timestamp="2023-12-13T13:04:18" hostname="DESKTOP-TFD6REL" time="35.299">
  <properties/>
  <testcase name="AddEmptyListOfBooks" classname="tests.AddListOfBooksTest" time="13.434"/>
  <testcase name="AddListOfBooksWithInvalidUserId" classname="tests.AddListOfBooksTest" time="4.957">
    <failure message="java.lang.AssertionError: 1 expectation failed.&#10;Expected status code &lt;400&gt; but was &lt;401&gt;.&#10;" type="java.lang.AssertionError">java.lang.AssertionError: 1 expectation failed.
Expected status code &lt;400&gt; but was &lt;401&gt;.

	at java.base/jdk.internal.reflect.NativeConstructorAccessorImpl.newInstance0(Native Method)
	at java.base/jdk.internal.reflect.NativeConstructorAccessorImpl.newInstance(NativeConstructorAccessorImpl.java:62)
	at java.base/jdk.internal.reflect.DelegatingConstructorAccessorImpl.newInstance(DelegatingConstructorAccessorImpl.java:45)
	at java.base/java.lang.reflect.Constructor.newInstance(Constructor.java:490)
	at org.codehaus.groovy.reflection.CachedConstructor.invoke(CachedConstructor.java:73)
	at org.codehaus.groovy.reflection.CachedConstructor.doConstructorInvoke(CachedConstructor.java:60)
	at org.codehaus.groovy.runtime.callsite.ConstructorSite$ConstructorSiteNoUnwrap.callConstructor(ConstructorSite.java:86)
	at org.codehaus.groovy.runtime.callsite.CallSiteArray.defaultCallConstructor(CallSiteArray.java:57)
	at org.codehaus.groovy.runtime.callsite.AbstractCallSite.callConstructor(AbstractCallSite.java:263)
	at org.codehaus.groovy.runtime.callsite.AbstractCallSite.callConstructor(AbstractCallSite.java:277)
	at io.restassured.internal.ResponseSpecificationImpl$HamcrestAssertionClosure.validate(ResponseSpecificationImpl.groovy:512)
	at io.restassured.internal.ResponseSpecificationImpl$HamcrestAssertionClosure$validate$1.call(Unknown Source)
	at io.restassured.internal.ResponseSpecificationImpl.validateResponseIfRequired(ResponseSpecificationImpl.groovy:696)
	at io.restassured.internal.ResponseSpecificationImpl.this$2$validateResponseIfRequired(ResponseSpecificationImpl.groovy)
	at java.base/jdk.internal.reflect.NativeMethodAccessorImpl.invoke0(Native Method)
	at java.base/jdk.internal.reflect.NativeMethodAccessorImpl.invoke(NativeMethodAccessorImpl.java:62)
	at java.base/jdk.internal.reflect.DelegatingMethodAccessorImpl.invoke(DelegatingMethodAccessorImpl.java:43)
	at java.base/java.lang.reflect.Method.invoke(Method.java:566)
	at org.codehaus.groovy.runtime.callsite.PlainObjectMetaMethodSite.doInvoke(PlainObjectMetaMethodSite.java:43)
	at org.codehaus.groovy.runtime.callsite.PogoMetaMethodSite$PogoCachedMethodSiteNoUnwrapNoCoerce.invoke(PogoMetaMethodSite.java:198)
	at org.codehaus.groovy.runtime.callsite.PogoMetaMethodSite.callCurrent(PogoMetaMethodSite.java:62)
	at org.codehaus.groovy.runtime.callsite.AbstractCallSite.callCurrent(AbstractCallSite.java:185)
	at io.restassured.internal.ResponseSpecificationImpl.statusCode(ResponseSpecificationImpl.groovy:135)
	at io.restassured.specification.ResponseSpecification$statusCode$0.callCurrent(Unknown Source)
	at io.restassured.internal.ResponseSpecificationImpl.statusCode(ResponseSpecificationImpl.groovy:143)
	at io.restassured.internal.ValidatableResponseOptionsImpl.statusCode(ValidatableResponseOptionsImpl.java:89)
	at tests.helpers.ApiBase.postRequest(ApiBase.java:80)
	at tests.AddListOfBooksTest.AddListOfBooksWithInvalidUserId(AddListOfBooksTest.java:138)
	at java.base/jdk.internal.reflect.NativeMethodAccessorImpl.invoke0(Native Method)
	at java.base/jdk.internal.reflect.NativeMethodAccessorImpl.invoke(NativeMethodAccessorImpl.java:62)
	at java.base/jdk.internal.reflect.DelegatingMethodAccessorImpl.invoke(DelegatingMethodAccessorImpl.java:43)
	at java.base/java.lang.reflect.Method.invoke(Method.java:566)
	at org.testng.internal.invokers.MethodInvocationHelper.invokeMethod(MethodInvocationHelper.java:139)
	at org.testng.internal.invokers.TestInvoker.invokeMethod(TestInvoker.java:664)
	at org.testng.internal.invokers.TestInvoker.invokeTestMethod(TestInvoker.java:227)
	at org.testng.internal.invokers.MethodRunner.runInSequence(MethodRunner.java:50)
	at org.testng.internal.invokers.TestInvoker$MethodInvocationAgent.invoke(TestInvoker.java:957)
	at org.testng.internal.invokers.TestInvoker.invokeTestMethods(TestInvoker.java:200)
	at org.testng.internal.invokers.TestMethodWorker.invokeTestMethods(TestMethodWorker.java:148)
	at org.testng.internal.invokers.TestMethodWorker.run(TestMethodWorker.java:128)
	at java.base/java.util.ArrayList.forEach(ArrayList.java:1541)
	at org.testng.TestRunner.privateRun(TestRunner.java:848)
	at org.testng.TestRunner.run(TestRunner.java:621)
	at org.testng.SuiteRunner.runTest(SuiteRunner.java:443)
	at org.testng.SuiteRunner.runSequentially(SuiteRunner.java:437)
	at org.testng.SuiteRunner.privateRun(SuiteRunner.java:397)
	at org.testng.SuiteRunner.run(SuiteRunner.java:336)
	at org.testng.SuiteRunnerWorker.runSuite(SuiteRunnerWorker.java:52)
	at org.testng.SuiteRunnerWorker.run(SuiteRunnerWorker.java:95)
	at org.testng.TestNG.runSuitesSequentially(TestNG.java:1280)
	at org.testng.TestNG.runSuitesLocally(TestNG.java:1200)
	at org.testng.TestNG.runSuites(TestNG.java:1114)
	at org.testng.TestNG.run(TestNG.java:1082)
	at org.gradle.api.internal.tasks.testing.testng.TestNGTestClassProcessor.runTests(TestNGTestClassProcessor.java:146)
	at org.gradle.api.internal.tasks.testing.testng.TestNGTestClassProcessor.stop(TestNGTestClassProcessor.java:91)
	at org.gradle.api.internal.tasks.testing.SuiteTestClassProcessor.stop(SuiteTestClassProcessor.java:61)
	at java.base/jdk.internal.reflect.NativeMethodAccessorImpl.invoke0(Native Method)
	at java.base/jdk.internal.reflect.NativeMethodAccessorImpl.invoke(NativeMethodAccessorImpl.java:62)
	at java.base/jdk.internal.reflect.DelegatingMethodAccessorImpl.invoke(DelegatingMethodAccessorImpl.java:43)
	at java.base/java.lang.reflect.Method.invoke(Method.java:566)
	at org.gradle.internal.dispatch.ReflectionDispatch.dispatch(ReflectionDispatch.java:36)
	at org.gradle.internal.dispatch.ReflectionDispatch.dispatch(ReflectionDispatch.java:24)
	at org.gradle.internal.dispatch.ContextClassLoaderDispatch.dispatch(ContextClassLoaderDispatch.java:33)
	at org.gradle.internal.dispatch.ProxyDispatchAdapter$DispatchingInvocationHandler.invoke(ProxyDispatchAdapter.java:94)
	at com.sun.proxy.$Proxy2.stop(Unknown Source)
	at org.gradle.api.internal.tasks.testing.worker.TestWorker$3.run(TestWorker.java:193)
	at org.gradle.api.internal.tasks.testing.worker.TestWorker.executeAndMaintainThreadName(TestWorker.java:129)
	at org.gradle.api.internal.tasks.testing.worker.TestWorker.execute(TestWorker.java:100)
	at org.gradle.api.internal.tasks.testing.worker.TestWorker.execute(TestWorker.java:60)
	at org.gradle.process.internal.worker.child.ActionExecutionWorker.execute(ActionExecutionWorker.java:56)
	at org.gradle.process.internal.worker.child.SystemApplicationClassLoaderWorker.call(SystemApplicationClassLoaderWorker.java:133)
	at org.gradle.process.internal.worker.child.SystemApplicationClassLoaderWorker.call(SystemApplicationClassLoaderWorker.java:71)
	at worker.org.gradle.process.internal.worker.GradleWorkerMain.run(GradleWorkerMain.java:69)
	at worker.org.gradle.process.internal.worker.GradleWorkerMain.main(GradleWorkerMain.java:74)
</failure>
  </testcase>
  <testcase name="AddListOfBooksWithoutToken" classname="tests.AddListOfBooksTest" time="5.203"/>
  <testcase name="addOneBook" classname="tests.AddListOfBooksTest" time="7.155"/>
  <testcase name="successfulAddListOfBooks" classname="tests.AddListOfBooksTest" time="4.494"/>
  <system-out><![CDATA[Request method:	POST
Request URI:	https://demoqa.com/Account/v1/User
Proxy:			<none>
Request params:	<none>
Query params:	<none>
Form params:	<none>
Path params:	<none>
Headers:		Accept=*/*
				Content-Type=application/json
Cookies:		<none>
Multiparts:		<none>
Body:
{
    "userName": "asha.reinger",
    "password": "123Ron321&"
}
14:04:23.966 [Test worker] DEBUG org.apache.http.impl.conn.BasicClientConnectionManager -- Get connection for route {s}->https://demoqa.com:443
14:04:24.007 [Test worker] DEBUG org.apache.http.impl.conn.DefaultClientConnectionOperator -- Connecting to demoqa.com:443
14:04:24.561 [Test worker] DEBUG org.apache.http.client.protocol.RequestAddCookies -- CookieSpec selected: ignoreCookies
14:04:24.564 [Test worker] DEBUG org.apache.http.client.protocol.RequestAuthCache -- Auth cache not set in the context
14:04:24.565 [Test worker] DEBUG org.apache.http.client.protocol.RequestTargetAuthentication -- Target auth state: UNCHALLENGED
14:04:24.567 [Test worker] DEBUG org.apache.http.client.protocol.RequestProxyAuthentication -- Proxy auth state: UNCHALLENGED
14:04:24.568 [Test worker] DEBUG org.apache.http.impl.client.DefaultHttpClient -- Attempt 1 to execute request
14:04:24.568 [Test worker] DEBUG org.apache.http.impl.conn.DefaultClientConnection -- Sending request: POST /Account/v1/User HTTP/1.1
14:04:24.569 [Test worker] DEBUG org.apache.http.wire --  >> "POST /Account/v1/User HTTP/1.1[\r][\n]"
14:04:24.573 [Test worker] DEBUG org.apache.http.wire --  >> "Accept: */*[\r][\n]"
14:04:24.573 [Test worker] DEBUG org.apache.http.wire --  >> "Content-Type: application/json[\r][\n]"
14:04:24.573 [Test worker] DEBUG org.apache.http.wire --  >> "Content-Length: 51[\r][\n]"
14:04:24.573 [Test worker] DEBUG org.apache.http.wire --  >> "Host: demoqa.com[\r][\n]"
14:04:24.573 [Test worker] DEBUG org.apache.http.wire --  >> "Connection: Keep-Alive[\r][\n]"
14:04:24.574 [Test worker] DEBUG org.apache.http.wire --  >> "User-Agent: Apache-HttpClient/4.5.13 (Java/11.0.20)[\r][\n]"
14:04:24.574 [Test worker] DEBUG org.apache.http.wire --  >> "Accept-Encoding: gzip,deflate[\r][\n]"
14:04:24.574 [Test worker] DEBUG org.apache.http.wire --  >> "[\r][\n]"
14:04:24.574 [Test worker] DEBUG org.apache.http.headers -- >> POST /Account/v1/User HTTP/1.1
14:04:24.574 [Test worker] DEBUG org.apache.http.headers -- >> Accept: */*
14:04:24.574 [Test worker] DEBUG org.apache.http.headers -- >> Content-Type: application/json
14:04:24.574 [Test worker] DEBUG org.apache.http.headers -- >> Content-Length: 51
14:04:24.574 [Test worker] DEBUG org.apache.http.headers -- >> Host: demoqa.com
14:04:24.574 [Test worker] DEBUG org.apache.http.headers -- >> Connection: Keep-Alive
14:04:24.574 [Test worker] DEBUG org.apache.http.headers -- >> User-Agent: Apache-HttpClient/4.5.13 (Java/11.0.20)
14:04:24.574 [Test worker] DEBUG org.apache.http.headers -- >> Accept-Encoding: gzip,deflate
14:04:24.575 [Test worker] DEBUG org.apache.http.wire --  >> "{"userName":"asha.reinger","password":"123Ron321&"}"
14:04:24.781 [Test worker] DEBUG org.apache.http.wire --  << "HTTP/1.1 201 Created[\r][\n]"
14:04:24.784 [Test worker] DEBUG org.apache.http.wire --  << "Server: nginx/1.17.10 (Ubuntu)[\r][\n]"
14:04:24.785 [Test worker] DEBUG org.apache.http.wire --  << "Date: Wed, 13 Dec 2023 13:04:26 GMT[\r][\n]"
14:04:24.785 [Test worker] DEBUG org.apache.http.wire --  << "Content-Type: application/json; charset=utf-8[\r][\n]"
14:04:24.785 [Test worker] DEBUG org.apache.http.wire --  << "Content-Length: 86[\r][\n]"
14:04:24.785 [Test worker] DEBUG org.apache.http.wire --  << "Connection: keep-alive[\r][\n]"
14:04:24.785 [Test worker] DEBUG org.apache.http.wire --  << "X-Powered-By: Express[\r][\n]"
14:04:24.785 [Test worker] DEBUG org.apache.http.wire --  << "ETag: W/"56-IAE61Sq02wC1cVP2Xv/i+nXjNXw"[\r][\n]"
14:04:24.787 [Test worker] DEBUG org.apache.http.wire --  << "[\r][\n]"
14:04:24.789 [Test worker] DEBUG org.apache.http.impl.conn.DefaultClientConnection -- Receiving response: HTTP/1.1 201 Created
14:04:24.789 [Test worker] DEBUG org.apache.http.headers -- << HTTP/1.1 201 Created
14:04:24.789 [Test worker] DEBUG org.apache.http.headers -- << Server: nginx/1.17.10 (Ubuntu)
14:04:24.789 [Test worker] DEBUG org.apache.http.headers -- << Date: Wed, 13 Dec 2023 13:04:26 GMT
14:04:24.789 [Test worker] DEBUG org.apache.http.headers -- << Content-Type: application/json; charset=utf-8
14:04:24.789 [Test worker] DEBUG org.apache.http.headers -- << Content-Length: 86
14:04:24.789 [Test worker] DEBUG org.apache.http.headers -- << Connection: keep-alive
14:04:24.790 [Test worker] DEBUG org.apache.http.headers -- << X-Powered-By: Express
14:04:24.790 [Test worker] DEBUG org.apache.http.headers -- << ETag: W/"56-IAE61Sq02wC1cVP2Xv/i+nXjNXw"
14:04:24.801 [Test worker] DEBUG org.apache.http.impl.client.DefaultHttpClient -- Connection can be kept alive indefinitely
14:04:24.816 [Test worker] DEBUG io.restassured.internal.RestAssuredHttpBuilder -- Parsing response as: application/json; charset=utf-8
14:04:24.818 [Test worker] DEBUG io.restassured.internal.RestAssuredHttpBuilder -- Parsed data to instance of: class org.apache.http.conn.EofSensorInputStream
14:04:25.080 [Test worker] DEBUG org.apache.http.wire --  << "{"userID":"c689694d-6612-4de8-a499-403c1e7270da","username":"asha.reinger","books":[]}"
14:04:25.083 [Test worker] DEBUG org.apache.http.impl.conn.BasicClientConnectionManager -- Releasing connection org.apache.http.impl.conn.ManagedClientConnectionImpl@f7a19c4
14:04:25.092 [Test worker] DEBUG org.apache.http.impl.conn.BasicClientConnectionManager -- Connection can be kept alive indefinitely
HTTP/1.1 201 Created
Server: nginx/1.17.10 (Ubuntu)
Date: Wed, 13 Dec 2023 13:04:26 GMT
Content-Type: application/json; charset=utf-8
Content-Length: 86
Connection: keep-alive
X-Powered-By: Express
ETag: W/"56-IAE61Sq02wC1cVP2Xv/i+nXjNXw"

{
    "userID": "c689694d-6612-4de8-a499-403c1e7270da",
    "username": "asha.reinger",
    "books": [
        
    ]
}
14:04:26.222 [Finalizer] DEBUG org.apache.http.impl.conn.DefaultClientConnection -- Connection 0.0.0.0:53158<->176.58.101.124:443 closed
Request method:	POST
Request URI:	https://demoqa.com/Account/v1/GenerateToken
Proxy:			<none>
Request params:	<none>
Query params:	<none>
Form params:	<none>
Path params:	<none>
Headers:		Accept=*/*
				Content-Type=application/json
Cookies:		<none>
Multiparts:		<none>
Body:
{
    "userName": "asha.reinger",
    "password": "123Ron321&"
}
14:04:28.209 [Test worker] DEBUG org.apache.http.impl.conn.BasicClientConnectionManager -- Get connection for route {s}->https://demoqa.com:443
14:04:28.210 [Test worker] DEBUG org.apache.http.impl.conn.DefaultClientConnectionOperator -- Connecting to demoqa.com:443
14:04:28.293 [Test worker] DEBUG org.apache.http.client.protocol.RequestAddCookies -- CookieSpec selected: ignoreCookies
14:04:28.293 [Test worker] DEBUG org.apache.http.client.protocol.RequestAuthCache -- Auth cache not set in the context
14:04:28.293 [Test worker] DEBUG org.apache.http.client.protocol.RequestTargetAuthentication -- Target auth state: UNCHALLENGED
14:04:28.293 [Test worker] DEBUG org.apache.http.client.protocol.RequestProxyAuthentication -- Proxy auth state: UNCHALLENGED
14:04:28.294 [Test worker] DEBUG org.apache.http.impl.client.DefaultHttpClient -- Attempt 1 to execute request
14:04:28.294 [Test worker] DEBUG org.apache.http.impl.conn.DefaultClientConnection -- Sending request: POST /Account/v1/GenerateToken HTTP/1.1
14:04:28.294 [Test worker] DEBUG org.apache.http.wire --  >> "POST /Account/v1/GenerateToken HTTP/1.1[\r][\n]"
14:04:28.294 [Test worker] DEBUG org.apache.http.wire --  >> "Accept: */*[\r][\n]"
14:04:28.294 [Test worker] DEBUG org.apache.http.wire --  >> "Content-Type: application/json[\r][\n]"
14:04:28.294 [Test worker] DEBUG org.apache.http.wire --  >> "Content-Length: 51[\r][\n]"
14:04:28.294 [Test worker] DEBUG org.apache.http.wire --  >> "Host: demoqa.com[\r][\n]"
14:04:28.294 [Test worker] DEBUG org.apache.http.wire --  >> "Connection: Keep-Alive[\r][\n]"
14:04:28.295 [Test worker] DEBUG org.apache.http.wire --  >> "User-Agent: Apache-HttpClient/4.5.13 (Java/11.0.20)[\r][\n]"
14:04:28.295 [Test worker] DEBUG org.apache.http.wire --  >> "Accept-Encoding: gzip,deflate[\r][\n]"
14:04:28.295 [Test worker] DEBUG org.apache.http.wire --  >> "[\r][\n]"
14:04:28.295 [Test worker] DEBUG org.apache.http.headers -- >> POST /Account/v1/GenerateToken HTTP/1.1
14:04:28.295 [Test worker] DEBUG org.apache.http.headers -- >> Accept: */*
14:04:28.296 [Test worker] DEBUG org.apache.http.headers -- >> Content-Type: application/json
14:04:28.296 [Test worker] DEBUG org.apache.http.headers -- >> Content-Length: 51
14:04:28.296 [Test worker] DEBUG org.apache.http.headers -- >> Host: demoqa.com
14:04:28.296 [Test worker] DEBUG org.apache.http.headers -- >> Connection: Keep-Alive
14:04:28.296 [Test worker] DEBUG org.apache.http.headers -- >> User-Agent: Apache-HttpClient/4.5.13 (Java/11.0.20)
14:04:28.296 [Test worker] DEBUG org.apache.http.headers -- >> Accept-Encoding: gzip,deflate
14:04:28.297 [Test worker] DEBUG org.apache.http.wire --  >> "{"userName":"asha.reinger","password":"123Ron321&"}"
14:04:29.359 [Test worker] DEBUG org.apache.http.wire --  << "HTTP/1.1 200 OK[\r][\n]"
14:04:29.359 [Test worker] DEBUG org.apache.http.wire --  << "Server: nginx/1.17.10 (Ubuntu)[\r][\n]"
14:04:29.360 [Test worker] DEBUG org.apache.http.wire --  << "Date: Wed, 13 Dec 2023 13:04:29 GMT[\r][\n]"
14:04:29.360 [Test worker] DEBUG org.apache.http.wire --  << "Content-Type: application/json; charset=utf-8[\r][\n]"
14:04:29.360 [Test worker] DEBUG org.apache.http.wire --  << "Content-Length: 281[\r][\n]"
14:04:29.360 [Test worker] DEBUG org.apache.http.wire --  << "Connection: keep-alive[\r][\n]"
14:04:29.360 [Test worker] DEBUG org.apache.http.wire --  << "X-Powered-By: Express[\r][\n]"
14:04:29.360 [Test worker] DEBUG org.apache.http.wire --  << "ETag: W/"119-5U455oCMfB43tl6WFFYZglFOnRA"[\r][\n]"
14:04:29.360 [Test worker] DEBUG org.apache.http.wire --  << "[\r][\n]"
14:04:29.360 [Test worker] DEBUG org.apache.http.impl.conn.DefaultClientConnection -- Receiving response: HTTP/1.1 200 OK
14:04:29.360 [Test worker] DEBUG org.apache.http.headers -- << HTTP/1.1 200 OK
14:04:29.360 [Test worker] DEBUG org.apache.http.headers -- << Server: nginx/1.17.10 (Ubuntu)
14:04:29.360 [Test worker] DEBUG org.apache.http.headers -- << Date: Wed, 13 Dec 2023 13:04:29 GMT
14:04:29.360 [Test worker] DEBUG org.apache.http.headers -- << Content-Type: application/json; charset=utf-8
14:04:29.360 [Test worker] DEBUG org.apache.http.headers -- << Content-Length: 281
14:04:29.360 [Test worker] DEBUG org.apache.http.headers -- << Connection: keep-alive
14:04:29.360 [Test worker] DEBUG org.apache.http.headers -- << X-Powered-By: Express
14:04:29.360 [Test worker] DEBUG org.apache.http.headers -- << ETag: W/"119-5U455oCMfB43tl6WFFYZglFOnRA"
14:04:29.360 [Test worker] DEBUG org.apache.http.impl.client.DefaultHttpClient -- Connection can be kept alive indefinitely
14:04:29.362 [Test worker] DEBUG io.restassured.internal.RestAssuredHttpBuilder -- Parsing response as: application/json; charset=utf-8
14:04:29.362 [Test worker] DEBUG io.restassured.internal.RestAssuredHttpBuilder -- Parsed data to instance of: class org.apache.http.conn.EofSensorInputStream
14:04:29.363 [Test worker] DEBUG org.apache.http.wire --  << "{"token":"eyJhbGciOiJIUzI1NiIsInR5cCI6IkpXVCJ9.eyJ1c2VyTmFtZSI6ImFzaGEucmVpbmdlciIsInBhc3N3b3JkIjoiMTIzUm9uMzIxJiIsImlhdCI6MTcwMjQ3MjY2OX0.2w4A-R1KwMZS_ElY6_g8IBj-yCT2eGUrUCLb-Xio47I","expires":"2023-12-20T13:04:29.595Z","status":"Success","result":"User authorized successfully."}"
14:04:29.364 [Test worker] DEBUG org.apache.http.impl.conn.BasicClientConnectionManager -- Releasing connection org.apache.http.impl.conn.ManagedClientConnectionImpl@49a6b730
14:04:29.365 [Test worker] DEBUG org.apache.http.impl.conn.BasicClientConnectionManager -- Connection can be kept alive indefinitely
HTTP/1.1 200 OK
Server: nginx/1.17.10 (Ubuntu)
Date: Wed, 13 Dec 2023 13:04:29 GMT
Content-Type: application/json; charset=utf-8
Content-Length: 281
Connection: keep-alive
X-Powered-By: Express
ETag: W/"119-5U455oCMfB43tl6WFFYZglFOnRA"

{
    "token": "eyJhbGciOiJIUzI1NiIsInR5cCI6IkpXVCJ9.eyJ1c2VyTmFtZSI6ImFzaGEucmVpbmdlciIsInBhc3N3b3JkIjoiMTIzUm9uMzIxJiIsImlhdCI6MTcwMjQ3MjY2OX0.2w4A-R1KwMZS_ElY6_g8IBj-yCT2eGUrUCLb-Xio47I",
    "expires": "2023-12-20T13:04:29.595Z",
    "status": "Success",
    "result": "User authorized successfully."
}
Request method:	DELETE
Request URI:	https://demoqa.com/BookStore/v1/Books?UserId=c689694d-6612-4de8-a499-403c1e7270da
Proxy:			<none>
Request params:	<none>
Query params:	UserId=c689694d-6612-4de8-a499-403c1e7270da
Form params:	<none>
Path params:	<none>
Headers:		Authorization=Bearer eyJhbGciOiJIUzI1NiIsInR5cCI6IkpXVCJ9.eyJ1c2VyTmFtZSI6ImFzaGEucmVpbmdlciIsInBhc3N3b3JkIjoiMTIzUm9uMzIxJiIsImlhdCI6MTcwMjQ3MjY2OX0.2w4A-R1KwMZS_ElY6_g8IBj-yCT2eGUrUCLb-Xio47I
				Accept=*/*
				Content-Type=application/json
Cookies:		<none>
Multiparts:		<none>
Body:			<none>
14:04:29.464 [Finalizer] DEBUG org.apache.http.impl.conn.DefaultClientConnection -- Connection 0.0.0.0:53162<->176.58.101.124:443 closed
14:04:29.481 [Test worker] DEBUG org.apache.http.impl.conn.BasicClientConnectionManager -- Get connection for route {s}->https://demoqa.com:443
14:04:29.482 [Test worker] DEBUG org.apache.http.impl.conn.DefaultClientConnectionOperator -- Connecting to demoqa.com:443
14:04:30.567 [Test worker] DEBUG org.apache.http.client.protocol.RequestAddCookies -- CookieSpec selected: ignoreCookies
14:04:30.567 [Test worker] DEBUG org.apache.http.client.protocol.RequestAuthCache -- Auth cache not set in the context
14:04:30.567 [Test worker] DEBUG org.apache.http.client.protocol.RequestProxyAuthentication -- Proxy auth state: UNCHALLENGED
14:04:30.567 [Test worker] DEBUG org.apache.http.impl.client.DefaultHttpClient -- Attempt 1 to execute request
14:04:30.567 [Test worker] DEBUG org.apache.http.impl.conn.DefaultClientConnection -- Sending request: DELETE /BookStore/v1/Books?UserId=c689694d-6612-4de8-a499-403c1e7270da HTTP/1.1
14:04:30.568 [Test worker] DEBUG org.apache.http.wire --  >> "DELETE /BookStore/v1/Books?UserId=c689694d-6612-4de8-a499-403c1e7270da HTTP/1.1[\r][\n]"
14:04:30.568 [Test worker] DEBUG org.apache.http.wire --  >> "Content-Type: application/json[\r][\n]"
14:04:30.568 [Test worker] DEBUG org.apache.http.wire --  >> "Authorization: Bearer eyJhbGciOiJIUzI1NiIsInR5cCI6IkpXVCJ9.eyJ1c2VyTmFtZSI6ImFzaGEucmVpbmdlciIsInBhc3N3b3JkIjoiMTIzUm9uMzIxJiIsImlhdCI6MTcwMjQ3MjY2OX0.2w4A-R1KwMZS_ElY6_g8IBj-yCT2eGUrUCLb-Xio47I[\r][\n]"
14:04:30.568 [Test worker] DEBUG org.apache.http.wire --  >> "Accept: */*[\r][\n]"
14:04:30.568 [Test worker] DEBUG org.apache.http.wire --  >> "Host: demoqa.com[\r][\n]"
14:04:30.568 [Test worker] DEBUG org.apache.http.wire --  >> "Connection: Keep-Alive[\r][\n]"
14:04:30.568 [Test worker] DEBUG org.apache.http.wire --  >> "User-Agent: Apache-HttpClient/4.5.13 (Java/11.0.20)[\r][\n]"
14:04:30.568 [Test worker] DEBUG org.apache.http.wire --  >> "Accept-Encoding: gzip,deflate[\r][\n]"
14:04:30.568 [Test worker] DEBUG org.apache.http.wire --  >> "[\r][\n]"
14:04:30.568 [Test worker] DEBUG org.apache.http.headers -- >> DELETE /BookStore/v1/Books?UserId=c689694d-6612-4de8-a499-403c1e7270da HTTP/1.1
14:04:30.568 [Test worker] DEBUG org.apache.http.headers -- >> Content-Type: application/json
14:04:30.569 [Test worker] DEBUG org.apache.http.headers -- >> Authorization: Bearer eyJhbGciOiJIUzI1NiIsInR5cCI6IkpXVCJ9.eyJ1c2VyTmFtZSI6ImFzaGEucmVpbmdlciIsInBhc3N3b3JkIjoiMTIzUm9uMzIxJiIsImlhdCI6MTcwMjQ3MjY2OX0.2w4A-R1KwMZS_ElY6_g8IBj-yCT2eGUrUCLb-Xio47I
14:04:30.569 [Test worker] DEBUG org.apache.http.headers -- >> Accept: */*
14:04:30.569 [Test worker] DEBUG org.apache.http.headers -- >> Host: demoqa.com
14:04:30.569 [Test worker] DEBUG org.apache.http.headers -- >> Connection: Keep-Alive
14:04:30.569 [Test worker] DEBUG org.apache.http.headers -- >> User-Agent: Apache-HttpClient/4.5.13 (Java/11.0.20)
14:04:30.569 [Test worker] DEBUG org.apache.http.headers -- >> Accept-Encoding: gzip,deflate
14:04:30.922 [Test worker] DEBUG org.apache.http.wire --  << "HTTP/1.1 204 No Content[\r][\n]"
14:04:30.922 [Test worker] DEBUG org.apache.http.wire --  << "Server: nginx/1.17.10 (Ubuntu)[\r][\n]"
14:04:30.922 [Test worker] DEBUG org.apache.http.wire --  << "Date: Wed, 13 Dec 2023 13:04:31 GMT[\r][\n]"
14:04:30.922 [Test worker] DEBUG org.apache.http.wire --  << "Connection: keep-alive[\r][\n]"
14:04:30.922 [Test worker] DEBUG org.apache.http.wire --  << "X-Powered-By: Express[\r][\n]"
14:04:30.922 [Test worker] DEBUG org.apache.http.wire --  << "ETag: W/"44-1mNkCgFWXrysm2bVvAhS6jkBOlQ"[\r][\n]"
14:04:30.922 [Test worker] DEBUG org.apache.http.wire --  << "[\r][\n]"
14:04:30.922 [Test worker] DEBUG org.apache.http.impl.conn.DefaultClientConnection -- Receiving response: HTTP/1.1 204 No Content
14:04:30.922 [Test worker] DEBUG org.apache.http.headers -- << HTTP/1.1 204 No Content
14:04:30.922 [Test worker] DEBUG org.apache.http.headers -- << Server: nginx/1.17.10 (Ubuntu)
14:04:30.922 [Test worker] DEBUG org.apache.http.headers -- << Date: Wed, 13 Dec 2023 13:04:31 GMT
14:04:30.923 [Test worker] DEBUG org.apache.http.headers -- << Connection: keep-alive
14:04:30.923 [Test worker] DEBUG org.apache.http.headers -- << X-Powered-By: Express
14:04:30.923 [Test worker] DEBUG org.apache.http.headers -- << ETag: W/"44-1mNkCgFWXrysm2bVvAhS6jkBOlQ"
14:04:30.923 [Test worker] DEBUG org.apache.http.impl.client.DefaultHttpClient -- Connection can be kept alive indefinitely
14:04:30.923 [Test worker] DEBUG org.apache.http.impl.conn.BasicClientConnectionManager -- Releasing connection org.apache.http.impl.conn.ManagedClientConnectionImpl@2e949007
14:04:30.923 [Test worker] DEBUG org.apache.http.impl.conn.BasicClientConnectionManager -- Connection can be kept alive indefinitely
HTTP/1.1 204 No Content
Server: nginx/1.17.10 (Ubuntu)
Date: Wed, 13 Dec 2023 13:04:31 GMT
Connection: keep-alive
X-Powered-By: Express
ETag: W/"44-1mNkCgFWXrysm2bVvAhS6jkBOlQ"
Request method:	POST
Request URI:	https://demoqa.com/BookStore/v1/Books
Proxy:			<none>
Request params:	<none>
Query params:	<none>
Form params:	<none>
Path params:	<none>
Headers:		Authorization=Bearer eyJhbGciOiJIUzI1NiIsInR5cCI6IkpXVCJ9.eyJ1c2VyTmFtZSI6ImFzaGEucmVpbmdlciIsInBhc3N3b3JkIjoiMTIzUm9uMzIxJiIsImlhdCI6MTcwMjQ3MjY2OX0.2w4A-R1KwMZS_ElY6_g8IBj-yCT2eGUrUCLb-Xio47I
				Accept=*/*
				Content-Type=application/json
Cookies:		<none>
Multiparts:		<none>
Body:
{
    "userId": "c689694d-6612-4de8-a499-403c1e7270da",
    "collectionOfIsbns": [
        
    ]
}
14:04:30.964 [Test worker] DEBUG org.apache.http.impl.conn.BasicClientConnectionManager -- Get connection for route {s}->https://demoqa.com:443
14:04:30.964 [Test worker] DEBUG org.apache.http.impl.conn.DefaultClientConnectionOperator -- Connecting to demoqa.com:443
14:04:31.087 [Test worker] DEBUG org.apache.http.client.protocol.RequestAddCookies -- CookieSpec selected: ignoreCookies
14:04:31.087 [Test worker] DEBUG org.apache.http.client.protocol.RequestAuthCache -- Auth cache not set in the context
14:04:31.087 [Test worker] DEBUG org.apache.http.client.protocol.RequestProxyAuthentication -- Proxy auth state: UNCHALLENGED
14:04:31.087 [Test worker] DEBUG org.apache.http.impl.client.DefaultHttpClient -- Attempt 1 to execute request
14:04:31.087 [Test worker] DEBUG org.apache.http.impl.conn.DefaultClientConnection -- Sending request: POST /BookStore/v1/Books HTTP/1.1
14:04:31.087 [Test worker] DEBUG org.apache.http.wire --  >> "POST /BookStore/v1/Books HTTP/1.1[\r][\n]"
14:04:31.087 [Test worker] DEBUG org.apache.http.wire --  >> "Authorization: Bearer eyJhbGciOiJIUzI1NiIsInR5cCI6IkpXVCJ9.eyJ1c2VyTmFtZSI6ImFzaGEucmVpbmdlciIsInBhc3N3b3JkIjoiMTIzUm9uMzIxJiIsImlhdCI6MTcwMjQ3MjY2OX0.2w4A-R1KwMZS_ElY6_g8IBj-yCT2eGUrUCLb-Xio47I[\r][\n]"
14:04:31.087 [Test worker] DEBUG org.apache.http.wire --  >> "Accept: */*[\r][\n]"
14:04:31.087 [Test worker] DEBUG org.apache.http.wire --  >> "Content-Type: application/json[\r][\n]"
14:04:31.087 [Test worker] DEBUG org.apache.http.wire --  >> "Content-Length: 72[\r][\n]"
14:04:31.087 [Test worker] DEBUG org.apache.http.wire --  >> "Host: demoqa.com[\r][\n]"
14:04:31.088 [Test worker] DEBUG org.apache.http.wire --  >> "Connection: Keep-Alive[\r][\n]"
14:04:31.088 [Test worker] DEBUG org.apache.http.wire --  >> "User-Agent: Apache-HttpClient/4.5.13 (Java/11.0.20)[\r][\n]"
14:04:31.088 [Test worker] DEBUG org.apache.http.wire --  >> "Accept-Encoding: gzip,deflate[\r][\n]"
14:04:31.088 [Test worker] DEBUG org.apache.http.wire --  >> "[\r][\n]"
14:04:31.088 [Test worker] DEBUG org.apache.http.headers -- >> POST /BookStore/v1/Books HTTP/1.1
14:04:31.088 [Test worker] DEBUG org.apache.http.headers -- >> Authorization: Bearer eyJhbGciOiJIUzI1NiIsInR5cCI6IkpXVCJ9.eyJ1c2VyTmFtZSI6ImFzaGEucmVpbmdlciIsInBhc3N3b3JkIjoiMTIzUm9uMzIxJiIsImlhdCI6MTcwMjQ3MjY2OX0.2w4A-R1KwMZS_ElY6_g8IBj-yCT2eGUrUCLb-Xio47I
14:04:31.088 [Test worker] DEBUG org.apache.http.headers -- >> Accept: */*
14:04:31.088 [Test worker] DEBUG org.apache.http.headers -- >> Content-Type: application/json
14:04:31.088 [Test worker] DEBUG org.apache.http.headers -- >> Content-Length: 72
14:04:31.088 [Test worker] DEBUG org.apache.http.headers -- >> Host: demoqa.com
14:04:31.088 [Test worker] DEBUG org.apache.http.headers -- >> Connection: Keep-Alive
14:04:31.088 [Test worker] DEBUG org.apache.http.headers -- >> User-Agent: Apache-HttpClient/4.5.13 (Java/11.0.20)
14:04:31.088 [Test worker] DEBUG org.apache.http.headers -- >> Accept-Encoding: gzip,deflate
14:04:31.088 [Test worker] DEBUG org.apache.http.wire --  >> "{"userId":"c689694d-6612-4de8-a499-403c1e7270da","collectionOfIsbns":[]}"
14:04:31.449 [Test worker] DEBUG org.apache.http.wire --  << "HTTP/1.1 400 Bad Request[\r][\n]"
14:04:31.449 [Test worker] DEBUG org.apache.http.wire --  << "Server: nginx/1.17.10 (Ubuntu)[\r][\n]"
14:04:31.449 [Test worker] DEBUG org.apache.http.wire --  << "Date: Wed, 13 Dec 2023 13:04:32 GMT[\r][\n]"
14:04:31.449 [Test worker] DEBUG org.apache.http.wire --  << "Content-Type: application/json; charset=utf-8[\r][\n]"
14:04:31.449 [Test worker] DEBUG org.apache.http.wire --  << "Content-Length: 57[\r][\n]"
14:04:31.449 [Test worker] DEBUG org.apache.http.wire --  << "Connection: keep-alive[\r][\n]"
14:04:31.449 [Test worker] DEBUG org.apache.http.wire --  << "X-Powered-By: Express[\r][\n]"
14:04:31.450 [Test worker] DEBUG org.apache.http.wire --  << "ETag: W/"39-gVIbSo3amubi2v5tYEfDRxHDrwM"[\r][\n]"
14:04:31.450 [Test worker] DEBUG org.apache.http.wire --  << "[\r][\n]"
14:04:31.450 [Test worker] DEBUG org.apache.http.impl.conn.DefaultClientConnection -- Receiving response: HTTP/1.1 400 Bad Request
14:04:31.450 [Test worker] DEBUG org.apache.http.headers -- << HTTP/1.1 400 Bad Request
14:04:31.450 [Test worker] DEBUG org.apache.http.headers -- << Server: nginx/1.17.10 (Ubuntu)
14:04:31.450 [Test worker] DEBUG org.apache.http.headers -- << Date: Wed, 13 Dec 2023 13:04:32 GMT
14:04:31.450 [Test worker] DEBUG org.apache.http.headers -- << Content-Type: application/json; charset=utf-8
14:04:31.450 [Test worker] DEBUG org.apache.http.headers -- << Content-Length: 57
14:04:31.450 [Test worker] DEBUG org.apache.http.headers -- << Connection: keep-alive
14:04:31.450 [Test worker] DEBUG org.apache.http.headers -- << X-Powered-By: Express
14:04:31.450 [Test worker] DEBUG org.apache.http.headers -- << ETag: W/"39-gVIbSo3amubi2v5tYEfDRxHDrwM"
14:04:31.450 [Test worker] DEBUG org.apache.http.impl.client.DefaultHttpClient -- Connection can be kept alive indefinitely
14:04:31.450 [Test worker] DEBUG io.restassured.internal.RestAssuredHttpBuilder -- Parsing response as: application/json; charset=utf-8
14:04:31.450 [Test worker] DEBUG io.restassured.internal.RestAssuredHttpBuilder -- Parsed data to instance of: class org.apache.http.conn.EofSensorInputStream
14:04:31.452 [Test worker] DEBUG org.apache.http.wire --  << "{"code":"1207","message":"Collection of books required."}"
14:04:31.453 [Test worker] DEBUG org.apache.http.impl.conn.BasicClientConnectionManager -- Releasing connection org.apache.http.impl.conn.ManagedClientConnectionImpl@793c2cde
14:04:31.453 [Test worker] DEBUG org.apache.http.impl.conn.BasicClientConnectionManager -- Connection can be kept alive indefinitely
HTTP/1.1 400 Bad Request
Server: nginx/1.17.10 (Ubuntu)
Date: Wed, 13 Dec 2023 13:04:32 GMT
Content-Type: application/json; charset=utf-8
Content-Length: 57
Connection: keep-alive
X-Powered-By: Express
ETag: W/"39-gVIbSo3amubi2v5tYEfDRxHDrwM"

{
    "code": "1207",
    "message": "Collection of books required."
}
Request method:	DELETE
Request URI:	https://demoqa.com/BookStore/v1/Books?UserId=c689694d-6612-4de8-a499-403c1e7270da
Proxy:			<none>
Request params:	<none>
Query params:	UserId=c689694d-6612-4de8-a499-403c1e7270da
Form params:	<none>
Path params:	<none>
Headers:		Authorization=Bearer eyJhbGciOiJIUzI1NiIsInR5cCI6IkpXVCJ9.eyJ1c2VyTmFtZSI6ImFzaGEucmVpbmdlciIsInBhc3N3b3JkIjoiMTIzUm9uMzIxJiIsImlhdCI6MTcwMjQ3MjY2OX0.2w4A-R1KwMZS_ElY6_g8IBj-yCT2eGUrUCLb-Xio47I
				Accept=*/*
				Content-Type=application/json
Cookies:		<none>
Multiparts:		<none>
Body:			<none>
14:04:31.491 [Test worker] DEBUG org.apache.http.impl.conn.BasicClientConnectionManager -- Get connection for route {s}->https://demoqa.com:443
14:04:31.491 [Test worker] DEBUG org.apache.http.impl.conn.DefaultClientConnectionOperator -- Connecting to demoqa.com:443
14:04:31.556 [Test worker] DEBUG org.apache.http.client.protocol.RequestAddCookies -- CookieSpec selected: ignoreCookies
14:04:31.556 [Test worker] DEBUG org.apache.http.client.protocol.RequestAuthCache -- Auth cache not set in the context
14:04:31.556 [Test worker] DEBUG org.apache.http.client.protocol.RequestProxyAuthentication -- Proxy auth state: UNCHALLENGED
14:04:31.556 [Test worker] DEBUG org.apache.http.impl.client.DefaultHttpClient -- Attempt 1 to execute request
14:04:31.556 [Test worker] DEBUG org.apache.http.impl.conn.DefaultClientConnection -- Sending request: DELETE /BookStore/v1/Books?UserId=c689694d-6612-4de8-a499-403c1e7270da HTTP/1.1
14:04:31.556 [Test worker] DEBUG org.apache.http.wire --  >> "DELETE /BookStore/v1/Books?UserId=c689694d-6612-4de8-a499-403c1e7270da HTTP/1.1[\r][\n]"
14:04:31.556 [Test worker] DEBUG org.apache.http.wire --  >> "Content-Type: application/json[\r][\n]"
14:04:31.556 [Test worker] DEBUG org.apache.http.wire --  >> "Authorization: Bearer eyJhbGciOiJIUzI1NiIsInR5cCI6IkpXVCJ9.eyJ1c2VyTmFtZSI6ImFzaGEucmVpbmdlciIsInBhc3N3b3JkIjoiMTIzUm9uMzIxJiIsImlhdCI6MTcwMjQ3MjY2OX0.2w4A-R1KwMZS_ElY6_g8IBj-yCT2eGUrUCLb-Xio47I[\r][\n]"
14:04:31.556 [Test worker] DEBUG org.apache.http.wire --  >> "Accept: */*[\r][\n]"
14:04:31.557 [Test worker] DEBUG org.apache.http.wire --  >> "Host: demoqa.com[\r][\n]"
14:04:31.557 [Test worker] DEBUG org.apache.http.wire --  >> "Connection: Keep-Alive[\r][\n]"
14:04:31.557 [Test worker] DEBUG org.apache.http.wire --  >> "User-Agent: Apache-HttpClient/4.5.13 (Java/11.0.20)[\r][\n]"
14:04:31.557 [Test worker] DEBUG org.apache.http.wire --  >> "Accept-Encoding: gzip,deflate[\r][\n]"
14:04:31.557 [Test worker] DEBUG org.apache.http.wire --  >> "[\r][\n]"
14:04:31.557 [Test worker] DEBUG org.apache.http.headers -- >> DELETE /BookStore/v1/Books?UserId=c689694d-6612-4de8-a499-403c1e7270da HTTP/1.1
14:04:31.557 [Test worker] DEBUG org.apache.http.headers -- >> Content-Type: application/json
14:04:31.557 [Test worker] DEBUG org.apache.http.headers -- >> Authorization: Bearer eyJhbGciOiJIUzI1NiIsInR5cCI6IkpXVCJ9.eyJ1c2VyTmFtZSI6ImFzaGEucmVpbmdlciIsInBhc3N3b3JkIjoiMTIzUm9uMzIxJiIsImlhdCI6MTcwMjQ3MjY2OX0.2w4A-R1KwMZS_ElY6_g8IBj-yCT2eGUrUCLb-Xio47I
14:04:31.557 [Test worker] DEBUG org.apache.http.headers -- >> Accept: */*
14:04:31.557 [Test worker] DEBUG org.apache.http.headers -- >> Host: demoqa.com
14:04:31.557 [Test worker] DEBUG org.apache.http.headers -- >> Connection: Keep-Alive
14:04:31.557 [Test worker] DEBUG org.apache.http.headers -- >> User-Agent: Apache-HttpClient/4.5.13 (Java/11.0.20)
14:04:31.557 [Test worker] DEBUG org.apache.http.headers -- >> Accept-Encoding: gzip,deflate
14:04:32.169 [Test worker] DEBUG org.apache.http.wire --  << "HTTP/1.1 204 No Content[\r][\n]"
14:04:32.171 [Test worker] DEBUG org.apache.http.wire --  << "Server: nginx/1.17.10 (Ubuntu)[\r][\n]"
14:04:32.171 [Test worker] DEBUG org.apache.http.wire --  << "Date: Wed, 13 Dec 2023 13:04:32 GMT[\r][\n]"
14:04:32.171 [Test worker] DEBUG org.apache.http.wire --  << "Connection: keep-alive[\r][\n]"
14:04:32.171 [Test worker] DEBUG org.apache.http.wire --  << "X-Powered-By: Express[\r][\n]"
14:04:32.171 [Test worker] DEBUG org.apache.http.wire --  << "ETag: W/"44-1mNkCgFWXrysm2bVvAhS6jkBOlQ"[\r][\n]"
14:04:32.171 [Test worker] DEBUG org.apache.http.wire --  << "[\r][\n]"
14:04:32.171 [Test worker] DEBUG org.apache.http.impl.conn.DefaultClientConnection -- Receiving response: HTTP/1.1 204 No Content
14:04:32.171 [Test worker] DEBUG org.apache.http.headers -- << HTTP/1.1 204 No Content
14:04:32.171 [Test worker] DEBUG org.apache.http.headers -- << Server: nginx/1.17.10 (Ubuntu)
14:04:32.171 [Test worker] DEBUG org.apache.http.headers -- << Date: Wed, 13 Dec 2023 13:04:32 GMT
14:04:32.171 [Test worker] DEBUG org.apache.http.headers -- << Connection: keep-alive
14:04:32.171 [Test worker] DEBUG org.apache.http.headers -- << X-Powered-By: Express
14:04:32.171 [Test worker] DEBUG org.apache.http.headers -- << ETag: W/"44-1mNkCgFWXrysm2bVvAhS6jkBOlQ"
14:04:32.171 [Test worker] DEBUG org.apache.http.impl.client.DefaultHttpClient -- Connection can be kept alive indefinitely
14:04:32.172 [Test worker] DEBUG org.apache.http.impl.conn.BasicClientConnectionManager -- Releasing connection org.apache.http.impl.conn.ManagedClientConnectionImpl@629e9957
14:04:32.172 [Test worker] DEBUG org.apache.http.impl.conn.BasicClientConnectionManager -- Connection can be kept alive indefinitely
HTTP/1.1 204 No Content
Server: nginx/1.17.10 (Ubuntu)
Date: Wed, 13 Dec 2023 13:04:32 GMT
Connection: keep-alive
X-Powered-By: Express
ETag: W/"44-1mNkCgFWXrysm2bVvAhS6jkBOlQ"
Request method:	POST
Request URI:	https://demoqa.com/Account/v1/User
Proxy:			<none>
Request params:	<none>
Query params:	<none>
Form params:	<none>
Path params:	<none>
Headers:		Accept=*/*
				Content-Type=application/json
Cookies:		<none>
Multiparts:		<none>
Body:
{
    "userName": "sandie.olson",
    "password": "123Ron321&"
}
14:04:32.237 [Test worker] DEBUG org.apache.http.impl.conn.BasicClientConnectionManager -- Get connection for route {s}->https://demoqa.com:443
14:04:32.237 [Test worker] DEBUG org.apache.http.impl.conn.DefaultClientConnectionOperator -- Connecting to demoqa.com:443
14:04:33.359 [Test worker] DEBUG org.apache.http.client.protocol.RequestAddCookies -- CookieSpec selected: ignoreCookies
14:04:33.359 [Test worker] DEBUG org.apache.http.client.protocol.RequestAuthCache -- Auth cache not set in the context
14:04:33.359 [Test worker] DEBUG org.apache.http.client.protocol.RequestTargetAuthentication -- Target auth state: UNCHALLENGED
14:04:33.359 [Test worker] DEBUG org.apache.http.client.protocol.RequestProxyAuthentication -- Proxy auth state: UNCHALLENGED
14:04:33.361 [Test worker] DEBUG org.apache.http.impl.client.DefaultHttpClient -- Attempt 1 to execute request
14:04:33.361 [Test worker] DEBUG org.apache.http.impl.conn.DefaultClientConnection -- Sending request: POST /Account/v1/User HTTP/1.1
14:04:33.361 [Test worker] DEBUG org.apache.http.wire --  >> "POST /Account/v1/User HTTP/1.1[\r][\n]"
14:04:33.361 [Test worker] DEBUG org.apache.http.wire --  >> "Accept: */*[\r][\n]"
14:04:33.361 [Test worker] DEBUG org.apache.http.wire --  >> "Content-Type: application/json[\r][\n]"
14:04:33.361 [Test worker] DEBUG org.apache.http.wire --  >> "Content-Length: 51[\r][\n]"
14:04:33.361 [Test worker] DEBUG org.apache.http.wire --  >> "Host: demoqa.com[\r][\n]"
14:04:33.361 [Test worker] DEBUG org.apache.http.wire --  >> "Connection: Keep-Alive[\r][\n]"
14:04:33.361 [Test worker] DEBUG org.apache.http.wire --  >> "User-Agent: Apache-HttpClient/4.5.13 (Java/11.0.20)[\r][\n]"
14:04:33.361 [Test worker] DEBUG org.apache.http.wire --  >> "Accept-Encoding: gzip,deflate[\r][\n]"
14:04:33.361 [Test worker] DEBUG org.apache.http.wire --  >> "[\r][\n]"
14:04:33.361 [Test worker] DEBUG org.apache.http.headers -- >> POST /Account/v1/User HTTP/1.1
14:04:33.361 [Test worker] DEBUG org.apache.http.headers -- >> Accept: */*
14:04:33.361 [Test worker] DEBUG org.apache.http.headers -- >> Content-Type: application/json
14:04:33.361 [Test worker] DEBUG org.apache.http.headers -- >> Content-Length: 51
14:04:33.361 [Test worker] DEBUG org.apache.http.headers -- >> Host: demoqa.com
14:04:33.361 [Test worker] DEBUG org.apache.http.headers -- >> Connection: Keep-Alive
14:04:33.361 [Test worker] DEBUG org.apache.http.headers -- >> User-Agent: Apache-HttpClient/4.5.13 (Java/11.0.20)
14:04:33.361 [Test worker] DEBUG org.apache.http.headers -- >> Accept-Encoding: gzip,deflate
14:04:33.361 [Test worker] DEBUG org.apache.http.wire --  >> "{"userName":"sandie.olson","password":"123Ron321&"}"
14:04:33.563 [Test worker] DEBUG org.apache.http.wire --  << "HTTP/1.1 201 Created[\r][\n]"
14:04:33.563 [Test worker] DEBUG org.apache.http.wire --  << "Server: nginx/1.17.10 (Ubuntu)[\r][\n]"
14:04:33.563 [Test worker] DEBUG org.apache.http.wire --  << "Date: Wed, 13 Dec 2023 13:04:34 GMT[\r][\n]"
14:04:33.563 [Test worker] DEBUG org.apache.http.wire --  << "Content-Type: application/json; charset=utf-8[\r][\n]"
14:04:33.563 [Test worker] DEBUG org.apache.http.wire --  << "Content-Length: 86[\r][\n]"
14:04:33.563 [Test worker] DEBUG org.apache.http.wire --  << "Connection: keep-alive[\r][\n]"
14:04:33.563 [Test worker] DEBUG org.apache.http.wire --  << "X-Powered-By: Express[\r][\n]"
14:04:33.563 [Test worker] DEBUG org.apache.http.wire --  << "ETag: W/"56-fpwy3REbx2fC5lrHPpRiVeARwlQ"[\r][\n]"
14:04:33.563 [Test worker] DEBUG org.apache.http.wire --  << "[\r][\n]"
14:04:33.563 [Test worker] DEBUG org.apache.http.impl.conn.DefaultClientConnection -- Receiving response: HTTP/1.1 201 Created
14:04:33.563 [Test worker] DEBUG org.apache.http.headers -- << HTTP/1.1 201 Created
14:04:33.563 [Test worker] DEBUG org.apache.http.headers -- << Server: nginx/1.17.10 (Ubuntu)
14:04:33.563 [Test worker] DEBUG org.apache.http.headers -- << Date: Wed, 13 Dec 2023 13:04:34 GMT
14:04:33.563 [Test worker] DEBUG org.apache.http.headers -- << Content-Type: application/json; charset=utf-8
14:04:33.563 [Test worker] DEBUG org.apache.http.headers -- << Content-Length: 86
14:04:33.563 [Test worker] DEBUG org.apache.http.headers -- << Connection: keep-alive
14:04:33.563 [Test worker] DEBUG org.apache.http.headers -- << X-Powered-By: Express
14:04:33.563 [Test worker] DEBUG org.apache.http.headers -- << ETag: W/"56-fpwy3REbx2fC5lrHPpRiVeARwlQ"
14:04:33.564 [Test worker] DEBUG org.apache.http.impl.client.DefaultHttpClient -- Connection can be kept alive indefinitely
14:04:33.564 [Test worker] DEBUG io.restassured.internal.RestAssuredHttpBuilder -- Parsing response as: application/json; charset=utf-8
14:04:33.564 [Test worker] DEBUG io.restassured.internal.RestAssuredHttpBuilder -- Parsed data to instance of: class org.apache.http.conn.EofSensorInputStream
14:04:33.564 [Test worker] DEBUG org.apache.http.wire --  << "{"userID":"d8a10281-7842-49cf-8d73-3bc9f7ab6ad8","username":"sandie.olson","books":[]}"
14:04:33.565 [Test worker] DEBUG org.apache.http.impl.conn.BasicClientConnectionManager -- Releasing connection org.apache.http.impl.conn.ManagedClientConnectionImpl@4ba7dfce
14:04:33.565 [Test worker] DEBUG org.apache.http.impl.conn.BasicClientConnectionManager -- Connection can be kept alive indefinitely
HTTP/1.1 201 Created
Server: nginx/1.17.10 (Ubuntu)
Date: Wed, 13 Dec 2023 13:04:34 GMT
Content-Type: application/json; charset=utf-8
Content-Length: 86
Connection: keep-alive
X-Powered-By: Express
ETag: W/"56-fpwy3REbx2fC5lrHPpRiVeARwlQ"

{
    "userID": "d8a10281-7842-49cf-8d73-3bc9f7ab6ad8",
    "username": "sandie.olson",
    "books": [
        
    ]
}
Request method:	POST
Request URI:	https://demoqa.com/Account/v1/GenerateToken
Proxy:			<none>
Request params:	<none>
Query params:	<none>
Form params:	<none>
Path params:	<none>
Headers:		Accept=*/*
				Content-Type=application/json
Cookies:		<none>
Multiparts:		<none>
Body:
{
    "userName": "sandie.olson",
    "password": "123Ron321&"
}
14:04:33.601 [Test worker] DEBUG org.apache.http.impl.conn.BasicClientConnectionManager -- Get connection for route {s}->https://demoqa.com:443
14:04:33.601 [Test worker] DEBUG org.apache.http.impl.conn.DefaultClientConnectionOperator -- Connecting to demoqa.com:443
14:04:33.921 [Test worker] DEBUG org.apache.http.client.protocol.RequestAddCookies -- CookieSpec selected: ignoreCookies
14:04:33.922 [Test worker] DEBUG org.apache.http.client.protocol.RequestAuthCache -- Auth cache not set in the context
14:04:33.922 [Test worker] DEBUG org.apache.http.client.protocol.RequestTargetAuthentication -- Target auth state: UNCHALLENGED
14:04:33.922 [Test worker] DEBUG org.apache.http.client.protocol.RequestProxyAuthentication -- Proxy auth state: UNCHALLENGED
14:04:33.922 [Test worker] DEBUG org.apache.http.impl.client.DefaultHttpClient -- Attempt 1 to execute request
14:04:33.922 [Test worker] DEBUG org.apache.http.impl.conn.DefaultClientConnection -- Sending request: POST /Account/v1/GenerateToken HTTP/1.1
14:04:33.922 [Test worker] DEBUG org.apache.http.wire --  >> "POST /Account/v1/GenerateToken HTTP/1.1[\r][\n]"
14:04:33.922 [Test worker] DEBUG org.apache.http.wire --  >> "Accept: */*[\r][\n]"
14:04:33.922 [Test worker] DEBUG org.apache.http.wire --  >> "Content-Type: application/json[\r][\n]"
14:04:33.922 [Test worker] DEBUG org.apache.http.wire --  >> "Content-Length: 51[\r][\n]"
14:04:33.922 [Test worker] DEBUG org.apache.http.wire --  >> "Host: demoqa.com[\r][\n]"
14:04:33.922 [Test worker] DEBUG org.apache.http.wire --  >> "Connection: Keep-Alive[\r][\n]"
14:04:33.922 [Test worker] DEBUG org.apache.http.wire --  >> "User-Agent: Apache-HttpClient/4.5.13 (Java/11.0.20)[\r][\n]"
14:04:33.922 [Test worker] DEBUG org.apache.http.wire --  >> "Accept-Encoding: gzip,deflate[\r][\n]"
14:04:33.922 [Test worker] DEBUG org.apache.http.wire --  >> "[\r][\n]"
14:04:33.922 [Test worker] DEBUG org.apache.http.headers -- >> POST /Account/v1/GenerateToken HTTP/1.1
14:04:33.922 [Test worker] DEBUG org.apache.http.headers -- >> Accept: */*
14:04:33.922 [Test worker] DEBUG org.apache.http.headers -- >> Content-Type: application/json
14:04:33.922 [Test worker] DEBUG org.apache.http.headers -- >> Content-Length: 51
14:04:33.922 [Test worker] DEBUG org.apache.http.headers -- >> Host: demoqa.com
14:04:33.922 [Test worker] DEBUG org.apache.http.headers -- >> Connection: Keep-Alive
14:04:33.922 [Test worker] DEBUG org.apache.http.headers -- >> User-Agent: Apache-HttpClient/4.5.13 (Java/11.0.20)
14:04:33.922 [Test worker] DEBUG org.apache.http.headers -- >> Accept-Encoding: gzip,deflate
14:04:33.922 [Test worker] DEBUG org.apache.http.wire --  >> "{"userName":"sandie.olson","password":"123Ron321&"}"
14:04:34.267 [Test worker] DEBUG org.apache.http.wire --  << "HTTP/1.1 200 OK[\r][\n]"
14:04:34.268 [Test worker] DEBUG org.apache.http.wire --  << "Server: nginx/1.17.10 (Ubuntu)[\r][\n]"
14:04:34.268 [Test worker] DEBUG org.apache.http.wire --  << "Date: Wed, 13 Dec 2023 13:04:35 GMT[\r][\n]"
14:04:34.268 [Test worker] DEBUG org.apache.http.wire --  << "Content-Type: application/json; charset=utf-8[\r][\n]"
14:04:34.268 [Test worker] DEBUG org.apache.http.wire --  << "Content-Length: 281[\r][\n]"
14:04:34.268 [Test worker] DEBUG org.apache.http.wire --  << "Connection: keep-alive[\r][\n]"
14:04:34.268 [Test worker] DEBUG org.apache.http.wire --  << "X-Powered-By: Express[\r][\n]"
14:04:34.268 [Test worker] DEBUG org.apache.http.wire --  << "ETag: W/"119-CeeqewNCPa6xb0UwKK5sWRdn2tQ"[\r][\n]"
14:04:34.268 [Test worker] DEBUG org.apache.http.wire --  << "[\r][\n]"
14:04:34.269 [Test worker] DEBUG org.apache.http.impl.conn.DefaultClientConnection -- Receiving response: HTTP/1.1 200 OK
14:04:34.269 [Test worker] DEBUG org.apache.http.headers -- << HTTP/1.1 200 OK
14:04:34.269 [Test worker] DEBUG org.apache.http.headers -- << Server: nginx/1.17.10 (Ubuntu)
14:04:34.269 [Test worker] DEBUG org.apache.http.headers -- << Date: Wed, 13 Dec 2023 13:04:35 GMT
14:04:34.269 [Test worker] DEBUG org.apache.http.headers -- << Content-Type: application/json; charset=utf-8
14:04:34.269 [Test worker] DEBUG org.apache.http.headers -- << Content-Length: 281
14:04:34.269 [Test worker] DEBUG org.apache.http.headers -- << Connection: keep-alive
14:04:34.269 [Test worker] DEBUG org.apache.http.headers -- << X-Powered-By: Express
14:04:34.269 [Test worker] DEBUG org.apache.http.headers -- << ETag: W/"119-CeeqewNCPa6xb0UwKK5sWRdn2tQ"
14:04:34.269 [Test worker] DEBUG org.apache.http.impl.client.DefaultHttpClient -- Connection can be kept alive indefinitely
14:04:34.270 [Test worker] DEBUG io.restassured.internal.RestAssuredHttpBuilder -- Parsing response as: application/json; charset=utf-8
14:04:34.272 [Test worker] DEBUG io.restassured.internal.RestAssuredHttpBuilder -- Parsed data to instance of: class org.apache.http.conn.EofSensorInputStream
14:04:34.273 [Test worker] DEBUG org.apache.http.wire --  << "{"token":"eyJhbGciOiJIUzI1NiIsInR5cCI6IkpXVCJ9.eyJ1c2VyTmFtZSI6InNhbmRpZS5vbHNvbiIsInBhc3N3b3JkIjoiMTIzUm9uMzIxJiIsImlhdCI6MTcwMjQ3MjY3NX0.Kr6L3GIXMNuwVHx_Rof4aQyiQqdj2NiSSajWCDW2Ka4","expires":"2023-12-20T13:04:35.223Z","status":"Success","result":"User authorized successfully."}"
14:04:34.274 [Test worker] DEBUG org.apache.http.impl.conn.BasicClientConnectionManager -- Releasing connection org.apache.http.impl.conn.ManagedClientConnectionImpl@16043cb9
14:04:34.274 [Test worker] DEBUG org.apache.http.impl.conn.BasicClientConnectionManager -- Connection can be kept alive indefinitely
HTTP/1.1 200 OK
Server: nginx/1.17.10 (Ubuntu)
Date: Wed, 13 Dec 2023 13:04:35 GMT
Content-Type: application/json; charset=utf-8
Content-Length: 281
Connection: keep-alive
X-Powered-By: Express
ETag: W/"119-CeeqewNCPa6xb0UwKK5sWRdn2tQ"

{
    "token": "eyJhbGciOiJIUzI1NiIsInR5cCI6IkpXVCJ9.eyJ1c2VyTmFtZSI6InNhbmRpZS5vbHNvbiIsInBhc3N3b3JkIjoiMTIzUm9uMzIxJiIsImlhdCI6MTcwMjQ3MjY3NX0.Kr6L3GIXMNuwVHx_Rof4aQyiQqdj2NiSSajWCDW2Ka4",
    "expires": "2023-12-20T13:04:35.223Z",
    "status": "Success",
    "result": "User authorized successfully."
}
Request method:	DELETE
Request URI:	https://demoqa.com/BookStore/v1/Books?UserId=d8a10281-7842-49cf-8d73-3bc9f7ab6ad8
Proxy:			<none>
Request params:	<none>
Query params:	UserId=d8a10281-7842-49cf-8d73-3bc9f7ab6ad8
Form params:	<none>
Path params:	<none>
Headers:		Authorization=Bearer eyJhbGciOiJIUzI1NiIsInR5cCI6IkpXVCJ9.eyJ1c2VyTmFtZSI6InNhbmRpZS5vbHNvbiIsInBhc3N3b3JkIjoiMTIzUm9uMzIxJiIsImlhdCI6MTcwMjQ3MjY3NX0.Kr6L3GIXMNuwVHx_Rof4aQyiQqdj2NiSSajWCDW2Ka4
				Accept=*/*
				Content-Type=application/json
Cookies:		<none>
Multiparts:		<none>
Body:			<none>
14:04:34.335 [Test worker] DEBUG org.apache.http.impl.conn.BasicClientConnectionManager -- Get connection for route {s}->https://demoqa.com:443
14:04:34.335 [Test worker] DEBUG org.apache.http.impl.conn.DefaultClientConnectionOperator -- Connecting to demoqa.com:443
14:04:35.462 [Test worker] DEBUG org.apache.http.client.protocol.RequestAddCookies -- CookieSpec selected: ignoreCookies
14:04:35.462 [Test worker] DEBUG org.apache.http.client.protocol.RequestAuthCache -- Auth cache not set in the context
14:04:35.462 [Test worker] DEBUG org.apache.http.client.protocol.RequestProxyAuthentication -- Proxy auth state: UNCHALLENGED
14:04:35.462 [Test worker] DEBUG org.apache.http.impl.client.DefaultHttpClient -- Attempt 1 to execute request
14:04:35.462 [Test worker] DEBUG org.apache.http.impl.conn.DefaultClientConnection -- Sending request: DELETE /BookStore/v1/Books?UserId=d8a10281-7842-49cf-8d73-3bc9f7ab6ad8 HTTP/1.1
14:04:35.462 [Test worker] DEBUG org.apache.http.wire --  >> "DELETE /BookStore/v1/Books?UserId=d8a10281-7842-49cf-8d73-3bc9f7ab6ad8 HTTP/1.1[\r][\n]"
14:04:35.463 [Test worker] DEBUG org.apache.http.wire --  >> "Content-Type: application/json[\r][\n]"
14:04:35.463 [Test worker] DEBUG org.apache.http.wire --  >> "Authorization: Bearer eyJhbGciOiJIUzI1NiIsInR5cCI6IkpXVCJ9.eyJ1c2VyTmFtZSI6InNhbmRpZS5vbHNvbiIsInBhc3N3b3JkIjoiMTIzUm9uMzIxJiIsImlhdCI6MTcwMjQ3MjY3NX0.Kr6L3GIXMNuwVHx_Rof4aQyiQqdj2NiSSajWCDW2Ka4[\r][\n]"
14:04:35.463 [Test worker] DEBUG org.apache.http.wire --  >> "Accept: */*[\r][\n]"
14:04:35.463 [Test worker] DEBUG org.apache.http.wire --  >> "Host: demoqa.com[\r][\n]"
14:04:35.463 [Test worker] DEBUG org.apache.http.wire --  >> "Connection: Keep-Alive[\r][\n]"
14:04:35.463 [Test worker] DEBUG org.apache.http.wire --  >> "User-Agent: Apache-HttpClient/4.5.13 (Java/11.0.20)[\r][\n]"
14:04:35.463 [Test worker] DEBUG org.apache.http.wire --  >> "Accept-Encoding: gzip,deflate[\r][\n]"
14:04:35.463 [Test worker] DEBUG org.apache.http.wire --  >> "[\r][\n]"
14:04:35.463 [Test worker] DEBUG org.apache.http.headers -- >> DELETE /BookStore/v1/Books?UserId=d8a10281-7842-49cf-8d73-3bc9f7ab6ad8 HTTP/1.1
14:04:35.463 [Test worker] DEBUG org.apache.http.headers -- >> Content-Type: application/json
14:04:35.463 [Test worker] DEBUG org.apache.http.headers -- >> Authorization: Bearer eyJhbGciOiJIUzI1NiIsInR5cCI6IkpXVCJ9.eyJ1c2VyTmFtZSI6InNhbmRpZS5vbHNvbiIsInBhc3N3b3JkIjoiMTIzUm9uMzIxJiIsImlhdCI6MTcwMjQ3MjY3NX0.Kr6L3GIXMNuwVHx_Rof4aQyiQqdj2NiSSajWCDW2Ka4
14:04:35.463 [Test worker] DEBUG org.apache.http.headers -- >> Accept: */*
14:04:35.463 [Test worker] DEBUG org.apache.http.headers -- >> Host: demoqa.com
14:04:35.463 [Test worker] DEBUG org.apache.http.headers -- >> Connection: Keep-Alive
14:04:35.463 [Test worker] DEBUG org.apache.http.headers -- >> User-Agent: Apache-HttpClient/4.5.13 (Java/11.0.20)
14:04:35.463 [Test worker] DEBUG org.apache.http.headers -- >> Accept-Encoding: gzip,deflate
14:04:35.536 [Test worker] DEBUG org.apache.http.wire --  << "HTTP/1.1 204 No Content[\r][\n]"
14:04:35.536 [Test worker] DEBUG org.apache.http.wire --  << "Server: nginx/1.17.10 (Ubuntu)[\r][\n]"
14:04:35.536 [Test worker] DEBUG org.apache.http.wire --  << "Date: Wed, 13 Dec 2023 13:04:36 GMT[\r][\n]"
14:04:35.536 [Test worker] DEBUG org.apache.http.wire --  << "Connection: keep-alive[\r][\n]"
14:04:35.536 [Test worker] DEBUG org.apache.http.wire --  << "X-Powered-By: Express[\r][\n]"
14:04:35.536 [Test worker] DEBUG org.apache.http.wire --  << "ETag: W/"44-1mNkCgFWXrysm2bVvAhS6jkBOlQ"[\r][\n]"
14:04:35.537 [Test worker] DEBUG org.apache.http.wire --  << "[\r][\n]"
14:04:35.537 [Test worker] DEBUG org.apache.http.impl.conn.DefaultClientConnection -- Receiving response: HTTP/1.1 204 No Content
14:04:35.537 [Test worker] DEBUG org.apache.http.headers -- << HTTP/1.1 204 No Content
14:04:35.537 [Test worker] DEBUG org.apache.http.headers -- << Server: nginx/1.17.10 (Ubuntu)
14:04:35.537 [Test worker] DEBUG org.apache.http.headers -- << Date: Wed, 13 Dec 2023 13:04:36 GMT
14:04:35.537 [Test worker] DEBUG org.apache.http.headers -- << Connection: keep-alive
14:04:35.537 [Test worker] DEBUG org.apache.http.headers -- << X-Powered-By: Express
14:04:35.537 [Test worker] DEBUG org.apache.http.headers -- << ETag: W/"44-1mNkCgFWXrysm2bVvAhS6jkBOlQ"
14:04:35.537 [Test worker] DEBUG org.apache.http.impl.client.DefaultHttpClient -- Connection can be kept alive indefinitely
14:04:35.537 [Test worker] DEBUG org.apache.http.impl.conn.BasicClientConnectionManager -- Releasing connection org.apache.http.impl.conn.ManagedClientConnectionImpl@4f8a0f4e
14:04:35.537 [Test worker] DEBUG org.apache.http.impl.conn.BasicClientConnectionManager -- Connection can be kept alive indefinitely
HTTP/1.1 204 No Content
Server: nginx/1.17.10 (Ubuntu)
Date: Wed, 13 Dec 2023 13:04:36 GMT
Connection: keep-alive
X-Powered-By: Express
ETag: W/"44-1mNkCgFWXrysm2bVvAhS6jkBOlQ"
Request method:	GET
Request URI:	https://demoqa.com/BookStore/v1/Books
Proxy:			<none>
Request params:	<none>
Query params:	<none>
Form params:	<none>
Path params:	<none>
Headers:		Accept=*/*
				Content-Type=application/json
Cookies:		<none>
Multiparts:		<none>
Body:			<none>
14:04:35.556 [Test worker] DEBUG org.apache.http.impl.conn.BasicClientConnectionManager -- Get connection for route {s}->https://demoqa.com:443
14:04:35.556 [Test worker] DEBUG org.apache.http.impl.conn.DefaultClientConnectionOperator -- Connecting to demoqa.com:443
14:04:35.690 [Test worker] DEBUG org.apache.http.client.protocol.RequestAddCookies -- CookieSpec selected: ignoreCookies
14:04:35.690 [Test worker] DEBUG org.apache.http.client.protocol.RequestAuthCache -- Auth cache not set in the context
14:04:35.690 [Test worker] DEBUG org.apache.http.client.protocol.RequestTargetAuthentication -- Target auth state: UNCHALLENGED
14:04:35.690 [Test worker] DEBUG org.apache.http.client.protocol.RequestProxyAuthentication -- Proxy auth state: UNCHALLENGED
14:04:35.690 [Test worker] DEBUG org.apache.http.impl.client.DefaultHttpClient -- Attempt 1 to execute request
14:04:35.690 [Test worker] DEBUG org.apache.http.impl.conn.DefaultClientConnection -- Sending request: GET /BookStore/v1/Books HTTP/1.1
14:04:35.690 [Test worker] DEBUG org.apache.http.wire --  >> "GET /BookStore/v1/Books HTTP/1.1[\r][\n]"
14:04:35.690 [Test worker] DEBUG org.apache.http.wire --  >> "Content-Type: application/json[\r][\n]"
14:04:35.691 [Test worker] DEBUG org.apache.http.wire --  >> "Accept: */*[\r][\n]"
14:04:35.691 [Test worker] DEBUG org.apache.http.wire --  >> "Host: demoqa.com[\r][\n]"
14:04:35.691 [Test worker] DEBUG org.apache.http.wire --  >> "Connection: Keep-Alive[\r][\n]"
14:04:35.691 [Test worker] DEBUG org.apache.http.wire --  >> "User-Agent: Apache-HttpClient/4.5.13 (Java/11.0.20)[\r][\n]"
14:04:35.691 [Test worker] DEBUG org.apache.http.wire --  >> "Accept-Encoding: gzip,deflate[\r][\n]"
14:04:35.691 [Test worker] DEBUG org.apache.http.wire --  >> "[\r][\n]"
14:04:35.691 [Test worker] DEBUG org.apache.http.headers -- >> GET /BookStore/v1/Books HTTP/1.1
14:04:35.691 [Test worker] DEBUG org.apache.http.headers -- >> Content-Type: application/json
14:04:35.691 [Test worker] DEBUG org.apache.http.headers -- >> Accept: */*
14:04:35.691 [Test worker] DEBUG org.apache.http.headers -- >> Host: demoqa.com
14:04:35.691 [Test worker] DEBUG org.apache.http.headers -- >> Connection: Keep-Alive
14:04:35.691 [Test worker] DEBUG org.apache.http.headers -- >> User-Agent: Apache-HttpClient/4.5.13 (Java/11.0.20)
14:04:35.691 [Test worker] DEBUG org.apache.http.headers -- >> Accept-Encoding: gzip,deflate
14:04:35.721 [Test worker] DEBUG org.apache.http.wire --  << "HTTP/1.1 200 OK[\r][\n]"
14:04:35.721 [Test worker] DEBUG org.apache.http.wire --  << "Server: nginx/1.17.10 (Ubuntu)[\r][\n]"
14:04:35.721 [Test worker] DEBUG org.apache.http.wire --  << "Date: Wed, 13 Dec 2023 13:04:36 GMT[\r][\n]"
14:04:35.722 [Test worker] DEBUG org.apache.http.wire --  << "Content-Type: application/json; charset=utf-8[\r][\n]"
14:04:35.722 [Test worker] DEBUG org.apache.http.wire --  << "Content-Length: 4514[\r][\n]"
14:04:35.722 [Test worker] DEBUG org.apache.http.wire --  << "Connection: keep-alive[\r][\n]"
14:04:35.722 [Test worker] DEBUG org.apache.http.wire --  << "X-Powered-By: Express[\r][\n]"
14:04:35.722 [Test worker] DEBUG org.apache.http.wire --  << "ETag: W/"11a2-8zfX++QwcgaCjSU6F8JP9fUd1tY"[\r][\n]"
14:04:35.722 [Test worker] DEBUG org.apache.http.wire --  << "[\r][\n]"
14:04:35.722 [Test worker] DEBUG org.apache.http.impl.conn.DefaultClientConnection -- Receiving response: HTTP/1.1 200 OK
14:04:35.722 [Test worker] DEBUG org.apache.http.headers -- << HTTP/1.1 200 OK
14:04:35.722 [Test worker] DEBUG org.apache.http.headers -- << Server: nginx/1.17.10 (Ubuntu)
14:04:35.722 [Test worker] DEBUG org.apache.http.headers -- << Date: Wed, 13 Dec 2023 13:04:36 GMT
14:04:35.722 [Test worker] DEBUG org.apache.http.headers -- << Content-Type: application/json; charset=utf-8
14:04:35.722 [Test worker] DEBUG org.apache.http.headers -- << Content-Length: 4514
14:04:35.722 [Test worker] DEBUG org.apache.http.headers -- << Connection: keep-alive
14:04:35.722 [Test worker] DEBUG org.apache.http.headers -- << X-Powered-By: Express
14:04:35.722 [Test worker] DEBUG org.apache.http.headers -- << ETag: W/"11a2-8zfX++QwcgaCjSU6F8JP9fUd1tY"
14:04:35.722 [Test worker] DEBUG org.apache.http.impl.client.DefaultHttpClient -- Connection can be kept alive indefinitely
14:04:35.722 [Test worker] DEBUG io.restassured.internal.RestAssuredHttpBuilder -- Parsing response as: application/json; charset=utf-8
14:04:35.722 [Test worker] DEBUG io.restassured.internal.RestAssuredHttpBuilder -- Parsed data to instance of: class org.apache.http.conn.EofSensorInputStream
14:04:35.723 [Test worker] DEBUG org.apache.http.wire --  << "{"books":[{"isbn":"9781449325862","title":"Git Pocket Guide","subTitle":"A Working Introduction","author":"Richard E. Silverman","publish_date":"2020-06-04T08:48:39.000Z","publisher":"O'Reilly Media","pages":234,"description":"This pocket guide is the perfect on-the-job companion to Git, the distributed version control system. It provides a compact, readable introduction to Git for new users, as well as a reference to common commands and procedures for those of you with Git exp","website":"http://chimera.labs.oreilly.com/books/1230000000561/index.html"},{"isbn":"9781449331818","title":"Learning JavaScript Design Patterns","subTitle":"A JavaScript and jQuery Developer's Guide","author":"Addy Osmani","publish_date":"2020-06-04T09:11:40.000Z","publisher":"O'Reilly Media","pages":254,"description":"With Learning JavaScript Design Patterns, you'll learn how to write beautiful, structured, and maintainable JavaScript by applying classical and modern design patterns to the language. If you want to keep your code efficient, more manageable, and up-to-da","website":"http://www.addyosmani.com/resources/essentialjsdesignpatterns/book/"},{"isbn":"9781449337711","title":"Designing Evolvable Web APIs with ASP.NET","subTitle":"Harnessing the Power of the Web","author":"Glenn Block et al.","publish_date":"2020-06-04T09:12:43.000Z","publisher":"O'Reilly Media","pages":238,"description":"Design and build Web APIs for a broad range of clients[0xe2][0x80][0x94]including browsers and mobile devices[0xe2][0x80][0x94]that can adapt to change over time. This practical, hands-on guide takes you through the theory and tools you need to build evolvable HTTP services with Microsoft","website":"http://chimera.labs.oreilly.com/books/1234000001708/index.html"},{"isbn":"9781449365035","title":"Speaking JavaScript","subTitle":"An In-Depth Guide for Programmers","author":"Axel Rauschmayer","publish_date":"2014-02-01T00:00:00.000Z","publisher":"O'Reilly Media","pages":460,"description":"Like it or not, JavaScript is everywhere these days-from browser to server to mobile-and now you, too, need to learn the language or dive deeper than you have. This concise book guides you into and through JavaScript, written by a veteran programmer who o","website":"http://speakingjs.com/"},{"isbn":"9781491904244","title":"You Don't Know JS","subTitle":"ES6 & Beyond","author":"Kyle Simpson","publish_date":"2015-12-27T00:00:00.000Z","publisher":"O'Reilly Media","pages":278,"description":"No matter how much experience you have with JavaScript, odds are you don[0xe2][0x80][0x99]t fully understand the language. As part of the \\\"You Don[0xe2][0x80][0x99]t Know JS\\\" series, this compact guide focuses on new features available in ECMAScript 6 (ES6), the latest version of the st","website":"https://github.com/getify/You-Dont-Know-JS/tree/master/es6%20&%20beyond"},{"isbn":"9781491950296","title":"Programming JavaScript Applications","subTitle":"Robust Web Architecture with Node, HTML5, and Modern JS Libraries","author":"Eric Elliott","publish_date":"2014-07-01T00:00:00.000Z","publisher":"O'Reilly Media","pages":254,"description":"Take advantage of JavaScript's power to build robust web-scale or enterprise applications that are easy to extend and maintain. By applying the design patterns outlined in this practical book, experienced JavaScript developers will learn how to write flex","website":"http://chimera.labs.oreilly.com/books/1234000000262/index.html"},{"isbn":"9781593275846","title":"Eloquent JavaScript, Second Edition","subTitle":"A Modern Introduction to Programming","author":"Marijn Haverbeke","publish_date":"2014-12-14T00:00:00.000Z","publisher":"No Starch Press","pages":472,"description":"JavaScript lies at the heart of almost every modern web application, from social apps to the newest browser-based games. Though simple for beginners to pick up and play with, JavaScript is a flexible, complex language that you can use to build full-scale ","website":"http://eloquentjavascript.net/"},{"isbn":"9781593277574","title":"Understanding ECMAScript 6","subTitle":"The Definitive Guide for JavaScript Developers","author":"Nicholas C. Zakas","publish_date":"2016-09-03T00:00:00.000Z","publisher":"No Starch Press","pages":352,"description":"ECMAScript 6 represents the biggest update to the core of JavaScript in the history of the language. In Understanding ECMAScript 6, expert developer Nicholas C. Zakas provides a complete guide to the object types, syntax, and other exciting changes that E","website":"https://leanpub.com/understandinges6/read"}]}"
14:04:35.724 [Test worker] DEBUG org.apache.http.impl.conn.BasicClientConnectionManager -- Releasing connection org.apache.http.impl.conn.ManagedClientConnectionImpl@c0d114b
14:04:35.724 [Test worker] DEBUG org.apache.http.impl.conn.BasicClientConnectionManager -- Connection can be kept alive indefinitely
HTTP/1.1 200 OK
Server: nginx/1.17.10 (Ubuntu)
Date: Wed, 13 Dec 2023 13:04:36 GMT
Content-Type: application/json; charset=utf-8
Content-Length: 4514
Connection: keep-alive
X-Powered-By: Express
ETag: W/"11a2-8zfX++QwcgaCjSU6F8JP9fUd1tY"

{
    "books": [
        {
            "isbn": "9781449325862",
            "title": "Git Pocket Guide",
            "subTitle": "A Working Introduction",
            "author": "Richard E. Silverman",
            "publish_date": "2020-06-04T08:48:39.000Z",
            "publisher": "O'Reilly Media",
            "pages": 234,
            "description": "This pocket guide is the perfect on-the-job companion to Git, the distributed version control system. It provides a compact, readable introduction to Git for new users, as well as a reference to common commands and procedures for those of you with Git exp",
            "website": "http://chimera.labs.oreilly.com/books/1230000000561/index.html"
        },
        {
            "isbn": "9781449331818",
            "title": "Learning JavaScript Design Patterns",
            "subTitle": "A JavaScript and jQuery Developer's Guide",
            "author": "Addy Osmani",
            "publish_date": "2020-06-04T09:11:40.000Z",
            "publisher": "O'Reilly Media",
            "pages": 254,
            "description": "With Learning JavaScript Design Patterns, you'll learn how to write beautiful, structured, and maintainable JavaScript by applying classical and modern design patterns to the language. If you want to keep your code efficient, more manageable, and up-to-da",
            "website": "http://www.addyosmani.com/resources/essentialjsdesignpatterns/book/"
        },
        {
            "isbn": "9781449337711",
            "title": "Designing Evolvable Web APIs with ASP.NET",
            "subTitle": "Harnessing the Power of the Web",
            "author": "Glenn Block et al.",
            "publish_date": "2020-06-04T09:12:43.000Z",
            "publisher": "O'Reilly Media",
            "pages": 238,
            "description": "Design and build Web APIs for a broad range of clients—including browsers and mobile devices—that can adapt to change over time. This practical, hands-on guide takes you through the theory and tools you need to build evolvable HTTP services with Microsoft",
            "website": "http://chimera.labs.oreilly.com/books/1234000001708/index.html"
        },
        {
            "isbn": "9781449365035",
            "title": "Speaking JavaScript",
            "subTitle": "An In-Depth Guide for Programmers",
            "author": "Axel Rauschmayer",
            "publish_date": "2014-02-01T00:00:00.000Z",
            "publisher": "O'Reilly Media",
            "pages": 460,
            "description": "Like it or not, JavaScript is everywhere these days-from browser to server to mobile-and now you, too, need to learn the language or dive deeper than you have. This concise book guides you into and through JavaScript, written by a veteran programmer who o",
            "website": "http://speakingjs.com/"
        },
        {
            "isbn": "9781491904244",
            "title": "You Don't Know JS",
            "subTitle": "ES6 & Beyond",
            "author": "Kyle Simpson",
            "publish_date": "2015-12-27T00:00:00.000Z",
            "publisher": "O'Reilly Media",
            "pages": 278,
            "description": "No matter how much experience you have with JavaScript, odds are you don’t fully understand the language. As part of the \\\"You Don’t Know JS\\\" series, this compact guide focuses on new features available in ECMAScript 6 (ES6), the latest version of the st",
            "website": "https://github.com/getify/You-Dont-Know-JS/tree/master/es6%20&%20beyond"
        },
        {
            "isbn": "9781491950296",
            "title": "Programming JavaScript Applications",
            "subTitle": "Robust Web Architecture with Node, HTML5, and Modern JS Libraries",
            "author": "Eric Elliott",
            "publish_date": "2014-07-01T00:00:00.000Z",
            "publisher": "O'Reilly Media",
            "pages": 254,
            "description": "Take advantage of JavaScript's power to build robust web-scale or enterprise applications that are easy to extend and maintain. By applying the design patterns outlined in this practical book, experienced JavaScript developers will learn how to write flex",
            "website": "http://chimera.labs.oreilly.com/books/1234000000262/index.html"
        },
        {
            "isbn": "9781593275846",
            "title": "Eloquent JavaScript, Second Edition",
            "subTitle": "A Modern Introduction to Programming",
            "author": "Marijn Haverbeke",
            "publish_date": "2014-12-14T00:00:00.000Z",
            "publisher": "No Starch Press",
            "pages": 472,
            "description": "JavaScript lies at the heart of almost every modern web application, from social apps to the newest browser-based games. Though simple for beginners to pick up and play with, JavaScript is a flexible, complex language that you can use to build full-scale ",
            "website": "http://eloquentjavascript.net/"
        },
        {
            "isbn": "9781593277574",
            "title": "Understanding ECMAScript 6",
            "subTitle": "The Definitive Guide for JavaScript Developers",
            "author": "Nicholas C. Zakas",
            "publish_date": "2016-09-03T00:00:00.000Z",
            "publisher": "No Starch Press",
            "pages": 352,
            "description": "ECMAScript 6 represents the biggest update to the core of JavaScript in the history of the language. In Understanding ECMAScript 6, expert developer Nicholas C. Zakas provides a complete guide to the object types, syntax, and other exciting changes that E",
            "website": "https://leanpub.com/understandinges6/read"
        }
    ]
}
14:04:35.908 [Finalizer] DEBUG org.apache.http.impl.conn.DefaultClientConnection -- Connection 0.0.0.0:53171<->176.58.101.124:443 closed
14:04:35.912 [Finalizer] DEBUG org.apache.http.impl.conn.DefaultClientConnection -- Connection 0.0.0.0:53170<->176.58.101.124:443 closed
14:04:35.918 [Finalizer] DEBUG org.apache.http.impl.conn.DefaultClientConnection -- Connection 0.0.0.0:53169<->176.58.101.124:443 closed
14:04:35.926 [Finalizer] DEBUG org.apache.http.impl.conn.DefaultClientConnection -- Connection 0.0.0.0:53168<->176.58.101.124:443 closed
14:04:35.931 [Finalizer] DEBUG org.apache.http.impl.conn.DefaultClientConnection -- Connection 0.0.0.0:53166<->176.58.101.124:443 closed
14:04:35.932 [Finalizer] DEBUG org.apache.http.impl.conn.DefaultClientConnection -- Connection 0.0.0.0:53167<->176.58.101.124:443 closed
Request method:	POST
Request URI:	https://demoqa.com/BookStore/v1/Books
Proxy:			<none>
Request params:	<none>
Query params:	<none>
Form params:	<none>
Path params:	<none>
Headers:		Authorization=Bearer eyJhbGciOiJIUzI1NiIsInR5cCI6IkpXVCJ9.eyJ1c2VyTmFtZSI6InNhbmRpZS5vbHNvbiIsInBhc3N3b3JkIjoiMTIzUm9uMzIxJiIsImlhdCI6MTcwMjQ3MjY3NX0.Kr6L3GIXMNuwVHx_Rof4aQyiQqdj2NiSSajWCDW2Ka4
				Accept=*/*
				Content-Type=application/json
Cookies:		<none>
Multiparts:		<none>
Body:
{
    "userId": "56739013",
    "collectionOfIsbns": [
        {
            "isbn": "9781491950296"
        },
        {
            "isbn": "9781449331818"
        },
        {
            "isbn": "9781593277574"
        }
    ]
}
14:04:35.999 [Test worker] DEBUG org.apache.http.impl.conn.BasicClientConnectionManager -- Get connection for route {s}->https://demoqa.com:443
14:04:35.999 [Test worker] DEBUG org.apache.http.impl.conn.DefaultClientConnectionOperator -- Connecting to demoqa.com:443
14:04:36.065 [Finalizer] DEBUG org.apache.http.impl.conn.DefaultClientConnection -- Connection 0.0.0.0:53164<->176.58.101.124:443 closed
14:04:37.073 [Test worker] DEBUG org.apache.http.client.protocol.RequestAddCookies -- CookieSpec selected: ignoreCookies
14:04:37.073 [Test worker] DEBUG org.apache.http.client.protocol.RequestAuthCache -- Auth cache not set in the context
14:04:37.073 [Test worker] DEBUG org.apache.http.client.protocol.RequestProxyAuthentication -- Proxy auth state: UNCHALLENGED
14:04:37.073 [Test worker] DEBUG org.apache.http.impl.client.DefaultHttpClient -- Attempt 1 to execute request
14:04:37.073 [Test worker] DEBUG org.apache.http.impl.conn.DefaultClientConnection -- Sending request: POST /BookStore/v1/Books HTTP/1.1
14:04:37.073 [Test worker] DEBUG org.apache.http.wire --  >> "POST /BookStore/v1/Books HTTP/1.1[\r][\n]"
14:04:37.073 [Test worker] DEBUG org.apache.http.wire --  >> "Authorization: Bearer eyJhbGciOiJIUzI1NiIsInR5cCI6IkpXVCJ9.eyJ1c2VyTmFtZSI6InNhbmRpZS5vbHNvbiIsInBhc3N3b3JkIjoiMTIzUm9uMzIxJiIsImlhdCI6MTcwMjQ3MjY3NX0.Kr6L3GIXMNuwVHx_Rof4aQyiQqdj2NiSSajWCDW2Ka4[\r][\n]"
14:04:37.073 [Test worker] DEBUG org.apache.http.wire --  >> "Accept: */*[\r][\n]"
14:04:37.074 [Test worker] DEBUG org.apache.http.wire --  >> "Content-Type: application/json[\r][\n]"
14:04:37.074 [Test worker] DEBUG org.apache.http.wire --  >> "Content-Length: 118[\r][\n]"
14:04:37.074 [Test worker] DEBUG org.apache.http.wire --  >> "Host: demoqa.com[\r][\n]"
14:04:37.074 [Test worker] DEBUG org.apache.http.wire --  >> "Connection: Keep-Alive[\r][\n]"
14:04:37.074 [Test worker] DEBUG org.apache.http.wire --  >> "User-Agent: Apache-HttpClient/4.5.13 (Java/11.0.20)[\r][\n]"
14:04:37.074 [Test worker] DEBUG org.apache.http.wire --  >> "Accept-Encoding: gzip,deflate[\r][\n]"
14:04:37.074 [Test worker] DEBUG org.apache.http.wire --  >> "[\r][\n]"
14:04:37.074 [Test worker] DEBUG org.apache.http.headers -- >> POST /BookStore/v1/Books HTTP/1.1
14:04:37.074 [Test worker] DEBUG org.apache.http.headers -- >> Authorization: Bearer eyJhbGciOiJIUzI1NiIsInR5cCI6IkpXVCJ9.eyJ1c2VyTmFtZSI6InNhbmRpZS5vbHNvbiIsInBhc3N3b3JkIjoiMTIzUm9uMzIxJiIsImlhdCI6MTcwMjQ3MjY3NX0.Kr6L3GIXMNuwVHx_Rof4aQyiQqdj2NiSSajWCDW2Ka4
14:04:37.074 [Test worker] DEBUG org.apache.http.headers -- >> Accept: */*
14:04:37.074 [Test worker] DEBUG org.apache.http.headers -- >> Content-Type: application/json
14:04:37.074 [Test worker] DEBUG org.apache.http.headers -- >> Content-Length: 118
14:04:37.074 [Test worker] DEBUG org.apache.http.headers -- >> Host: demoqa.com
14:04:37.074 [Test worker] DEBUG org.apache.http.headers -- >> Connection: Keep-Alive
14:04:37.074 [Test worker] DEBUG org.apache.http.headers -- >> User-Agent: Apache-HttpClient/4.5.13 (Java/11.0.20)
14:04:37.074 [Test worker] DEBUG org.apache.http.headers -- >> Accept-Encoding: gzip,deflate
14:04:37.074 [Test worker] DEBUG org.apache.http.wire --  >> "{"userId":"56739013","collectionOfIsbns":[{"isbn":"9781491950296"},{"isbn":"9781449331818"},{"isbn":"9781593277574"}]}"
14:04:37.107 [Test worker] DEBUG org.apache.http.wire --  << "HTTP/1.1 401 Unauthorized[\r][\n]"
14:04:37.107 [Test worker] DEBUG org.apache.http.wire --  << "Server: nginx/1.17.10 (Ubuntu)[\r][\n]"
14:04:37.107 [Test worker] DEBUG org.apache.http.wire --  << "Date: Wed, 13 Dec 2023 13:04:38 GMT[\r][\n]"
14:04:37.107 [Test worker] DEBUG org.apache.http.wire --  << "Content-Type: application/json; charset=utf-8[\r][\n]"
14:04:37.107 [Test worker] DEBUG org.apache.http.wire --  << "Content-Length: 48[\r][\n]"
14:04:37.107 [Test worker] DEBUG org.apache.http.wire --  << "Connection: keep-alive[\r][\n]"
14:04:37.107 [Test worker] DEBUG org.apache.http.wire --  << "X-Powered-By: Express[\r][\n]"
14:04:37.107 [Test worker] DEBUG org.apache.http.wire --  << "ETag: W/"30-zoAnprTpYK9HmHYlpHOx6U+Br2A"[\r][\n]"
14:04:37.107 [Test worker] DEBUG org.apache.http.wire --  << "[\r][\n]"
14:04:37.107 [Test worker] DEBUG org.apache.http.impl.conn.DefaultClientConnection -- Receiving response: HTTP/1.1 401 Unauthorized
14:04:37.107 [Test worker] DEBUG org.apache.http.headers -- << HTTP/1.1 401 Unauthorized
14:04:37.108 [Test worker] DEBUG org.apache.http.headers -- << Server: nginx/1.17.10 (Ubuntu)
14:04:37.108 [Test worker] DEBUG org.apache.http.headers -- << Date: Wed, 13 Dec 2023 13:04:38 GMT
14:04:37.108 [Test worker] DEBUG org.apache.http.headers -- << Content-Type: application/json; charset=utf-8
14:04:37.108 [Test worker] DEBUG org.apache.http.headers -- << Content-Length: 48
14:04:37.108 [Test worker] DEBUG org.apache.http.headers -- << Connection: keep-alive
14:04:37.108 [Test worker] DEBUG org.apache.http.headers -- << X-Powered-By: Express
14:04:37.108 [Test worker] DEBUG org.apache.http.headers -- << ETag: W/"30-zoAnprTpYK9HmHYlpHOx6U+Br2A"
14:04:37.108 [Test worker] DEBUG org.apache.http.impl.client.DefaultHttpClient -- Connection can be kept alive indefinitely
14:04:37.108 [Test worker] DEBUG org.apache.http.impl.client.DefaultHttpClient -- Authentication required
14:04:37.108 [Test worker] DEBUG org.apache.http.impl.client.DefaultHttpClient -- demoqa.com:443 requested authentication
14:04:37.108 [Test worker] DEBUG org.apache.http.impl.client.DefaultHttpClient -- Response contains no authentication challenges
14:04:37.109 [Test worker] DEBUG io.restassured.internal.RestAssuredHttpBuilder -- Parsing response as: application/json; charset=utf-8
14:04:37.109 [Test worker] DEBUG io.restassured.internal.RestAssuredHttpBuilder -- Parsed data to instance of: class org.apache.http.conn.EofSensorInputStream
14:04:37.110 [Test worker] DEBUG org.apache.http.wire --  << "{"code":"1207","message":"User Id not correct!"}"
14:04:37.111 [Test worker] DEBUG org.apache.http.impl.conn.BasicClientConnectionManager -- Releasing connection org.apache.http.impl.conn.ManagedClientConnectionImpl@7c089fbc
14:04:37.111 [Test worker] DEBUG org.apache.http.impl.conn.BasicClientConnectionManager -- Connection can be kept alive indefinitely
HTTP/1.1 401 Unauthorized
Server: nginx/1.17.10 (Ubuntu)
Date: Wed, 13 Dec 2023 13:04:38 GMT
Content-Type: application/json; charset=utf-8
Content-Length: 48
Connection: keep-alive
X-Powered-By: Express
ETag: W/"30-zoAnprTpYK9HmHYlpHOx6U+Br2A"

{
    "code": "1207",
    "message": "User Id not correct!"
}
Request method:	POST
Request URI:	https://demoqa.com/Account/v1/User
Proxy:			<none>
Request params:	<none>
Query params:	<none>
Form params:	<none>
Path params:	<none>
Headers:		Accept=*/*
				Content-Type=application/json
Cookies:		<none>
Multiparts:		<none>
Body:
{
    "userName": "elton.schultz",
    "password": "123Ron321&"
}
14:04:37.210 [Test worker] DEBUG org.apache.http.impl.conn.BasicClientConnectionManager -- Get connection for route {s}->https://demoqa.com:443
14:04:37.210 [Test worker] DEBUG org.apache.http.impl.conn.DefaultClientConnectionOperator -- Connecting to demoqa.com:443
14:04:37.586 [Test worker] DEBUG org.apache.http.client.protocol.RequestAddCookies -- CookieSpec selected: ignoreCookies
14:04:37.587 [Test worker] DEBUG org.apache.http.client.protocol.RequestAuthCache -- Auth cache not set in the context
14:04:37.587 [Test worker] DEBUG org.apache.http.client.protocol.RequestTargetAuthentication -- Target auth state: UNCHALLENGED
14:04:37.587 [Test worker] DEBUG org.apache.http.client.protocol.RequestProxyAuthentication -- Proxy auth state: UNCHALLENGED
14:04:37.587 [Test worker] DEBUG org.apache.http.impl.client.DefaultHttpClient -- Attempt 1 to execute request
14:04:37.587 [Test worker] DEBUG org.apache.http.impl.conn.DefaultClientConnection -- Sending request: POST /Account/v1/User HTTP/1.1
14:04:37.587 [Test worker] DEBUG org.apache.http.wire --  >> "POST /Account/v1/User HTTP/1.1[\r][\n]"
14:04:37.587 [Test worker] DEBUG org.apache.http.wire --  >> "Accept: */*[\r][\n]"
14:04:37.587 [Test worker] DEBUG org.apache.http.wire --  >> "Content-Type: application/json[\r][\n]"
14:04:37.587 [Test worker] DEBUG org.apache.http.wire --  >> "Content-Length: 52[\r][\n]"
14:04:37.587 [Test worker] DEBUG org.apache.http.wire --  >> "Host: demoqa.com[\r][\n]"
14:04:37.587 [Test worker] DEBUG org.apache.http.wire --  >> "Connection: Keep-Alive[\r][\n]"
14:04:37.587 [Test worker] DEBUG org.apache.http.wire --  >> "User-Agent: Apache-HttpClient/4.5.13 (Java/11.0.20)[\r][\n]"
14:04:37.587 [Test worker] DEBUG org.apache.http.wire --  >> "Accept-Encoding: gzip,deflate[\r][\n]"
14:04:37.587 [Test worker] DEBUG org.apache.http.wire --  >> "[\r][\n]"
14:04:37.587 [Test worker] DEBUG org.apache.http.headers -- >> POST /Account/v1/User HTTP/1.1
14:04:37.587 [Test worker] DEBUG org.apache.http.headers -- >> Accept: */*
14:04:37.587 [Test worker] DEBUG org.apache.http.headers -- >> Content-Type: application/json
14:04:37.587 [Test worker] DEBUG org.apache.http.headers -- >> Content-Length: 52
14:04:37.587 [Test worker] DEBUG org.apache.http.headers -- >> Host: demoqa.com
14:04:37.587 [Test worker] DEBUG org.apache.http.headers -- >> Connection: Keep-Alive
14:04:37.587 [Test worker] DEBUG org.apache.http.headers -- >> User-Agent: Apache-HttpClient/4.5.13 (Java/11.0.20)
14:04:37.587 [Test worker] DEBUG org.apache.http.headers -- >> Accept-Encoding: gzip,deflate
14:04:37.587 [Test worker] DEBUG org.apache.http.wire --  >> "{"userName":"elton.schultz","password":"123Ron321&"}"
14:04:38.029 [Test worker] DEBUG org.apache.http.wire --  << "HTTP/1.1 201 Created[\r][\n]"
14:04:38.029 [Test worker] DEBUG org.apache.http.wire --  << "Server: nginx/1.17.10 (Ubuntu)[\r][\n]"
14:04:38.029 [Test worker] DEBUG org.apache.http.wire --  << "Date: Wed, 13 Dec 2023 13:04:39 GMT[\r][\n]"
14:04:38.029 [Test worker] DEBUG org.apache.http.wire --  << "Content-Type: application/json; charset=utf-8[\r][\n]"
14:04:38.029 [Test worker] DEBUG org.apache.http.wire --  << "Content-Length: 87[\r][\n]"
14:04:38.029 [Test worker] DEBUG org.apache.http.wire --  << "Connection: keep-alive[\r][\n]"
14:04:38.029 [Test worker] DEBUG org.apache.http.wire --  << "X-Powered-By: Express[\r][\n]"
14:04:38.029 [Test worker] DEBUG org.apache.http.wire --  << "ETag: W/"57-zkFrbDHMUSLnDEOK+kiPfqjPIv4"[\r][\n]"
14:04:38.029 [Test worker] DEBUG org.apache.http.wire --  << "[\r][\n]"
14:04:38.030 [Test worker] DEBUG org.apache.http.impl.conn.DefaultClientConnection -- Receiving response: HTTP/1.1 201 Created
14:04:38.030 [Test worker] DEBUG org.apache.http.headers -- << HTTP/1.1 201 Created
14:04:38.030 [Test worker] DEBUG org.apache.http.headers -- << Server: nginx/1.17.10 (Ubuntu)
14:04:38.030 [Test worker] DEBUG org.apache.http.headers -- << Date: Wed, 13 Dec 2023 13:04:39 GMT
14:04:38.030 [Test worker] DEBUG org.apache.http.headers -- << Content-Type: application/json; charset=utf-8
14:04:38.030 [Test worker] DEBUG org.apache.http.headers -- << Content-Length: 87
14:04:38.030 [Test worker] DEBUG org.apache.http.headers -- << Connection: keep-alive
14:04:38.030 [Test worker] DEBUG org.apache.http.headers -- << X-Powered-By: Express
14:04:38.030 [Test worker] DEBUG org.apache.http.headers -- << ETag: W/"57-zkFrbDHMUSLnDEOK+kiPfqjPIv4"
14:04:38.030 [Test worker] DEBUG org.apache.http.impl.client.DefaultHttpClient -- Connection can be kept alive indefinitely
14:04:38.030 [Test worker] DEBUG io.restassured.internal.RestAssuredHttpBuilder -- Parsing response as: application/json; charset=utf-8
14:04:38.030 [Test worker] DEBUG io.restassured.internal.RestAssuredHttpBuilder -- Parsed data to instance of: class org.apache.http.conn.EofSensorInputStream
14:04:38.032 [Test worker] DEBUG org.apache.http.wire --  << "{"userID":"bdbded14-bb99-4189-9569-ec06e0147db8","username":"elton.schultz","books":[]}"
14:04:38.032 [Test worker] DEBUG org.apache.http.impl.conn.BasicClientConnectionManager -- Releasing connection org.apache.http.impl.conn.ManagedClientConnectionImpl@79e2bc7d
14:04:38.032 [Test worker] DEBUG org.apache.http.impl.conn.BasicClientConnectionManager -- Connection can be kept alive indefinitely
HTTP/1.1 201 Created
Server: nginx/1.17.10 (Ubuntu)
Date: Wed, 13 Dec 2023 13:04:39 GMT
Content-Type: application/json; charset=utf-8
Content-Length: 87
Connection: keep-alive
X-Powered-By: Express
ETag: W/"57-zkFrbDHMUSLnDEOK+kiPfqjPIv4"

{
    "userID": "bdbded14-bb99-4189-9569-ec06e0147db8",
    "username": "elton.schultz",
    "books": [
        
    ]
}
Request method:	POST
Request URI:	https://demoqa.com/Account/v1/GenerateToken
Proxy:			<none>
Request params:	<none>
Query params:	<none>
Form params:	<none>
Path params:	<none>
Headers:		Accept=*/*
				Content-Type=application/json
Cookies:		<none>
Multiparts:		<none>
Body:
{
    "userName": "elton.schultz",
    "password": "123Ron321&"
}
14:04:38.070 [Test worker] DEBUG org.apache.http.impl.conn.BasicClientConnectionManager -- Get connection for route {s}->https://demoqa.com:443
14:04:38.070 [Test worker] DEBUG org.apache.http.impl.conn.DefaultClientConnectionOperator -- Connecting to demoqa.com:443
14:04:39.198 [Test worker] DEBUG org.apache.http.client.protocol.RequestAddCookies -- CookieSpec selected: ignoreCookies
14:04:39.199 [Test worker] DEBUG org.apache.http.client.protocol.RequestAuthCache -- Auth cache not set in the context
14:04:39.199 [Test worker] DEBUG org.apache.http.client.protocol.RequestTargetAuthentication -- Target auth state: UNCHALLENGED
14:04:39.199 [Test worker] DEBUG org.apache.http.client.protocol.RequestProxyAuthentication -- Proxy auth state: UNCHALLENGED
14:04:39.199 [Test worker] DEBUG org.apache.http.impl.client.DefaultHttpClient -- Attempt 1 to execute request
14:04:39.199 [Test worker] DEBUG org.apache.http.impl.conn.DefaultClientConnection -- Sending request: POST /Account/v1/GenerateToken HTTP/1.1
14:04:39.199 [Test worker] DEBUG org.apache.http.wire --  >> "POST /Account/v1/GenerateToken HTTP/1.1[\r][\n]"
14:04:39.199 [Test worker] DEBUG org.apache.http.wire --  >> "Accept: */*[\r][\n]"
14:04:39.199 [Test worker] DEBUG org.apache.http.wire --  >> "Content-Type: application/json[\r][\n]"
14:04:39.199 [Test worker] DEBUG org.apache.http.wire --  >> "Content-Length: 52[\r][\n]"
14:04:39.199 [Test worker] DEBUG org.apache.http.wire --  >> "Host: demoqa.com[\r][\n]"
14:04:39.199 [Test worker] DEBUG org.apache.http.wire --  >> "Connection: Keep-Alive[\r][\n]"
14:04:39.199 [Test worker] DEBUG org.apache.http.wire --  >> "User-Agent: Apache-HttpClient/4.5.13 (Java/11.0.20)[\r][\n]"
14:04:39.199 [Test worker] DEBUG org.apache.http.wire --  >> "Accept-Encoding: gzip,deflate[\r][\n]"
14:04:39.199 [Test worker] DEBUG org.apache.http.wire --  >> "[\r][\n]"
14:04:39.199 [Test worker] DEBUG org.apache.http.headers -- >> POST /Account/v1/GenerateToken HTTP/1.1
14:04:39.199 [Test worker] DEBUG org.apache.http.headers -- >> Accept: */*
14:04:39.199 [Test worker] DEBUG org.apache.http.headers -- >> Content-Type: application/json
14:04:39.199 [Test worker] DEBUG org.apache.http.headers -- >> Content-Length: 52
14:04:39.199 [Test worker] DEBUG org.apache.http.headers -- >> Host: demoqa.com
14:04:39.199 [Test worker] DEBUG org.apache.http.headers -- >> Connection: Keep-Alive
14:04:39.199 [Test worker] DEBUG org.apache.http.headers -- >> User-Agent: Apache-HttpClient/4.5.13 (Java/11.0.20)
14:04:39.199 [Test worker] DEBUG org.apache.http.headers -- >> Accept-Encoding: gzip,deflate
14:04:39.199 [Test worker] DEBUG org.apache.http.wire --  >> "{"userName":"elton.schultz","password":"123Ron321&"}"
14:04:39.560 [Test worker] DEBUG org.apache.http.wire --  << "HTTP/1.1 200 OK[\r][\n]"
14:04:39.560 [Test worker] DEBUG org.apache.http.wire --  << "Server: nginx/1.17.10 (Ubuntu)[\r][\n]"
14:04:39.560 [Test worker] DEBUG org.apache.http.wire --  << "Date: Wed, 13 Dec 2023 13:04:40 GMT[\r][\n]"
14:04:39.560 [Test worker] DEBUG org.apache.http.wire --  << "Content-Type: application/json; charset=utf-8[\r][\n]"
14:04:39.560 [Test worker] DEBUG org.apache.http.wire --  << "Content-Length: 282[\r][\n]"
14:04:39.560 [Test worker] DEBUG org.apache.http.wire --  << "Connection: keep-alive[\r][\n]"
14:04:39.560 [Test worker] DEBUG org.apache.http.wire --  << "X-Powered-By: Express[\r][\n]"
14:04:39.560 [Test worker] DEBUG org.apache.http.wire --  << "ETag: W/"11a-UuYteS0xCG97pn8ZQWsyQOYJ9Rw"[\r][\n]"
14:04:39.560 [Test worker] DEBUG org.apache.http.wire --  << "[\r][\n]"
14:04:39.560 [Test worker] DEBUG org.apache.http.impl.conn.DefaultClientConnection -- Receiving response: HTTP/1.1 200 OK
14:04:39.560 [Test worker] DEBUG org.apache.http.headers -- << HTTP/1.1 200 OK
14:04:39.560 [Test worker] DEBUG org.apache.http.headers -- << Server: nginx/1.17.10 (Ubuntu)
14:04:39.560 [Test worker] DEBUG org.apache.http.headers -- << Date: Wed, 13 Dec 2023 13:04:40 GMT
14:04:39.560 [Test worker] DEBUG org.apache.http.headers -- << Content-Type: application/json; charset=utf-8
14:04:39.560 [Test worker] DEBUG org.apache.http.headers -- << Content-Length: 282
14:04:39.560 [Test worker] DEBUG org.apache.http.headers -- << Connection: keep-alive
14:04:39.560 [Test worker] DEBUG org.apache.http.headers -- << X-Powered-By: Express
14:04:39.560 [Test worker] DEBUG org.apache.http.headers -- << ETag: W/"11a-UuYteS0xCG97pn8ZQWsyQOYJ9Rw"
14:04:39.560 [Test worker] DEBUG org.apache.http.impl.client.DefaultHttpClient -- Connection can be kept alive indefinitely
14:04:39.560 [Test worker] DEBUG io.restassured.internal.RestAssuredHttpBuilder -- Parsing response as: application/json; charset=utf-8
14:04:39.560 [Test worker] DEBUG io.restassured.internal.RestAssuredHttpBuilder -- Parsed data to instance of: class org.apache.http.conn.EofSensorInputStream
14:04:39.561 [Test worker] DEBUG org.apache.http.wire --  << "{"token":"eyJhbGciOiJIUzI1NiIsInR5cCI6IkpXVCJ9.eyJ1c2VyTmFtZSI6ImVsdG9uLnNjaHVsdHoiLCJwYXNzd29yZCI6IjEyM1JvbjMyMSYiLCJpYXQiOjE3MDI0NzI2ODB9.pNNfiFWzovTiu9wcutpEgm4ipjWostg33OW_9uMZnY8","expires":"2023-12-20T13:04:40.498Z","status":"Success","result":"User authorized successfully."}"
14:04:39.562 [Test worker] DEBUG org.apache.http.impl.conn.BasicClientConnectionManager -- Releasing connection org.apache.http.impl.conn.ManagedClientConnectionImpl@524911cd
14:04:39.562 [Test worker] DEBUG org.apache.http.impl.conn.BasicClientConnectionManager -- Connection can be kept alive indefinitely
HTTP/1.1 200 OK
Server: nginx/1.17.10 (Ubuntu)
Date: Wed, 13 Dec 2023 13:04:40 GMT
Content-Type: application/json; charset=utf-8
Content-Length: 282
Connection: keep-alive
X-Powered-By: Express
ETag: W/"11a-UuYteS0xCG97pn8ZQWsyQOYJ9Rw"

{
    "token": "eyJhbGciOiJIUzI1NiIsInR5cCI6IkpXVCJ9.eyJ1c2VyTmFtZSI6ImVsdG9uLnNjaHVsdHoiLCJwYXNzd29yZCI6IjEyM1JvbjMyMSYiLCJpYXQiOjE3MDI0NzI2ODB9.pNNfiFWzovTiu9wcutpEgm4ipjWostg33OW_9uMZnY8",
    "expires": "2023-12-20T13:04:40.498Z",
    "status": "Success",
    "result": "User authorized successfully."
}
Request method:	DELETE
Request URI:	https://demoqa.com/BookStore/v1/Books?UserId=bdbded14-bb99-4189-9569-ec06e0147db8
Proxy:			<none>
Request params:	<none>
Query params:	UserId=bdbded14-bb99-4189-9569-ec06e0147db8
Form params:	<none>
Path params:	<none>
Headers:		Authorization=Bearer eyJhbGciOiJIUzI1NiIsInR5cCI6IkpXVCJ9.eyJ1c2VyTmFtZSI6ImVsdG9uLnNjaHVsdHoiLCJwYXNzd29yZCI6IjEyM1JvbjMyMSYiLCJpYXQiOjE3MDI0NzI2ODB9.pNNfiFWzovTiu9wcutpEgm4ipjWostg33OW_9uMZnY8
				Accept=*/*
				Content-Type=application/json
Cookies:		<none>
Multiparts:		<none>
Body:			<none>
14:04:39.604 [Test worker] DEBUG org.apache.http.impl.conn.BasicClientConnectionManager -- Get connection for route {s}->https://demoqa.com:443
14:04:39.604 [Test worker] DEBUG org.apache.http.impl.conn.DefaultClientConnectionOperator -- Connecting to demoqa.com:443
14:04:39.678 [Test worker] DEBUG org.apache.http.client.protocol.RequestAddCookies -- CookieSpec selected: ignoreCookies
14:04:39.678 [Test worker] DEBUG org.apache.http.client.protocol.RequestAuthCache -- Auth cache not set in the context
14:04:39.678 [Test worker] DEBUG org.apache.http.client.protocol.RequestProxyAuthentication -- Proxy auth state: UNCHALLENGED
14:04:39.678 [Test worker] DEBUG org.apache.http.impl.client.DefaultHttpClient -- Attempt 1 to execute request
14:04:39.678 [Test worker] DEBUG org.apache.http.impl.conn.DefaultClientConnection -- Sending request: DELETE /BookStore/v1/Books?UserId=bdbded14-bb99-4189-9569-ec06e0147db8 HTTP/1.1
14:04:39.678 [Test worker] DEBUG org.apache.http.wire --  >> "DELETE /BookStore/v1/Books?UserId=bdbded14-bb99-4189-9569-ec06e0147db8 HTTP/1.1[\r][\n]"
14:04:39.678 [Test worker] DEBUG org.apache.http.wire --  >> "Content-Type: application/json[\r][\n]"
14:04:39.678 [Test worker] DEBUG org.apache.http.wire --  >> "Authorization: Bearer eyJhbGciOiJIUzI1NiIsInR5cCI6IkpXVCJ9.eyJ1c2VyTmFtZSI6ImVsdG9uLnNjaHVsdHoiLCJwYXNzd29yZCI6IjEyM1JvbjMyMSYiLCJpYXQiOjE3MDI0NzI2ODB9.pNNfiFWzovTiu9wcutpEgm4ipjWostg33OW_9uMZnY8[\r][\n]"
14:04:39.678 [Test worker] DEBUG org.apache.http.wire --  >> "Accept: */*[\r][\n]"
14:04:39.678 [Test worker] DEBUG org.apache.http.wire --  >> "Host: demoqa.com[\r][\n]"
14:04:39.678 [Test worker] DEBUG org.apache.http.wire --  >> "Connection: Keep-Alive[\r][\n]"
14:04:39.679 [Test worker] DEBUG org.apache.http.wire --  >> "User-Agent: Apache-HttpClient/4.5.13 (Java/11.0.20)[\r][\n]"
14:04:39.679 [Test worker] DEBUG org.apache.http.wire --  >> "Accept-Encoding: gzip,deflate[\r][\n]"
14:04:39.679 [Test worker] DEBUG org.apache.http.wire --  >> "[\r][\n]"
14:04:39.679 [Test worker] DEBUG org.apache.http.headers -- >> DELETE /BookStore/v1/Books?UserId=bdbded14-bb99-4189-9569-ec06e0147db8 HTTP/1.1
14:04:39.679 [Test worker] DEBUG org.apache.http.headers -- >> Content-Type: application/json
14:04:39.679 [Test worker] DEBUG org.apache.http.headers -- >> Authorization: Bearer eyJhbGciOiJIUzI1NiIsInR5cCI6IkpXVCJ9.eyJ1c2VyTmFtZSI6ImVsdG9uLnNjaHVsdHoiLCJwYXNzd29yZCI6IjEyM1JvbjMyMSYiLCJpYXQiOjE3MDI0NzI2ODB9.pNNfiFWzovTiu9wcutpEgm4ipjWostg33OW_9uMZnY8
14:04:39.679 [Test worker] DEBUG org.apache.http.headers -- >> Accept: */*
14:04:39.679 [Test worker] DEBUG org.apache.http.headers -- >> Host: demoqa.com
14:04:39.679 [Test worker] DEBUG org.apache.http.headers -- >> Connection: Keep-Alive
14:04:39.679 [Test worker] DEBUG org.apache.http.headers -- >> User-Agent: Apache-HttpClient/4.5.13 (Java/11.0.20)
14:04:39.679 [Test worker] DEBUG org.apache.http.headers -- >> Accept-Encoding: gzip,deflate
14:04:40.289 [Test worker] DEBUG org.apache.http.wire --  << "HTTP/1.1 204 No Content[\r][\n]"
14:04:40.289 [Test worker] DEBUG org.apache.http.wire --  << "Server: nginx/1.17.10 (Ubuntu)[\r][\n]"
14:04:40.289 [Test worker] DEBUG org.apache.http.wire --  << "Date: Wed, 13 Dec 2023 13:04:41 GMT[\r][\n]"
14:04:40.289 [Test worker] DEBUG org.apache.http.wire --  << "Connection: keep-alive[\r][\n]"
14:04:40.289 [Test worker] DEBUG org.apache.http.wire --  << "X-Powered-By: Express[\r][\n]"
14:04:40.289 [Test worker] DEBUG org.apache.http.wire --  << "ETag: W/"44-1mNkCgFWXrysm2bVvAhS6jkBOlQ"[\r][\n]"
14:04:40.289 [Test worker] DEBUG org.apache.http.wire --  << "[\r][\n]"
14:04:40.289 [Test worker] DEBUG org.apache.http.impl.conn.DefaultClientConnection -- Receiving response: HTTP/1.1 204 No Content
14:04:40.289 [Test worker] DEBUG org.apache.http.headers -- << HTTP/1.1 204 No Content
14:04:40.289 [Test worker] DEBUG org.apache.http.headers -- << Server: nginx/1.17.10 (Ubuntu)
14:04:40.289 [Test worker] DEBUG org.apache.http.headers -- << Date: Wed, 13 Dec 2023 13:04:41 GMT
14:04:40.289 [Test worker] DEBUG org.apache.http.headers -- << Connection: keep-alive
14:04:40.289 [Test worker] DEBUG org.apache.http.headers -- << X-Powered-By: Express
14:04:40.289 [Test worker] DEBUG org.apache.http.headers -- << ETag: W/"44-1mNkCgFWXrysm2bVvAhS6jkBOlQ"
14:04:40.289 [Test worker] DEBUG org.apache.http.impl.client.DefaultHttpClient -- Connection can be kept alive indefinitely
14:04:40.290 [Test worker] DEBUG org.apache.http.impl.conn.BasicClientConnectionManager -- Releasing connection org.apache.http.impl.conn.ManagedClientConnectionImpl@144d8c4f
14:04:40.290 [Test worker] DEBUG org.apache.http.impl.conn.BasicClientConnectionManager -- Connection can be kept alive indefinitely
HTTP/1.1 204 No Content
Server: nginx/1.17.10 (Ubuntu)
Date: Wed, 13 Dec 2023 13:04:41 GMT
Connection: keep-alive
X-Powered-By: Express
ETag: W/"44-1mNkCgFWXrysm2bVvAhS6jkBOlQ"
Request method:	GET
Request URI:	https://demoqa.com/BookStore/v1/Books
Proxy:			<none>
Request params:	<none>
Query params:	<none>
Form params:	<none>
Path params:	<none>
Headers:		Accept=*/*
				Content-Type=application/json
Cookies:		<none>
Multiparts:		<none>
Body:			<none>
14:04:40.300 [Test worker] DEBUG org.apache.http.impl.conn.BasicClientConnectionManager -- Get connection for route {s}->https://demoqa.com:443
14:04:40.301 [Test worker] DEBUG org.apache.http.impl.conn.DefaultClientConnectionOperator -- Connecting to demoqa.com:443
14:04:40.619 [Test worker] DEBUG org.apache.http.client.protocol.RequestAddCookies -- CookieSpec selected: ignoreCookies
14:04:40.619 [Test worker] DEBUG org.apache.http.client.protocol.RequestAuthCache -- Auth cache not set in the context
14:04:40.619 [Test worker] DEBUG org.apache.http.client.protocol.RequestTargetAuthentication -- Target auth state: UNCHALLENGED
14:04:40.619 [Test worker] DEBUG org.apache.http.client.protocol.RequestProxyAuthentication -- Proxy auth state: UNCHALLENGED
14:04:40.619 [Test worker] DEBUG org.apache.http.impl.client.DefaultHttpClient -- Attempt 1 to execute request
14:04:40.619 [Test worker] DEBUG org.apache.http.impl.conn.DefaultClientConnection -- Sending request: GET /BookStore/v1/Books HTTP/1.1
14:04:40.619 [Test worker] DEBUG org.apache.http.wire --  >> "GET /BookStore/v1/Books HTTP/1.1[\r][\n]"
14:04:40.620 [Test worker] DEBUG org.apache.http.wire --  >> "Content-Type: application/json[\r][\n]"
14:04:40.620 [Test worker] DEBUG org.apache.http.wire --  >> "Accept: */*[\r][\n]"
14:04:40.620 [Test worker] DEBUG org.apache.http.wire --  >> "Host: demoqa.com[\r][\n]"
14:04:40.620 [Test worker] DEBUG org.apache.http.wire --  >> "Connection: Keep-Alive[\r][\n]"
14:04:40.620 [Test worker] DEBUG org.apache.http.wire --  >> "User-Agent: Apache-HttpClient/4.5.13 (Java/11.0.20)[\r][\n]"
14:04:40.620 [Test worker] DEBUG org.apache.http.wire --  >> "Accept-Encoding: gzip,deflate[\r][\n]"
14:04:40.620 [Test worker] DEBUG org.apache.http.wire --  >> "[\r][\n]"
14:04:40.620 [Test worker] DEBUG org.apache.http.headers -- >> GET /BookStore/v1/Books HTTP/1.1
14:04:40.620 [Test worker] DEBUG org.apache.http.headers -- >> Content-Type: application/json
14:04:40.620 [Test worker] DEBUG org.apache.http.headers -- >> Accept: */*
14:04:40.620 [Test worker] DEBUG org.apache.http.headers -- >> Host: demoqa.com
14:04:40.620 [Test worker] DEBUG org.apache.http.headers -- >> Connection: Keep-Alive
14:04:40.620 [Test worker] DEBUG org.apache.http.headers -- >> User-Agent: Apache-HttpClient/4.5.13 (Java/11.0.20)
14:04:40.620 [Test worker] DEBUG org.apache.http.headers -- >> Accept-Encoding: gzip,deflate
14:04:40.697 [Test worker] DEBUG org.apache.http.wire --  << "HTTP/1.1 200 OK[\r][\n]"
14:04:40.697 [Test worker] DEBUG org.apache.http.wire --  << "Server: nginx/1.17.10 (Ubuntu)[\r][\n]"
14:04:40.697 [Test worker] DEBUG org.apache.http.wire --  << "Date: Wed, 13 Dec 2023 13:04:41 GMT[\r][\n]"
14:04:40.697 [Test worker] DEBUG org.apache.http.wire --  << "Content-Type: application/json; charset=utf-8[\r][\n]"
14:04:40.697 [Test worker] DEBUG org.apache.http.wire --  << "Content-Length: 4514[\r][\n]"
14:04:40.697 [Test worker] DEBUG org.apache.http.wire --  << "Connection: keep-alive[\r][\n]"
14:04:40.697 [Test worker] DEBUG org.apache.http.wire --  << "X-Powered-By: Express[\r][\n]"
14:04:40.697 [Test worker] DEBUG org.apache.http.wire --  << "ETag: W/"11a2-8zfX++QwcgaCjSU6F8JP9fUd1tY"[\r][\n]"
14:04:40.697 [Test worker] DEBUG org.apache.http.wire --  << "[\r][\n]"
14:04:40.697 [Test worker] DEBUG org.apache.http.impl.conn.DefaultClientConnection -- Receiving response: HTTP/1.1 200 OK
14:04:40.697 [Test worker] DEBUG org.apache.http.headers -- << HTTP/1.1 200 OK
14:04:40.697 [Test worker] DEBUG org.apache.http.headers -- << Server: nginx/1.17.10 (Ubuntu)
14:04:40.697 [Test worker] DEBUG org.apache.http.headers -- << Date: Wed, 13 Dec 2023 13:04:41 GMT
14:04:40.697 [Test worker] DEBUG org.apache.http.headers -- << Content-Type: application/json; charset=utf-8
14:04:40.697 [Test worker] DEBUG org.apache.http.headers -- << Content-Length: 4514
14:04:40.697 [Test worker] DEBUG org.apache.http.headers -- << Connection: keep-alive
14:04:40.697 [Test worker] DEBUG org.apache.http.headers -- << X-Powered-By: Express
14:04:40.697 [Test worker] DEBUG org.apache.http.headers -- << ETag: W/"11a2-8zfX++QwcgaCjSU6F8JP9fUd1tY"
14:04:40.697 [Test worker] DEBUG org.apache.http.impl.client.DefaultHttpClient -- Connection can be kept alive indefinitely
14:04:40.697 [Test worker] DEBUG io.restassured.internal.RestAssuredHttpBuilder -- Parsing response as: application/json; charset=utf-8
14:04:40.697 [Test worker] DEBUG io.restassured.internal.RestAssuredHttpBuilder -- Parsed data to instance of: class org.apache.http.conn.EofSensorInputStream
14:04:40.698 [Test worker] DEBUG org.apache.http.wire --  << "{"books":[{"isbn":"9781449325862","title":"Git Pocket Guide","subTitle":"A Working Introduction","author":"Richard E. Silverman","publish_date":"2020-06-04T08:48:39.000Z","publisher":"O'Reilly Media","pages":234,"description":"This pocket guide is the perfect on-the-job companion to Git, the distributed version control system. It provides a compact, readable introduction to Git for new users, as well as a reference to common commands and procedures for those of you with Git exp","website":"http://chimera.labs.oreilly.com/books/1230000000561/index.html"},{"isbn":"9781449331818","title":"Learning JavaScript Design Patterns","subTitle":"A JavaScript and jQuery Developer's Guide","author":"Addy Osmani","publish_date":"2020-06-04T09:11:40.000Z","publisher":"O'Reilly Media","pages":254,"description":"With Learning JavaScript Design Patterns, you'll learn how to write beautiful, structured, and maintainable JavaScript by applying classical and modern design patterns to the language. If you want to keep your code efficient, more manageable, and up-to-da","website":"http://www.addyosmani.com/resources/essentialjsdesignpatterns/book/"},{"isbn":"9781449337711","title":"Designing Evolvable Web APIs with ASP.NET","subTitle":"Harnessing the Power of the Web","author":"Glenn Block et al.","publish_date":"2020-06-04T09:12:43.000Z","publisher":"O'Reilly Media","pages":238,"description":"Design and build Web APIs for a broad range of clients[0xe2][0x80][0x94]including browsers and mobile devices[0xe2][0x80][0x94]that can adapt to change over time. This practical, hands-on guide takes you through the theory and tools you need to build evolvable HTTP services with Microsoft","website":"http://chimera.labs.oreilly.com/books/1234000001708/index.html"},{"isbn":"9781449365035","title":"Speaking JavaScript","subTitle":"An In-Depth Guide for Programmers","author":"Axel Rauschmayer","publish_date":"2014-02-01T00:00:00.000Z","publisher":"O'Reilly Media","pages":460,"description":"Like it or not, JavaScript is everywhere these days-from browser to server to mobile-and now you, too, need to learn the language or dive deeper than you have. This concise book guides you into and through JavaScript, written by a veteran programmer who o","website":"http://speakingjs.com/"},{"isbn":"9781491904244","title":"You Don't Know JS","subTitle":"ES6 & Beyond","author":"Kyle Simpson","publish_date":"2015-12-27T00:00:00.000Z","publisher":"O'Reilly Media","pages":278,"description":"No matter how much experience you have with JavaScript, odds are you don[0xe2][0x80][0x99]t fully understand the language. As part of the \\\"You Don[0xe2][0x80][0x99]t Know JS\\\" series, this compact guide focuses on new features available in ECMAScript 6 (ES6), the latest version of the st","website":"https://github.com/getify/You-Dont-Know-JS/tree/master/es6%20&%20beyond"},{"isbn":"9781491950296","title":"Programming JavaScript Applications","subTitle":"Robust Web Architecture with Node, HTML5, and Modern JS Libraries","author":"Eric Elliott","publish_date":"2014-07-01T00:00:00.000Z","publisher":"O'Reilly Media","pages":254,"description":"Take advantage of JavaScript's power to build robust web-scale or enterprise applications that are easy to extend and maintain. By applying the design patterns outlined in this practical book, experienced JavaScript developers will learn how to write flex","website":"http://chimera.labs.oreilly.com/books/1234000000262/index.html"},{"isbn":"9781593275846","title":"Eloquent JavaScript, Second Edition","subTitle":"A Modern Introduction to Programming","author":"Marijn Haverbeke","publish_date":"2014-12-14T00:00:00.000Z","publisher":"No Starch Press","pages":472,"description":"JavaScript lies at the heart of almost every modern web application, from social apps to the newest browser-based games. Though simple for beginners to pick up and play with, JavaScript is a flexible, complex language that you can use to build full-scale ","website":"http://eloquentjavascript.net/"},{"isbn":"9781593277574","title":"Understanding ECMAScript 6","subTitle":"The Definitive Guide for JavaScript Developers","author":"Nicholas C. Zakas","publish_date":"2016-09-03T00:00:00.000Z","publisher":"No Starch Press","pages":352,"description":"ECMAScript 6 represents the biggest update to the core of JavaScript in the history of the language. In Understanding ECMAScript 6, expert developer Nicholas C. Zakas provides a complete guide to the object types, syntax, and other exciting changes that E","website":"https://leanpub.com/understandinges6/read"}]}"
14:04:40.698 [Test worker] DEBUG org.apache.http.impl.conn.BasicClientConnectionManager -- Releasing connection org.apache.http.impl.conn.ManagedClientConnectionImpl@12cb9eda
14:04:40.698 [Test worker] DEBUG org.apache.http.impl.conn.BasicClientConnectionManager -- Connection can be kept alive indefinitely
HTTP/1.1 200 OK
Server: nginx/1.17.10 (Ubuntu)
Date: Wed, 13 Dec 2023 13:04:41 GMT
Content-Type: application/json; charset=utf-8
Content-Length: 4514
Connection: keep-alive
X-Powered-By: Express
ETag: W/"11a2-8zfX++QwcgaCjSU6F8JP9fUd1tY"

{
    "books": [
        {
            "isbn": "9781449325862",
            "title": "Git Pocket Guide",
            "subTitle": "A Working Introduction",
            "author": "Richard E. Silverman",
            "publish_date": "2020-06-04T08:48:39.000Z",
            "publisher": "O'Reilly Media",
            "pages": 234,
            "description": "This pocket guide is the perfect on-the-job companion to Git, the distributed version control system. It provides a compact, readable introduction to Git for new users, as well as a reference to common commands and procedures for those of you with Git exp",
            "website": "http://chimera.labs.oreilly.com/books/1230000000561/index.html"
        },
        {
            "isbn": "9781449331818",
            "title": "Learning JavaScript Design Patterns",
            "subTitle": "A JavaScript and jQuery Developer's Guide",
            "author": "Addy Osmani",
            "publish_date": "2020-06-04T09:11:40.000Z",
            "publisher": "O'Reilly Media",
            "pages": 254,
            "description": "With Learning JavaScript Design Patterns, you'll learn how to write beautiful, structured, and maintainable JavaScript by applying classical and modern design patterns to the language. If you want to keep your code efficient, more manageable, and up-to-da",
            "website": "http://www.addyosmani.com/resources/essentialjsdesignpatterns/book/"
        },
        {
            "isbn": "9781449337711",
            "title": "Designing Evolvable Web APIs with ASP.NET",
            "subTitle": "Harnessing the Power of the Web",
            "author": "Glenn Block et al.",
            "publish_date": "2020-06-04T09:12:43.000Z",
            "publisher": "O'Reilly Media",
            "pages": 238,
            "description": "Design and build Web APIs for a broad range of clients—including browsers and mobile devices—that can adapt to change over time. This practical, hands-on guide takes you through the theory and tools you need to build evolvable HTTP services with Microsoft",
            "website": "http://chimera.labs.oreilly.com/books/1234000001708/index.html"
        },
        {
            "isbn": "9781449365035",
            "title": "Speaking JavaScript",
            "subTitle": "An In-Depth Guide for Programmers",
            "author": "Axel Rauschmayer",
            "publish_date": "2014-02-01T00:00:00.000Z",
            "publisher": "O'Reilly Media",
            "pages": 460,
            "description": "Like it or not, JavaScript is everywhere these days-from browser to server to mobile-and now you, too, need to learn the language or dive deeper than you have. This concise book guides you into and through JavaScript, written by a veteran programmer who o",
            "website": "http://speakingjs.com/"
        },
        {
            "isbn": "9781491904244",
            "title": "You Don't Know JS",
            "subTitle": "ES6 & Beyond",
            "author": "Kyle Simpson",
            "publish_date": "2015-12-27T00:00:00.000Z",
            "publisher": "O'Reilly Media",
            "pages": 278,
            "description": "No matter how much experience you have with JavaScript, odds are you don’t fully understand the language. As part of the \\\"You Don’t Know JS\\\" series, this compact guide focuses on new features available in ECMAScript 6 (ES6), the latest version of the st",
            "website": "https://github.com/getify/You-Dont-Know-JS/tree/master/es6%20&%20beyond"
        },
        {
            "isbn": "9781491950296",
            "title": "Programming JavaScript Applications",
            "subTitle": "Robust Web Architecture with Node, HTML5, and Modern JS Libraries",
            "author": "Eric Elliott",
            "publish_date": "2014-07-01T00:00:00.000Z",
            "publisher": "O'Reilly Media",
            "pages": 254,
            "description": "Take advantage of JavaScript's power to build robust web-scale or enterprise applications that are easy to extend and maintain. By applying the design patterns outlined in this practical book, experienced JavaScript developers will learn how to write flex",
            "website": "http://chimera.labs.oreilly.com/books/1234000000262/index.html"
        },
        {
            "isbn": "9781593275846",
            "title": "Eloquent JavaScript, Second Edition",
            "subTitle": "A Modern Introduction to Programming",
            "author": "Marijn Haverbeke",
            "publish_date": "2014-12-14T00:00:00.000Z",
            "publisher": "No Starch Press",
            "pages": 472,
            "description": "JavaScript lies at the heart of almost every modern web application, from social apps to the newest browser-based games. Though simple for beginners to pick up and play with, JavaScript is a flexible, complex language that you can use to build full-scale ",
            "website": "http://eloquentjavascript.net/"
        },
        {
            "isbn": "9781593277574",
            "title": "Understanding ECMAScript 6",
            "subTitle": "The Definitive Guide for JavaScript Developers",
            "author": "Nicholas C. Zakas",
            "publish_date": "2016-09-03T00:00:00.000Z",
            "publisher": "No Starch Press",
            "pages": 352,
            "description": "ECMAScript 6 represents the biggest update to the core of JavaScript in the history of the language. In Understanding ECMAScript 6, expert developer Nicholas C. Zakas provides a complete guide to the object types, syntax, and other exciting changes that E",
            "website": "https://leanpub.com/understandinges6/read"
        }
    ]
}
Request method:	POST
Request URI:	https://demoqa.com/BookStore/v1/Books
Proxy:			<none>
Request params:	<none>
Query params:	<none>
Form params:	<none>
Path params:	<none>
Headers:		Accept=*/*
				Content-Type=application/json
Cookies:		<none>
Multiparts:		<none>
Body:
{
    "userId": "bdbded14-bb99-4189-9569-ec06e0147db8",
    "collectionOfIsbns": [
        {
            "isbn": "9781491950296"
        },
        {
            "isbn": "9781449331818"
        },
        {
            "isbn": "9781593277574"
        }
    ]
}
14:04:40.753 [Test worker] DEBUG org.apache.http.impl.conn.BasicClientConnectionManager -- Get connection for route {s}->https://demoqa.com:443
14:04:40.753 [Test worker] DEBUG org.apache.http.impl.conn.DefaultClientConnectionOperator -- Connecting to demoqa.com:443
14:04:40.825 [Test worker] DEBUG org.apache.http.client.protocol.RequestAddCookies -- CookieSpec selected: ignoreCookies
14:04:40.825 [Test worker] DEBUG org.apache.http.client.protocol.RequestAuthCache -- Auth cache not set in the context
14:04:40.825 [Test worker] DEBUG org.apache.http.client.protocol.RequestTargetAuthentication -- Target auth state: UNCHALLENGED
14:04:40.825 [Test worker] DEBUG org.apache.http.client.protocol.RequestProxyAuthentication -- Proxy auth state: UNCHALLENGED
14:04:40.825 [Test worker] DEBUG org.apache.http.impl.client.DefaultHttpClient -- Attempt 1 to execute request
14:04:40.825 [Test worker] DEBUG org.apache.http.impl.conn.DefaultClientConnection -- Sending request: POST /BookStore/v1/Books HTTP/1.1
14:04:40.826 [Test worker] DEBUG org.apache.http.wire --  >> "POST /BookStore/v1/Books HTTP/1.1[\r][\n]"
14:04:40.826 [Test worker] DEBUG org.apache.http.wire --  >> "Accept: */*[\r][\n]"
14:04:40.826 [Test worker] DEBUG org.apache.http.wire --  >> "Content-Type: application/json[\r][\n]"
14:04:40.826 [Test worker] DEBUG org.apache.http.wire --  >> "Content-Length: 146[\r][\n]"
14:04:40.826 [Test worker] DEBUG org.apache.http.wire --  >> "Host: demoqa.com[\r][\n]"
14:04:40.826 [Test worker] DEBUG org.apache.http.wire --  >> "Connection: Keep-Alive[\r][\n]"
14:04:40.826 [Test worker] DEBUG org.apache.http.wire --  >> "User-Agent: Apache-HttpClient/4.5.13 (Java/11.0.20)[\r][\n]"
14:04:40.826 [Test worker] DEBUG org.apache.http.wire --  >> "Accept-Encoding: gzip,deflate[\r][\n]"
14:04:40.826 [Test worker] DEBUG org.apache.http.wire --  >> "[\r][\n]"
14:04:40.826 [Test worker] DEBUG org.apache.http.headers -- >> POST /BookStore/v1/Books HTTP/1.1
14:04:40.826 [Test worker] DEBUG org.apache.http.headers -- >> Accept: */*
14:04:40.826 [Test worker] DEBUG org.apache.http.headers -- >> Content-Type: application/json
14:04:40.826 [Test worker] DEBUG org.apache.http.headers -- >> Content-Length: 146
14:04:40.826 [Test worker] DEBUG org.apache.http.headers -- >> Host: demoqa.com
14:04:40.826 [Test worker] DEBUG org.apache.http.headers -- >> Connection: Keep-Alive
14:04:40.826 [Test worker] DEBUG org.apache.http.headers -- >> User-Agent: Apache-HttpClient/4.5.13 (Java/11.0.20)
14:04:40.826 [Test worker] DEBUG org.apache.http.headers -- >> Accept-Encoding: gzip,deflate
14:04:40.826 [Test worker] DEBUG org.apache.http.wire --  >> "{"userId":"bdbded14-bb99-4189-9569-ec06e0147db8","collectionOfIsbns":[{"isbn":"9781491950296"},{"isbn":"9781449331818"},{"isbn":"9781593277574"}]}"
14:04:41.129 [Test worker] DEBUG org.apache.http.wire --  << "HTTP/1.1 401 Unauthorized[\r][\n]"
14:04:41.129 [Test worker] DEBUG org.apache.http.wire --  << "Server: nginx/1.17.10 (Ubuntu)[\r][\n]"
14:04:41.129 [Test worker] DEBUG org.apache.http.wire --  << "Date: Wed, 13 Dec 2023 13:04:42 GMT[\r][\n]"
14:04:41.129 [Test worker] DEBUG org.apache.http.wire --  << "Content-Type: application/json; charset=utf-8[\r][\n]"
14:04:41.129 [Test worker] DEBUG org.apache.http.wire --  << "Content-Length: 48[\r][\n]"
14:04:41.129 [Test worker] DEBUG org.apache.http.wire --  << "Connection: keep-alive[\r][\n]"
14:04:41.129 [Test worker] DEBUG org.apache.http.wire --  << "X-Powered-By: Express[\r][\n]"
14:04:41.129 [Test worker] DEBUG org.apache.http.wire --  << "ETag: W/"30-V67npMN18Zy3bnk1xW2xtLGgx8c"[\r][\n]"
14:04:41.129 [Test worker] DEBUG org.apache.http.wire --  << "[\r][\n]"
14:04:41.129 [Test worker] DEBUG org.apache.http.impl.conn.DefaultClientConnection -- Receiving response: HTTP/1.1 401 Unauthorized
14:04:41.129 [Test worker] DEBUG org.apache.http.headers -- << HTTP/1.1 401 Unauthorized
14:04:41.129 [Test worker] DEBUG org.apache.http.headers -- << Server: nginx/1.17.10 (Ubuntu)
14:04:41.129 [Test worker] DEBUG org.apache.http.headers -- << Date: Wed, 13 Dec 2023 13:04:42 GMT
14:04:41.129 [Test worker] DEBUG org.apache.http.headers -- << Content-Type: application/json; charset=utf-8
14:04:41.129 [Test worker] DEBUG org.apache.http.headers -- << Content-Length: 48
14:04:41.129 [Test worker] DEBUG org.apache.http.headers -- << Connection: keep-alive
14:04:41.129 [Test worker] DEBUG org.apache.http.headers -- << X-Powered-By: Express
14:04:41.129 [Test worker] DEBUG org.apache.http.headers -- << ETag: W/"30-V67npMN18Zy3bnk1xW2xtLGgx8c"
14:04:41.129 [Test worker] DEBUG org.apache.http.impl.client.DefaultHttpClient -- Connection can be kept alive indefinitely
14:04:41.129 [Test worker] DEBUG org.apache.http.impl.client.DefaultHttpClient -- Authentication required
14:04:41.129 [Test worker] DEBUG org.apache.http.impl.client.DefaultHttpClient -- demoqa.com:443 requested authentication
14:04:41.129 [Test worker] DEBUG org.apache.http.impl.client.DefaultHttpClient -- Response contains no authentication challenges
14:04:41.129 [Test worker] DEBUG io.restassured.internal.RestAssuredHttpBuilder -- Parsing response as: application/json; charset=utf-8
14:04:41.129 [Test worker] DEBUG io.restassured.internal.RestAssuredHttpBuilder -- Parsed data to instance of: class org.apache.http.conn.EofSensorInputStream
14:04:41.130 [Test worker] DEBUG org.apache.http.wire --  << "{"code":"1200","message":"User not authorized!"}"
14:04:41.130 [Test worker] DEBUG org.apache.http.impl.conn.BasicClientConnectionManager -- Releasing connection org.apache.http.impl.conn.ManagedClientConnectionImpl@64bf60c7
14:04:41.130 [Test worker] DEBUG org.apache.http.impl.conn.BasicClientConnectionManager -- Connection can be kept alive indefinitely
HTTP/1.1 401 Unauthorized
Server: nginx/1.17.10 (Ubuntu)
Date: Wed, 13 Dec 2023 13:04:42 GMT
Content-Type: application/json; charset=utf-8
Content-Length: 48
Connection: keep-alive
X-Powered-By: Express
ETag: W/"30-V67npMN18Zy3bnk1xW2xtLGgx8c"

{
    "code": "1200",
    "message": "User not authorized!"
}
Request method:	DELETE
Request URI:	https://demoqa.com/BookStore/v1/Books?UserId=bdbded14-bb99-4189-9569-ec06e0147db8
Proxy:			<none>
Request params:	<none>
Query params:	UserId=bdbded14-bb99-4189-9569-ec06e0147db8
Form params:	<none>
Path params:	<none>
Headers:		Authorization=Bearer eyJhbGciOiJIUzI1NiIsInR5cCI6IkpXVCJ9.eyJ1c2VyTmFtZSI6ImVsdG9uLnNjaHVsdHoiLCJwYXNzd29yZCI6IjEyM1JvbjMyMSYiLCJpYXQiOjE3MDI0NzI2ODB9.pNNfiFWzovTiu9wcutpEgm4ipjWostg33OW_9uMZnY8
				Accept=*/*
				Content-Type=application/json
Cookies:		<none>
Multiparts:		<none>
Body:			<none>
14:04:41.185 [Test worker] DEBUG org.apache.http.impl.conn.BasicClientConnectionManager -- Get connection for route {s}->https://demoqa.com:443
14:04:41.185 [Test worker] DEBUG org.apache.http.impl.conn.DefaultClientConnectionOperator -- Connecting to demoqa.com:443
14:04:42.291 [Test worker] DEBUG org.apache.http.client.protocol.RequestAddCookies -- CookieSpec selected: ignoreCookies
14:04:42.291 [Test worker] DEBUG org.apache.http.client.protocol.RequestAuthCache -- Auth cache not set in the context
14:04:42.291 [Test worker] DEBUG org.apache.http.client.protocol.RequestProxyAuthentication -- Proxy auth state: UNCHALLENGED
14:04:42.291 [Test worker] DEBUG org.apache.http.impl.client.DefaultHttpClient -- Attempt 1 to execute request
14:04:42.291 [Test worker] DEBUG org.apache.http.impl.conn.DefaultClientConnection -- Sending request: DELETE /BookStore/v1/Books?UserId=bdbded14-bb99-4189-9569-ec06e0147db8 HTTP/1.1
14:04:42.291 [Test worker] DEBUG org.apache.http.wire --  >> "DELETE /BookStore/v1/Books?UserId=bdbded14-bb99-4189-9569-ec06e0147db8 HTTP/1.1[\r][\n]"
14:04:42.291 [Test worker] DEBUG org.apache.http.wire --  >> "Content-Type: application/json[\r][\n]"
14:04:42.291 [Test worker] DEBUG org.apache.http.wire --  >> "Authorization: Bearer eyJhbGciOiJIUzI1NiIsInR5cCI6IkpXVCJ9.eyJ1c2VyTmFtZSI6ImVsdG9uLnNjaHVsdHoiLCJwYXNzd29yZCI6IjEyM1JvbjMyMSYiLCJpYXQiOjE3MDI0NzI2ODB9.pNNfiFWzovTiu9wcutpEgm4ipjWostg33OW_9uMZnY8[\r][\n]"
14:04:42.291 [Test worker] DEBUG org.apache.http.wire --  >> "Accept: */*[\r][\n]"
14:04:42.291 [Test worker] DEBUG org.apache.http.wire --  >> "Host: demoqa.com[\r][\n]"
14:04:42.291 [Test worker] DEBUG org.apache.http.wire --  >> "Connection: Keep-Alive[\r][\n]"
14:04:42.291 [Test worker] DEBUG org.apache.http.wire --  >> "User-Agent: Apache-HttpClient/4.5.13 (Java/11.0.20)[\r][\n]"
14:04:42.292 [Test worker] DEBUG org.apache.http.wire --  >> "Accept-Encoding: gzip,deflate[\r][\n]"
14:04:42.292 [Test worker] DEBUG org.apache.http.wire --  >> "[\r][\n]"
14:04:42.292 [Test worker] DEBUG org.apache.http.headers -- >> DELETE /BookStore/v1/Books?UserId=bdbded14-bb99-4189-9569-ec06e0147db8 HTTP/1.1
14:04:42.292 [Test worker] DEBUG org.apache.http.headers -- >> Content-Type: application/json
14:04:42.292 [Test worker] DEBUG org.apache.http.headers -- >> Authorization: Bearer eyJhbGciOiJIUzI1NiIsInR5cCI6IkpXVCJ9.eyJ1c2VyTmFtZSI6ImVsdG9uLnNjaHVsdHoiLCJwYXNzd29yZCI6IjEyM1JvbjMyMSYiLCJpYXQiOjE3MDI0NzI2ODB9.pNNfiFWzovTiu9wcutpEgm4ipjWostg33OW_9uMZnY8
14:04:42.292 [Test worker] DEBUG org.apache.http.headers -- >> Accept: */*
14:04:42.292 [Test worker] DEBUG org.apache.http.headers -- >> Host: demoqa.com
14:04:42.292 [Test worker] DEBUG org.apache.http.headers -- >> Connection: Keep-Alive
14:04:42.292 [Test worker] DEBUG org.apache.http.headers -- >> User-Agent: Apache-HttpClient/4.5.13 (Java/11.0.20)
14:04:42.292 [Test worker] DEBUG org.apache.http.headers -- >> Accept-Encoding: gzip,deflate
14:04:42.378 [Test worker] DEBUG org.apache.http.wire --  << "HTTP/1.1 204 No Content[\r][\n]"
14:04:42.378 [Test worker] DEBUG org.apache.http.wire --  << "Server: nginx/1.17.10 (Ubuntu)[\r][\n]"
14:04:42.378 [Test worker] DEBUG org.apache.http.wire --  << "Date: Wed, 13 Dec 2023 13:04:43 GMT[\r][\n]"
14:04:42.378 [Test worker] DEBUG org.apache.http.wire --  << "Connection: keep-alive[\r][\n]"
14:04:42.378 [Test worker] DEBUG org.apache.http.wire --  << "X-Powered-By: Express[\r][\n]"
14:04:42.378 [Test worker] DEBUG org.apache.http.wire --  << "ETag: W/"44-1mNkCgFWXrysm2bVvAhS6jkBOlQ"[\r][\n]"
14:04:42.378 [Test worker] DEBUG org.apache.http.wire --  << "[\r][\n]"
14:04:42.378 [Test worker] DEBUG org.apache.http.impl.conn.DefaultClientConnection -- Receiving response: HTTP/1.1 204 No Content
14:04:42.378 [Test worker] DEBUG org.apache.http.headers -- << HTTP/1.1 204 No Content
14:04:42.378 [Test worker] DEBUG org.apache.http.headers -- << Server: nginx/1.17.10 (Ubuntu)
14:04:42.378 [Test worker] DEBUG org.apache.http.headers -- << Date: Wed, 13 Dec 2023 13:04:43 GMT
14:04:42.378 [Test worker] DEBUG org.apache.http.headers -- << Connection: keep-alive
14:04:42.378 [Test worker] DEBUG org.apache.http.headers -- << X-Powered-By: Express
14:04:42.378 [Test worker] DEBUG org.apache.http.headers -- << ETag: W/"44-1mNkCgFWXrysm2bVvAhS6jkBOlQ"
14:04:42.378 [Test worker] DEBUG org.apache.http.impl.client.DefaultHttpClient -- Connection can be kept alive indefinitely
14:04:42.378 [Test worker] DEBUG org.apache.http.impl.conn.BasicClientConnectionManager -- Releasing connection org.apache.http.impl.conn.ManagedClientConnectionImpl@3540d5e3
14:04:42.378 [Test worker] DEBUG org.apache.http.impl.conn.BasicClientConnectionManager -- Connection can be kept alive indefinitely
HTTP/1.1 204 No Content
Server: nginx/1.17.10 (Ubuntu)
Date: Wed, 13 Dec 2023 13:04:43 GMT
Connection: keep-alive
X-Powered-By: Express
ETag: W/"44-1mNkCgFWXrysm2bVvAhS6jkBOlQ"
Request method:	POST
Request URI:	https://demoqa.com/Account/v1/User
Proxy:			<none>
Request params:	<none>
Query params:	<none>
Form params:	<none>
Path params:	<none>
Headers:		Accept=*/*
				Content-Type=application/json
Cookies:		<none>
Multiparts:		<none>
Body:
{
    "userName": "anthony.vonrueden",
    "password": "123Ron321&"
}
14:04:42.399 [Test worker] DEBUG org.apache.http.impl.conn.BasicClientConnectionManager -- Get connection for route {s}->https://demoqa.com:443
14:04:42.399 [Test worker] DEBUG org.apache.http.impl.conn.DefaultClientConnectionOperator -- Connecting to demoqa.com:443
14:04:42.538 [Test worker] DEBUG org.apache.http.client.protocol.RequestAddCookies -- CookieSpec selected: ignoreCookies
14:04:42.538 [Test worker] DEBUG org.apache.http.client.protocol.RequestAuthCache -- Auth cache not set in the context
14:04:42.538 [Test worker] DEBUG org.apache.http.client.protocol.RequestTargetAuthentication -- Target auth state: UNCHALLENGED
14:04:42.538 [Test worker] DEBUG org.apache.http.client.protocol.RequestProxyAuthentication -- Proxy auth state: UNCHALLENGED
14:04:42.538 [Test worker] DEBUG org.apache.http.impl.client.DefaultHttpClient -- Attempt 1 to execute request
14:04:42.538 [Test worker] DEBUG org.apache.http.impl.conn.DefaultClientConnection -- Sending request: POST /Account/v1/User HTTP/1.1
14:04:42.538 [Test worker] DEBUG org.apache.http.wire --  >> "POST /Account/v1/User HTTP/1.1[\r][\n]"
14:04:42.539 [Test worker] DEBUG org.apache.http.wire --  >> "Accept: */*[\r][\n]"
14:04:42.539 [Test worker] DEBUG org.apache.http.wire --  >> "Content-Type: application/json[\r][\n]"
14:04:42.539 [Test worker] DEBUG org.apache.http.wire --  >> "Content-Length: 56[\r][\n]"
14:04:42.539 [Test worker] DEBUG org.apache.http.wire --  >> "Host: demoqa.com[\r][\n]"
14:04:42.539 [Test worker] DEBUG org.apache.http.wire --  >> "Connection: Keep-Alive[\r][\n]"
14:04:42.539 [Test worker] DEBUG org.apache.http.wire --  >> "User-Agent: Apache-HttpClient/4.5.13 (Java/11.0.20)[\r][\n]"
14:04:42.539 [Test worker] DEBUG org.apache.http.wire --  >> "Accept-Encoding: gzip,deflate[\r][\n]"
14:04:42.539 [Test worker] DEBUG org.apache.http.wire --  >> "[\r][\n]"
14:04:42.539 [Test worker] DEBUG org.apache.http.headers -- >> POST /Account/v1/User HTTP/1.1
14:04:42.539 [Test worker] DEBUG org.apache.http.headers -- >> Accept: */*
14:04:42.539 [Test worker] DEBUG org.apache.http.headers -- >> Content-Type: application/json
14:04:42.539 [Test worker] DEBUG org.apache.http.headers -- >> Content-Length: 56
14:04:42.539 [Test worker] DEBUG org.apache.http.headers -- >> Host: demoqa.com
14:04:42.539 [Test worker] DEBUG org.apache.http.headers -- >> Connection: Keep-Alive
14:04:42.539 [Test worker] DEBUG org.apache.http.headers -- >> User-Agent: Apache-HttpClient/4.5.13 (Java/11.0.20)
14:04:42.544 [Test worker] DEBUG org.apache.http.headers -- >> Accept-Encoding: gzip,deflate
14:04:42.545 [Test worker] DEBUG org.apache.http.wire --  >> "{"userName":"anthony.vonrueden","password":"123Ron321&"}"
14:04:42.548 [Finalizer] DEBUG org.apache.http.impl.conn.DefaultClientConnection -- Connection 0.0.0.0:53172<->176.58.101.124:443 closed
14:04:42.551 [Finalizer] DEBUG org.apache.http.impl.conn.DefaultClientConnection -- Connection 0.0.0.0:53174<->176.58.101.124:443 closed
14:04:42.553 [Finalizer] DEBUG org.apache.http.impl.conn.DefaultClientConnection -- Connection 0.0.0.0:53181<->176.58.101.124:443 closed
14:04:42.556 [Finalizer] DEBUG org.apache.http.impl.conn.DefaultClientConnection -- Connection 0.0.0.0:53175<->176.58.101.124:443 closed
14:04:42.559 [Finalizer] DEBUG org.apache.http.impl.conn.DefaultClientConnection -- Connection 0.0.0.0:53179<->176.58.101.124:443 closed
14:04:42.562 [Finalizer] DEBUG org.apache.http.impl.conn.DefaultClientConnection -- Connection 0.0.0.0:53177<->176.58.101.124:443 closed
14:04:42.566 [Finalizer] DEBUG org.apache.http.impl.conn.DefaultClientConnection -- Connection 0.0.0.0:53180<->176.58.101.124:443 closed
14:04:42.719 [Test worker] DEBUG org.apache.http.wire --  << "HTTP/1.1 201 Created[\r][\n]"
14:04:42.719 [Test worker] DEBUG org.apache.http.wire --  << "Server: nginx/1.17.10 (Ubuntu)[\r][\n]"
14:04:42.719 [Test worker] DEBUG org.apache.http.wire --  << "Date: Wed, 13 Dec 2023 13:04:43 GMT[\r][\n]"
14:04:42.719 [Test worker] DEBUG org.apache.http.wire --  << "Content-Type: application/json; charset=utf-8[\r][\n]"
14:04:42.719 [Test worker] DEBUG org.apache.http.wire --  << "Content-Length: 91[\r][\n]"
14:04:42.719 [Test worker] DEBUG org.apache.http.wire --  << "Connection: keep-alive[\r][\n]"
14:04:42.719 [Test worker] DEBUG org.apache.http.wire --  << "X-Powered-By: Express[\r][\n]"
14:04:42.719 [Test worker] DEBUG org.apache.http.wire --  << "ETag: W/"5b-9gVzjlc4C0X1NV8UgwYQZqRViIA"[\r][\n]"
14:04:42.719 [Test worker] DEBUG org.apache.http.wire --  << "[\r][\n]"
14:04:42.719 [Test worker] DEBUG org.apache.http.impl.conn.DefaultClientConnection -- Receiving response: HTTP/1.1 201 Created
14:04:42.719 [Test worker] DEBUG org.apache.http.headers -- << HTTP/1.1 201 Created
14:04:42.719 [Test worker] DEBUG org.apache.http.headers -- << Server: nginx/1.17.10 (Ubuntu)
14:04:42.719 [Test worker] DEBUG org.apache.http.headers -- << Date: Wed, 13 Dec 2023 13:04:43 GMT
14:04:42.719 [Test worker] DEBUG org.apache.http.headers -- << Content-Type: application/json; charset=utf-8
14:04:42.719 [Test worker] DEBUG org.apache.http.headers -- << Content-Length: 91
14:04:42.719 [Test worker] DEBUG org.apache.http.headers -- << Connection: keep-alive
14:04:42.719 [Test worker] DEBUG org.apache.http.headers -- << X-Powered-By: Express
14:04:42.719 [Test worker] DEBUG org.apache.http.headers -- << ETag: W/"5b-9gVzjlc4C0X1NV8UgwYQZqRViIA"
14:04:42.719 [Test worker] DEBUG org.apache.http.impl.client.DefaultHttpClient -- Connection can be kept alive indefinitely
14:04:42.719 [Test worker] DEBUG io.restassured.internal.RestAssuredHttpBuilder -- Parsing response as: application/json; charset=utf-8
14:04:42.719 [Test worker] DEBUG io.restassured.internal.RestAssuredHttpBuilder -- Parsed data to instance of: class org.apache.http.conn.EofSensorInputStream
14:04:42.722 [Test worker] DEBUG org.apache.http.wire --  << "{"userID":"41ed806a-614e-48d9-9734-356e4cf73460","username":"anthony.vonrueden","books":[]}"
14:04:42.722 [Test worker] DEBUG org.apache.http.impl.conn.BasicClientConnectionManager -- Releasing connection org.apache.http.impl.conn.ManagedClientConnectionImpl@32f6d000
14:04:42.722 [Test worker] DEBUG org.apache.http.impl.conn.BasicClientConnectionManager -- Connection can be kept alive indefinitely
HTTP/1.1 201 Created
Server: nginx/1.17.10 (Ubuntu)
Date: Wed, 13 Dec 2023 13:04:43 GMT
Content-Type: application/json; charset=utf-8
Content-Length: 91
Connection: keep-alive
X-Powered-By: Express
ETag: W/"5b-9gVzjlc4C0X1NV8UgwYQZqRViIA"

{
    "userID": "41ed806a-614e-48d9-9734-356e4cf73460",
    "username": "anthony.vonrueden",
    "books": [
        
    ]
}
Request method:	POST
Request URI:	https://demoqa.com/Account/v1/GenerateToken
Proxy:			<none>
Request params:	<none>
Query params:	<none>
Form params:	<none>
Path params:	<none>
Headers:		Accept=*/*
				Content-Type=application/json
Cookies:		<none>
Multiparts:		<none>
Body:
{
    "userName": "anthony.vonrueden",
    "password": "123Ron321&"
}
14:04:42.752 [Test worker] DEBUG org.apache.http.impl.conn.BasicClientConnectionManager -- Get connection for route {s}->https://demoqa.com:443
14:04:42.752 [Test worker] DEBUG org.apache.http.impl.conn.DefaultClientConnectionOperator -- Connecting to demoqa.com:443
14:04:43.822 [Test worker] DEBUG org.apache.http.client.protocol.RequestAddCookies -- CookieSpec selected: ignoreCookies
14:04:43.822 [Test worker] DEBUG org.apache.http.client.protocol.RequestAuthCache -- Auth cache not set in the context
14:04:43.822 [Test worker] DEBUG org.apache.http.client.protocol.RequestTargetAuthentication -- Target auth state: UNCHALLENGED
14:04:43.822 [Test worker] DEBUG org.apache.http.client.protocol.RequestProxyAuthentication -- Proxy auth state: UNCHALLENGED
14:04:43.822 [Test worker] DEBUG org.apache.http.impl.client.DefaultHttpClient -- Attempt 1 to execute request
14:04:43.822 [Test worker] DEBUG org.apache.http.impl.conn.DefaultClientConnection -- Sending request: POST /Account/v1/GenerateToken HTTP/1.1
14:04:43.822 [Test worker] DEBUG org.apache.http.wire --  >> "POST /Account/v1/GenerateToken HTTP/1.1[\r][\n]"
14:04:43.822 [Test worker] DEBUG org.apache.http.wire --  >> "Accept: */*[\r][\n]"
14:04:43.822 [Test worker] DEBUG org.apache.http.wire --  >> "Content-Type: application/json[\r][\n]"
14:04:43.822 [Test worker] DEBUG org.apache.http.wire --  >> "Content-Length: 56[\r][\n]"
14:04:43.822 [Test worker] DEBUG org.apache.http.wire --  >> "Host: demoqa.com[\r][\n]"
14:04:43.822 [Test worker] DEBUG org.apache.http.wire --  >> "Connection: Keep-Alive[\r][\n]"
14:04:43.822 [Test worker] DEBUG org.apache.http.wire --  >> "User-Agent: Apache-HttpClient/4.5.13 (Java/11.0.20)[\r][\n]"
14:04:43.822 [Test worker] DEBUG org.apache.http.wire --  >> "Accept-Encoding: gzip,deflate[\r][\n]"
14:04:43.824 [Test worker] DEBUG org.apache.http.wire --  >> "[\r][\n]"
14:04:43.824 [Test worker] DEBUG org.apache.http.headers -- >> POST /Account/v1/GenerateToken HTTP/1.1
14:04:43.824 [Test worker] DEBUG org.apache.http.headers -- >> Accept: */*
14:04:43.824 [Test worker] DEBUG org.apache.http.headers -- >> Content-Type: application/json
14:04:43.824 [Test worker] DEBUG org.apache.http.headers -- >> Content-Length: 56
14:04:43.824 [Test worker] DEBUG org.apache.http.headers -- >> Host: demoqa.com
14:04:43.824 [Test worker] DEBUG org.apache.http.headers -- >> Connection: Keep-Alive
14:04:43.824 [Test worker] DEBUG org.apache.http.headers -- >> User-Agent: Apache-HttpClient/4.5.13 (Java/11.0.20)
14:04:43.824 [Test worker] DEBUG org.apache.http.headers -- >> Accept-Encoding: gzip,deflate
14:04:43.824 [Test worker] DEBUG org.apache.http.wire --  >> "{"userName":"anthony.vonrueden","password":"123Ron321&"}"
14:04:44.121 [Test worker] DEBUG org.apache.http.wire --  << "HTTP/1.1 200 OK[\r][\n]"
14:04:44.121 [Test worker] DEBUG org.apache.http.wire --  << "Server: nginx/1.17.10 (Ubuntu)[\r][\n]"
14:04:44.121 [Test worker] DEBUG org.apache.http.wire --  << "Date: Wed, 13 Dec 2023 13:04:45 GMT[\r][\n]"
14:04:44.121 [Test worker] DEBUG org.apache.http.wire --  << "Content-Type: application/json; charset=utf-8[\r][\n]"
14:04:44.121 [Test worker] DEBUG org.apache.http.wire --  << "Content-Length: 288[\r][\n]"
14:04:44.121 [Test worker] DEBUG org.apache.http.wire --  << "Connection: keep-alive[\r][\n]"
14:04:44.121 [Test worker] DEBUG org.apache.http.wire --  << "X-Powered-By: Express[\r][\n]"
14:04:44.121 [Test worker] DEBUG org.apache.http.wire --  << "ETag: W/"120-x/FbQjI51Hfi9NYLtGw1bVDzrB0"[\r][\n]"
14:04:44.121 [Test worker] DEBUG org.apache.http.wire --  << "[\r][\n]"
14:04:44.121 [Test worker] DEBUG org.apache.http.impl.conn.DefaultClientConnection -- Receiving response: HTTP/1.1 200 OK
14:04:44.122 [Test worker] DEBUG org.apache.http.headers -- << HTTP/1.1 200 OK
14:04:44.122 [Test worker] DEBUG org.apache.http.headers -- << Server: nginx/1.17.10 (Ubuntu)
14:04:44.122 [Test worker] DEBUG org.apache.http.headers -- << Date: Wed, 13 Dec 2023 13:04:45 GMT
14:04:44.122 [Test worker] DEBUG org.apache.http.headers -- << Content-Type: application/json; charset=utf-8
14:04:44.122 [Test worker] DEBUG org.apache.http.headers -- << Content-Length: 288
14:04:44.122 [Test worker] DEBUG org.apache.http.headers -- << Connection: keep-alive
14:04:44.122 [Test worker] DEBUG org.apache.http.headers -- << X-Powered-By: Express
14:04:44.122 [Test worker] DEBUG org.apache.http.headers -- << ETag: W/"120-x/FbQjI51Hfi9NYLtGw1bVDzrB0"
14:04:44.122 [Test worker] DEBUG org.apache.http.impl.client.DefaultHttpClient -- Connection can be kept alive indefinitely
14:04:44.122 [Test worker] DEBUG io.restassured.internal.RestAssuredHttpBuilder -- Parsing response as: application/json; charset=utf-8
14:04:44.122 [Test worker] DEBUG io.restassured.internal.RestAssuredHttpBuilder -- Parsed data to instance of: class org.apache.http.conn.EofSensorInputStream
14:04:44.123 [Test worker] DEBUG org.apache.http.wire --  << "{"token":"eyJhbGciOiJIUzI1NiIsInR5cCI6IkpXVCJ9.eyJ1c2VyTmFtZSI6ImFudGhvbnkudm9ucnVlZGVuIiwicGFzc3dvcmQiOiIxMjNSb24zMjEmIiwiaWF0IjoxNzAyNDcyNjg1fQ.7mMe8fjfEw3MdBKkJGLS_hRWTrVPV-3yAepbM87Z0Lw","expires":"2023-12-20T13:04:45.121Z","status":"Success","result":"User authorized successfully."}"
14:04:44.124 [Test worker] DEBUG org.apache.http.impl.conn.BasicClientConnectionManager -- Releasing connection org.apache.http.impl.conn.ManagedClientConnectionImpl@760d9d4a
14:04:44.124 [Test worker] DEBUG org.apache.http.impl.conn.BasicClientConnectionManager -- Connection can be kept alive indefinitely
HTTP/1.1 200 OK
Server: nginx/1.17.10 (Ubuntu)
Date: Wed, 13 Dec 2023 13:04:45 GMT
Content-Type: application/json; charset=utf-8
Content-Length: 288
Connection: keep-alive
X-Powered-By: Express
ETag: W/"120-x/FbQjI51Hfi9NYLtGw1bVDzrB0"

{
    "token": "eyJhbGciOiJIUzI1NiIsInR5cCI6IkpXVCJ9.eyJ1c2VyTmFtZSI6ImFudGhvbnkudm9ucnVlZGVuIiwicGFzc3dvcmQiOiIxMjNSb24zMjEmIiwiaWF0IjoxNzAyNDcyNjg1fQ.7mMe8fjfEw3MdBKkJGLS_hRWTrVPV-3yAepbM87Z0Lw",
    "expires": "2023-12-20T13:04:45.121Z",
    "status": "Success",
    "result": "User authorized successfully."
}
Request method:	GET
Request URI:	https://demoqa.com/BookStore/v1/Books
Proxy:			<none>
Request params:	<none>
Query params:	<none>
Form params:	<none>
Path params:	<none>
Headers:		Accept=*/*
				Content-Type=application/json
Cookies:		<none>
Multiparts:		<none>
Body:			<none>
14:04:44.148 [Test worker] DEBUG org.apache.http.impl.conn.BasicClientConnectionManager -- Get connection for route {s}->https://demoqa.com:443
14:04:44.148 [Test worker] DEBUG org.apache.http.impl.conn.DefaultClientConnectionOperator -- Connecting to demoqa.com:443
14:04:44.208 [Test worker] DEBUG org.apache.http.client.protocol.RequestAddCookies -- CookieSpec selected: ignoreCookies
14:04:44.208 [Test worker] DEBUG org.apache.http.client.protocol.RequestAuthCache -- Auth cache not set in the context
14:04:44.208 [Test worker] DEBUG org.apache.http.client.protocol.RequestTargetAuthentication -- Target auth state: UNCHALLENGED
14:04:44.208 [Test worker] DEBUG org.apache.http.client.protocol.RequestProxyAuthentication -- Proxy auth state: UNCHALLENGED
14:04:44.208 [Test worker] DEBUG org.apache.http.impl.client.DefaultHttpClient -- Attempt 1 to execute request
14:04:44.208 [Test worker] DEBUG org.apache.http.impl.conn.DefaultClientConnection -- Sending request: GET /BookStore/v1/Books HTTP/1.1
14:04:44.209 [Test worker] DEBUG org.apache.http.wire --  >> "GET /BookStore/v1/Books HTTP/1.1[\r][\n]"
14:04:44.209 [Test worker] DEBUG org.apache.http.wire --  >> "Content-Type: application/json[\r][\n]"
14:04:44.209 [Test worker] DEBUG org.apache.http.wire --  >> "Accept: */*[\r][\n]"
14:04:44.209 [Test worker] DEBUG org.apache.http.wire --  >> "Host: demoqa.com[\r][\n]"
14:04:44.209 [Test worker] DEBUG org.apache.http.wire --  >> "Connection: Keep-Alive[\r][\n]"
14:04:44.209 [Test worker] DEBUG org.apache.http.wire --  >> "User-Agent: Apache-HttpClient/4.5.13 (Java/11.0.20)[\r][\n]"
14:04:44.209 [Test worker] DEBUG org.apache.http.wire --  >> "Accept-Encoding: gzip,deflate[\r][\n]"
14:04:44.209 [Test worker] DEBUG org.apache.http.wire --  >> "[\r][\n]"
14:04:44.209 [Test worker] DEBUG org.apache.http.headers -- >> GET /BookStore/v1/Books HTTP/1.1
14:04:44.209 [Test worker] DEBUG org.apache.http.headers -- >> Content-Type: application/json
14:04:44.209 [Test worker] DEBUG org.apache.http.headers -- >> Accept: */*
14:04:44.209 [Test worker] DEBUG org.apache.http.headers -- >> Host: demoqa.com
14:04:44.209 [Test worker] DEBUG org.apache.http.headers -- >> Connection: Keep-Alive
14:04:44.209 [Test worker] DEBUG org.apache.http.headers -- >> User-Agent: Apache-HttpClient/4.5.13 (Java/11.0.20)
14:04:44.209 [Test worker] DEBUG org.apache.http.headers -- >> Accept-Encoding: gzip,deflate
14:04:44.509 [Test worker] DEBUG org.apache.http.wire --  << "HTTP/1.1 200 OK[\r][\n]"
14:04:44.510 [Test worker] DEBUG org.apache.http.wire --  << "Server: nginx/1.17.10 (Ubuntu)[\r][\n]"
14:04:44.510 [Test worker] DEBUG org.apache.http.wire --  << "Date: Wed, 13 Dec 2023 13:04:45 GMT[\r][\n]"
14:04:44.510 [Test worker] DEBUG org.apache.http.wire --  << "Content-Type: application/json; charset=utf-8[\r][\n]"
14:04:44.510 [Test worker] DEBUG org.apache.http.wire --  << "Content-Length: 4514[\r][\n]"
14:04:44.510 [Test worker] DEBUG org.apache.http.wire --  << "Connection: keep-alive[\r][\n]"
14:04:44.510 [Test worker] DEBUG org.apache.http.wire --  << "X-Powered-By: Express[\r][\n]"
14:04:44.510 [Test worker] DEBUG org.apache.http.wire --  << "ETag: W/"11a2-8zfX++QwcgaCjSU6F8JP9fUd1tY"[\r][\n]"
14:04:44.510 [Test worker] DEBUG org.apache.http.wire --  << "[\r][\n]"
14:04:44.510 [Test worker] DEBUG org.apache.http.impl.conn.DefaultClientConnection -- Receiving response: HTTP/1.1 200 OK
14:04:44.510 [Test worker] DEBUG org.apache.http.headers -- << HTTP/1.1 200 OK
14:04:44.510 [Test worker] DEBUG org.apache.http.headers -- << Server: nginx/1.17.10 (Ubuntu)
14:04:44.510 [Test worker] DEBUG org.apache.http.headers -- << Date: Wed, 13 Dec 2023 13:04:45 GMT
14:04:44.510 [Test worker] DEBUG org.apache.http.headers -- << Content-Type: application/json; charset=utf-8
14:04:44.510 [Test worker] DEBUG org.apache.http.headers -- << Content-Length: 4514
14:04:44.510 [Test worker] DEBUG org.apache.http.headers -- << Connection: keep-alive
14:04:44.510 [Test worker] DEBUG org.apache.http.headers -- << X-Powered-By: Express
14:04:44.510 [Test worker] DEBUG org.apache.http.headers -- << ETag: W/"11a2-8zfX++QwcgaCjSU6F8JP9fUd1tY"
14:04:44.510 [Test worker] DEBUG org.apache.http.impl.client.DefaultHttpClient -- Connection can be kept alive indefinitely
14:04:44.511 [Test worker] DEBUG io.restassured.internal.RestAssuredHttpBuilder -- Parsing response as: application/json; charset=utf-8
14:04:44.511 [Test worker] DEBUG io.restassured.internal.RestAssuredHttpBuilder -- Parsed data to instance of: class org.apache.http.conn.EofSensorInputStream
14:04:44.514 [Test worker] DEBUG org.apache.http.wire --  << "{"books":[{"isbn":"9781449325862","title":"Git Pocket Guide","subTitle":"A Working Introduction","author":"Richard E. Silverman","publish_date":"2020-06-04T08:48:39.000Z","publisher":"O'Reilly Media","pages":234,"description":"This pocket guide is the perfect on-the-job companion to Git, the distributed version control system. It provides a compact, readable introduction to Git for new users, as well as a reference to common commands and procedures for those of you with Git exp","website":"http://chimera.labs.oreilly.com/books/1230000000561/index.html"},{"isbn":"9781449331818","title":"Learning JavaScript Design Patterns","subTitle":"A JavaScript and jQuery Developer's Guide","author":"Addy Osmani","publish_date":"2020-06-04T09:11:40.000Z","publisher":"O'Reilly Media","pages":254,"description":"With Learning JavaScript Design Patterns, you'll learn how to write beautiful, structured, and maintainable JavaScript by applying classical and modern design patterns to the language. If you want to keep your code efficient, more manageable, and up-to-da","website":"http://www.addyosmani.com/resources/essentialjsdesignpatterns/book/"},{"isbn":"9781449337711","title":"Designing Evolvable Web APIs with ASP.NET","subTitle":"Harnessing the Power of the Web","author":"Glenn Block et al.","publish_date":"2020-06-04T09:12:43.000Z","publisher":"O'Reilly Media","pages":238,"description":"Design and build Web APIs for a broad range of clients[0xe2][0x80][0x94]including browsers and mobile devices[0xe2][0x80][0x94]that can adapt to change over time. This practical, hands-on guide takes you through the theory and tools you need to build evolvable HTTP services with Microsoft","website":"http://chimera.labs.oreilly.com/books/1234000001708/index.html"},{"isbn":"9781449365035","title":"Speaking JavaScript","subTitle":"An In-Depth Guide for Programmers","author":"Axel Rauschmayer","publish_date":"2014-02-01T00:00:00.000Z","publisher":"O'Reilly Media","pages":460,"description":"Like it or not, JavaScript is everywhere these days-from browser to server to mobile-and now you, too, need to learn the language or dive deeper than you have. This concise book guides you into and through JavaScript, written by a veteran programmer who o","website":"http://speakingjs.com/"},{"isbn":"9781491904244","title":"You Don't Know JS","subTitle":"ES6 & Beyond","author":"Kyle Simpson","publish_date":"2015-12-27T00:00:00.000Z","publisher":"O'Reilly Media","pages":278,"description":"No matter how much experience you have with JavaScript, odds are you don[0xe2][0x80][0x99]t fully understand the language. As part of the \\\"You Don[0xe2][0x80][0x99]t Know JS\\\" series, this compact guide focuses on new features available in ECMAScript 6 (ES6), the latest version of the st","website":"https://github.com/getify/You-Dont-Know-JS/tree/master/es6%20&%20beyond"},{"isbn":"9781491950296","title":"Programming JavaScript Applications","subTitle":"Robust Web Architecture with Node, HTML5, and Modern JS Libraries","author":"Eric Elliott","publish_date":"2014-07-01T00:00:00.000Z","publisher":"O'Reilly Media","pages":254,"description":"Take advantage of JavaScript's power to build robust web-scale or enterprise applications that are easy to extend and maintain. By applying the design patterns outlined in this practical book, experienced JavaScript developers will learn how to write flex","website":"http://chimera.labs.oreilly.com/books/1234000000262/index.html"},{"isbn":"9781593275846","title":"Eloquent JavaScript, Second Edition","subTitle":"A Modern Introduction to Programming","author":"Marijn Haverbeke","publish_date":"2014-12-14T00:00:00.000Z","publisher":"No Starch Press","pages":472,"description":"JavaScript lies at the heart of almost every modern web application, from social apps to the newest browser-based games. Though simple for beginners to pick up and play with, JavaScript is a flexible, complex language that you can use to build full-scale ","website":"http://eloquentjavascript.net/"},{"isbn":"9781593277574","title":"Understanding ECMAScript 6","subTitle":"The Definitive Guide for JavaScript Developers","author":"Nicholas C. Zakas","publish_date":"2016-09-03T00:00:00.000Z","publisher":"No Starch Press","pages":352,"description":"ECMAScript 6 represents the biggest update to the core of JavaScript in the history of the language. In Understanding ECMAScript 6, expert developer Nicholas C. Zakas provides a complete guide to the object types, syntax, and other exciting changes that E","website":"https://leanpub.com/understandinges6/read"}]}"
14:04:44.515 [Test worker] DEBUG org.apache.http.impl.conn.BasicClientConnectionManager -- Releasing connection org.apache.http.impl.conn.ManagedClientConnectionImpl@70a416c
14:04:44.516 [Test worker] DEBUG org.apache.http.impl.conn.BasicClientConnectionManager -- Connection can be kept alive indefinitely
HTTP/1.1 200 OK
Server: nginx/1.17.10 (Ubuntu)
Date: Wed, 13 Dec 2023 13:04:45 GMT
Content-Type: application/json; charset=utf-8
Content-Length: 4514
Connection: keep-alive
X-Powered-By: Express
ETag: W/"11a2-8zfX++QwcgaCjSU6F8JP9fUd1tY"

{
    "books": [
        {
            "isbn": "9781449325862",
            "title": "Git Pocket Guide",
            "subTitle": "A Working Introduction",
            "author": "Richard E. Silverman",
            "publish_date": "2020-06-04T08:48:39.000Z",
            "publisher": "O'Reilly Media",
            "pages": 234,
            "description": "This pocket guide is the perfect on-the-job companion to Git, the distributed version control system. It provides a compact, readable introduction to Git for new users, as well as a reference to common commands and procedures for those of you with Git exp",
            "website": "http://chimera.labs.oreilly.com/books/1230000000561/index.html"
        },
        {
            "isbn": "9781449331818",
            "title": "Learning JavaScript Design Patterns",
            "subTitle": "A JavaScript and jQuery Developer's Guide",
            "author": "Addy Osmani",
            "publish_date": "2020-06-04T09:11:40.000Z",
            "publisher": "O'Reilly Media",
            "pages": 254,
            "description": "With Learning JavaScript Design Patterns, you'll learn how to write beautiful, structured, and maintainable JavaScript by applying classical and modern design patterns to the language. If you want to keep your code efficient, more manageable, and up-to-da",
            "website": "http://www.addyosmani.com/resources/essentialjsdesignpatterns/book/"
        },
        {
            "isbn": "9781449337711",
            "title": "Designing Evolvable Web APIs with ASP.NET",
            "subTitle": "Harnessing the Power of the Web",
            "author": "Glenn Block et al.",
            "publish_date": "2020-06-04T09:12:43.000Z",
            "publisher": "O'Reilly Media",
            "pages": 238,
            "description": "Design and build Web APIs for a broad range of clients—including browsers and mobile devices—that can adapt to change over time. This practical, hands-on guide takes you through the theory and tools you need to build evolvable HTTP services with Microsoft",
            "website": "http://chimera.labs.oreilly.com/books/1234000001708/index.html"
        },
        {
            "isbn": "9781449365035",
            "title": "Speaking JavaScript",
            "subTitle": "An In-Depth Guide for Programmers",
            "author": "Axel Rauschmayer",
            "publish_date": "2014-02-01T00:00:00.000Z",
            "publisher": "O'Reilly Media",
            "pages": 460,
            "description": "Like it or not, JavaScript is everywhere these days-from browser to server to mobile-and now you, too, need to learn the language or dive deeper than you have. This concise book guides you into and through JavaScript, written by a veteran programmer who o",
            "website": "http://speakingjs.com/"
        },
        {
            "isbn": "9781491904244",
            "title": "You Don't Know JS",
            "subTitle": "ES6 & Beyond",
            "author": "Kyle Simpson",
            "publish_date": "2015-12-27T00:00:00.000Z",
            "publisher": "O'Reilly Media",
            "pages": 278,
            "description": "No matter how much experience you have with JavaScript, odds are you don’t fully understand the language. As part of the \\\"You Don’t Know JS\\\" series, this compact guide focuses on new features available in ECMAScript 6 (ES6), the latest version of the st",
            "website": "https://github.com/getify/You-Dont-Know-JS/tree/master/es6%20&%20beyond"
        },
        {
            "isbn": "9781491950296",
            "title": "Programming JavaScript Applications",
            "subTitle": "Robust Web Architecture with Node, HTML5, and Modern JS Libraries",
            "author": "Eric Elliott",
            "publish_date": "2014-07-01T00:00:00.000Z",
            "publisher": "O'Reilly Media",
            "pages": 254,
            "description": "Take advantage of JavaScript's power to build robust web-scale or enterprise applications that are easy to extend and maintain. By applying the design patterns outlined in this practical book, experienced JavaScript developers will learn how to write flex",
            "website": "http://chimera.labs.oreilly.com/books/1234000000262/index.html"
        },
        {
            "isbn": "9781593275846",
            "title": "Eloquent JavaScript, Second Edition",
            "subTitle": "A Modern Introduction to Programming",
            "author": "Marijn Haverbeke",
            "publish_date": "2014-12-14T00:00:00.000Z",
            "publisher": "No Starch Press",
            "pages": 472,
            "description": "JavaScript lies at the heart of almost every modern web application, from social apps to the newest browser-based games. Though simple for beginners to pick up and play with, JavaScript is a flexible, complex language that you can use to build full-scale ",
            "website": "http://eloquentjavascript.net/"
        },
        {
            "isbn": "9781593277574",
            "title": "Understanding ECMAScript 6",
            "subTitle": "The Definitive Guide for JavaScript Developers",
            "author": "Nicholas C. Zakas",
            "publish_date": "2016-09-03T00:00:00.000Z",
            "publisher": "No Starch Press",
            "pages": 352,
            "description": "ECMAScript 6 represents the biggest update to the core of JavaScript in the history of the language. In Understanding ECMAScript 6, expert developer Nicholas C. Zakas provides a complete guide to the object types, syntax, and other exciting changes that E",
            "website": "https://leanpub.com/understandinges6/read"
        }
    ]
}
Request method:	DELETE
Request URI:	https://demoqa.com/BookStore/v1/Books?UserId=41ed806a-614e-48d9-9734-356e4cf73460
Proxy:			<none>
Request params:	<none>
Query params:	UserId=41ed806a-614e-48d9-9734-356e4cf73460
Form params:	<none>
Path params:	<none>
Headers:		Authorization=Bearer eyJhbGciOiJIUzI1NiIsInR5cCI6IkpXVCJ9.eyJ1c2VyTmFtZSI6ImFudGhvbnkudm9ucnVlZGVuIiwicGFzc3dvcmQiOiIxMjNSb24zMjEmIiwiaWF0IjoxNzAyNDcyNjg1fQ.7mMe8fjfEw3MdBKkJGLS_hRWTrVPV-3yAepbM87Z0Lw
				Accept=*/*
				Content-Type=application/json
Cookies:		<none>
Multiparts:		<none>
Body:			<none>
14:04:44.616 [Test worker] DEBUG org.apache.http.impl.conn.BasicClientConnectionManager -- Get connection for route {s}->https://demoqa.com:443
14:04:44.616 [Test worker] DEBUG org.apache.http.impl.conn.DefaultClientConnectionOperator -- Connecting to demoqa.com:443
14:04:44.732 [Test worker] DEBUG org.apache.http.client.protocol.RequestAddCookies -- CookieSpec selected: ignoreCookies
14:04:44.732 [Test worker] DEBUG org.apache.http.client.protocol.RequestAuthCache -- Auth cache not set in the context
14:04:44.732 [Test worker] DEBUG org.apache.http.client.protocol.RequestProxyAuthentication -- Proxy auth state: UNCHALLENGED
14:04:44.732 [Test worker] DEBUG org.apache.http.impl.client.DefaultHttpClient -- Attempt 1 to execute request
14:04:44.732 [Test worker] DEBUG org.apache.http.impl.conn.DefaultClientConnection -- Sending request: DELETE /BookStore/v1/Books?UserId=41ed806a-614e-48d9-9734-356e4cf73460 HTTP/1.1
14:04:44.732 [Test worker] DEBUG org.apache.http.wire --  >> "DELETE /BookStore/v1/Books?UserId=41ed806a-614e-48d9-9734-356e4cf73460 HTTP/1.1[\r][\n]"
14:04:44.732 [Test worker] DEBUG org.apache.http.wire --  >> "Content-Type: application/json[\r][\n]"
14:04:44.732 [Test worker] DEBUG org.apache.http.wire --  >> "Authorization: Bearer eyJhbGciOiJIUzI1NiIsInR5cCI6IkpXVCJ9.eyJ1c2VyTmFtZSI6ImFudGhvbnkudm9ucnVlZGVuIiwicGFzc3dvcmQiOiIxMjNSb24zMjEmIiwiaWF0IjoxNzAyNDcyNjg1fQ.7mMe8fjfEw3MdBKkJGLS_hRWTrVPV-3yAepbM87Z0Lw[\r][\n]"
14:04:44.732 [Test worker] DEBUG org.apache.http.wire --  >> "Accept: */*[\r][\n]"
14:04:44.732 [Test worker] DEBUG org.apache.http.wire --  >> "Host: demoqa.com[\r][\n]"
14:04:44.732 [Test worker] DEBUG org.apache.http.wire --  >> "Connection: Keep-Alive[\r][\n]"
14:04:44.732 [Test worker] DEBUG org.apache.http.wire --  >> "User-Agent: Apache-HttpClient/4.5.13 (Java/11.0.20)[\r][\n]"
14:04:44.732 [Test worker] DEBUG org.apache.http.wire --  >> "Accept-Encoding: gzip,deflate[\r][\n]"
14:04:44.732 [Test worker] DEBUG org.apache.http.wire --  >> "[\r][\n]"
14:04:44.732 [Test worker] DEBUG org.apache.http.headers -- >> DELETE /BookStore/v1/Books?UserId=41ed806a-614e-48d9-9734-356e4cf73460 HTTP/1.1
14:04:44.732 [Test worker] DEBUG org.apache.http.headers -- >> Content-Type: application/json
14:04:44.732 [Test worker] DEBUG org.apache.http.headers -- >> Authorization: Bearer eyJhbGciOiJIUzI1NiIsInR5cCI6IkpXVCJ9.eyJ1c2VyTmFtZSI6ImFudGhvbnkudm9ucnVlZGVuIiwicGFzc3dvcmQiOiIxMjNSb24zMjEmIiwiaWF0IjoxNzAyNDcyNjg1fQ.7mMe8fjfEw3MdBKkJGLS_hRWTrVPV-3yAepbM87Z0Lw
14:04:44.732 [Test worker] DEBUG org.apache.http.headers -- >> Accept: */*
14:04:44.732 [Test worker] DEBUG org.apache.http.headers -- >> Host: demoqa.com
14:04:44.732 [Test worker] DEBUG org.apache.http.headers -- >> Connection: Keep-Alive
14:04:44.732 [Test worker] DEBUG org.apache.http.headers -- >> User-Agent: Apache-HttpClient/4.5.13 (Java/11.0.20)
14:04:44.732 [Test worker] DEBUG org.apache.http.headers -- >> Accept-Encoding: gzip,deflate
14:04:44.817 [Test worker] DEBUG org.apache.http.wire --  << "HTTP/1.1 204 No Content[\r][\n]"
14:04:44.817 [Test worker] DEBUG org.apache.http.wire --  << "Server: nginx/1.17.10 (Ubuntu)[\r][\n]"
14:04:44.817 [Test worker] DEBUG org.apache.http.wire --  << "Date: Wed, 13 Dec 2023 13:04:46 GMT[\r][\n]"
14:04:44.817 [Test worker] DEBUG org.apache.http.wire --  << "Connection: keep-alive[\r][\n]"
14:04:44.817 [Test worker] DEBUG org.apache.http.wire --  << "X-Powered-By: Express[\r][\n]"
14:04:44.817 [Test worker] DEBUG org.apache.http.wire --  << "ETag: W/"44-1mNkCgFWXrysm2bVvAhS6jkBOlQ"[\r][\n]"
14:04:44.817 [Test worker] DEBUG org.apache.http.wire --  << "[\r][\n]"
14:04:44.817 [Test worker] DEBUG org.apache.http.impl.conn.DefaultClientConnection -- Receiving response: HTTP/1.1 204 No Content
14:04:44.817 [Test worker] DEBUG org.apache.http.headers -- << HTTP/1.1 204 No Content
14:04:44.817 [Test worker] DEBUG org.apache.http.headers -- << Server: nginx/1.17.10 (Ubuntu)
14:04:44.817 [Test worker] DEBUG org.apache.http.headers -- << Date: Wed, 13 Dec 2023 13:04:46 GMT
14:04:44.817 [Test worker] DEBUG org.apache.http.headers -- << Connection: keep-alive
14:04:44.817 [Test worker] DEBUG org.apache.http.headers -- << X-Powered-By: Express
14:04:44.817 [Test worker] DEBUG org.apache.http.headers -- << ETag: W/"44-1mNkCgFWXrysm2bVvAhS6jkBOlQ"
14:04:44.817 [Test worker] DEBUG org.apache.http.impl.client.DefaultHttpClient -- Connection can be kept alive indefinitely
14:04:44.818 [Test worker] DEBUG org.apache.http.impl.conn.BasicClientConnectionManager -- Releasing connection org.apache.http.impl.conn.ManagedClientConnectionImpl@7ec00f98
14:04:44.818 [Test worker] DEBUG org.apache.http.impl.conn.BasicClientConnectionManager -- Connection can be kept alive indefinitely
HTTP/1.1 204 No Content
Server: nginx/1.17.10 (Ubuntu)
Date: Wed, 13 Dec 2023 13:04:46 GMT
Connection: keep-alive
X-Powered-By: Express
ETag: W/"44-1mNkCgFWXrysm2bVvAhS6jkBOlQ"
Request method:	POST
Request URI:	https://demoqa.com/BookStore/v1/Books
Proxy:			<none>
Request params:	<none>
Query params:	<none>
Form params:	<none>
Path params:	<none>
Headers:		Authorization=Bearer eyJhbGciOiJIUzI1NiIsInR5cCI6IkpXVCJ9.eyJ1c2VyTmFtZSI6ImFudGhvbnkudm9ucnVlZGVuIiwicGFzc3dvcmQiOiIxMjNSb24zMjEmIiwiaWF0IjoxNzAyNDcyNjg1fQ.7mMe8fjfEw3MdBKkJGLS_hRWTrVPV-3yAepbM87Z0Lw
				Accept=*/*
				Content-Type=application/json
Cookies:		<none>
Multiparts:		<none>
Body:
{
    "userId": "41ed806a-614e-48d9-9734-356e4cf73460",
    "collectionOfIsbns": [
        {
            "isbn": "9781593275846"
        }
    ]
}
14:04:44.840 [Test worker] DEBUG org.apache.http.impl.conn.BasicClientConnectionManager -- Get connection for route {s}->https://demoqa.com:443
14:04:44.841 [Test worker] DEBUG org.apache.http.impl.conn.DefaultClientConnectionOperator -- Connecting to demoqa.com:443
14:04:44.951 [Test worker] DEBUG org.apache.http.client.protocol.RequestAddCookies -- CookieSpec selected: ignoreCookies
14:04:44.951 [Test worker] DEBUG org.apache.http.client.protocol.RequestAuthCache -- Auth cache not set in the context
14:04:44.951 [Test worker] DEBUG org.apache.http.client.protocol.RequestProxyAuthentication -- Proxy auth state: UNCHALLENGED
14:04:44.951 [Test worker] DEBUG org.apache.http.impl.client.DefaultHttpClient -- Attempt 1 to execute request
14:04:44.951 [Test worker] DEBUG org.apache.http.impl.conn.DefaultClientConnection -- Sending request: POST /BookStore/v1/Books HTTP/1.1
14:04:44.952 [Test worker] DEBUG org.apache.http.wire --  >> "POST /BookStore/v1/Books HTTP/1.1[\r][\n]"
14:04:44.952 [Test worker] DEBUG org.apache.http.wire --  >> "Authorization: Bearer eyJhbGciOiJIUzI1NiIsInR5cCI6IkpXVCJ9.eyJ1c2VyTmFtZSI6ImFudGhvbnkudm9ucnVlZGVuIiwicGFzc3dvcmQiOiIxMjNSb24zMjEmIiwiaWF0IjoxNzAyNDcyNjg1fQ.7mMe8fjfEw3MdBKkJGLS_hRWTrVPV-3yAepbM87Z0Lw[\r][\n]"
14:04:44.952 [Test worker] DEBUG org.apache.http.wire --  >> "Accept: */*[\r][\n]"
14:04:44.952 [Test worker] DEBUG org.apache.http.wire --  >> "Content-Type: application/json[\r][\n]"
14:04:44.952 [Test worker] DEBUG org.apache.http.wire --  >> "Content-Length: 96[\r][\n]"
14:04:44.952 [Test worker] DEBUG org.apache.http.wire --  >> "Host: demoqa.com[\r][\n]"
14:04:44.952 [Test worker] DEBUG org.apache.http.wire --  >> "Connection: Keep-Alive[\r][\n]"
14:04:44.952 [Test worker] DEBUG org.apache.http.wire --  >> "User-Agent: Apache-HttpClient/4.5.13 (Java/11.0.20)[\r][\n]"
14:04:44.952 [Test worker] DEBUG org.apache.http.wire --  >> "Accept-Encoding: gzip,deflate[\r][\n]"
14:04:44.952 [Test worker] DEBUG org.apache.http.wire --  >> "[\r][\n]"
14:04:44.952 [Test worker] DEBUG org.apache.http.headers -- >> POST /BookStore/v1/Books HTTP/1.1
14:04:44.952 [Test worker] DEBUG org.apache.http.headers -- >> Authorization: Bearer eyJhbGciOiJIUzI1NiIsInR5cCI6IkpXVCJ9.eyJ1c2VyTmFtZSI6ImFudGhvbnkudm9ucnVlZGVuIiwicGFzc3dvcmQiOiIxMjNSb24zMjEmIiwiaWF0IjoxNzAyNDcyNjg1fQ.7mMe8fjfEw3MdBKkJGLS_hRWTrVPV-3yAepbM87Z0Lw
14:04:44.952 [Test worker] DEBUG org.apache.http.headers -- >> Accept: */*
14:04:44.952 [Test worker] DEBUG org.apache.http.headers -- >> Content-Type: application/json
14:04:44.952 [Test worker] DEBUG org.apache.http.headers -- >> Content-Length: 96
14:04:44.952 [Test worker] DEBUG org.apache.http.headers -- >> Host: demoqa.com
14:04:44.952 [Test worker] DEBUG org.apache.http.headers -- >> Connection: Keep-Alive
14:04:44.952 [Test worker] DEBUG org.apache.http.headers -- >> User-Agent: Apache-HttpClient/4.5.13 (Java/11.0.20)
14:04:44.952 [Test worker] DEBUG org.apache.http.headers -- >> Accept-Encoding: gzip,deflate
14:04:44.952 [Test worker] DEBUG org.apache.http.wire --  >> "{"userId":"41ed806a-614e-48d9-9734-356e4cf73460","collectionOfIsbns":[{"isbn":"9781593275846"}]}"
14:04:45.755 [Test worker] DEBUG org.apache.http.wire --  << "HTTP/1.1 201 Created[\r][\n]"
14:04:45.755 [Test worker] DEBUG org.apache.http.wire --  << "Server: nginx/1.17.10 (Ubuntu)[\r][\n]"
14:04:45.756 [Test worker] DEBUG org.apache.http.wire --  << "Date: Wed, 13 Dec 2023 13:04:46 GMT[\r][\n]"
14:04:45.756 [Test worker] DEBUG org.apache.http.wire --  << "Content-Type: application/json; charset=utf-8[\r][\n]"
14:04:45.756 [Test worker] DEBUG org.apache.http.wire --  << "Content-Length: 36[\r][\n]"
14:04:45.756 [Test worker] DEBUG org.apache.http.wire --  << "Connection: keep-alive[\r][\n]"
14:04:45.756 [Test worker] DEBUG org.apache.http.wire --  << "X-Powered-By: Express[\r][\n]"
14:04:45.756 [Test worker] DEBUG org.apache.http.wire --  << "ETag: W/"24-BFU4j9UH/3mdWuXxgz5p8Pxzl2A"[\r][\n]"
14:04:45.756 [Test worker] DEBUG org.apache.http.wire --  << "[\r][\n]"
14:04:45.756 [Test worker] DEBUG org.apache.http.impl.conn.DefaultClientConnection -- Receiving response: HTTP/1.1 201 Created
14:04:45.756 [Test worker] DEBUG org.apache.http.headers -- << HTTP/1.1 201 Created
14:04:45.756 [Test worker] DEBUG org.apache.http.headers -- << Server: nginx/1.17.10 (Ubuntu)
14:04:45.756 [Test worker] DEBUG org.apache.http.headers -- << Date: Wed, 13 Dec 2023 13:04:46 GMT
14:04:45.756 [Test worker] DEBUG org.apache.http.headers -- << Content-Type: application/json; charset=utf-8
14:04:45.756 [Test worker] DEBUG org.apache.http.headers -- << Content-Length: 36
14:04:45.756 [Test worker] DEBUG org.apache.http.headers -- << Connection: keep-alive
14:04:45.756 [Test worker] DEBUG org.apache.http.headers -- << X-Powered-By: Express
14:04:45.756 [Test worker] DEBUG org.apache.http.headers -- << ETag: W/"24-BFU4j9UH/3mdWuXxgz5p8Pxzl2A"
14:04:45.756 [Test worker] DEBUG org.apache.http.impl.client.DefaultHttpClient -- Connection can be kept alive indefinitely
14:04:45.756 [Test worker] DEBUG io.restassured.internal.RestAssuredHttpBuilder -- Parsing response as: application/json; charset=utf-8
14:04:45.756 [Test worker] DEBUG io.restassured.internal.RestAssuredHttpBuilder -- Parsed data to instance of: class org.apache.http.conn.EofSensorInputStream
14:04:45.756 [Test worker] DEBUG org.apache.http.wire --  << "{"books":[{"isbn":"9781593275846"}]}"
14:04:45.757 [Test worker] DEBUG org.apache.http.impl.conn.BasicClientConnectionManager -- Releasing connection org.apache.http.impl.conn.ManagedClientConnectionImpl@7b3fd68e
14:04:45.757 [Test worker] DEBUG org.apache.http.impl.conn.BasicClientConnectionManager -- Connection can be kept alive indefinitely
HTTP/1.1 201 Created
Server: nginx/1.17.10 (Ubuntu)
Date: Wed, 13 Dec 2023 13:04:46 GMT
Content-Type: application/json; charset=utf-8
Content-Length: 36
Connection: keep-alive
X-Powered-By: Express
ETag: W/"24-BFU4j9UH/3mdWuXxgz5p8Pxzl2A"

{
    "books": [
        {
            "isbn": "9781593275846"
        }
    ]
}
Request method:	DELETE
Request URI:	https://demoqa.com/BookStore/v1/Book
Proxy:			<none>
Request params:	<none>
Query params:	<none>
Form params:	<none>
Path params:	<none>
Headers:		Authorization=Bearer eyJhbGciOiJIUzI1NiIsInR5cCI6IkpXVCJ9.eyJ1c2VyTmFtZSI6ImFudGhvbnkudm9ucnVlZGVuIiwicGFzc3dvcmQiOiIxMjNSb24zMjEmIiwiaWF0IjoxNzAyNDcyNjg1fQ.7mMe8fjfEw3MdBKkJGLS_hRWTrVPV-3yAepbM87Z0Lw
				Accept=*/*
				Content-Type=application/json
Cookies:		<none>
Multiparts:		<none>
Body:
{
    "isbn": "9781593275846",
    "userId": "41ed806a-614e-48d9-9734-356e4cf73460"
}
14:04:45.871 [Test worker] DEBUG org.apache.http.impl.conn.BasicClientConnectionManager -- Get connection for route {s}->https://demoqa.com:443
14:04:45.871 [Test worker] DEBUG org.apache.http.impl.conn.DefaultClientConnectionOperator -- Connecting to demoqa.com:443
14:04:49.251 [Test worker] DEBUG org.apache.http.client.protocol.RequestAddCookies -- CookieSpec selected: ignoreCookies
14:04:49.251 [Test worker] DEBUG org.apache.http.client.protocol.RequestAuthCache -- Auth cache not set in the context
14:04:49.251 [Test worker] DEBUG org.apache.http.client.protocol.RequestProxyAuthentication -- Proxy auth state: UNCHALLENGED
14:04:49.251 [Test worker] DEBUG org.apache.http.impl.client.DefaultHttpClient -- Attempt 1 to execute request
14:04:49.251 [Test worker] DEBUG org.apache.http.impl.conn.DefaultClientConnection -- Sending request: DELETE /BookStore/v1/Book HTTP/1.1
14:04:49.251 [Test worker] DEBUG org.apache.http.wire --  >> "DELETE /BookStore/v1/Book HTTP/1.1[\r][\n]"
14:04:49.251 [Test worker] DEBUG org.apache.http.wire --  >> "Authorization: Bearer eyJhbGciOiJIUzI1NiIsInR5cCI6IkpXVCJ9.eyJ1c2VyTmFtZSI6ImFudGhvbnkudm9ucnVlZGVuIiwicGFzc3dvcmQiOiIxMjNSb24zMjEmIiwiaWF0IjoxNzAyNDcyNjg1fQ.7mMe8fjfEw3MdBKkJGLS_hRWTrVPV-3yAepbM87Z0Lw[\r][\n]"
14:04:49.251 [Test worker] DEBUG org.apache.http.wire --  >> "Accept: */*[\r][\n]"
14:04:49.251 [Test worker] DEBUG org.apache.http.wire --  >> "Content-Type: application/json[\r][\n]"
14:04:49.251 [Test worker] DEBUG org.apache.http.wire --  >> "Content-Length: 72[\r][\n]"
14:04:49.251 [Test worker] DEBUG org.apache.http.wire --  >> "Host: demoqa.com[\r][\n]"
14:04:49.251 [Test worker] DEBUG org.apache.http.wire --  >> "Connection: Keep-Alive[\r][\n]"
14:04:49.251 [Test worker] DEBUG org.apache.http.wire --  >> "User-Agent: Apache-HttpClient/4.5.13 (Java/11.0.20)[\r][\n]"
14:04:49.251 [Test worker] DEBUG org.apache.http.wire --  >> "Accept-Encoding: gzip,deflate[\r][\n]"
14:04:49.251 [Test worker] DEBUG org.apache.http.wire --  >> "[\r][\n]"
14:04:49.251 [Test worker] DEBUG org.apache.http.headers -- >> DELETE /BookStore/v1/Book HTTP/1.1
14:04:49.251 [Test worker] DEBUG org.apache.http.headers -- >> Authorization: Bearer eyJhbGciOiJIUzI1NiIsInR5cCI6IkpXVCJ9.eyJ1c2VyTmFtZSI6ImFudGhvbnkudm9ucnVlZGVuIiwicGFzc3dvcmQiOiIxMjNSb24zMjEmIiwiaWF0IjoxNzAyNDcyNjg1fQ.7mMe8fjfEw3MdBKkJGLS_hRWTrVPV-3yAepbM87Z0Lw
14:04:49.251 [Test worker] DEBUG org.apache.http.headers -- >> Accept: */*
14:04:49.251 [Test worker] DEBUG org.apache.http.headers -- >> Content-Type: application/json
14:04:49.251 [Test worker] DEBUG org.apache.http.headers -- >> Content-Length: 72
14:04:49.251 [Test worker] DEBUG org.apache.http.headers -- >> Host: demoqa.com
14:04:49.251 [Test worker] DEBUG org.apache.http.headers -- >> Connection: Keep-Alive
14:04:49.251 [Test worker] DEBUG org.apache.http.headers -- >> User-Agent: Apache-HttpClient/4.5.13 (Java/11.0.20)
14:04:49.251 [Test worker] DEBUG org.apache.http.headers -- >> Accept-Encoding: gzip,deflate
14:04:49.251 [Test worker] DEBUG org.apache.http.wire --  >> "{"isbn":"9781593275846","userId":"41ed806a-614e-48d9-9734-356e4cf73460"}"
14:04:49.537 [Test worker] DEBUG org.apache.http.wire --  << "HTTP/1.1 204 No Content[\r][\n]"
14:04:49.538 [Test worker] DEBUG org.apache.http.wire --  << "Server: nginx/1.17.10 (Ubuntu)[\r][\n]"
14:04:49.538 [Test worker] DEBUG org.apache.http.wire --  << "Date: Wed, 13 Dec 2023 13:04:50 GMT[\r][\n]"
14:04:49.538 [Test worker] DEBUG org.apache.http.wire --  << "Connection: keep-alive[\r][\n]"
14:04:49.538 [Test worker] DEBUG org.apache.http.wire --  << "X-Powered-By: Express[\r][\n]"
14:04:49.538 [Test worker] DEBUG org.apache.http.wire --  << "ETag: W/"76-A704e5ud/fLTBFURT5/gTHKI768"[\r][\n]"
14:04:49.538 [Test worker] DEBUG org.apache.http.wire --  << "[\r][\n]"
14:04:49.538 [Test worker] DEBUG org.apache.http.impl.conn.DefaultClientConnection -- Receiving response: HTTP/1.1 204 No Content
14:04:49.538 [Test worker] DEBUG org.apache.http.headers -- << HTTP/1.1 204 No Content
14:04:49.538 [Test worker] DEBUG org.apache.http.headers -- << Server: nginx/1.17.10 (Ubuntu)
14:04:49.538 [Test worker] DEBUG org.apache.http.headers -- << Date: Wed, 13 Dec 2023 13:04:50 GMT
14:04:49.538 [Test worker] DEBUG org.apache.http.headers -- << Connection: keep-alive
14:04:49.538 [Test worker] DEBUG org.apache.http.headers -- << X-Powered-By: Express
14:04:49.538 [Test worker] DEBUG org.apache.http.headers -- << ETag: W/"76-A704e5ud/fLTBFURT5/gTHKI768"
14:04:49.538 [Test worker] DEBUG org.apache.http.impl.client.DefaultHttpClient -- Connection can be kept alive indefinitely
14:04:49.539 [Test worker] DEBUG org.apache.http.impl.conn.BasicClientConnectionManager -- Releasing connection org.apache.http.impl.conn.ManagedClientConnectionImpl@3a7ba368
14:04:49.539 [Test worker] DEBUG org.apache.http.impl.conn.BasicClientConnectionManager -- Connection can be kept alive indefinitely
HTTP/1.1 204 No Content
Server: nginx/1.17.10 (Ubuntu)
Date: Wed, 13 Dec 2023 13:04:50 GMT
Connection: keep-alive
X-Powered-By: Express
ETag: W/"76-A704e5ud/fLTBFURT5/gTHKI768"
Request method:	POST
Request URI:	https://demoqa.com/Account/v1/User
Proxy:			<none>
Request params:	<none>
Query params:	<none>
Form params:	<none>
Path params:	<none>
Headers:		Accept=*/*
				Content-Type=application/json
Cookies:		<none>
Multiparts:		<none>
Body:
{
    "userName": "bernadine.bernhard",
    "password": "123Ron321&"
}
14:04:49.559 [Test worker] DEBUG org.apache.http.impl.conn.BasicClientConnectionManager -- Get connection for route {s}->https://demoqa.com:443
14:04:49.559 [Test worker] DEBUG org.apache.http.impl.conn.DefaultClientConnectionOperator -- Connecting to demoqa.com:443
14:04:49.879 [Test worker] DEBUG org.apache.http.client.protocol.RequestAddCookies -- CookieSpec selected: ignoreCookies
14:04:49.879 [Test worker] DEBUG org.apache.http.client.protocol.RequestAuthCache -- Auth cache not set in the context
14:04:49.879 [Test worker] DEBUG org.apache.http.client.protocol.RequestTargetAuthentication -- Target auth state: UNCHALLENGED
14:04:49.880 [Test worker] DEBUG org.apache.http.client.protocol.RequestProxyAuthentication -- Proxy auth state: UNCHALLENGED
14:04:49.880 [Test worker] DEBUG org.apache.http.impl.client.DefaultHttpClient -- Attempt 1 to execute request
14:04:49.880 [Test worker] DEBUG org.apache.http.impl.conn.DefaultClientConnection -- Sending request: POST /Account/v1/User HTTP/1.1
14:04:49.880 [Test worker] DEBUG org.apache.http.wire --  >> "POST /Account/v1/User HTTP/1.1[\r][\n]"
14:04:49.880 [Test worker] DEBUG org.apache.http.wire --  >> "Accept: */*[\r][\n]"
14:04:49.880 [Test worker] DEBUG org.apache.http.wire --  >> "Content-Type: application/json[\r][\n]"
14:04:49.880 [Test worker] DEBUG org.apache.http.wire --  >> "Content-Length: 57[\r][\n]"
14:04:49.880 [Test worker] DEBUG org.apache.http.wire --  >> "Host: demoqa.com[\r][\n]"
14:04:49.880 [Test worker] DEBUG org.apache.http.wire --  >> "Connection: Keep-Alive[\r][\n]"
14:04:49.880 [Test worker] DEBUG org.apache.http.wire --  >> "User-Agent: Apache-HttpClient/4.5.13 (Java/11.0.20)[\r][\n]"
14:04:49.880 [Test worker] DEBUG org.apache.http.wire --  >> "Accept-Encoding: gzip,deflate[\r][\n]"
14:04:49.880 [Test worker] DEBUG org.apache.http.wire --  >> "[\r][\n]"
14:04:49.880 [Test worker] DEBUG org.apache.http.headers -- >> POST /Account/v1/User HTTP/1.1
14:04:49.880 [Test worker] DEBUG org.apache.http.headers -- >> Accept: */*
14:04:49.880 [Test worker] DEBUG org.apache.http.headers -- >> Content-Type: application/json
14:04:49.880 [Test worker] DEBUG org.apache.http.headers -- >> Content-Length: 57
14:04:49.880 [Test worker] DEBUG org.apache.http.headers -- >> Host: demoqa.com
14:04:49.880 [Test worker] DEBUG org.apache.http.headers -- >> Connection: Keep-Alive
14:04:49.880 [Test worker] DEBUG org.apache.http.headers -- >> User-Agent: Apache-HttpClient/4.5.13 (Java/11.0.20)
14:04:49.880 [Test worker] DEBUG org.apache.http.headers -- >> Accept-Encoding: gzip,deflate
14:04:49.880 [Test worker] DEBUG org.apache.http.wire --  >> "{"userName":"bernadine.bernhard","password":"123Ron321&"}"
14:04:50.087 [Test worker] DEBUG org.apache.http.wire --  << "HTTP/1.1 201 Created[\r][\n]"
14:04:50.087 [Test worker] DEBUG org.apache.http.wire --  << "Server: nginx/1.17.10 (Ubuntu)[\r][\n]"
14:04:50.087 [Test worker] DEBUG org.apache.http.wire --  << "Date: Wed, 13 Dec 2023 13:04:51 GMT[\r][\n]"
14:04:50.087 [Test worker] DEBUG org.apache.http.wire --  << "Content-Type: application/json; charset=utf-8[\r][\n]"
14:04:50.087 [Test worker] DEBUG org.apache.http.wire --  << "Content-Length: 92[\r][\n]"
14:04:50.087 [Test worker] DEBUG org.apache.http.wire --  << "Connection: keep-alive[\r][\n]"
14:04:50.087 [Test worker] DEBUG org.apache.http.wire --  << "X-Powered-By: Express[\r][\n]"
14:04:50.087 [Test worker] DEBUG org.apache.http.wire --  << "ETag: W/"5c-FczuW4LawR1uH/pbdW39UpREAFo"[\r][\n]"
14:04:50.087 [Test worker] DEBUG org.apache.http.wire --  << "[\r][\n]"
14:04:50.087 [Test worker] DEBUG org.apache.http.impl.conn.DefaultClientConnection -- Receiving response: HTTP/1.1 201 Created
14:04:50.087 [Test worker] DEBUG org.apache.http.headers -- << HTTP/1.1 201 Created
14:04:50.087 [Test worker] DEBUG org.apache.http.headers -- << Server: nginx/1.17.10 (Ubuntu)
14:04:50.087 [Test worker] DEBUG org.apache.http.headers -- << Date: Wed, 13 Dec 2023 13:04:51 GMT
14:04:50.087 [Test worker] DEBUG org.apache.http.headers -- << Content-Type: application/json; charset=utf-8
14:04:50.087 [Test worker] DEBUG org.apache.http.headers -- << Content-Length: 92
14:04:50.087 [Test worker] DEBUG org.apache.http.headers -- << Connection: keep-alive
14:04:50.087 [Test worker] DEBUG org.apache.http.headers -- << X-Powered-By: Express
14:04:50.087 [Test worker] DEBUG org.apache.http.headers -- << ETag: W/"5c-FczuW4LawR1uH/pbdW39UpREAFo"
14:04:50.087 [Test worker] DEBUG org.apache.http.impl.client.DefaultHttpClient -- Connection can be kept alive indefinitely
14:04:50.087 [Test worker] DEBUG io.restassured.internal.RestAssuredHttpBuilder -- Parsing response as: application/json; charset=utf-8
14:04:50.087 [Test worker] DEBUG io.restassured.internal.RestAssuredHttpBuilder -- Parsed data to instance of: class org.apache.http.conn.EofSensorInputStream
14:04:50.088 [Test worker] DEBUG org.apache.http.wire --  << "{"userID":"d9a33d32-befb-490d-a80f-4cc3a7458f28","username":"bernadine.bernhard","books":[]}"
14:04:50.088 [Test worker] DEBUG org.apache.http.impl.conn.BasicClientConnectionManager -- Releasing connection org.apache.http.impl.conn.ManagedClientConnectionImpl@1b256636
14:04:50.088 [Test worker] DEBUG org.apache.http.impl.conn.BasicClientConnectionManager -- Connection can be kept alive indefinitely
HTTP/1.1 201 Created
Server: nginx/1.17.10 (Ubuntu)
Date: Wed, 13 Dec 2023 13:04:51 GMT
Content-Type: application/json; charset=utf-8
Content-Length: 92
Connection: keep-alive
X-Powered-By: Express
ETag: W/"5c-FczuW4LawR1uH/pbdW39UpREAFo"

{
    "userID": "d9a33d32-befb-490d-a80f-4cc3a7458f28",
    "username": "bernadine.bernhard",
    "books": [
        
    ]
}
Request method:	POST
Request URI:	https://demoqa.com/Account/v1/GenerateToken
Proxy:			<none>
Request params:	<none>
Query params:	<none>
Form params:	<none>
Path params:	<none>
Headers:		Accept=*/*
				Content-Type=application/json
Cookies:		<none>
Multiparts:		<none>
Body:
{
    "userName": "bernadine.bernhard",
    "password": "123Ron321&"
}
14:04:50.109 [Test worker] DEBUG org.apache.http.impl.conn.BasicClientConnectionManager -- Get connection for route {s}->https://demoqa.com:443
14:04:50.109 [Test worker] DEBUG org.apache.http.impl.conn.DefaultClientConnectionOperator -- Connecting to demoqa.com:443
14:04:50.188 [Test worker] DEBUG org.apache.http.client.protocol.RequestAddCookies -- CookieSpec selected: ignoreCookies
14:04:50.188 [Test worker] DEBUG org.apache.http.client.protocol.RequestAuthCache -- Auth cache not set in the context
14:04:50.188 [Test worker] DEBUG org.apache.http.client.protocol.RequestTargetAuthentication -- Target auth state: UNCHALLENGED
14:04:50.188 [Test worker] DEBUG org.apache.http.client.protocol.RequestProxyAuthentication -- Proxy auth state: UNCHALLENGED
14:04:50.188 [Test worker] DEBUG org.apache.http.impl.client.DefaultHttpClient -- Attempt 1 to execute request
14:04:50.188 [Test worker] DEBUG org.apache.http.impl.conn.DefaultClientConnection -- Sending request: POST /Account/v1/GenerateToken HTTP/1.1
14:04:50.189 [Test worker] DEBUG org.apache.http.wire --  >> "POST /Account/v1/GenerateToken HTTP/1.1[\r][\n]"
14:04:50.189 [Test worker] DEBUG org.apache.http.wire --  >> "Accept: */*[\r][\n]"
14:04:50.189 [Test worker] DEBUG org.apache.http.wire --  >> "Content-Type: application/json[\r][\n]"
14:04:50.189 [Test worker] DEBUG org.apache.http.wire --  >> "Content-Length: 57[\r][\n]"
14:04:50.189 [Test worker] DEBUG org.apache.http.wire --  >> "Host: demoqa.com[\r][\n]"
14:04:50.189 [Test worker] DEBUG org.apache.http.wire --  >> "Connection: Keep-Alive[\r][\n]"
14:04:50.189 [Test worker] DEBUG org.apache.http.wire --  >> "User-Agent: Apache-HttpClient/4.5.13 (Java/11.0.20)[\r][\n]"
14:04:50.189 [Test worker] DEBUG org.apache.http.wire --  >> "Accept-Encoding: gzip,deflate[\r][\n]"
14:04:50.189 [Test worker] DEBUG org.apache.http.wire --  >> "[\r][\n]"
14:04:50.189 [Test worker] DEBUG org.apache.http.headers -- >> POST /Account/v1/GenerateToken HTTP/1.1
14:04:50.189 [Test worker] DEBUG org.apache.http.headers -- >> Accept: */*
14:04:50.189 [Test worker] DEBUG org.apache.http.headers -- >> Content-Type: application/json
14:04:50.189 [Test worker] DEBUG org.apache.http.headers -- >> Content-Length: 57
14:04:50.189 [Test worker] DEBUG org.apache.http.headers -- >> Host: demoqa.com
14:04:50.189 [Test worker] DEBUG org.apache.http.headers -- >> Connection: Keep-Alive
14:04:50.189 [Test worker] DEBUG org.apache.http.headers -- >> User-Agent: Apache-HttpClient/4.5.13 (Java/11.0.20)
14:04:50.189 [Test worker] DEBUG org.apache.http.headers -- >> Accept-Encoding: gzip,deflate
14:04:50.189 [Test worker] DEBUG org.apache.http.wire --  >> "{"userName":"bernadine.bernhard","password":"123Ron321&"}"
14:04:50.536 [Test worker] DEBUG org.apache.http.wire --  << "HTTP/1.1 200 OK[\r][\n]"
14:04:50.536 [Test worker] DEBUG org.apache.http.wire --  << "Server: nginx/1.17.10 (Ubuntu)[\r][\n]"
14:04:50.536 [Test worker] DEBUG org.apache.http.wire --  << "Date: Wed, 13 Dec 2023 13:04:51 GMT[\r][\n]"
14:04:50.536 [Test worker] DEBUG org.apache.http.wire --  << "Content-Type: application/json; charset=utf-8[\r][\n]"
14:04:50.536 [Test worker] DEBUG org.apache.http.wire --  << "Content-Length: 289[\r][\n]"
14:04:50.537 [Test worker] DEBUG org.apache.http.wire --  << "Connection: keep-alive[\r][\n]"
14:04:50.537 [Test worker] DEBUG org.apache.http.wire --  << "X-Powered-By: Express[\r][\n]"
14:04:50.537 [Test worker] DEBUG org.apache.http.wire --  << "ETag: W/"121-G5CZx4RfKJA+8hBAGu2C79XGFN8"[\r][\n]"
14:04:50.537 [Test worker] DEBUG org.apache.http.wire --  << "[\r][\n]"
14:04:50.537 [Test worker] DEBUG org.apache.http.impl.conn.DefaultClientConnection -- Receiving response: HTTP/1.1 200 OK
14:04:50.537 [Test worker] DEBUG org.apache.http.headers -- << HTTP/1.1 200 OK
14:04:50.537 [Test worker] DEBUG org.apache.http.headers -- << Server: nginx/1.17.10 (Ubuntu)
14:04:50.537 [Test worker] DEBUG org.apache.http.headers -- << Date: Wed, 13 Dec 2023 13:04:51 GMT
14:04:50.537 [Test worker] DEBUG org.apache.http.headers -- << Content-Type: application/json; charset=utf-8
14:04:50.537 [Test worker] DEBUG org.apache.http.headers -- << Content-Length: 289
14:04:50.537 [Test worker] DEBUG org.apache.http.headers -- << Connection: keep-alive
14:04:50.537 [Test worker] DEBUG org.apache.http.headers -- << X-Powered-By: Express
14:04:50.537 [Test worker] DEBUG org.apache.http.headers -- << ETag: W/"121-G5CZx4RfKJA+8hBAGu2C79XGFN8"
14:04:50.537 [Test worker] DEBUG org.apache.http.impl.client.DefaultHttpClient -- Connection can be kept alive indefinitely
14:04:50.537 [Test worker] DEBUG io.restassured.internal.RestAssuredHttpBuilder -- Parsing response as: application/json; charset=utf-8
14:04:50.537 [Test worker] DEBUG io.restassured.internal.RestAssuredHttpBuilder -- Parsed data to instance of: class org.apache.http.conn.EofSensorInputStream
14:04:50.538 [Test worker] DEBUG org.apache.http.wire --  << "{"token":"eyJhbGciOiJIUzI1NiIsInR5cCI6IkpXVCJ9.eyJ1c2VyTmFtZSI6ImJlcm5hZGluZS5iZXJuaGFyZCIsInBhc3N3b3JkIjoiMTIzUm9uMzIxJiIsImlhdCI6MTcwMjQ3MjY5MX0.XFO8K7_DecRr5iLs5IbN5Za5Q12Wvwa0IxSvVgJLsXI","expires":"2023-12-20T13:04:51.486Z","status":"Success","result":"User authorized successfully."}"
14:04:50.538 [Test worker] DEBUG org.apache.http.impl.conn.BasicClientConnectionManager -- Releasing connection org.apache.http.impl.conn.ManagedClientConnectionImpl@31d7e70
14:04:50.538 [Test worker] DEBUG org.apache.http.impl.conn.BasicClientConnectionManager -- Connection can be kept alive indefinitely
HTTP/1.1 200 OK
Server: nginx/1.17.10 (Ubuntu)
Date: Wed, 13 Dec 2023 13:04:51 GMT
Content-Type: application/json; charset=utf-8
Content-Length: 289
Connection: keep-alive
X-Powered-By: Express
ETag: W/"121-G5CZx4RfKJA+8hBAGu2C79XGFN8"

{
    "token": "eyJhbGciOiJIUzI1NiIsInR5cCI6IkpXVCJ9.eyJ1c2VyTmFtZSI6ImJlcm5hZGluZS5iZXJuaGFyZCIsInBhc3N3b3JkIjoiMTIzUm9uMzIxJiIsImlhdCI6MTcwMjQ3MjY5MX0.XFO8K7_DecRr5iLs5IbN5Za5Q12Wvwa0IxSvVgJLsXI",
    "expires": "2023-12-20T13:04:51.486Z",
    "status": "Success",
    "result": "User authorized successfully."
}
Request method:	DELETE
Request URI:	https://demoqa.com/BookStore/v1/Books?UserId=d9a33d32-befb-490d-a80f-4cc3a7458f28
Proxy:			<none>
Request params:	<none>
Query params:	UserId=d9a33d32-befb-490d-a80f-4cc3a7458f28
Form params:	<none>
Path params:	<none>
Headers:		Authorization=Bearer eyJhbGciOiJIUzI1NiIsInR5cCI6IkpXVCJ9.eyJ1c2VyTmFtZSI6ImJlcm5hZGluZS5iZXJuaGFyZCIsInBhc3N3b3JkIjoiMTIzUm9uMzIxJiIsImlhdCI6MTcwMjQ3MjY5MX0.XFO8K7_DecRr5iLs5IbN5Za5Q12Wvwa0IxSvVgJLsXI
				Accept=*/*
				Content-Type=application/json
Cookies:		<none>
Multiparts:		<none>
Body:			<none>
14:04:50.562 [Test worker] DEBUG org.apache.http.impl.conn.BasicClientConnectionManager -- Get connection for route {s}->https://demoqa.com:443
14:04:50.562 [Test worker] DEBUG org.apache.http.impl.conn.DefaultClientConnectionOperator -- Connecting to demoqa.com:443
14:04:50.620 [Test worker] DEBUG org.apache.http.client.protocol.RequestAddCookies -- CookieSpec selected: ignoreCookies
14:04:50.620 [Test worker] DEBUG org.apache.http.client.protocol.RequestAuthCache -- Auth cache not set in the context
14:04:50.620 [Test worker] DEBUG org.apache.http.client.protocol.RequestProxyAuthentication -- Proxy auth state: UNCHALLENGED
14:04:50.620 [Test worker] DEBUG org.apache.http.impl.client.DefaultHttpClient -- Attempt 1 to execute request
14:04:50.620 [Test worker] DEBUG org.apache.http.impl.conn.DefaultClientConnection -- Sending request: DELETE /BookStore/v1/Books?UserId=d9a33d32-befb-490d-a80f-4cc3a7458f28 HTTP/1.1
14:04:50.621 [Test worker] DEBUG org.apache.http.wire --  >> "DELETE /BookStore/v1/Books?UserId=d9a33d32-befb-490d-a80f-4cc3a7458f28 HTTP/1.1[\r][\n]"
14:04:50.621 [Test worker] DEBUG org.apache.http.wire --  >> "Content-Type: application/json[\r][\n]"
14:04:50.621 [Test worker] DEBUG org.apache.http.wire --  >> "Authorization: Bearer eyJhbGciOiJIUzI1NiIsInR5cCI6IkpXVCJ9.eyJ1c2VyTmFtZSI6ImJlcm5hZGluZS5iZXJuaGFyZCIsInBhc3N3b3JkIjoiMTIzUm9uMzIxJiIsImlhdCI6MTcwMjQ3MjY5MX0.XFO8K7_DecRr5iLs5IbN5Za5Q12Wvwa0IxSvVgJLsXI[\r][\n]"
14:04:50.621 [Test worker] DEBUG org.apache.http.wire --  >> "Accept: */*[\r][\n]"
14:04:50.621 [Test worker] DEBUG org.apache.http.wire --  >> "Host: demoqa.com[\r][\n]"
14:04:50.621 [Test worker] DEBUG org.apache.http.wire --  >> "Connection: Keep-Alive[\r][\n]"
14:04:50.621 [Test worker] DEBUG org.apache.http.wire --  >> "User-Agent: Apache-HttpClient/4.5.13 (Java/11.0.20)[\r][\n]"
14:04:50.621 [Test worker] DEBUG org.apache.http.wire --  >> "Accept-Encoding: gzip,deflate[\r][\n]"
14:04:50.621 [Test worker] DEBUG org.apache.http.wire --  >> "[\r][\n]"
14:04:50.621 [Test worker] DEBUG org.apache.http.headers -- >> DELETE /BookStore/v1/Books?UserId=d9a33d32-befb-490d-a80f-4cc3a7458f28 HTTP/1.1
14:04:50.621 [Test worker] DEBUG org.apache.http.headers -- >> Content-Type: application/json
14:04:50.621 [Test worker] DEBUG org.apache.http.headers -- >> Authorization: Bearer eyJhbGciOiJIUzI1NiIsInR5cCI6IkpXVCJ9.eyJ1c2VyTmFtZSI6ImJlcm5hZGluZS5iZXJuaGFyZCIsInBhc3N3b3JkIjoiMTIzUm9uMzIxJiIsImlhdCI6MTcwMjQ3MjY5MX0.XFO8K7_DecRr5iLs5IbN5Za5Q12Wvwa0IxSvVgJLsXI
14:04:50.621 [Test worker] DEBUG org.apache.http.headers -- >> Accept: */*
14:04:50.621 [Test worker] DEBUG org.apache.http.headers -- >> Host: demoqa.com
14:04:50.621 [Test worker] DEBUG org.apache.http.headers -- >> Connection: Keep-Alive
14:04:50.621 [Test worker] DEBUG org.apache.http.headers -- >> User-Agent: Apache-HttpClient/4.5.13 (Java/11.0.20)
14:04:50.621 [Test worker] DEBUG org.apache.http.headers -- >> Accept-Encoding: gzip,deflate
14:04:50.720 [Test worker] DEBUG org.apache.http.wire --  << "HTTP/1.1 204 No Content[\r][\n]"
14:04:50.721 [Test worker] DEBUG org.apache.http.wire --  << "Server: nginx/1.17.10 (Ubuntu)[\r][\n]"
14:04:50.721 [Test worker] DEBUG org.apache.http.wire --  << "Date: Wed, 13 Dec 2023 13:04:51 GMT[\r][\n]"
14:04:50.721 [Test worker] DEBUG org.apache.http.wire --  << "Connection: keep-alive[\r][\n]"
14:04:50.721 [Test worker] DEBUG org.apache.http.wire --  << "X-Powered-By: Express[\r][\n]"
14:04:50.721 [Test worker] DEBUG org.apache.http.wire --  << "ETag: W/"44-1mNkCgFWXrysm2bVvAhS6jkBOlQ"[\r][\n]"
14:04:50.721 [Test worker] DEBUG org.apache.http.wire --  << "[\r][\n]"
14:04:50.721 [Test worker] DEBUG org.apache.http.impl.conn.DefaultClientConnection -- Receiving response: HTTP/1.1 204 No Content
14:04:50.721 [Test worker] DEBUG org.apache.http.headers -- << HTTP/1.1 204 No Content
14:04:50.721 [Test worker] DEBUG org.apache.http.headers -- << Server: nginx/1.17.10 (Ubuntu)
14:04:50.721 [Test worker] DEBUG org.apache.http.headers -- << Date: Wed, 13 Dec 2023 13:04:51 GMT
14:04:50.721 [Test worker] DEBUG org.apache.http.headers -- << Connection: keep-alive
14:04:50.721 [Test worker] DEBUG org.apache.http.headers -- << X-Powered-By: Express
14:04:50.721 [Test worker] DEBUG org.apache.http.headers -- << ETag: W/"44-1mNkCgFWXrysm2bVvAhS6jkBOlQ"
14:04:50.722 [Test worker] DEBUG org.apache.http.impl.client.DefaultHttpClient -- Connection can be kept alive indefinitely
14:04:50.725 [Test worker] DEBUG org.apache.http.impl.conn.BasicClientConnectionManager -- Releasing connection org.apache.http.impl.conn.ManagedClientConnectionImpl@174cd1a4
14:04:50.726 [Test worker] DEBUG org.apache.http.impl.conn.BasicClientConnectionManager -- Connection can be kept alive indefinitely
HTTP/1.1 204 No Content
Server: nginx/1.17.10 (Ubuntu)
Date: Wed, 13 Dec 2023 13:04:51 GMT
Connection: keep-alive
X-Powered-By: Express
ETag: W/"44-1mNkCgFWXrysm2bVvAhS6jkBOlQ"
Request method:	GET
Request URI:	https://demoqa.com/BookStore/v1/Books
Proxy:			<none>
Request params:	<none>
Query params:	<none>
Form params:	<none>
Path params:	<none>
Headers:		Accept=*/*
				Content-Type=application/json
Cookies:		<none>
Multiparts:		<none>
Body:			<none>
14:04:50.748 [Test worker] DEBUG org.apache.http.impl.conn.BasicClientConnectionManager -- Get connection for route {s}->https://demoqa.com:443
14:04:50.749 [Test worker] DEBUG org.apache.http.impl.conn.DefaultClientConnectionOperator -- Connecting to demoqa.com:443
14:04:51.844 [Test worker] DEBUG org.apache.http.client.protocol.RequestAddCookies -- CookieSpec selected: ignoreCookies
14:04:51.844 [Test worker] DEBUG org.apache.http.client.protocol.RequestAuthCache -- Auth cache not set in the context
14:04:51.844 [Test worker] DEBUG org.apache.http.client.protocol.RequestTargetAuthentication -- Target auth state: UNCHALLENGED
14:04:51.844 [Test worker] DEBUG org.apache.http.client.protocol.RequestProxyAuthentication -- Proxy auth state: UNCHALLENGED
14:04:51.844 [Test worker] DEBUG org.apache.http.impl.client.DefaultHttpClient -- Attempt 1 to execute request
14:04:51.844 [Test worker] DEBUG org.apache.http.impl.conn.DefaultClientConnection -- Sending request: GET /BookStore/v1/Books HTTP/1.1
14:04:51.844 [Test worker] DEBUG org.apache.http.wire --  >> "GET /BookStore/v1/Books HTTP/1.1[\r][\n]"
14:04:51.844 [Test worker] DEBUG org.apache.http.wire --  >> "Content-Type: application/json[\r][\n]"
14:04:51.844 [Test worker] DEBUG org.apache.http.wire --  >> "Accept: */*[\r][\n]"
14:04:51.844 [Test worker] DEBUG org.apache.http.wire --  >> "Host: demoqa.com[\r][\n]"
14:04:51.844 [Test worker] DEBUG org.apache.http.wire --  >> "Connection: Keep-Alive[\r][\n]"
14:04:51.844 [Test worker] DEBUG org.apache.http.wire --  >> "User-Agent: Apache-HttpClient/4.5.13 (Java/11.0.20)[\r][\n]"
14:04:51.844 [Test worker] DEBUG org.apache.http.wire --  >> "Accept-Encoding: gzip,deflate[\r][\n]"
14:04:51.844 [Test worker] DEBUG org.apache.http.wire --  >> "[\r][\n]"
14:04:51.844 [Test worker] DEBUG org.apache.http.headers -- >> GET /BookStore/v1/Books HTTP/1.1
14:04:51.844 [Test worker] DEBUG org.apache.http.headers -- >> Content-Type: application/json
14:04:51.844 [Test worker] DEBUG org.apache.http.headers -- >> Accept: */*
14:04:51.844 [Test worker] DEBUG org.apache.http.headers -- >> Host: demoqa.com
14:04:51.844 [Test worker] DEBUG org.apache.http.headers -- >> Connection: Keep-Alive
14:04:51.844 [Test worker] DEBUG org.apache.http.headers -- >> User-Agent: Apache-HttpClient/4.5.13 (Java/11.0.20)
14:04:51.844 [Test worker] DEBUG org.apache.http.headers -- >> Accept-Encoding: gzip,deflate
14:04:51.907 [Test worker] DEBUG org.apache.http.wire --  << "HTTP/1.1 200 OK[\r][\n]"
14:04:51.907 [Test worker] DEBUG org.apache.http.wire --  << "Server: nginx/1.17.10 (Ubuntu)[\r][\n]"
14:04:51.907 [Test worker] DEBUG org.apache.http.wire --  << "Date: Wed, 13 Dec 2023 13:04:53 GMT[\r][\n]"
14:04:51.907 [Test worker] DEBUG org.apache.http.wire --  << "Content-Type: application/json; charset=utf-8[\r][\n]"
14:04:51.907 [Test worker] DEBUG org.apache.http.wire --  << "Content-Length: 4514[\r][\n]"
14:04:51.907 [Test worker] DEBUG org.apache.http.wire --  << "Connection: keep-alive[\r][\n]"
14:04:51.907 [Test worker] DEBUG org.apache.http.wire --  << "X-Powered-By: Express[\r][\n]"
14:04:51.907 [Test worker] DEBUG org.apache.http.wire --  << "ETag: W/"11a2-8zfX++QwcgaCjSU6F8JP9fUd1tY"[\r][\n]"
14:04:51.907 [Test worker] DEBUG org.apache.http.wire --  << "[\r][\n]"
14:04:51.907 [Test worker] DEBUG org.apache.http.impl.conn.DefaultClientConnection -- Receiving response: HTTP/1.1 200 OK
14:04:51.907 [Test worker] DEBUG org.apache.http.headers -- << HTTP/1.1 200 OK
14:04:51.907 [Test worker] DEBUG org.apache.http.headers -- << Server: nginx/1.17.10 (Ubuntu)
14:04:51.907 [Test worker] DEBUG org.apache.http.headers -- << Date: Wed, 13 Dec 2023 13:04:53 GMT
14:04:51.907 [Test worker] DEBUG org.apache.http.headers -- << Content-Type: application/json; charset=utf-8
14:04:51.907 [Test worker] DEBUG org.apache.http.headers -- << Content-Length: 4514
14:04:51.907 [Test worker] DEBUG org.apache.http.headers -- << Connection: keep-alive
14:04:51.907 [Test worker] DEBUG org.apache.http.headers -- << X-Powered-By: Express
14:04:51.907 [Test worker] DEBUG org.apache.http.headers -- << ETag: W/"11a2-8zfX++QwcgaCjSU6F8JP9fUd1tY"
14:04:51.907 [Test worker] DEBUG org.apache.http.impl.client.DefaultHttpClient -- Connection can be kept alive indefinitely
14:04:51.907 [Test worker] DEBUG io.restassured.internal.RestAssuredHttpBuilder -- Parsing response as: application/json; charset=utf-8
14:04:51.907 [Test worker] DEBUG io.restassured.internal.RestAssuredHttpBuilder -- Parsed data to instance of: class org.apache.http.conn.EofSensorInputStream
14:04:51.908 [Test worker] DEBUG org.apache.http.wire --  << "{"books":[{"isbn":"9781449325862","title":"Git Pocket Guide","subTitle":"A Working Introduction","author":"Richard E. Silverman","publish_date":"2020-06-04T08:48:39.000Z","publisher":"O'Reilly Media","pages":234,"description":"This pocket guide is the perfect on-the-job companion to Git, the distributed version control system. It provides a compact, readable introduction to Git for new users, as well as a reference to common commands and procedures for those of you with Git exp","website":"http://chimera.labs.oreilly.com/books/1230000000561/index.html"},{"isbn":"9781449331818","title":"Learning JavaScript Design Patterns","subTitle":"A JavaScript and jQuery Developer's Guide","author":"Addy Osmani","publish_date":"2020-06-04T09:11:40.000Z","publisher":"O'Reilly Media","pages":254,"description":"With Learning JavaScript Design Patterns, you'll learn how to write beautiful, structured, and maintainable JavaScript by applying classical and modern design patterns to the language. If you want to keep your code efficient, more manageable, and up-to-da","website":"http://www.addyosmani.com/resources/essentialjsdesignpatterns/book/"},{"isbn":"9781449337711","title":"Designing Evolvable Web APIs with ASP.NET","subTitle":"Harnessing the Power of the Web","author":"Glenn Block et al.","publish_date":"2020-06-04T09:12:43.000Z","publisher":"O'Reilly Media","pages":238,"description":"Design and build Web APIs for a broad range of clients[0xe2][0x80][0x94]including browsers and mobile devices[0xe2][0x80][0x94]that can adapt to change over time. This practical, hands-on guide takes you through the theory and tools you need to build evolvable HTTP services with Microsoft","website":"http://chimera.labs.oreilly.com/books/1234000001708/index.html"},{"isbn":"9781449365035","title":"Speaking JavaScript","subTitle":"An In-Depth Guide for Programmers","author":"Axel Rauschmayer","publish_date":"2014-02-01T00:00:00.000Z","publisher":"O'Reilly Media","pages":460,"description":"Like it or not, JavaScript is everywhere these days-from browser to server to mobile-and now you, too, need to learn the language or dive deeper than you have. This concise book guides you into and through JavaScript, written by a veteran programmer who o","website":"http://speakingjs.com/"},{"isbn":"9781491904244","title":"You Don't Know JS","subTitle":"ES6 & Beyond","author":"Kyle Simpson","publish_date":"2015-12-27T00:00:00.000Z","publisher":"O'Reilly Media","pages":278,"description":"No matter how much experience you have with JavaScript, odds are you don[0xe2][0x80][0x99]t fully understand the language. As part of the \\\"You Don[0xe2][0x80][0x99]t Know JS\\\" series, this compact guide focuses on new features available in ECMAScript 6 (ES6), the latest version of the st","website":"https://github.com/getify/You-Dont-Know-JS/tree/master/es6%20&%20beyond"},{"isbn":"9781491950296","title":"Programming JavaScript Applications","subTitle":"Robust Web Architecture with Node, HTML5, and Modern JS Libraries","author":"Eric Elliott","publish_date":"2014-07-01T00:00:00.000Z","publisher":"O'Reilly Media","pages":254,"description":"Take advantage of JavaScript's power to build robust web-scale or enterprise applications that are easy to extend and maintain. By applying the design patterns outlined in this practical book, experienced JavaScript developers will learn how to write flex","website":"http://chimera.labs.oreilly.com/books/1234000000262/index.html"},{"isbn":"9781593275846","title":"Eloquent JavaScript, Second Edition","subTitle":"A Modern Introduction to Programming","author":"Marijn Haverbeke","publish_date":"2014-12-14T00:00:00.000Z","publisher":"No Starch Press","pages":472,"description":"JavaScript lies at the heart of almost every modern web application, from social apps to the newest browser-based games. Though simple for beginners to pick up and play with, JavaScript is a flexible, complex language that you can use to build full-scale ","website":"http://eloquentjavascript.net/"},{"isbn":"9781593277574","title":"Understanding ECMAScript 6","subTitle":"The Definitive Guide for JavaScript Developers","author":"Nicholas C. Zakas","publish_date":"2016-09-03T00:00:00.000Z","publisher":"No Starch Press","pages":352,"description":"ECMAScript 6 represents the biggest update to the core of JavaScript in the history of the language. In Understanding ECMAScript 6, expert developer Nicholas C. Zakas provides a complete guide to the object types, syntax, and other exciting changes that E","website":"https://leanpub.com/understandinges6/read"}]}"
14:04:51.908 [Test worker] DEBUG org.apache.http.impl.conn.BasicClientConnectionManager -- Releasing connection org.apache.http.impl.conn.ManagedClientConnectionImpl@24697504
14:04:51.908 [Test worker] DEBUG org.apache.http.impl.conn.BasicClientConnectionManager -- Connection can be kept alive indefinitely
HTTP/1.1 200 OK
Server: nginx/1.17.10 (Ubuntu)
Date: Wed, 13 Dec 2023 13:04:53 GMT
Content-Type: application/json; charset=utf-8
Content-Length: 4514
Connection: keep-alive
X-Powered-By: Express
ETag: W/"11a2-8zfX++QwcgaCjSU6F8JP9fUd1tY"

{
    "books": [
        {
            "isbn": "9781449325862",
            "title": "Git Pocket Guide",
            "subTitle": "A Working Introduction",
            "author": "Richard E. Silverman",
            "publish_date": "2020-06-04T08:48:39.000Z",
            "publisher": "O'Reilly Media",
            "pages": 234,
            "description": "This pocket guide is the perfect on-the-job companion to Git, the distributed version control system. It provides a compact, readable introduction to Git for new users, as well as a reference to common commands and procedures for those of you with Git exp",
            "website": "http://chimera.labs.oreilly.com/books/1230000000561/index.html"
        },
        {
            "isbn": "9781449331818",
            "title": "Learning JavaScript Design Patterns",
            "subTitle": "A JavaScript and jQuery Developer's Guide",
            "author": "Addy Osmani",
            "publish_date": "2020-06-04T09:11:40.000Z",
            "publisher": "O'Reilly Media",
            "pages": 254,
            "description": "With Learning JavaScript Design Patterns, you'll learn how to write beautiful, structured, and maintainable JavaScript by applying classical and modern design patterns to the language. If you want to keep your code efficient, more manageable, and up-to-da",
            "website": "http://www.addyosmani.com/resources/essentialjsdesignpatterns/book/"
        },
        {
            "isbn": "9781449337711",
            "title": "Designing Evolvable Web APIs with ASP.NET",
            "subTitle": "Harnessing the Power of the Web",
            "author": "Glenn Block et al.",
            "publish_date": "2020-06-04T09:12:43.000Z",
            "publisher": "O'Reilly Media",
            "pages": 238,
            "description": "Design and build Web APIs for a broad range of clients—including browsers and mobile devices—that can adapt to change over time. This practical, hands-on guide takes you through the theory and tools you need to build evolvable HTTP services with Microsoft",
            "website": "http://chimera.labs.oreilly.com/books/1234000001708/index.html"
        },
        {
            "isbn": "9781449365035",
            "title": "Speaking JavaScript",
            "subTitle": "An In-Depth Guide for Programmers",
            "author": "Axel Rauschmayer",
            "publish_date": "2014-02-01T00:00:00.000Z",
            "publisher": "O'Reilly Media",
            "pages": 460,
            "description": "Like it or not, JavaScript is everywhere these days-from browser to server to mobile-and now you, too, need to learn the language or dive deeper than you have. This concise book guides you into and through JavaScript, written by a veteran programmer who o",
            "website": "http://speakingjs.com/"
        },
        {
            "isbn": "9781491904244",
            "title": "You Don't Know JS",
            "subTitle": "ES6 & Beyond",
            "author": "Kyle Simpson",
            "publish_date": "2015-12-27T00:00:00.000Z",
            "publisher": "O'Reilly Media",
            "pages": 278,
            "description": "No matter how much experience you have with JavaScript, odds are you don’t fully understand the language. As part of the \\\"You Don’t Know JS\\\" series, this compact guide focuses on new features available in ECMAScript 6 (ES6), the latest version of the st",
            "website": "https://github.com/getify/You-Dont-Know-JS/tree/master/es6%20&%20beyond"
        },
        {
            "isbn": "9781491950296",
            "title": "Programming JavaScript Applications",
            "subTitle": "Robust Web Architecture with Node, HTML5, and Modern JS Libraries",
            "author": "Eric Elliott",
            "publish_date": "2014-07-01T00:00:00.000Z",
            "publisher": "O'Reilly Media",
            "pages": 254,
            "description": "Take advantage of JavaScript's power to build robust web-scale or enterprise applications that are easy to extend and maintain. By applying the design patterns outlined in this practical book, experienced JavaScript developers will learn how to write flex",
            "website": "http://chimera.labs.oreilly.com/books/1234000000262/index.html"
        },
        {
            "isbn": "9781593275846",
            "title": "Eloquent JavaScript, Second Edition",
            "subTitle": "A Modern Introduction to Programming",
            "author": "Marijn Haverbeke",
            "publish_date": "2014-12-14T00:00:00.000Z",
            "publisher": "No Starch Press",
            "pages": 472,
            "description": "JavaScript lies at the heart of almost every modern web application, from social apps to the newest browser-based games. Though simple for beginners to pick up and play with, JavaScript is a flexible, complex language that you can use to build full-scale ",
            "website": "http://eloquentjavascript.net/"
        },
        {
            "isbn": "9781593277574",
            "title": "Understanding ECMAScript 6",
            "subTitle": "The Definitive Guide for JavaScript Developers",
            "author": "Nicholas C. Zakas",
            "publish_date": "2016-09-03T00:00:00.000Z",
            "publisher": "No Starch Press",
            "pages": 352,
            "description": "ECMAScript 6 represents the biggest update to the core of JavaScript in the history of the language. In Understanding ECMAScript 6, expert developer Nicholas C. Zakas provides a complete guide to the object types, syntax, and other exciting changes that E",
            "website": "https://leanpub.com/understandinges6/read"
        }
    ]
}
14:04:51.930 [Finalizer] DEBUG org.apache.http.impl.conn.DefaultClientConnection -- Connection 0.0.0.0:53190<->176.58.101.124:443 closed
14:04:51.945 [Finalizer] DEBUG org.apache.http.impl.conn.DefaultClientConnection -- Connection 0.0.0.0:53191<->176.58.101.124:443 closed
14:04:51.953 [Finalizer] DEBUG org.apache.http.impl.conn.DefaultClientConnection -- Connection 0.0.0.0:53182<->176.58.101.124:443 closed
14:04:51.959 [Finalizer] DEBUG org.apache.http.impl.conn.DefaultClientConnection -- Connection 0.0.0.0:53183<->176.58.101.124:443 closed
14:04:51.960 [Finalizer] DEBUG org.apache.http.impl.conn.DefaultClientConnection -- Connection 0.0.0.0:53187<->176.58.101.124:443 closed
14:04:51.961 [Finalizer] DEBUG org.apache.http.impl.conn.DefaultClientConnection -- Connection 0.0.0.0:53188<->176.58.101.124:443 closed
14:04:51.961 [Finalizer] DEBUG org.apache.http.impl.conn.DefaultClientConnection -- Connection 0.0.0.0:53189<->176.58.101.124:443 closed
14:04:51.963 [Finalizer] DEBUG org.apache.http.impl.conn.DefaultClientConnection -- Connection 0.0.0.0:53186<->176.58.101.124:443 closed
14:04:51.963 [Finalizer] DEBUG org.apache.http.impl.conn.DefaultClientConnection -- Connection 0.0.0.0:53184<->176.58.101.124:443 closed
14:04:51.963 [Finalizer] DEBUG org.apache.http.impl.conn.DefaultClientConnection -- Connection 0.0.0.0:53185<->176.58.101.124:443 closed
Request method:	POST
Request URI:	https://demoqa.com/BookStore/v1/Books
Proxy:			<none>
Request params:	<none>
Query params:	<none>
Form params:	<none>
Path params:	<none>
Headers:		Authorization=Bearer eyJhbGciOiJIUzI1NiIsInR5cCI6IkpXVCJ9.eyJ1c2VyTmFtZSI6ImJlcm5hZGluZS5iZXJuaGFyZCIsInBhc3N3b3JkIjoiMTIzUm9uMzIxJiIsImlhdCI6MTcwMjQ3MjY5MX0.XFO8K7_DecRr5iLs5IbN5Za5Q12Wvwa0IxSvVgJLsXI
				Accept=*/*
				Content-Type=application/json
Cookies:		<none>
Multiparts:		<none>
Body:
{
    "userId": "d9a33d32-befb-490d-a80f-4cc3a7458f28",
    "collectionOfIsbns": [
        {
            "isbn": "9781449325862"
        },
        {
            "isbn": "9781449331818"
        },
        {
            "isbn": "9781593277574"
        },
        {
            "isbn": "9781491904244"
        },
        {
            "isbn": "9781491950296"
        },
        {
            "isbn": "9781449337711"
        }
    ]
}
14:04:52.006 [Test worker] DEBUG org.apache.http.impl.conn.BasicClientConnectionManager -- Get connection for route {s}->https://demoqa.com:443
14:04:52.006 [Test worker] DEBUG org.apache.http.impl.conn.DefaultClientConnectionOperator -- Connecting to demoqa.com:443
14:04:52.348 [Test worker] DEBUG org.apache.http.client.protocol.RequestAddCookies -- CookieSpec selected: ignoreCookies
14:04:52.348 [Test worker] DEBUG org.apache.http.client.protocol.RequestAuthCache -- Auth cache not set in the context
14:04:52.348 [Test worker] DEBUG org.apache.http.client.protocol.RequestProxyAuthentication -- Proxy auth state: UNCHALLENGED
14:04:52.348 [Test worker] DEBUG org.apache.http.impl.client.DefaultHttpClient -- Attempt 1 to execute request
14:04:52.348 [Test worker] DEBUG org.apache.http.impl.conn.DefaultClientConnection -- Sending request: POST /BookStore/v1/Books HTTP/1.1
14:04:52.348 [Test worker] DEBUG org.apache.http.wire --  >> "POST /BookStore/v1/Books HTTP/1.1[\r][\n]"
14:04:52.348 [Test worker] DEBUG org.apache.http.wire --  >> "Authorization: Bearer eyJhbGciOiJIUzI1NiIsInR5cCI6IkpXVCJ9.eyJ1c2VyTmFtZSI6ImJlcm5hZGluZS5iZXJuaGFyZCIsInBhc3N3b3JkIjoiMTIzUm9uMzIxJiIsImlhdCI6MTcwMjQ3MjY5MX0.XFO8K7_DecRr5iLs5IbN5Za5Q12Wvwa0IxSvVgJLsXI[\r][\n]"
14:04:52.348 [Test worker] DEBUG org.apache.http.wire --  >> "Accept: */*[\r][\n]"
14:04:52.348 [Test worker] DEBUG org.apache.http.wire --  >> "Content-Type: application/json[\r][\n]"
14:04:52.348 [Test worker] DEBUG org.apache.http.wire --  >> "Content-Length: 221[\r][\n]"
14:04:52.348 [Test worker] DEBUG org.apache.http.wire --  >> "Host: demoqa.com[\r][\n]"
14:04:52.349 [Test worker] DEBUG org.apache.http.wire --  >> "Connection: Keep-Alive[\r][\n]"
14:04:52.349 [Test worker] DEBUG org.apache.http.wire --  >> "User-Agent: Apache-HttpClient/4.5.13 (Java/11.0.20)[\r][\n]"
14:04:52.349 [Test worker] DEBUG org.apache.http.wire --  >> "Accept-Encoding: gzip,deflate[\r][\n]"
14:04:52.349 [Test worker] DEBUG org.apache.http.wire --  >> "[\r][\n]"
14:04:52.349 [Test worker] DEBUG org.apache.http.headers -- >> POST /BookStore/v1/Books HTTP/1.1
14:04:52.349 [Test worker] DEBUG org.apache.http.headers -- >> Authorization: Bearer eyJhbGciOiJIUzI1NiIsInR5cCI6IkpXVCJ9.eyJ1c2VyTmFtZSI6ImJlcm5hZGluZS5iZXJuaGFyZCIsInBhc3N3b3JkIjoiMTIzUm9uMzIxJiIsImlhdCI6MTcwMjQ3MjY5MX0.XFO8K7_DecRr5iLs5IbN5Za5Q12Wvwa0IxSvVgJLsXI
14:04:52.349 [Test worker] DEBUG org.apache.http.headers -- >> Accept: */*
14:04:52.349 [Test worker] DEBUG org.apache.http.headers -- >> Content-Type: application/json
14:04:52.349 [Test worker] DEBUG org.apache.http.headers -- >> Content-Length: 221
14:04:52.349 [Test worker] DEBUG org.apache.http.headers -- >> Host: demoqa.com
14:04:52.349 [Test worker] DEBUG org.apache.http.headers -- >> Connection: Keep-Alive
14:04:52.349 [Test worker] DEBUG org.apache.http.headers -- >> User-Agent: Apache-HttpClient/4.5.13 (Java/11.0.20)
14:04:52.349 [Test worker] DEBUG org.apache.http.headers -- >> Accept-Encoding: gzip,deflate
14:04:52.349 [Test worker] DEBUG org.apache.http.wire --  >> "{"userId":"d9a33d32-befb-490d-a80f-4cc3a7458f28","collectionOfIsbns":[{"isbn":"9781449325862"},{"isbn":"9781449331818"},{"isbn":"9781593277574"},{"isbn":"9781491904244"},{"isbn":"9781491950296"},{"isbn":"9781449337711"}]}"
14:04:52.493 [Test worker] DEBUG org.apache.http.wire --  << "HTTP/1.1 201 Created[\r][\n]"
14:04:52.493 [Test worker] DEBUG org.apache.http.wire --  << "Server: nginx/1.17.10 (Ubuntu)[\r][\n]"
14:04:52.493 [Test worker] DEBUG org.apache.http.wire --  << "Date: Wed, 13 Dec 2023 13:04:53 GMT[\r][\n]"
14:04:52.493 [Test worker] DEBUG org.apache.http.wire --  << "Content-Type: application/json; charset=utf-8[\r][\n]"
14:04:52.493 [Test worker] DEBUG org.apache.http.wire --  << "Content-Length: 161[\r][\n]"
14:04:52.493 [Test worker] DEBUG org.apache.http.wire --  << "Connection: keep-alive[\r][\n]"
14:04:52.493 [Test worker] DEBUG org.apache.http.wire --  << "X-Powered-By: Express[\r][\n]"
14:04:52.493 [Test worker] DEBUG org.apache.http.wire --  << "ETag: W/"a1-Mc7bagJF4zU7lyL1tBZoqlLBeRE"[\r][\n]"
14:04:52.493 [Test worker] DEBUG org.apache.http.wire --  << "[\r][\n]"
14:04:52.493 [Test worker] DEBUG org.apache.http.impl.conn.DefaultClientConnection -- Receiving response: HTTP/1.1 201 Created
14:04:52.493 [Test worker] DEBUG org.apache.http.headers -- << HTTP/1.1 201 Created
14:04:52.493 [Test worker] DEBUG org.apache.http.headers -- << Server: nginx/1.17.10 (Ubuntu)
14:04:52.493 [Test worker] DEBUG org.apache.http.headers -- << Date: Wed, 13 Dec 2023 13:04:53 GMT
14:04:52.493 [Test worker] DEBUG org.apache.http.headers -- << Content-Type: application/json; charset=utf-8
14:04:52.493 [Test worker] DEBUG org.apache.http.headers -- << Content-Length: 161
14:04:52.493 [Test worker] DEBUG org.apache.http.headers -- << Connection: keep-alive
14:04:52.493 [Test worker] DEBUG org.apache.http.headers -- << X-Powered-By: Express
14:04:52.493 [Test worker] DEBUG org.apache.http.headers -- << ETag: W/"a1-Mc7bagJF4zU7lyL1tBZoqlLBeRE"
14:04:52.494 [Test worker] DEBUG org.apache.http.impl.client.DefaultHttpClient -- Connection can be kept alive indefinitely
14:04:52.494 [Test worker] DEBUG io.restassured.internal.RestAssuredHttpBuilder -- Parsing response as: application/json; charset=utf-8
14:04:52.494 [Test worker] DEBUG io.restassured.internal.RestAssuredHttpBuilder -- Parsed data to instance of: class org.apache.http.conn.EofSensorInputStream
14:04:52.494 [Test worker] DEBUG org.apache.http.wire --  << "{"books":[{"isbn":"9781449325862"},{"isbn":"9781449331818"},{"isbn":"9781593277574"},{"isbn":"9781491904244"},{"isbn":"9781491950296"},{"isbn":"9781449337711"}]}"
14:04:52.495 [Test worker] DEBUG org.apache.http.impl.conn.BasicClientConnectionManager -- Releasing connection org.apache.http.impl.conn.ManagedClientConnectionImpl@5710fca8
14:04:52.495 [Test worker] DEBUG org.apache.http.impl.conn.BasicClientConnectionManager -- Connection can be kept alive indefinitely
HTTP/1.1 201 Created
Server: nginx/1.17.10 (Ubuntu)
Date: Wed, 13 Dec 2023 13:04:53 GMT
Content-Type: application/json; charset=utf-8
Content-Length: 161
Connection: keep-alive
X-Powered-By: Express
ETag: W/"a1-Mc7bagJF4zU7lyL1tBZoqlLBeRE"

{
    "books": [
        {
            "isbn": "9781449325862"
        },
        {
            "isbn": "9781449331818"
        },
        {
            "isbn": "9781593277574"
        },
        {
            "isbn": "9781491904244"
        },
        {
            "isbn": "9781491950296"
        },
        {
            "isbn": "9781449337711"
        }
    ]
}
Request method:	DELETE
Request URI:	https://demoqa.com/BookStore/v1/Books?UserId=d9a33d32-befb-490d-a80f-4cc3a7458f28
Proxy:			<none>
Request params:	<none>
Query params:	UserId=d9a33d32-befb-490d-a80f-4cc3a7458f28
Form params:	<none>
Path params:	<none>
Headers:		Authorization=Bearer eyJhbGciOiJIUzI1NiIsInR5cCI6IkpXVCJ9.eyJ1c2VyTmFtZSI6ImJlcm5hZGluZS5iZXJuaGFyZCIsInBhc3N3b3JkIjoiMTIzUm9uMzIxJiIsImlhdCI6MTcwMjQ3MjY5MX0.XFO8K7_DecRr5iLs5IbN5Za5Q12Wvwa0IxSvVgJLsXI
				Accept=*/*
				Content-Type=application/json
Cookies:		<none>
Multiparts:		<none>
Body:			<none>
14:04:52.546 [Test worker] DEBUG org.apache.http.impl.conn.BasicClientConnectionManager -- Get connection for route {s}->https://demoqa.com:443
14:04:52.547 [Test worker] DEBUG org.apache.http.impl.conn.DefaultClientConnectionOperator -- Connecting to demoqa.com:443
14:04:53.606 [Test worker] DEBUG org.apache.http.client.protocol.RequestAddCookies -- CookieSpec selected: ignoreCookies
14:04:53.606 [Test worker] DEBUG org.apache.http.client.protocol.RequestAuthCache -- Auth cache not set in the context
14:04:53.606 [Test worker] DEBUG org.apache.http.client.protocol.RequestProxyAuthentication -- Proxy auth state: UNCHALLENGED
14:04:53.606 [Test worker] DEBUG org.apache.http.impl.client.DefaultHttpClient -- Attempt 1 to execute request
14:04:53.606 [Test worker] DEBUG org.apache.http.impl.conn.DefaultClientConnection -- Sending request: DELETE /BookStore/v1/Books?UserId=d9a33d32-befb-490d-a80f-4cc3a7458f28 HTTP/1.1
14:04:53.606 [Test worker] DEBUG org.apache.http.wire --  >> "DELETE /BookStore/v1/Books?UserId=d9a33d32-befb-490d-a80f-4cc3a7458f28 HTTP/1.1[\r][\n]"
14:04:53.606 [Test worker] DEBUG org.apache.http.wire --  >> "Content-Type: application/json[\r][\n]"
14:04:53.606 [Test worker] DEBUG org.apache.http.wire --  >> "Authorization: Bearer eyJhbGciOiJIUzI1NiIsInR5cCI6IkpXVCJ9.eyJ1c2VyTmFtZSI6ImJlcm5hZGluZS5iZXJuaGFyZCIsInBhc3N3b3JkIjoiMTIzUm9uMzIxJiIsImlhdCI6MTcwMjQ3MjY5MX0.XFO8K7_DecRr5iLs5IbN5Za5Q12Wvwa0IxSvVgJLsXI[\r][\n]"
14:04:53.606 [Test worker] DEBUG org.apache.http.wire --  >> "Accept: */*[\r][\n]"
14:04:53.606 [Test worker] DEBUG org.apache.http.wire --  >> "Host: demoqa.com[\r][\n]"
14:04:53.606 [Test worker] DEBUG org.apache.http.wire --  >> "Connection: Keep-Alive[\r][\n]"
14:04:53.606 [Test worker] DEBUG org.apache.http.wire --  >> "User-Agent: Apache-HttpClient/4.5.13 (Java/11.0.20)[\r][\n]"
14:04:53.606 [Test worker] DEBUG org.apache.http.wire --  >> "Accept-Encoding: gzip,deflate[\r][\n]"
14:04:53.606 [Test worker] DEBUG org.apache.http.wire --  >> "[\r][\n]"
14:04:53.606 [Test worker] DEBUG org.apache.http.headers -- >> DELETE /BookStore/v1/Books?UserId=d9a33d32-befb-490d-a80f-4cc3a7458f28 HTTP/1.1
14:04:53.606 [Test worker] DEBUG org.apache.http.headers -- >> Content-Type: application/json
14:04:53.606 [Test worker] DEBUG org.apache.http.headers -- >> Authorization: Bearer eyJhbGciOiJIUzI1NiIsInR5cCI6IkpXVCJ9.eyJ1c2VyTmFtZSI6ImJlcm5hZGluZS5iZXJuaGFyZCIsInBhc3N3b3JkIjoiMTIzUm9uMzIxJiIsImlhdCI6MTcwMjQ3MjY5MX0.XFO8K7_DecRr5iLs5IbN5Za5Q12Wvwa0IxSvVgJLsXI
14:04:53.606 [Test worker] DEBUG org.apache.http.headers -- >> Accept: */*
14:04:53.606 [Test worker] DEBUG org.apache.http.headers -- >> Host: demoqa.com
14:04:53.606 [Test worker] DEBUG org.apache.http.headers -- >> Connection: Keep-Alive
14:04:53.606 [Test worker] DEBUG org.apache.http.headers -- >> User-Agent: Apache-HttpClient/4.5.13 (Java/11.0.20)
14:04:53.606 [Test worker] DEBUG org.apache.http.headers -- >> Accept-Encoding: gzip,deflate
14:04:54.037 [Test worker] DEBUG org.apache.http.wire --  << "HTTP/1.1 204 No Content[\r][\n]"
14:04:54.037 [Test worker] DEBUG org.apache.http.wire --  << "Server: nginx/1.17.10 (Ubuntu)[\r][\n]"
14:04:54.037 [Test worker] DEBUG org.apache.http.wire --  << "Date: Wed, 13 Dec 2023 13:04:55 GMT[\r][\n]"
14:04:54.037 [Test worker] DEBUG org.apache.http.wire --  << "Connection: keep-alive[\r][\n]"
14:04:54.037 [Test worker] DEBUG org.apache.http.wire --  << "X-Powered-By: Express[\r][\n]"
14:04:54.037 [Test worker] DEBUG org.apache.http.wire --  << "ETag: W/"60-UQ3l3vcbwGDxwzvVh08i6uTaL3o"[\r][\n]"
14:04:54.037 [Test worker] DEBUG org.apache.http.wire --  << "[\r][\n]"
14:04:54.037 [Test worker] DEBUG org.apache.http.impl.conn.DefaultClientConnection -- Receiving response: HTTP/1.1 204 No Content
14:04:54.037 [Test worker] DEBUG org.apache.http.headers -- << HTTP/1.1 204 No Content
14:04:54.037 [Test worker] DEBUG org.apache.http.headers -- << Server: nginx/1.17.10 (Ubuntu)
14:04:54.037 [Test worker] DEBUG org.apache.http.headers -- << Date: Wed, 13 Dec 2023 13:04:55 GMT
14:04:54.037 [Test worker] DEBUG org.apache.http.headers -- << Connection: keep-alive
14:04:54.037 [Test worker] DEBUG org.apache.http.headers -- << X-Powered-By: Express
14:04:54.037 [Test worker] DEBUG org.apache.http.headers -- << ETag: W/"60-UQ3l3vcbwGDxwzvVh08i6uTaL3o"
14:04:54.037 [Test worker] DEBUG org.apache.http.impl.client.DefaultHttpClient -- Connection can be kept alive indefinitely
14:04:54.037 [Test worker] DEBUG org.apache.http.impl.conn.BasicClientConnectionManager -- Releasing connection org.apache.http.impl.conn.ManagedClientConnectionImpl@3cc9957d
14:04:54.037 [Test worker] DEBUG org.apache.http.impl.conn.BasicClientConnectionManager -- Connection can be kept alive indefinitely
HTTP/1.1 204 No Content
Server: nginx/1.17.10 (Ubuntu)
Date: Wed, 13 Dec 2023 13:04:55 GMT
Connection: keep-alive
X-Powered-By: Express
ETag: W/"60-UQ3l3vcbwGDxwzvVh08i6uTaL3o"
]]></system-out>
  <system-err><![CDATA[]]></system-err>
</testsuite>
