<?xml version="1.0" encoding="UTF-8"?>
<testsuite name="tests.GenerateToken" tests="5" skipped="0" failures="0" errors="0" timestamp="2023-12-13T13:05:52" hostname="DESKTOP-TFD6REL" time="8.173">
  <properties/>
  <testcase name="emptyPasswordGenerateToken" classname="tests.GenerateToken" time="0.74"/>
  <testcase name="emptyRequestBodyGenerateToken" classname="tests.GenerateToken" time="1.793"/>
  <testcase name="emptyUserNameGenerateToken" classname="tests.GenerateToken" time="0.649"/>
  <testcase name="invalidPasswordGenerateToken" classname="tests.GenerateToken" time="1.426"/>
  <testcase name="successfulGenerateToken" classname="tests.GenerateToken" time="3.535"/>
  <system-out><![CDATA[Request method:	POST
Request URI:	https://demoqa.com/Account/v1/User
Proxy:			<none>
Request params:	<none>
Query params:	<none>
Form params:	<none>
Path params:	<none>
Headers:		Accept=*/*
				Content-Type=application/json
Cookies:		<none>
Multiparts:		<none>
Body:
{
    "userName": "delma.zulauf",
    "password": "123Ron321&"
}
14:05:52.294 [Test worker] DEBUG org.apache.http.impl.conn.BasicClientConnectionManager -- Get connection for route {s}->https://demoqa.com:443
14:05:52.295 [Test worker] DEBUG org.apache.http.impl.conn.DefaultClientConnectionOperator -- Connecting to demoqa.com:443
14:05:52.364 [Test worker] DEBUG org.apache.http.client.protocol.RequestAddCookies -- CookieSpec selected: ignoreCookies
14:05:52.364 [Test worker] DEBUG org.apache.http.client.protocol.RequestAuthCache -- Auth cache not set in the context
14:05:52.364 [Test worker] DEBUG org.apache.http.client.protocol.RequestTargetAuthentication -- Target auth state: UNCHALLENGED
14:05:52.364 [Test worker] DEBUG org.apache.http.client.protocol.RequestProxyAuthentication -- Proxy auth state: UNCHALLENGED
14:05:52.364 [Test worker] DEBUG org.apache.http.impl.client.DefaultHttpClient -- Attempt 1 to execute request
14:05:52.364 [Test worker] DEBUG org.apache.http.impl.conn.DefaultClientConnection -- Sending request: POST /Account/v1/User HTTP/1.1
14:05:52.364 [Test worker] DEBUG org.apache.http.wire --  >> "POST /Account/v1/User HTTP/1.1[\r][\n]"
14:05:52.364 [Test worker] DEBUG org.apache.http.wire --  >> "Accept: */*[\r][\n]"
14:05:52.364 [Test worker] DEBUG org.apache.http.wire --  >> "Content-Type: application/json[\r][\n]"
14:05:52.364 [Test worker] DEBUG org.apache.http.wire --  >> "Content-Length: 51[\r][\n]"
14:05:52.364 [Test worker] DEBUG org.apache.http.wire --  >> "Host: demoqa.com[\r][\n]"
14:05:52.364 [Test worker] DEBUG org.apache.http.wire --  >> "Connection: Keep-Alive[\r][\n]"
14:05:52.364 [Test worker] DEBUG org.apache.http.wire --  >> "User-Agent: Apache-HttpClient/4.5.13 (Java/11.0.20)[\r][\n]"
14:05:52.364 [Test worker] DEBUG org.apache.http.wire --  >> "Accept-Encoding: gzip,deflate[\r][\n]"
14:05:52.364 [Test worker] DEBUG org.apache.http.wire --  >> "[\r][\n]"
14:05:52.364 [Test worker] DEBUG org.apache.http.headers -- >> POST /Account/v1/User HTTP/1.1
14:05:52.364 [Test worker] DEBUG org.apache.http.headers -- >> Accept: */*
14:05:52.364 [Test worker] DEBUG org.apache.http.headers -- >> Content-Type: application/json
14:05:52.364 [Test worker] DEBUG org.apache.http.headers -- >> Content-Length: 51
14:05:52.364 [Test worker] DEBUG org.apache.http.headers -- >> Host: demoqa.com
14:05:52.364 [Test worker] DEBUG org.apache.http.headers -- >> Connection: Keep-Alive
14:05:52.364 [Test worker] DEBUG org.apache.http.headers -- >> User-Agent: Apache-HttpClient/4.5.13 (Java/11.0.20)
14:05:52.364 [Test worker] DEBUG org.apache.http.headers -- >> Accept-Encoding: gzip,deflate
14:05:52.364 [Test worker] DEBUG org.apache.http.wire --  >> "{"userName":"delma.zulauf","password":"123Ron321&"}"
14:05:52.774 [Test worker] DEBUG org.apache.http.wire --  << "HTTP/1.1 201 Created[\r][\n]"
14:05:52.774 [Test worker] DEBUG org.apache.http.wire --  << "Server: nginx/1.17.10 (Ubuntu)[\r][\n]"
14:05:52.774 [Test worker] DEBUG org.apache.http.wire --  << "Date: Wed, 13 Dec 2023 13:05:53 GMT[\r][\n]"
14:05:52.774 [Test worker] DEBUG org.apache.http.wire --  << "Content-Type: application/json; charset=utf-8[\r][\n]"
14:05:52.774 [Test worker] DEBUG org.apache.http.wire --  << "Content-Length: 86[\r][\n]"
14:05:52.774 [Test worker] DEBUG org.apache.http.wire --  << "Connection: keep-alive[\r][\n]"
14:05:52.774 [Test worker] DEBUG org.apache.http.wire --  << "X-Powered-By: Express[\r][\n]"
14:05:52.774 [Test worker] DEBUG org.apache.http.wire --  << "ETag: W/"56-5lJqM0mnD0YwacisgNkqc6J5Moo"[\r][\n]"
14:05:52.774 [Test worker] DEBUG org.apache.http.wire --  << "[\r][\n]"
14:05:52.774 [Test worker] DEBUG org.apache.http.impl.conn.DefaultClientConnection -- Receiving response: HTTP/1.1 201 Created
14:05:52.774 [Test worker] DEBUG org.apache.http.headers -- << HTTP/1.1 201 Created
14:05:52.774 [Test worker] DEBUG org.apache.http.headers -- << Server: nginx/1.17.10 (Ubuntu)
14:05:52.774 [Test worker] DEBUG org.apache.http.headers -- << Date: Wed, 13 Dec 2023 13:05:53 GMT
14:05:52.774 [Test worker] DEBUG org.apache.http.headers -- << Content-Type: application/json; charset=utf-8
14:05:52.774 [Test worker] DEBUG org.apache.http.headers -- << Content-Length: 86
14:05:52.774 [Test worker] DEBUG org.apache.http.headers -- << Connection: keep-alive
14:05:52.774 [Test worker] DEBUG org.apache.http.headers -- << X-Powered-By: Express
14:05:52.774 [Test worker] DEBUG org.apache.http.headers -- << ETag: W/"56-5lJqM0mnD0YwacisgNkqc6J5Moo"
14:05:52.774 [Test worker] DEBUG org.apache.http.impl.client.DefaultHttpClient -- Connection can be kept alive indefinitely
14:05:52.774 [Test worker] DEBUG io.restassured.internal.RestAssuredHttpBuilder -- Parsing response as: application/json; charset=utf-8
14:05:52.774 [Test worker] DEBUG io.restassured.internal.RestAssuredHttpBuilder -- Parsed data to instance of: class org.apache.http.conn.EofSensorInputStream
14:05:52.774 [Test worker] DEBUG org.apache.http.wire --  << "{"userID":"f4c7082d-e3fb-44a4-ae85-d69acc648d3e","username":"delma.zulauf","books":[]}"
14:05:52.774 [Test worker] DEBUG org.apache.http.impl.conn.BasicClientConnectionManager -- Releasing connection org.apache.http.impl.conn.ManagedClientConnectionImpl@479bbf08
14:05:52.774 [Test worker] DEBUG org.apache.http.impl.conn.BasicClientConnectionManager -- Connection can be kept alive indefinitely
HTTP/1.1 201 Created
Server: nginx/1.17.10 (Ubuntu)
Date: Wed, 13 Dec 2023 13:05:53 GMT
Content-Type: application/json; charset=utf-8
Content-Length: 86
Connection: keep-alive
X-Powered-By: Express
ETag: W/"56-5lJqM0mnD0YwacisgNkqc6J5Moo"

{
    "userID": "f4c7082d-e3fb-44a4-ae85-d69acc648d3e",
    "username": "delma.zulauf",
    "books": [
        
    ]
}
Request method:	POST
Request URI:	https://demoqa.com/Account/v1/GenerateToken
Proxy:			<none>
Request params:	<none>
Query params:	<none>
Form params:	<none>
Path params:	<none>
Headers:		Accept=*/*
				Content-Type=application/json
Cookies:		<none>
Multiparts:		<none>
Body:
{
    "userName": "delma.zulauf",
    "password": ""
}
14:05:52.789 [Test worker] DEBUG org.apache.http.impl.conn.BasicClientConnectionManager -- Get connection for route {s}->https://demoqa.com:443
14:05:52.790 [Test worker] DEBUG org.apache.http.impl.conn.DefaultClientConnectionOperator -- Connecting to demoqa.com:443
14:05:52.930 [Test worker] DEBUG org.apache.http.client.protocol.RequestAddCookies -- CookieSpec selected: ignoreCookies
14:05:52.930 [Test worker] DEBUG org.apache.http.client.protocol.RequestAuthCache -- Auth cache not set in the context
14:05:52.930 [Test worker] DEBUG org.apache.http.client.protocol.RequestTargetAuthentication -- Target auth state: UNCHALLENGED
14:05:52.930 [Test worker] DEBUG org.apache.http.client.protocol.RequestProxyAuthentication -- Proxy auth state: UNCHALLENGED
14:05:52.930 [Test worker] DEBUG org.apache.http.impl.client.DefaultHttpClient -- Attempt 1 to execute request
14:05:52.930 [Test worker] DEBUG org.apache.http.impl.conn.DefaultClientConnection -- Sending request: POST /Account/v1/GenerateToken HTTP/1.1
14:05:52.930 [Test worker] DEBUG org.apache.http.wire --  >> "POST /Account/v1/GenerateToken HTTP/1.1[\r][\n]"
14:05:52.930 [Test worker] DEBUG org.apache.http.wire --  >> "Accept: */*[\r][\n]"
14:05:52.930 [Test worker] DEBUG org.apache.http.wire --  >> "Content-Type: application/json[\r][\n]"
14:05:52.930 [Test worker] DEBUG org.apache.http.wire --  >> "Content-Length: 41[\r][\n]"
14:05:52.930 [Test worker] DEBUG org.apache.http.wire --  >> "Host: demoqa.com[\r][\n]"
14:05:52.930 [Test worker] DEBUG org.apache.http.wire --  >> "Connection: Keep-Alive[\r][\n]"
14:05:52.930 [Test worker] DEBUG org.apache.http.wire --  >> "User-Agent: Apache-HttpClient/4.5.13 (Java/11.0.20)[\r][\n]"
14:05:52.930 [Test worker] DEBUG org.apache.http.wire --  >> "Accept-Encoding: gzip,deflate[\r][\n]"
14:05:52.930 [Test worker] DEBUG org.apache.http.wire --  >> "[\r][\n]"
14:05:52.930 [Test worker] DEBUG org.apache.http.headers -- >> POST /Account/v1/GenerateToken HTTP/1.1
14:05:52.930 [Test worker] DEBUG org.apache.http.headers -- >> Accept: */*
14:05:52.930 [Test worker] DEBUG org.apache.http.headers -- >> Content-Type: application/json
14:05:52.930 [Test worker] DEBUG org.apache.http.headers -- >> Content-Length: 41
14:05:52.930 [Test worker] DEBUG org.apache.http.headers -- >> Host: demoqa.com
14:05:52.930 [Test worker] DEBUG org.apache.http.headers -- >> Connection: Keep-Alive
14:05:52.930 [Test worker] DEBUG org.apache.http.headers -- >> User-Agent: Apache-HttpClient/4.5.13 (Java/11.0.20)
14:05:52.930 [Test worker] DEBUG org.apache.http.headers -- >> Accept-Encoding: gzip,deflate
14:05:52.930 [Test worker] DEBUG org.apache.http.wire --  >> "{"userName":"delma.zulauf","password":""}"
14:05:52.999 [Test worker] DEBUG org.apache.http.wire --  << "HTTP/1.1 400 Bad Request[\r][\n]"
14:05:52.999 [Test worker] DEBUG org.apache.http.wire --  << "Server: nginx/1.17.10 (Ubuntu)[\r][\n]"
14:05:52.999 [Test worker] DEBUG org.apache.http.wire --  << "Date: Wed, 13 Dec 2023 13:05:54 GMT[\r][\n]"
14:05:52.999 [Test worker] DEBUG org.apache.http.wire --  << "Content-Type: application/json; charset=utf-8[\r][\n]"
14:05:52.999 [Test worker] DEBUG org.apache.http.wire --  << "Content-Length: 59[\r][\n]"
14:05:52.999 [Test worker] DEBUG org.apache.http.wire --  << "Connection: keep-alive[\r][\n]"
14:05:52.999 [Test worker] DEBUG org.apache.http.wire --  << "X-Powered-By: Express[\r][\n]"
14:05:52.999 [Test worker] DEBUG org.apache.http.wire --  << "ETag: W/"3b-kfIAtNk1nsLmMi3OoOPrbSi9YOU"[\r][\n]"
14:05:52.999 [Test worker] DEBUG org.apache.http.wire --  << "[\r][\n]"
14:05:52.999 [Test worker] DEBUG org.apache.http.impl.conn.DefaultClientConnection -- Receiving response: HTTP/1.1 400 Bad Request
14:05:52.999 [Test worker] DEBUG org.apache.http.headers -- << HTTP/1.1 400 Bad Request
14:05:52.999 [Test worker] DEBUG org.apache.http.headers -- << Server: nginx/1.17.10 (Ubuntu)
14:05:52.999 [Test worker] DEBUG org.apache.http.headers -- << Date: Wed, 13 Dec 2023 13:05:54 GMT
14:05:52.999 [Test worker] DEBUG org.apache.http.headers -- << Content-Type: application/json; charset=utf-8
14:05:52.999 [Test worker] DEBUG org.apache.http.headers -- << Content-Length: 59
14:05:52.999 [Test worker] DEBUG org.apache.http.headers -- << Connection: keep-alive
14:05:52.999 [Test worker] DEBUG org.apache.http.headers -- << X-Powered-By: Express
14:05:52.999 [Test worker] DEBUG org.apache.http.headers -- << ETag: W/"3b-kfIAtNk1nsLmMi3OoOPrbSi9YOU"
14:05:52.999 [Test worker] DEBUG org.apache.http.impl.client.DefaultHttpClient -- Connection can be kept alive indefinitely
14:05:52.999 [Test worker] DEBUG io.restassured.internal.RestAssuredHttpBuilder -- Parsing response as: application/json; charset=utf-8
14:05:52.999 [Test worker] DEBUG io.restassured.internal.RestAssuredHttpBuilder -- Parsed data to instance of: class org.apache.http.conn.EofSensorInputStream
14:05:53.000 [Test worker] DEBUG org.apache.http.wire --  << "{"code":"1200","message":"UserName and Password required."}"
14:05:53.000 [Test worker] DEBUG org.apache.http.impl.conn.BasicClientConnectionManager -- Releasing connection org.apache.http.impl.conn.ManagedClientConnectionImpl@31ffe47c
14:05:53.000 [Test worker] DEBUG org.apache.http.impl.conn.BasicClientConnectionManager -- Connection can be kept alive indefinitely
HTTP/1.1 400 Bad Request
Server: nginx/1.17.10 (Ubuntu)
Date: Wed, 13 Dec 2023 13:05:54 GMT
Content-Type: application/json; charset=utf-8
Content-Length: 59
Connection: keep-alive
X-Powered-By: Express
ETag: W/"3b-kfIAtNk1nsLmMi3OoOPrbSi9YOU"

{
    "code": "1200",
    "message": "UserName and Password required."
}
14:05:53.006 [Finalizer] DEBUG org.apache.http.impl.conn.DefaultClientConnection -- Connection 0.0.0.0:53260<->176.58.101.124:443 closed
14:05:53.007 [Finalizer] DEBUG org.apache.http.impl.conn.DefaultClientConnection -- Connection 0.0.0.0:53263<->176.58.101.124:443 closed
14:05:53.007 [Finalizer] DEBUG org.apache.http.impl.conn.DefaultClientConnection -- Connection 0.0.0.0:53262<->176.58.101.124:443 closed
14:05:53.008 [Finalizer] DEBUG org.apache.http.impl.conn.DefaultClientConnection -- Connection 0.0.0.0:53261<->176.58.101.124:443 closed
Request method:	POST
Request URI:	https://demoqa.com/Account/v1/User
Proxy:			<none>
Request params:	<none>
Query params:	<none>
Form params:	<none>
Path params:	<none>
Headers:		Accept=*/*
				Content-Type=application/json
Cookies:		<none>
Multiparts:		<none>
Body:
{
    "userName": "roman.wolff",
    "password": "123Ron321&"
}
14:05:53.027 [Test worker] DEBUG org.apache.http.impl.conn.BasicClientConnectionManager -- Get connection for route {s}->https://demoqa.com:443
14:05:53.027 [Test worker] DEBUG org.apache.http.impl.conn.DefaultClientConnectionOperator -- Connecting to demoqa.com:443
14:05:53.114 [Test worker] DEBUG org.apache.http.client.protocol.RequestAddCookies -- CookieSpec selected: ignoreCookies
14:05:53.114 [Test worker] DEBUG org.apache.http.client.protocol.RequestAuthCache -- Auth cache not set in the context
14:05:53.114 [Test worker] DEBUG org.apache.http.client.protocol.RequestTargetAuthentication -- Target auth state: UNCHALLENGED
14:05:53.114 [Test worker] DEBUG org.apache.http.client.protocol.RequestProxyAuthentication -- Proxy auth state: UNCHALLENGED
14:05:53.114 [Test worker] DEBUG org.apache.http.impl.client.DefaultHttpClient -- Attempt 1 to execute request
14:05:53.114 [Test worker] DEBUG org.apache.http.impl.conn.DefaultClientConnection -- Sending request: POST /Account/v1/User HTTP/1.1
14:05:53.114 [Test worker] DEBUG org.apache.http.wire --  >> "POST /Account/v1/User HTTP/1.1[\r][\n]"
14:05:53.114 [Test worker] DEBUG org.apache.http.wire --  >> "Accept: */*[\r][\n]"
14:05:53.114 [Test worker] DEBUG org.apache.http.wire --  >> "Content-Type: application/json[\r][\n]"
14:05:53.114 [Test worker] DEBUG org.apache.http.wire --  >> "Content-Length: 50[\r][\n]"
14:05:53.114 [Test worker] DEBUG org.apache.http.wire --  >> "Host: demoqa.com[\r][\n]"
14:05:53.114 [Test worker] DEBUG org.apache.http.wire --  >> "Connection: Keep-Alive[\r][\n]"
14:05:53.114 [Test worker] DEBUG org.apache.http.wire --  >> "User-Agent: Apache-HttpClient/4.5.13 (Java/11.0.20)[\r][\n]"
14:05:53.115 [Test worker] DEBUG org.apache.http.wire --  >> "Accept-Encoding: gzip,deflate[\r][\n]"
14:05:53.115 [Test worker] DEBUG org.apache.http.wire --  >> "[\r][\n]"
14:05:53.115 [Test worker] DEBUG org.apache.http.headers -- >> POST /Account/v1/User HTTP/1.1
14:05:53.115 [Test worker] DEBUG org.apache.http.headers -- >> Accept: */*
14:05:53.115 [Test worker] DEBUG org.apache.http.headers -- >> Content-Type: application/json
14:05:53.115 [Test worker] DEBUG org.apache.http.headers -- >> Content-Length: 50
14:05:53.115 [Test worker] DEBUG org.apache.http.headers -- >> Host: demoqa.com
14:05:53.115 [Test worker] DEBUG org.apache.http.headers -- >> Connection: Keep-Alive
14:05:53.115 [Test worker] DEBUG org.apache.http.headers -- >> User-Agent: Apache-HttpClient/4.5.13 (Java/11.0.20)
14:05:53.115 [Test worker] DEBUG org.apache.http.headers -- >> Accept-Encoding: gzip,deflate
14:05:53.115 [Test worker] DEBUG org.apache.http.wire --  >> "{"userName":"roman.wolff","password":"123Ron321&"}"
14:05:53.303 [Test worker] DEBUG org.apache.http.wire --  << "HTTP/1.1 201 Created[\r][\n]"
14:05:53.303 [Test worker] DEBUG org.apache.http.wire --  << "Server: nginx/1.17.10 (Ubuntu)[\r][\n]"
14:05:53.303 [Test worker] DEBUG org.apache.http.wire --  << "Date: Wed, 13 Dec 2023 13:05:54 GMT[\r][\n]"
14:05:53.303 [Test worker] DEBUG org.apache.http.wire --  << "Content-Type: application/json; charset=utf-8[\r][\n]"
14:05:53.303 [Test worker] DEBUG org.apache.http.wire --  << "Content-Length: 85[\r][\n]"
14:05:53.303 [Test worker] DEBUG org.apache.http.wire --  << "Connection: keep-alive[\r][\n]"
14:05:53.303 [Test worker] DEBUG org.apache.http.wire --  << "X-Powered-By: Express[\r][\n]"
14:05:53.303 [Test worker] DEBUG org.apache.http.wire --  << "ETag: W/"55-9W9xi/aH2SrvZnTTJVixdPuHsBg"[\r][\n]"
14:05:53.303 [Test worker] DEBUG org.apache.http.wire --  << "[\r][\n]"
14:05:53.303 [Test worker] DEBUG org.apache.http.impl.conn.DefaultClientConnection -- Receiving response: HTTP/1.1 201 Created
14:05:53.303 [Test worker] DEBUG org.apache.http.headers -- << HTTP/1.1 201 Created
14:05:53.303 [Test worker] DEBUG org.apache.http.headers -- << Server: nginx/1.17.10 (Ubuntu)
14:05:53.303 [Test worker] DEBUG org.apache.http.headers -- << Date: Wed, 13 Dec 2023 13:05:54 GMT
14:05:53.303 [Test worker] DEBUG org.apache.http.headers -- << Content-Type: application/json; charset=utf-8
14:05:53.303 [Test worker] DEBUG org.apache.http.headers -- << Content-Length: 85
14:05:53.303 [Test worker] DEBUG org.apache.http.headers -- << Connection: keep-alive
14:05:53.303 [Test worker] DEBUG org.apache.http.headers -- << X-Powered-By: Express
14:05:53.303 [Test worker] DEBUG org.apache.http.headers -- << ETag: W/"55-9W9xi/aH2SrvZnTTJVixdPuHsBg"
14:05:53.303 [Test worker] DEBUG org.apache.http.impl.client.DefaultHttpClient -- Connection can be kept alive indefinitely
14:05:53.303 [Test worker] DEBUG io.restassured.internal.RestAssuredHttpBuilder -- Parsing response as: application/json; charset=utf-8
14:05:53.303 [Test worker] DEBUG io.restassured.internal.RestAssuredHttpBuilder -- Parsed data to instance of: class org.apache.http.conn.EofSensorInputStream
14:05:53.304 [Test worker] DEBUG org.apache.http.wire --  << "{"userID":"de4d93b6-b708-409c-b94d-63dab4f7e437","username":"roman.wolff","books":[]}"
14:05:53.304 [Test worker] DEBUG org.apache.http.impl.conn.BasicClientConnectionManager -- Releasing connection org.apache.http.impl.conn.ManagedClientConnectionImpl@4268bfe6
14:05:53.304 [Test worker] DEBUG org.apache.http.impl.conn.BasicClientConnectionManager -- Connection can be kept alive indefinitely
HTTP/1.1 201 Created
Server: nginx/1.17.10 (Ubuntu)
Date: Wed, 13 Dec 2023 13:05:54 GMT
Content-Type: application/json; charset=utf-8
Content-Length: 85
Connection: keep-alive
X-Powered-By: Express
ETag: W/"55-9W9xi/aH2SrvZnTTJVixdPuHsBg"

{
    "userID": "de4d93b6-b708-409c-b94d-63dab4f7e437",
    "username": "roman.wolff",
    "books": [
        
    ]
}
Request method:	POST
Request URI:	https://demoqa.com/Account/v1/GenerateToken
Proxy:			<none>
Request params:	<none>
Query params:	<none>
Form params:	<none>
Path params:	<none>
Headers:		Accept=*/*
				Content-Type=application/json
Cookies:		<none>
Multiparts:		<none>
Body:
{
    "userName": "",
    "password": ""
}
14:05:53.323 [Test worker] DEBUG org.apache.http.impl.conn.BasicClientConnectionManager -- Get connection for route {s}->https://demoqa.com:443
14:05:53.323 [Test worker] DEBUG org.apache.http.impl.conn.DefaultClientConnectionOperator -- Connecting to demoqa.com:443
14:05:54.686 [Test worker] DEBUG org.apache.http.client.protocol.RequestAddCookies -- CookieSpec selected: ignoreCookies
14:05:54.686 [Test worker] DEBUG org.apache.http.client.protocol.RequestAuthCache -- Auth cache not set in the context
14:05:54.686 [Test worker] DEBUG org.apache.http.client.protocol.RequestTargetAuthentication -- Target auth state: UNCHALLENGED
14:05:54.686 [Test worker] DEBUG org.apache.http.client.protocol.RequestProxyAuthentication -- Proxy auth state: UNCHALLENGED
14:05:54.686 [Test worker] DEBUG org.apache.http.impl.client.DefaultHttpClient -- Attempt 1 to execute request
14:05:54.686 [Test worker] DEBUG org.apache.http.impl.conn.DefaultClientConnection -- Sending request: POST /Account/v1/GenerateToken HTTP/1.1
14:05:54.686 [Test worker] DEBUG org.apache.http.wire --  >> "POST /Account/v1/GenerateToken HTTP/1.1[\r][\n]"
14:05:54.686 [Test worker] DEBUG org.apache.http.wire --  >> "Accept: */*[\r][\n]"
14:05:54.686 [Test worker] DEBUG org.apache.http.wire --  >> "Content-Type: application/json[\r][\n]"
14:05:54.686 [Test worker] DEBUG org.apache.http.wire --  >> "Content-Length: 29[\r][\n]"
14:05:54.686 [Test worker] DEBUG org.apache.http.wire --  >> "Host: demoqa.com[\r][\n]"
14:05:54.686 [Test worker] DEBUG org.apache.http.wire --  >> "Connection: Keep-Alive[\r][\n]"
14:05:54.686 [Test worker] DEBUG org.apache.http.wire --  >> "User-Agent: Apache-HttpClient/4.5.13 (Java/11.0.20)[\r][\n]"
14:05:54.686 [Test worker] DEBUG org.apache.http.wire --  >> "Accept-Encoding: gzip,deflate[\r][\n]"
14:05:54.686 [Test worker] DEBUG org.apache.http.wire --  >> "[\r][\n]"
14:05:54.686 [Test worker] DEBUG org.apache.http.headers -- >> POST /Account/v1/GenerateToken HTTP/1.1
14:05:54.686 [Test worker] DEBUG org.apache.http.headers -- >> Accept: */*
14:05:54.686 [Test worker] DEBUG org.apache.http.headers -- >> Content-Type: application/json
14:05:54.686 [Test worker] DEBUG org.apache.http.headers -- >> Content-Length: 29
14:05:54.686 [Test worker] DEBUG org.apache.http.headers -- >> Host: demoqa.com
14:05:54.686 [Test worker] DEBUG org.apache.http.headers -- >> Connection: Keep-Alive
14:05:54.686 [Test worker] DEBUG org.apache.http.headers -- >> User-Agent: Apache-HttpClient/4.5.13 (Java/11.0.20)
14:05:54.686 [Test worker] DEBUG org.apache.http.headers -- >> Accept-Encoding: gzip,deflate
14:05:54.686 [Test worker] DEBUG org.apache.http.wire --  >> "{"userName":"","password":""}"
14:05:54.802 [Test worker] DEBUG org.apache.http.wire --  << "HTTP/1.1 400 Bad Request[\r][\n]"
14:05:54.802 [Test worker] DEBUG org.apache.http.wire --  << "Server: nginx/1.17.10 (Ubuntu)[\r][\n]"
14:05:54.802 [Test worker] DEBUG org.apache.http.wire --  << "Date: Wed, 13 Dec 2023 13:05:55 GMT[\r][\n]"
14:05:54.802 [Test worker] DEBUG org.apache.http.wire --  << "Content-Type: application/json; charset=utf-8[\r][\n]"
14:05:54.802 [Test worker] DEBUG org.apache.http.wire --  << "Content-Length: 59[\r][\n]"
14:05:54.802 [Test worker] DEBUG org.apache.http.wire --  << "Connection: keep-alive[\r][\n]"
14:05:54.802 [Test worker] DEBUG org.apache.http.wire --  << "X-Powered-By: Express[\r][\n]"
14:05:54.802 [Test worker] DEBUG org.apache.http.wire --  << "ETag: W/"3b-kfIAtNk1nsLmMi3OoOPrbSi9YOU"[\r][\n]"
14:05:54.802 [Test worker] DEBUG org.apache.http.wire --  << "[\r][\n]"
14:05:54.802 [Test worker] DEBUG org.apache.http.impl.conn.DefaultClientConnection -- Receiving response: HTTP/1.1 400 Bad Request
14:05:54.802 [Test worker] DEBUG org.apache.http.headers -- << HTTP/1.1 400 Bad Request
14:05:54.802 [Test worker] DEBUG org.apache.http.headers -- << Server: nginx/1.17.10 (Ubuntu)
14:05:54.802 [Test worker] DEBUG org.apache.http.headers -- << Date: Wed, 13 Dec 2023 13:05:55 GMT
14:05:54.802 [Test worker] DEBUG org.apache.http.headers -- << Content-Type: application/json; charset=utf-8
14:05:54.802 [Test worker] DEBUG org.apache.http.headers -- << Content-Length: 59
14:05:54.802 [Test worker] DEBUG org.apache.http.headers -- << Connection: keep-alive
14:05:54.802 [Test worker] DEBUG org.apache.http.headers -- << X-Powered-By: Express
14:05:54.802 [Test worker] DEBUG org.apache.http.headers -- << ETag: W/"3b-kfIAtNk1nsLmMi3OoOPrbSi9YOU"
14:05:54.802 [Test worker] DEBUG org.apache.http.impl.client.DefaultHttpClient -- Connection can be kept alive indefinitely
14:05:54.802 [Test worker] DEBUG io.restassured.internal.RestAssuredHttpBuilder -- Parsing response as: application/json; charset=utf-8
14:05:54.802 [Test worker] DEBUG io.restassured.internal.RestAssuredHttpBuilder -- Parsed data to instance of: class org.apache.http.conn.EofSensorInputStream
14:05:54.803 [Test worker] DEBUG org.apache.http.wire --  << "{"code":"1200","message":"UserName and Password required."}"
14:05:54.803 [Test worker] DEBUG org.apache.http.impl.conn.BasicClientConnectionManager -- Releasing connection org.apache.http.impl.conn.ManagedClientConnectionImpl@51ebe1be
14:05:54.803 [Test worker] DEBUG org.apache.http.impl.conn.BasicClientConnectionManager -- Connection can be kept alive indefinitely
HTTP/1.1 400 Bad Request
Server: nginx/1.17.10 (Ubuntu)
Date: Wed, 13 Dec 2023 13:05:55 GMT
Content-Type: application/json; charset=utf-8
Content-Length: 59
Connection: keep-alive
X-Powered-By: Express
ETag: W/"3b-kfIAtNk1nsLmMi3OoOPrbSi9YOU"

{
    "code": "1200",
    "message": "UserName and Password required."
}
Request method:	POST
Request URI:	https://demoqa.com/Account/v1/User
Proxy:			<none>
Request params:	<none>
Query params:	<none>
Form params:	<none>
Path params:	<none>
Headers:		Accept=*/*
				Content-Type=application/json
Cookies:		<none>
Multiparts:		<none>
Body:
{
    "userName": "royal.veum",
    "password": "123Ron321&"
}
14:05:54.830 [Test worker] DEBUG org.apache.http.impl.conn.BasicClientConnectionManager -- Get connection for route {s}->https://demoqa.com:443
14:05:54.830 [Test worker] DEBUG org.apache.http.impl.conn.DefaultClientConnectionOperator -- Connecting to demoqa.com:443
14:05:55.004 [Test worker] DEBUG org.apache.http.client.protocol.RequestAddCookies -- CookieSpec selected: ignoreCookies
14:05:55.004 [Test worker] DEBUG org.apache.http.client.protocol.RequestAuthCache -- Auth cache not set in the context
14:05:55.004 [Test worker] DEBUG org.apache.http.client.protocol.RequestTargetAuthentication -- Target auth state: UNCHALLENGED
14:05:55.004 [Test worker] DEBUG org.apache.http.client.protocol.RequestProxyAuthentication -- Proxy auth state: UNCHALLENGED
14:05:55.004 [Test worker] DEBUG org.apache.http.impl.client.DefaultHttpClient -- Attempt 1 to execute request
14:05:55.004 [Test worker] DEBUG org.apache.http.impl.conn.DefaultClientConnection -- Sending request: POST /Account/v1/User HTTP/1.1
14:05:55.004 [Test worker] DEBUG org.apache.http.wire --  >> "POST /Account/v1/User HTTP/1.1[\r][\n]"
14:05:55.004 [Test worker] DEBUG org.apache.http.wire --  >> "Accept: */*[\r][\n]"
14:05:55.004 [Test worker] DEBUG org.apache.http.wire --  >> "Content-Type: application/json[\r][\n]"
14:05:55.004 [Test worker] DEBUG org.apache.http.wire --  >> "Content-Length: 49[\r][\n]"
14:05:55.004 [Test worker] DEBUG org.apache.http.wire --  >> "Host: demoqa.com[\r][\n]"
14:05:55.004 [Test worker] DEBUG org.apache.http.wire --  >> "Connection: Keep-Alive[\r][\n]"
14:05:55.004 [Test worker] DEBUG org.apache.http.wire --  >> "User-Agent: Apache-HttpClient/4.5.13 (Java/11.0.20)[\r][\n]"
14:05:55.004 [Test worker] DEBUG org.apache.http.wire --  >> "Accept-Encoding: gzip,deflate[\r][\n]"
14:05:55.004 [Test worker] DEBUG org.apache.http.wire --  >> "[\r][\n]"
14:05:55.004 [Test worker] DEBUG org.apache.http.headers -- >> POST /Account/v1/User HTTP/1.1
14:05:55.004 [Test worker] DEBUG org.apache.http.headers -- >> Accept: */*
14:05:55.004 [Test worker] DEBUG org.apache.http.headers -- >> Content-Type: application/json
14:05:55.004 [Test worker] DEBUG org.apache.http.headers -- >> Content-Length: 49
14:05:55.004 [Test worker] DEBUG org.apache.http.headers -- >> Host: demoqa.com
14:05:55.004 [Test worker] DEBUG org.apache.http.headers -- >> Connection: Keep-Alive
14:05:55.004 [Test worker] DEBUG org.apache.http.headers -- >> User-Agent: Apache-HttpClient/4.5.13 (Java/11.0.20)
14:05:55.004 [Test worker] DEBUG org.apache.http.headers -- >> Accept-Encoding: gzip,deflate
14:05:55.004 [Test worker] DEBUG org.apache.http.wire --  >> "{"userName":"royal.veum","password":"123Ron321&"}"
14:05:55.251 [Test worker] DEBUG org.apache.http.wire --  << "HTTP/1.1 201 Created[\r][\n]"
14:05:55.251 [Test worker] DEBUG org.apache.http.wire --  << "Server: nginx/1.17.10 (Ubuntu)[\r][\n]"
14:05:55.251 [Test worker] DEBUG org.apache.http.wire --  << "Date: Wed, 13 Dec 2023 13:05:56 GMT[\r][\n]"
14:05:55.251 [Test worker] DEBUG org.apache.http.wire --  << "Content-Type: application/json; charset=utf-8[\r][\n]"
14:05:55.251 [Test worker] DEBUG org.apache.http.wire --  << "Content-Length: 84[\r][\n]"
14:05:55.251 [Test worker] DEBUG org.apache.http.wire --  << "Connection: keep-alive[\r][\n]"
14:05:55.251 [Test worker] DEBUG org.apache.http.wire --  << "X-Powered-By: Express[\r][\n]"
14:05:55.251 [Test worker] DEBUG org.apache.http.wire --  << "ETag: W/"54-vGoZX7DrhKdXCEJkiO81b8gPFpg"[\r][\n]"
14:05:55.251 [Test worker] DEBUG org.apache.http.wire --  << "[\r][\n]"
14:05:55.251 [Test worker] DEBUG org.apache.http.impl.conn.DefaultClientConnection -- Receiving response: HTTP/1.1 201 Created
14:05:55.251 [Test worker] DEBUG org.apache.http.headers -- << HTTP/1.1 201 Created
14:05:55.251 [Test worker] DEBUG org.apache.http.headers -- << Server: nginx/1.17.10 (Ubuntu)
14:05:55.251 [Test worker] DEBUG org.apache.http.headers -- << Date: Wed, 13 Dec 2023 13:05:56 GMT
14:05:55.251 [Test worker] DEBUG org.apache.http.headers -- << Content-Type: application/json; charset=utf-8
14:05:55.251 [Test worker] DEBUG org.apache.http.headers -- << Content-Length: 84
14:05:55.251 [Test worker] DEBUG org.apache.http.headers -- << Connection: keep-alive
14:05:55.251 [Test worker] DEBUG org.apache.http.headers -- << X-Powered-By: Express
14:05:55.251 [Test worker] DEBUG org.apache.http.headers -- << ETag: W/"54-vGoZX7DrhKdXCEJkiO81b8gPFpg"
14:05:55.251 [Test worker] DEBUG org.apache.http.impl.client.DefaultHttpClient -- Connection can be kept alive indefinitely
14:05:55.251 [Test worker] DEBUG io.restassured.internal.RestAssuredHttpBuilder -- Parsing response as: application/json; charset=utf-8
14:05:55.251 [Test worker] DEBUG io.restassured.internal.RestAssuredHttpBuilder -- Parsed data to instance of: class org.apache.http.conn.EofSensorInputStream
14:05:55.252 [Test worker] DEBUG org.apache.http.wire --  << "{"userID":"9074fd9e-869d-4bfd-baaf-03fcd67bb0c7","username":"royal.veum","books":[]}"
14:05:55.253 [Test worker] DEBUG org.apache.http.impl.conn.BasicClientConnectionManager -- Releasing connection org.apache.http.impl.conn.ManagedClientConnectionImpl@1822ae52
14:05:55.253 [Test worker] DEBUG org.apache.http.impl.conn.BasicClientConnectionManager -- Connection can be kept alive indefinitely
HTTP/1.1 201 Created
Server: nginx/1.17.10 (Ubuntu)
Date: Wed, 13 Dec 2023 13:05:56 GMT
Content-Type: application/json; charset=utf-8
Content-Length: 84
Connection: keep-alive
X-Powered-By: Express
ETag: W/"54-vGoZX7DrhKdXCEJkiO81b8gPFpg"

{
    "userID": "9074fd9e-869d-4bfd-baaf-03fcd67bb0c7",
    "username": "royal.veum",
    "books": [
        
    ]
}
Request method:	POST
Request URI:	https://demoqa.com/Account/v1/GenerateToken
Proxy:			<none>
Request params:	<none>
Query params:	<none>
Form params:	<none>
Path params:	<none>
Headers:		Accept=*/*
				Content-Type=application/json
Cookies:		<none>
Multiparts:		<none>
Body:
{
    "userName": "",
    "password": "123Ron321&"
}
14:05:55.270 [Test worker] DEBUG org.apache.http.impl.conn.BasicClientConnectionManager -- Get connection for route {s}->https://demoqa.com:443
14:05:55.282 [Test worker] DEBUG org.apache.http.impl.conn.DefaultClientConnectionOperator -- Connecting to demoqa.com:443
14:05:55.359 [Test worker] DEBUG org.apache.http.client.protocol.RequestAddCookies -- CookieSpec selected: ignoreCookies
14:05:55.359 [Test worker] DEBUG org.apache.http.client.protocol.RequestAuthCache -- Auth cache not set in the context
14:05:55.359 [Test worker] DEBUG org.apache.http.client.protocol.RequestTargetAuthentication -- Target auth state: UNCHALLENGED
14:05:55.359 [Test worker] DEBUG org.apache.http.client.protocol.RequestProxyAuthentication -- Proxy auth state: UNCHALLENGED
14:05:55.359 [Test worker] DEBUG org.apache.http.impl.client.DefaultHttpClient -- Attempt 1 to execute request
14:05:55.359 [Test worker] DEBUG org.apache.http.impl.conn.DefaultClientConnection -- Sending request: POST /Account/v1/GenerateToken HTTP/1.1
14:05:55.359 [Test worker] DEBUG org.apache.http.wire --  >> "POST /Account/v1/GenerateToken HTTP/1.1[\r][\n]"
14:05:55.359 [Test worker] DEBUG org.apache.http.wire --  >> "Accept: */*[\r][\n]"
14:05:55.359 [Test worker] DEBUG org.apache.http.wire --  >> "Content-Type: application/json[\r][\n]"
14:05:55.360 [Test worker] DEBUG org.apache.http.wire --  >> "Content-Length: 39[\r][\n]"
14:05:55.360 [Test worker] DEBUG org.apache.http.wire --  >> "Host: demoqa.com[\r][\n]"
14:05:55.360 [Test worker] DEBUG org.apache.http.wire --  >> "Connection: Keep-Alive[\r][\n]"
14:05:55.360 [Test worker] DEBUG org.apache.http.wire --  >> "User-Agent: Apache-HttpClient/4.5.13 (Java/11.0.20)[\r][\n]"
14:05:55.360 [Test worker] DEBUG org.apache.http.wire --  >> "Accept-Encoding: gzip,deflate[\r][\n]"
14:05:55.360 [Test worker] DEBUG org.apache.http.wire --  >> "[\r][\n]"
14:05:55.360 [Test worker] DEBUG org.apache.http.headers -- >> POST /Account/v1/GenerateToken HTTP/1.1
14:05:55.360 [Test worker] DEBUG org.apache.http.headers -- >> Accept: */*
14:05:55.360 [Test worker] DEBUG org.apache.http.headers -- >> Content-Type: application/json
14:05:55.360 [Test worker] DEBUG org.apache.http.headers -- >> Content-Length: 39
14:05:55.360 [Test worker] DEBUG org.apache.http.headers -- >> Host: demoqa.com
14:05:55.360 [Test worker] DEBUG org.apache.http.headers -- >> Connection: Keep-Alive
14:05:55.360 [Test worker] DEBUG org.apache.http.headers -- >> User-Agent: Apache-HttpClient/4.5.13 (Java/11.0.20)
14:05:55.360 [Test worker] DEBUG org.apache.http.headers -- >> Accept-Encoding: gzip,deflate
14:05:55.360 [Test worker] DEBUG org.apache.http.wire --  >> "{"userName":"","password":"123Ron321&"}"
14:05:55.458 [Test worker] DEBUG org.apache.http.wire --  << "HTTP/1.1 400 Bad Request[\r][\n]"
14:05:55.458 [Test worker] DEBUG org.apache.http.wire --  << "Server: nginx/1.17.10 (Ubuntu)[\r][\n]"
14:05:55.458 [Test worker] DEBUG org.apache.http.wire --  << "Date: Wed, 13 Dec 2023 13:05:56 GMT[\r][\n]"
14:05:55.458 [Test worker] DEBUG org.apache.http.wire --  << "Content-Type: application/json; charset=utf-8[\r][\n]"
14:05:55.458 [Test worker] DEBUG org.apache.http.wire --  << "Content-Length: 59[\r][\n]"
14:05:55.458 [Test worker] DEBUG org.apache.http.wire --  << "Connection: keep-alive[\r][\n]"
14:05:55.458 [Test worker] DEBUG org.apache.http.wire --  << "X-Powered-By: Express[\r][\n]"
14:05:55.458 [Test worker] DEBUG org.apache.http.wire --  << "ETag: W/"3b-kfIAtNk1nsLmMi3OoOPrbSi9YOU"[\r][\n]"
14:05:55.458 [Test worker] DEBUG org.apache.http.wire --  << "[\r][\n]"
14:05:55.458 [Test worker] DEBUG org.apache.http.impl.conn.DefaultClientConnection -- Receiving response: HTTP/1.1 400 Bad Request
14:05:55.458 [Test worker] DEBUG org.apache.http.headers -- << HTTP/1.1 400 Bad Request
14:05:55.458 [Test worker] DEBUG org.apache.http.headers -- << Server: nginx/1.17.10 (Ubuntu)
14:05:55.458 [Test worker] DEBUG org.apache.http.headers -- << Date: Wed, 13 Dec 2023 13:05:56 GMT
14:05:55.458 [Test worker] DEBUG org.apache.http.headers -- << Content-Type: application/json; charset=utf-8
14:05:55.458 [Test worker] DEBUG org.apache.http.headers -- << Content-Length: 59
14:05:55.458 [Test worker] DEBUG org.apache.http.headers -- << Connection: keep-alive
14:05:55.458 [Test worker] DEBUG org.apache.http.headers -- << X-Powered-By: Express
14:05:55.458 [Test worker] DEBUG org.apache.http.headers -- << ETag: W/"3b-kfIAtNk1nsLmMi3OoOPrbSi9YOU"
14:05:55.458 [Test worker] DEBUG org.apache.http.impl.client.DefaultHttpClient -- Connection can be kept alive indefinitely
14:05:55.458 [Test worker] DEBUG io.restassured.internal.RestAssuredHttpBuilder -- Parsing response as: application/json; charset=utf-8
14:05:55.458 [Test worker] DEBUG io.restassured.internal.RestAssuredHttpBuilder -- Parsed data to instance of: class org.apache.http.conn.EofSensorInputStream
14:05:55.458 [Test worker] DEBUG org.apache.http.wire --  << "{"code":"1200","message":"UserName and Password required."}"
14:05:55.458 [Test worker] DEBUG org.apache.http.impl.conn.BasicClientConnectionManager -- Releasing connection org.apache.http.impl.conn.ManagedClientConnectionImpl@14dddc0f
14:05:55.458 [Test worker] DEBUG org.apache.http.impl.conn.BasicClientConnectionManager -- Connection can be kept alive indefinitely
HTTP/1.1 400 Bad Request
Server: nginx/1.17.10 (Ubuntu)
Date: Wed, 13 Dec 2023 13:05:56 GMT
Content-Type: application/json; charset=utf-8
Content-Length: 59
Connection: keep-alive
X-Powered-By: Express
ETag: W/"3b-kfIAtNk1nsLmMi3OoOPrbSi9YOU"

{
    "code": "1200",
    "message": "UserName and Password required."
}
Request method:	POST
Request URI:	https://demoqa.com/Account/v1/User
Proxy:			<none>
Request params:	<none>
Query params:	<none>
Form params:	<none>
Path params:	<none>
Headers:		Accept=*/*
				Content-Type=application/json
Cookies:		<none>
Multiparts:		<none>
Body:
{
    "userName": "williams.jerde",
    "password": "123Ron321&"
}
14:05:55.487 [Test worker] DEBUG org.apache.http.impl.conn.BasicClientConnectionManager -- Get connection for route {s}->https://demoqa.com:443
14:05:55.487 [Test worker] DEBUG org.apache.http.impl.conn.DefaultClientConnectionOperator -- Connecting to demoqa.com:443
14:05:55.550 [Test worker] DEBUG org.apache.http.client.protocol.RequestAddCookies -- CookieSpec selected: ignoreCookies
14:05:55.550 [Test worker] DEBUG org.apache.http.client.protocol.RequestAuthCache -- Auth cache not set in the context
14:05:55.550 [Test worker] DEBUG org.apache.http.client.protocol.RequestTargetAuthentication -- Target auth state: UNCHALLENGED
14:05:55.550 [Test worker] DEBUG org.apache.http.client.protocol.RequestProxyAuthentication -- Proxy auth state: UNCHALLENGED
14:05:55.550 [Test worker] DEBUG org.apache.http.impl.client.DefaultHttpClient -- Attempt 1 to execute request
14:05:55.550 [Test worker] DEBUG org.apache.http.impl.conn.DefaultClientConnection -- Sending request: POST /Account/v1/User HTTP/1.1
14:05:55.550 [Test worker] DEBUG org.apache.http.wire --  >> "POST /Account/v1/User HTTP/1.1[\r][\n]"
14:05:55.550 [Test worker] DEBUG org.apache.http.wire --  >> "Accept: */*[\r][\n]"
14:05:55.550 [Test worker] DEBUG org.apache.http.wire --  >> "Content-Type: application/json[\r][\n]"
14:05:55.550 [Test worker] DEBUG org.apache.http.wire --  >> "Content-Length: 53[\r][\n]"
14:05:55.550 [Test worker] DEBUG org.apache.http.wire --  >> "Host: demoqa.com[\r][\n]"
14:05:55.550 [Test worker] DEBUG org.apache.http.wire --  >> "Connection: Keep-Alive[\r][\n]"
14:05:55.550 [Test worker] DEBUG org.apache.http.wire --  >> "User-Agent: Apache-HttpClient/4.5.13 (Java/11.0.20)[\r][\n]"
14:05:55.550 [Test worker] DEBUG org.apache.http.wire --  >> "Accept-Encoding: gzip,deflate[\r][\n]"
14:05:55.550 [Test worker] DEBUG org.apache.http.wire --  >> "[\r][\n]"
14:05:55.550 [Test worker] DEBUG org.apache.http.headers -- >> POST /Account/v1/User HTTP/1.1
14:05:55.551 [Test worker] DEBUG org.apache.http.headers -- >> Accept: */*
14:05:55.551 [Test worker] DEBUG org.apache.http.headers -- >> Content-Type: application/json
14:05:55.551 [Test worker] DEBUG org.apache.http.headers -- >> Content-Length: 53
14:05:55.551 [Test worker] DEBUG org.apache.http.headers -- >> Host: demoqa.com
14:05:55.551 [Test worker] DEBUG org.apache.http.headers -- >> Connection: Keep-Alive
14:05:55.551 [Test worker] DEBUG org.apache.http.headers -- >> User-Agent: Apache-HttpClient/4.5.13 (Java/11.0.20)
14:05:55.551 [Test worker] DEBUG org.apache.http.headers -- >> Accept-Encoding: gzip,deflate
14:05:55.551 [Test worker] DEBUG org.apache.http.wire --  >> "{"userName":"williams.jerde","password":"123Ron321&"}"
14:05:56.207 [Test worker] DEBUG org.apache.http.wire --  << "HTTP/1.1 201 Created[\r][\n]"
14:05:56.207 [Test worker] DEBUG org.apache.http.wire --  << "Server: nginx/1.17.10 (Ubuntu)[\r][\n]"
14:05:56.207 [Test worker] DEBUG org.apache.http.wire --  << "Date: Wed, 13 Dec 2023 13:05:57 GMT[\r][\n]"
14:05:56.207 [Test worker] DEBUG org.apache.http.wire --  << "Content-Type: application/json; charset=utf-8[\r][\n]"
14:05:56.207 [Test worker] DEBUG org.apache.http.wire --  << "Content-Length: 88[\r][\n]"
14:05:56.207 [Test worker] DEBUG org.apache.http.wire --  << "Connection: keep-alive[\r][\n]"
14:05:56.208 [Test worker] DEBUG org.apache.http.wire --  << "X-Powered-By: Express[\r][\n]"
14:05:56.208 [Test worker] DEBUG org.apache.http.wire --  << "ETag: W/"58-hSDXpbitohsjPteIFjmaK7J6OZE"[\r][\n]"
14:05:56.208 [Test worker] DEBUG org.apache.http.wire --  << "[\r][\n]"
14:05:56.208 [Test worker] DEBUG org.apache.http.impl.conn.DefaultClientConnection -- Receiving response: HTTP/1.1 201 Created
14:05:56.208 [Test worker] DEBUG org.apache.http.headers -- << HTTP/1.1 201 Created
14:05:56.208 [Test worker] DEBUG org.apache.http.headers -- << Server: nginx/1.17.10 (Ubuntu)
14:05:56.208 [Test worker] DEBUG org.apache.http.headers -- << Date: Wed, 13 Dec 2023 13:05:57 GMT
14:05:56.208 [Test worker] DEBUG org.apache.http.headers -- << Content-Type: application/json; charset=utf-8
14:05:56.208 [Test worker] DEBUG org.apache.http.headers -- << Content-Length: 88
14:05:56.208 [Test worker] DEBUG org.apache.http.headers -- << Connection: keep-alive
14:05:56.208 [Test worker] DEBUG org.apache.http.headers -- << X-Powered-By: Express
14:05:56.208 [Test worker] DEBUG org.apache.http.headers -- << ETag: W/"58-hSDXpbitohsjPteIFjmaK7J6OZE"
14:05:56.208 [Test worker] DEBUG org.apache.http.impl.client.DefaultHttpClient -- Connection can be kept alive indefinitely
14:05:56.208 [Test worker] DEBUG io.restassured.internal.RestAssuredHttpBuilder -- Parsing response as: application/json; charset=utf-8
14:05:56.208 [Test worker] DEBUG io.restassured.internal.RestAssuredHttpBuilder -- Parsed data to instance of: class org.apache.http.conn.EofSensorInputStream
14:05:56.208 [Test worker] DEBUG org.apache.http.wire --  << "{"userID":"50fbac4f-907d-4608-8ec0-89aae6a9bae9","username":"williams.jerde","books":[]}"
14:05:56.208 [Test worker] DEBUG org.apache.http.impl.conn.BasicClientConnectionManager -- Releasing connection org.apache.http.impl.conn.ManagedClientConnectionImpl@34eaf389
14:05:56.208 [Test worker] DEBUG org.apache.http.impl.conn.BasicClientConnectionManager -- Connection can be kept alive indefinitely
HTTP/1.1 201 Created
Server: nginx/1.17.10 (Ubuntu)
Date: Wed, 13 Dec 2023 13:05:57 GMT
Content-Type: application/json; charset=utf-8
Content-Length: 88
Connection: keep-alive
X-Powered-By: Express
ETag: W/"58-hSDXpbitohsjPteIFjmaK7J6OZE"

{
    "userID": "50fbac4f-907d-4608-8ec0-89aae6a9bae9",
    "username": "williams.jerde",
    "books": [
        
    ]
}
Request method:	POST
Request URI:	https://demoqa.com/Account/v1/GenerateToken
Proxy:			<none>
Request params:	<none>
Query params:	<none>
Form params:	<none>
Path params:	<none>
Headers:		Accept=*/*
				Content-Type=application/json
Cookies:		<none>
Multiparts:		<none>
Body:
{
    "userName": "williams.jerde",
    "password": "987Aquag654#"
}
14:05:56.224 [Test worker] DEBUG org.apache.http.impl.conn.BasicClientConnectionManager -- Get connection for route {s}->https://demoqa.com:443
14:05:56.224 [Test worker] DEBUG org.apache.http.impl.conn.DefaultClientConnectionOperator -- Connecting to demoqa.com:443
14:05:56.328 [Test worker] DEBUG org.apache.http.client.protocol.RequestAddCookies -- CookieSpec selected: ignoreCookies
14:05:56.328 [Test worker] DEBUG org.apache.http.client.protocol.RequestAuthCache -- Auth cache not set in the context
14:05:56.328 [Test worker] DEBUG org.apache.http.client.protocol.RequestTargetAuthentication -- Target auth state: UNCHALLENGED
14:05:56.328 [Test worker] DEBUG org.apache.http.client.protocol.RequestProxyAuthentication -- Proxy auth state: UNCHALLENGED
14:05:56.328 [Test worker] DEBUG org.apache.http.impl.client.DefaultHttpClient -- Attempt 1 to execute request
14:05:56.328 [Test worker] DEBUG org.apache.http.impl.conn.DefaultClientConnection -- Sending request: POST /Account/v1/GenerateToken HTTP/1.1
14:05:56.328 [Test worker] DEBUG org.apache.http.wire --  >> "POST /Account/v1/GenerateToken HTTP/1.1[\r][\n]"
14:05:56.328 [Test worker] DEBUG org.apache.http.wire --  >> "Accept: */*[\r][\n]"
14:05:56.328 [Test worker] DEBUG org.apache.http.wire --  >> "Content-Type: application/json[\r][\n]"
14:05:56.328 [Test worker] DEBUG org.apache.http.wire --  >> "Content-Length: 55[\r][\n]"
14:05:56.328 [Test worker] DEBUG org.apache.http.wire --  >> "Host: demoqa.com[\r][\n]"
14:05:56.328 [Test worker] DEBUG org.apache.http.wire --  >> "Connection: Keep-Alive[\r][\n]"
14:05:56.328 [Test worker] DEBUG org.apache.http.wire --  >> "User-Agent: Apache-HttpClient/4.5.13 (Java/11.0.20)[\r][\n]"
14:05:56.328 [Test worker] DEBUG org.apache.http.wire --  >> "Accept-Encoding: gzip,deflate[\r][\n]"
14:05:56.328 [Test worker] DEBUG org.apache.http.wire --  >> "[\r][\n]"
14:05:56.328 [Test worker] DEBUG org.apache.http.headers -- >> POST /Account/v1/GenerateToken HTTP/1.1
14:05:56.328 [Test worker] DEBUG org.apache.http.headers -- >> Accept: */*
14:05:56.328 [Test worker] DEBUG org.apache.http.headers -- >> Content-Type: application/json
14:05:56.328 [Test worker] DEBUG org.apache.http.headers -- >> Content-Length: 55
14:05:56.328 [Test worker] DEBUG org.apache.http.headers -- >> Host: demoqa.com
14:05:56.328 [Test worker] DEBUG org.apache.http.headers -- >> Connection: Keep-Alive
14:05:56.328 [Test worker] DEBUG org.apache.http.headers -- >> User-Agent: Apache-HttpClient/4.5.13 (Java/11.0.20)
14:05:56.328 [Test worker] DEBUG org.apache.http.headers -- >> Accept-Encoding: gzip,deflate
14:05:56.328 [Test worker] DEBUG org.apache.http.wire --  >> "{"userName":"williams.jerde","password":"987Aquag654#"}"
14:05:56.891 [Test worker] DEBUG org.apache.http.wire --  << "HTTP/1.1 200 OK[\r][\n]"
14:05:56.891 [Test worker] DEBUG org.apache.http.wire --  << "Server: nginx/1.17.10 (Ubuntu)[\r][\n]"
14:05:56.891 [Test worker] DEBUG org.apache.http.wire --  << "Date: Wed, 13 Dec 2023 13:05:57 GMT[\r][\n]"
14:05:56.891 [Test worker] DEBUG org.apache.http.wire --  << "Content-Type: application/json; charset=utf-8[\r][\n]"
14:05:56.892 [Test worker] DEBUG org.apache.http.wire --  << "Content-Length: 85[\r][\n]"
14:05:56.892 [Test worker] DEBUG org.apache.http.wire --  << "Connection: keep-alive[\r][\n]"
14:05:56.892 [Test worker] DEBUG org.apache.http.wire --  << "X-Powered-By: Express[\r][\n]"
14:05:56.892 [Test worker] DEBUG org.apache.http.wire --  << "ETag: W/"55-uDqoBYBzbvMfwcbBiE9kdrLOtHY"[\r][\n]"
14:05:56.892 [Test worker] DEBUG org.apache.http.wire --  << "[\r][\n]"
14:05:56.892 [Test worker] DEBUG org.apache.http.impl.conn.DefaultClientConnection -- Receiving response: HTTP/1.1 200 OK
14:05:56.892 [Test worker] DEBUG org.apache.http.headers -- << HTTP/1.1 200 OK
14:05:56.892 [Test worker] DEBUG org.apache.http.headers -- << Server: nginx/1.17.10 (Ubuntu)
14:05:56.892 [Test worker] DEBUG org.apache.http.headers -- << Date: Wed, 13 Dec 2023 13:05:57 GMT
14:05:56.892 [Test worker] DEBUG org.apache.http.headers -- << Content-Type: application/json; charset=utf-8
14:05:56.892 [Test worker] DEBUG org.apache.http.headers -- << Content-Length: 85
14:05:56.892 [Test worker] DEBUG org.apache.http.headers -- << Connection: keep-alive
14:05:56.892 [Test worker] DEBUG org.apache.http.headers -- << X-Powered-By: Express
14:05:56.892 [Test worker] DEBUG org.apache.http.headers -- << ETag: W/"55-uDqoBYBzbvMfwcbBiE9kdrLOtHY"
14:05:56.892 [Test worker] DEBUG org.apache.http.impl.client.DefaultHttpClient -- Connection can be kept alive indefinitely
14:05:56.892 [Test worker] DEBUG io.restassured.internal.RestAssuredHttpBuilder -- Parsing response as: application/json; charset=utf-8
14:05:56.892 [Test worker] DEBUG io.restassured.internal.RestAssuredHttpBuilder -- Parsed data to instance of: class org.apache.http.conn.EofSensorInputStream
14:05:56.892 [Test worker] DEBUG org.apache.http.wire --  << "{"token":null,"expires":null,"status":"Failed","result":"User authorization failed."}"
14:05:56.892 [Test worker] DEBUG org.apache.http.impl.conn.BasicClientConnectionManager -- Releasing connection org.apache.http.impl.conn.ManagedClientConnectionImpl@74ae2294
14:05:56.892 [Test worker] DEBUG org.apache.http.impl.conn.BasicClientConnectionManager -- Connection can be kept alive indefinitely
HTTP/1.1 200 OK
Server: nginx/1.17.10 (Ubuntu)
Date: Wed, 13 Dec 2023 13:05:57 GMT
Content-Type: application/json; charset=utf-8
Content-Length: 85
Connection: keep-alive
X-Powered-By: Express
ETag: W/"55-uDqoBYBzbvMfwcbBiE9kdrLOtHY"

{
    "token": null,
    "expires": null,
    "status": "Failed",
    "result": "User authorization failed."
}
Request method:	POST
Request URI:	https://demoqa.com/Account/v1/User
Proxy:			<none>
Request params:	<none>
Query params:	<none>
Form params:	<none>
Path params:	<none>
Headers:		Accept=*/*
				Content-Type=application/json
Cookies:		<none>
Multiparts:		<none>
Body:
{
    "userName": "micheline.gerhold",
    "password": "123Ron321&"
}
14:05:56.920 [Test worker] DEBUG org.apache.http.impl.conn.BasicClientConnectionManager -- Get connection for route {s}->https://demoqa.com:443
14:05:56.920 [Test worker] DEBUG org.apache.http.impl.conn.DefaultClientConnectionOperator -- Connecting to demoqa.com:443
14:05:58.060 [Test worker] DEBUG org.apache.http.client.protocol.RequestAddCookies -- CookieSpec selected: ignoreCookies
14:05:58.060 [Test worker] DEBUG org.apache.http.client.protocol.RequestAuthCache -- Auth cache not set in the context
14:05:58.060 [Test worker] DEBUG org.apache.http.client.protocol.RequestTargetAuthentication -- Target auth state: UNCHALLENGED
14:05:58.060 [Test worker] DEBUG org.apache.http.client.protocol.RequestProxyAuthentication -- Proxy auth state: UNCHALLENGED
14:05:58.060 [Test worker] DEBUG org.apache.http.impl.client.DefaultHttpClient -- Attempt 1 to execute request
14:05:58.060 [Test worker] DEBUG org.apache.http.impl.conn.DefaultClientConnection -- Sending request: POST /Account/v1/User HTTP/1.1
14:05:58.060 [Test worker] DEBUG org.apache.http.wire --  >> "POST /Account/v1/User HTTP/1.1[\r][\n]"
14:05:58.060 [Test worker] DEBUG org.apache.http.wire --  >> "Accept: */*[\r][\n]"
14:05:58.060 [Test worker] DEBUG org.apache.http.wire --  >> "Content-Type: application/json[\r][\n]"
14:05:58.060 [Test worker] DEBUG org.apache.http.wire --  >> "Content-Length: 56[\r][\n]"
14:05:58.060 [Test worker] DEBUG org.apache.http.wire --  >> "Host: demoqa.com[\r][\n]"
14:05:58.060 [Test worker] DEBUG org.apache.http.wire --  >> "Connection: Keep-Alive[\r][\n]"
14:05:58.060 [Test worker] DEBUG org.apache.http.wire --  >> "User-Agent: Apache-HttpClient/4.5.13 (Java/11.0.20)[\r][\n]"
14:05:58.060 [Test worker] DEBUG org.apache.http.wire --  >> "Accept-Encoding: gzip,deflate[\r][\n]"
14:05:58.060 [Test worker] DEBUG org.apache.http.wire --  >> "[\r][\n]"
14:05:58.060 [Test worker] DEBUG org.apache.http.headers -- >> POST /Account/v1/User HTTP/1.1
14:05:58.060 [Test worker] DEBUG org.apache.http.headers -- >> Accept: */*
14:05:58.060 [Test worker] DEBUG org.apache.http.headers -- >> Content-Type: application/json
14:05:58.060 [Test worker] DEBUG org.apache.http.headers -- >> Content-Length: 56
14:05:58.060 [Test worker] DEBUG org.apache.http.headers -- >> Host: demoqa.com
14:05:58.060 [Test worker] DEBUG org.apache.http.headers -- >> Connection: Keep-Alive
14:05:58.060 [Test worker] DEBUG org.apache.http.headers -- >> User-Agent: Apache-HttpClient/4.5.13 (Java/11.0.20)
14:05:58.060 [Test worker] DEBUG org.apache.http.headers -- >> Accept-Encoding: gzip,deflate
14:05:58.060 [Test worker] DEBUG org.apache.http.wire --  >> "{"userName":"micheline.gerhold","password":"123Ron321&"}"
14:05:58.699 [Test worker] DEBUG org.apache.http.wire --  << "HTTP/1.1 201 Created[\r][\n]"
14:05:58.699 [Test worker] DEBUG org.apache.http.wire --  << "Server: nginx/1.17.10 (Ubuntu)[\r][\n]"
14:05:58.699 [Test worker] DEBUG org.apache.http.wire --  << "Date: Wed, 13 Dec 2023 13:05:59 GMT[\r][\n]"
14:05:58.699 [Test worker] DEBUG org.apache.http.wire --  << "Content-Type: application/json; charset=utf-8[\r][\n]"
14:05:58.699 [Test worker] DEBUG org.apache.http.wire --  << "Content-Length: 91[\r][\n]"
14:05:58.699 [Test worker] DEBUG org.apache.http.wire --  << "Connection: keep-alive[\r][\n]"
14:05:58.699 [Test worker] DEBUG org.apache.http.wire --  << "X-Powered-By: Express[\r][\n]"
14:05:58.699 [Test worker] DEBUG org.apache.http.wire --  << "ETag: W/"5b-1sqSja3n9O0my4DYiypcvpYjf+E"[\r][\n]"
14:05:58.699 [Test worker] DEBUG org.apache.http.wire --  << "[\r][\n]"
14:05:58.699 [Test worker] DEBUG org.apache.http.impl.conn.DefaultClientConnection -- Receiving response: HTTP/1.1 201 Created
14:05:58.699 [Test worker] DEBUG org.apache.http.headers -- << HTTP/1.1 201 Created
14:05:58.699 [Test worker] DEBUG org.apache.http.headers -- << Server: nginx/1.17.10 (Ubuntu)
14:05:58.699 [Test worker] DEBUG org.apache.http.headers -- << Date: Wed, 13 Dec 2023 13:05:59 GMT
14:05:58.699 [Test worker] DEBUG org.apache.http.headers -- << Content-Type: application/json; charset=utf-8
14:05:58.699 [Test worker] DEBUG org.apache.http.headers -- << Content-Length: 91
14:05:58.699 [Test worker] DEBUG org.apache.http.headers -- << Connection: keep-alive
14:05:58.699 [Test worker] DEBUG org.apache.http.headers -- << X-Powered-By: Express
14:05:58.699 [Test worker] DEBUG org.apache.http.headers -- << ETag: W/"5b-1sqSja3n9O0my4DYiypcvpYjf+E"
14:05:58.699 [Test worker] DEBUG org.apache.http.impl.client.DefaultHttpClient -- Connection can be kept alive indefinitely
14:05:58.699 [Test worker] DEBUG io.restassured.internal.RestAssuredHttpBuilder -- Parsing response as: application/json; charset=utf-8
14:05:58.699 [Test worker] DEBUG io.restassured.internal.RestAssuredHttpBuilder -- Parsed data to instance of: class org.apache.http.conn.EofSensorInputStream
14:05:58.699 [Test worker] DEBUG org.apache.http.wire --  << "{"userID":"1ca317b1-5196-466e-a5e3-aa82eaa7ba3d","username":"micheline.gerhold","books":[]}"
14:05:58.700 [Test worker] DEBUG org.apache.http.impl.conn.BasicClientConnectionManager -- Releasing connection org.apache.http.impl.conn.ManagedClientConnectionImpl@4e8afad6
14:05:58.700 [Test worker] DEBUG org.apache.http.impl.conn.BasicClientConnectionManager -- Connection can be kept alive indefinitely
HTTP/1.1 201 Created
Server: nginx/1.17.10 (Ubuntu)
Date: Wed, 13 Dec 2023 13:05:59 GMT
Content-Type: application/json; charset=utf-8
Content-Length: 91
Connection: keep-alive
X-Powered-By: Express
ETag: W/"5b-1sqSja3n9O0my4DYiypcvpYjf+E"

{
    "userID": "1ca317b1-5196-466e-a5e3-aa82eaa7ba3d",
    "username": "micheline.gerhold",
    "books": [
        
    ]
}
14:05:58.710 [Finalizer] DEBUG org.apache.http.impl.conn.DefaultClientConnection -- Connection 0.0.0.0:53264<->176.58.101.124:443 closed
14:05:58.710 [Finalizer] DEBUG org.apache.http.impl.conn.DefaultClientConnection -- Connection 0.0.0.0:53265<->176.58.101.124:443 closed
14:05:58.711 [Finalizer] DEBUG org.apache.http.impl.conn.DefaultClientConnection -- Connection 0.0.0.0:53270<->176.58.101.124:443 closed
14:05:58.711 [Finalizer] DEBUG org.apache.http.impl.conn.DefaultClientConnection -- Connection 0.0.0.0:53266<->176.58.101.124:443 closed
14:05:58.712 [Finalizer] DEBUG org.apache.http.impl.conn.DefaultClientConnection -- Connection 0.0.0.0:53267<->176.58.101.124:443 closed
14:05:58.712 [Finalizer] DEBUG org.apache.http.impl.conn.DefaultClientConnection -- Connection 0.0.0.0:53268<->176.58.101.124:443 closed
14:05:58.712 [Finalizer] DEBUG org.apache.http.impl.conn.DefaultClientConnection -- Connection 0.0.0.0:53269<->176.58.101.124:443 closed
Request method:	POST
Request URI:	https://demoqa.com/Account/v1/GenerateToken
Proxy:			<none>
Request params:	<none>
Query params:	<none>
Form params:	<none>
Path params:	<none>
Headers:		Accept=*/*
				Content-Type=application/json
Cookies:		<none>
Multiparts:		<none>
Body:
{
    "userName": "micheline.gerhold",
    "password": "123Ron321&"
}
14:05:58.724 [Test worker] DEBUG org.apache.http.impl.conn.BasicClientConnectionManager -- Get connection for route {s}->https://demoqa.com:443
14:05:58.724 [Test worker] DEBUG org.apache.http.impl.conn.DefaultClientConnectionOperator -- Connecting to demoqa.com:443
14:06:00.038 [Test worker] DEBUG org.apache.http.client.protocol.RequestAddCookies -- CookieSpec selected: ignoreCookies
14:06:00.038 [Test worker] DEBUG org.apache.http.client.protocol.RequestAuthCache -- Auth cache not set in the context
14:06:00.038 [Test worker] DEBUG org.apache.http.client.protocol.RequestTargetAuthentication -- Target auth state: UNCHALLENGED
14:06:00.038 [Test worker] DEBUG org.apache.http.client.protocol.RequestProxyAuthentication -- Proxy auth state: UNCHALLENGED
14:06:00.038 [Test worker] DEBUG org.apache.http.impl.client.DefaultHttpClient -- Attempt 1 to execute request
14:06:00.038 [Test worker] DEBUG org.apache.http.impl.conn.DefaultClientConnection -- Sending request: POST /Account/v1/GenerateToken HTTP/1.1
14:06:00.038 [Test worker] DEBUG org.apache.http.wire --  >> "POST /Account/v1/GenerateToken HTTP/1.1[\r][\n]"
14:06:00.038 [Test worker] DEBUG org.apache.http.wire --  >> "Accept: */*[\r][\n]"
14:06:00.038 [Test worker] DEBUG org.apache.http.wire --  >> "Content-Type: application/json[\r][\n]"
14:06:00.038 [Test worker] DEBUG org.apache.http.wire --  >> "Content-Length: 56[\r][\n]"
14:06:00.038 [Test worker] DEBUG org.apache.http.wire --  >> "Host: demoqa.com[\r][\n]"
14:06:00.038 [Test worker] DEBUG org.apache.http.wire --  >> "Connection: Keep-Alive[\r][\n]"
14:06:00.038 [Test worker] DEBUG org.apache.http.wire --  >> "User-Agent: Apache-HttpClient/4.5.13 (Java/11.0.20)[\r][\n]"
14:06:00.038 [Test worker] DEBUG org.apache.http.wire --  >> "Accept-Encoding: gzip,deflate[\r][\n]"
14:06:00.038 [Test worker] DEBUG org.apache.http.wire --  >> "[\r][\n]"
14:06:00.038 [Test worker] DEBUG org.apache.http.headers -- >> POST /Account/v1/GenerateToken HTTP/1.1
14:06:00.038 [Test worker] DEBUG org.apache.http.headers -- >> Accept: */*
14:06:00.038 [Test worker] DEBUG org.apache.http.headers -- >> Content-Type: application/json
14:06:00.038 [Test worker] DEBUG org.apache.http.headers -- >> Content-Length: 56
14:06:00.038 [Test worker] DEBUG org.apache.http.headers -- >> Host: demoqa.com
14:06:00.038 [Test worker] DEBUG org.apache.http.headers -- >> Connection: Keep-Alive
14:06:00.038 [Test worker] DEBUG org.apache.http.headers -- >> User-Agent: Apache-HttpClient/4.5.13 (Java/11.0.20)
14:06:00.038 [Test worker] DEBUG org.apache.http.headers -- >> Accept-Encoding: gzip,deflate
14:06:00.038 [Test worker] DEBUG org.apache.http.wire --  >> "{"userName":"micheline.gerhold","password":"123Ron321&"}"
14:06:00.432 [Test worker] DEBUG org.apache.http.wire --  << "HTTP/1.1 200 OK[\r][\n]"
14:06:00.432 [Test worker] DEBUG org.apache.http.wire --  << "Server: nginx/1.17.10 (Ubuntu)[\r][\n]"
14:06:00.432 [Test worker] DEBUG org.apache.http.wire --  << "Date: Wed, 13 Dec 2023 13:06:01 GMT[\r][\n]"
14:06:00.432 [Test worker] DEBUG org.apache.http.wire --  << "Content-Type: application/json; charset=utf-8[\r][\n]"
14:06:00.432 [Test worker] DEBUG org.apache.http.wire --  << "Content-Length: 288[\r][\n]"
14:06:00.432 [Test worker] DEBUG org.apache.http.wire --  << "Connection: keep-alive[\r][\n]"
14:06:00.432 [Test worker] DEBUG org.apache.http.wire --  << "X-Powered-By: Express[\r][\n]"
14:06:00.432 [Test worker] DEBUG org.apache.http.wire --  << "ETag: W/"120-3ZfFy8h1RLhD+2zlAKy0bSGNW8U"[\r][\n]"
14:06:00.432 [Test worker] DEBUG org.apache.http.wire --  << "[\r][\n]"
14:06:00.432 [Test worker] DEBUG org.apache.http.impl.conn.DefaultClientConnection -- Receiving response: HTTP/1.1 200 OK
14:06:00.432 [Test worker] DEBUG org.apache.http.headers -- << HTTP/1.1 200 OK
14:06:00.432 [Test worker] DEBUG org.apache.http.headers -- << Server: nginx/1.17.10 (Ubuntu)
14:06:00.432 [Test worker] DEBUG org.apache.http.headers -- << Date: Wed, 13 Dec 2023 13:06:01 GMT
14:06:00.432 [Test worker] DEBUG org.apache.http.headers -- << Content-Type: application/json; charset=utf-8
14:06:00.432 [Test worker] DEBUG org.apache.http.headers -- << Content-Length: 288
14:06:00.432 [Test worker] DEBUG org.apache.http.headers -- << Connection: keep-alive
14:06:00.432 [Test worker] DEBUG org.apache.http.headers -- << X-Powered-By: Express
14:06:00.432 [Test worker] DEBUG org.apache.http.headers -- << ETag: W/"120-3ZfFy8h1RLhD+2zlAKy0bSGNW8U"
14:06:00.432 [Test worker] DEBUG org.apache.http.impl.client.DefaultHttpClient -- Connection can be kept alive indefinitely
14:06:00.432 [Test worker] DEBUG io.restassured.internal.RestAssuredHttpBuilder -- Parsing response as: application/json; charset=utf-8
14:06:00.434 [Test worker] DEBUG io.restassured.internal.RestAssuredHttpBuilder -- Parsed data to instance of: class org.apache.http.conn.EofSensorInputStream
14:06:00.434 [Test worker] DEBUG org.apache.http.wire --  << "{"token":"eyJhbGciOiJIUzI1NiIsInR5cCI6IkpXVCJ9.eyJ1c2VyTmFtZSI6Im1pY2hlbGluZS5nZXJob2xkIiwicGFzc3dvcmQiOiIxMjNSb24zMjEmIiwiaWF0IjoxNzAyNDcyNzYxfQ.qDUKXv1Zf49GngvPPZk7XkPGDNWnWHXurHkLllV8v3k","expires":"2023-12-20T13:06:01.336Z","status":"Success","result":"User authorized successfully."}"
14:06:00.434 [Test worker] DEBUG org.apache.http.impl.conn.BasicClientConnectionManager -- Releasing connection org.apache.http.impl.conn.ManagedClientConnectionImpl@569d2418
14:06:00.434 [Test worker] DEBUG org.apache.http.impl.conn.BasicClientConnectionManager -- Connection can be kept alive indefinitely
HTTP/1.1 200 OK
Server: nginx/1.17.10 (Ubuntu)
Date: Wed, 13 Dec 2023 13:06:01 GMT
Content-Type: application/json; charset=utf-8
Content-Length: 288
Connection: keep-alive
X-Powered-By: Express
ETag: W/"120-3ZfFy8h1RLhD+2zlAKy0bSGNW8U"

{
    "token": "eyJhbGciOiJIUzI1NiIsInR5cCI6IkpXVCJ9.eyJ1c2VyTmFtZSI6Im1pY2hlbGluZS5nZXJob2xkIiwicGFzc3dvcmQiOiIxMjNSb24zMjEmIiwiaWF0IjoxNzAyNDcyNzYxfQ.qDUKXv1Zf49GngvPPZk7XkPGDNWnWHXurHkLllV8v3k",
    "expires": "2023-12-20T13:06:01.336Z",
    "status": "Success",
    "result": "User authorized successfully."
}
14:06:00.444 [Finalizer] DEBUG org.apache.http.impl.conn.DefaultClientConnection -- Connection 0.0.0.0:53271<->176.58.101.124:443 closed
]]></system-out>
  <system-err><![CDATA[]]></system-err>
</testsuite>
