<?xml version="1.0" encoding="UTF-8"?>
<testsuite name="tests.ReplaceIsbnTest" tests="1" skipped="0" failures="0" errors="0" timestamp="2023-12-13T13:06:09" hostname="DESKTOP-TFD6REL" time="10.859">
  <properties/>
  <testcase name="replaceIsbn" classname="tests.ReplaceIsbnTest" time="10.859"/>
  <system-out><![CDATA[Request method:	POST
Request URI:	https://demoqa.com/Account/v1/User
Proxy:			<none>
Request params:	<none>
Query params:	<none>
Form params:	<none>
Path params:	<none>
Headers:		Accept=*/*
				Content-Type=application/json
Cookies:		<none>
Multiparts:		<none>
Body:
{
    "userName": "leana.schamberger",
    "password": "123Ron321&"
}
14:06:09.237 [Test worker] DEBUG org.apache.http.impl.conn.BasicClientConnectionManager -- Get connection for route {s}->https://demoqa.com:443
14:06:09.238 [Test worker] DEBUG org.apache.http.impl.conn.DefaultClientConnectionOperator -- Connecting to demoqa.com:443
14:06:09.312 [Test worker] DEBUG org.apache.http.client.protocol.RequestAddCookies -- CookieSpec selected: ignoreCookies
14:06:09.312 [Test worker] DEBUG org.apache.http.client.protocol.RequestAuthCache -- Auth cache not set in the context
14:06:09.312 [Test worker] DEBUG org.apache.http.client.protocol.RequestTargetAuthentication -- Target auth state: UNCHALLENGED
14:06:09.312 [Test worker] DEBUG org.apache.http.client.protocol.RequestProxyAuthentication -- Proxy auth state: UNCHALLENGED
14:06:09.312 [Test worker] DEBUG org.apache.http.impl.client.DefaultHttpClient -- Attempt 1 to execute request
14:06:09.312 [Test worker] DEBUG org.apache.http.impl.conn.DefaultClientConnection -- Sending request: POST /Account/v1/User HTTP/1.1
14:06:09.312 [Test worker] DEBUG org.apache.http.wire --  >> "POST /Account/v1/User HTTP/1.1[\r][\n]"
14:06:09.312 [Test worker] DEBUG org.apache.http.wire --  >> "Accept: */*[\r][\n]"
14:06:09.312 [Test worker] DEBUG org.apache.http.wire --  >> "Content-Type: application/json[\r][\n]"
14:06:09.312 [Test worker] DEBUG org.apache.http.wire --  >> "Content-Length: 56[\r][\n]"
14:06:09.312 [Test worker] DEBUG org.apache.http.wire --  >> "Host: demoqa.com[\r][\n]"
14:06:09.312 [Test worker] DEBUG org.apache.http.wire --  >> "Connection: Keep-Alive[\r][\n]"
14:06:09.312 [Test worker] DEBUG org.apache.http.wire --  >> "User-Agent: Apache-HttpClient/4.5.13 (Java/11.0.20)[\r][\n]"
14:06:09.312 [Test worker] DEBUG org.apache.http.wire --  >> "Accept-Encoding: gzip,deflate[\r][\n]"
14:06:09.312 [Test worker] DEBUG org.apache.http.wire --  >> "[\r][\n]"
14:06:09.312 [Test worker] DEBUG org.apache.http.headers -- >> POST /Account/v1/User HTTP/1.1
14:06:09.312 [Test worker] DEBUG org.apache.http.headers -- >> Accept: */*
14:06:09.312 [Test worker] DEBUG org.apache.http.headers -- >> Content-Type: application/json
14:06:09.312 [Test worker] DEBUG org.apache.http.headers -- >> Content-Length: 56
14:06:09.312 [Test worker] DEBUG org.apache.http.headers -- >> Host: demoqa.com
14:06:09.312 [Test worker] DEBUG org.apache.http.headers -- >> Connection: Keep-Alive
14:06:09.312 [Test worker] DEBUG org.apache.http.headers -- >> User-Agent: Apache-HttpClient/4.5.13 (Java/11.0.20)
14:06:09.312 [Test worker] DEBUG org.apache.http.headers -- >> Accept-Encoding: gzip,deflate
14:06:09.312 [Test worker] DEBUG org.apache.http.wire --  >> "{"userName":"leana.schamberger","password":"123Ron321&"}"
14:06:09.499 [Test worker] DEBUG org.apache.http.wire --  << "HTTP/1.1 201 Created[\r][\n]"
14:06:09.499 [Test worker] DEBUG org.apache.http.wire --  << "Server: nginx/1.17.10 (Ubuntu)[\r][\n]"
14:06:09.499 [Test worker] DEBUG org.apache.http.wire --  << "Date: Wed, 13 Dec 2023 13:06:10 GMT[\r][\n]"
14:06:09.499 [Test worker] DEBUG org.apache.http.wire --  << "Content-Type: application/json; charset=utf-8[\r][\n]"
14:06:09.499 [Test worker] DEBUG org.apache.http.wire --  << "Content-Length: 91[\r][\n]"
14:06:09.499 [Test worker] DEBUG org.apache.http.wire --  << "Connection: keep-alive[\r][\n]"
14:06:09.499 [Test worker] DEBUG org.apache.http.wire --  << "X-Powered-By: Express[\r][\n]"
14:06:09.499 [Test worker] DEBUG org.apache.http.wire --  << "ETag: W/"5b-drOwIYjNr3SVb6JqbRAF6DKvuhY"[\r][\n]"
14:06:09.499 [Test worker] DEBUG org.apache.http.wire --  << "[\r][\n]"
14:06:09.499 [Test worker] DEBUG org.apache.http.impl.conn.DefaultClientConnection -- Receiving response: HTTP/1.1 201 Created
14:06:09.499 [Test worker] DEBUG org.apache.http.headers -- << HTTP/1.1 201 Created
14:06:09.499 [Test worker] DEBUG org.apache.http.headers -- << Server: nginx/1.17.10 (Ubuntu)
14:06:09.499 [Test worker] DEBUG org.apache.http.headers -- << Date: Wed, 13 Dec 2023 13:06:10 GMT
14:06:09.499 [Test worker] DEBUG org.apache.http.headers -- << Content-Type: application/json; charset=utf-8
14:06:09.499 [Test worker] DEBUG org.apache.http.headers -- << Content-Length: 91
14:06:09.499 [Test worker] DEBUG org.apache.http.headers -- << Connection: keep-alive
14:06:09.499 [Test worker] DEBUG org.apache.http.headers -- << X-Powered-By: Express
14:06:09.499 [Test worker] DEBUG org.apache.http.headers -- << ETag: W/"5b-drOwIYjNr3SVb6JqbRAF6DKvuhY"
14:06:09.499 [Test worker] DEBUG org.apache.http.impl.client.DefaultHttpClient -- Connection can be kept alive indefinitely
14:06:09.499 [Test worker] DEBUG io.restassured.internal.RestAssuredHttpBuilder -- Parsing response as: application/json; charset=utf-8
14:06:09.499 [Test worker] DEBUG io.restassured.internal.RestAssuredHttpBuilder -- Parsed data to instance of: class org.apache.http.conn.EofSensorInputStream
14:06:09.500 [Test worker] DEBUG org.apache.http.wire --  << "{"userID":"bd9f2e22-d4b1-4292-85b6-f42f6192258b","username":"leana.schamberger","books":[]}"
14:06:09.500 [Test worker] DEBUG org.apache.http.impl.conn.BasicClientConnectionManager -- Releasing connection org.apache.http.impl.conn.ManagedClientConnectionImpl@2d18ed78
14:06:09.500 [Test worker] DEBUG org.apache.http.impl.conn.BasicClientConnectionManager -- Connection can be kept alive indefinitely
HTTP/1.1 201 Created
Server: nginx/1.17.10 (Ubuntu)
Date: Wed, 13 Dec 2023 13:06:10 GMT
Content-Type: application/json; charset=utf-8
Content-Length: 91
Connection: keep-alive
X-Powered-By: Express
ETag: W/"5b-drOwIYjNr3SVb6JqbRAF6DKvuhY"

{
    "userID": "bd9f2e22-d4b1-4292-85b6-f42f6192258b",
    "username": "leana.schamberger",
    "books": [
        
    ]
}
Request method:	POST
Request URI:	https://demoqa.com/Account/v1/GenerateToken
Proxy:			<none>
Request params:	<none>
Query params:	<none>
Form params:	<none>
Path params:	<none>
Headers:		Accept=*/*
				Content-Type=application/json
Cookies:		<none>
Multiparts:		<none>
Body:
{
    "userName": "leana.schamberger",
    "password": "123Ron321&"
}
14:06:09.515 [Test worker] DEBUG org.apache.http.impl.conn.BasicClientConnectionManager -- Get connection for route {s}->https://demoqa.com:443
14:06:09.515 [Test worker] DEBUG org.apache.http.impl.conn.DefaultClientConnectionOperator -- Connecting to demoqa.com:443
14:06:09.588 [Test worker] DEBUG org.apache.http.client.protocol.RequestAddCookies -- CookieSpec selected: ignoreCookies
14:06:09.588 [Test worker] DEBUG org.apache.http.client.protocol.RequestAuthCache -- Auth cache not set in the context
14:06:09.588 [Test worker] DEBUG org.apache.http.client.protocol.RequestTargetAuthentication -- Target auth state: UNCHALLENGED
14:06:09.589 [Test worker] DEBUG org.apache.http.client.protocol.RequestProxyAuthentication -- Proxy auth state: UNCHALLENGED
14:06:09.589 [Test worker] DEBUG org.apache.http.impl.client.DefaultHttpClient -- Attempt 1 to execute request
14:06:09.589 [Test worker] DEBUG org.apache.http.impl.conn.DefaultClientConnection -- Sending request: POST /Account/v1/GenerateToken HTTP/1.1
14:06:09.589 [Test worker] DEBUG org.apache.http.wire --  >> "POST /Account/v1/GenerateToken HTTP/1.1[\r][\n]"
14:06:09.589 [Test worker] DEBUG org.apache.http.wire --  >> "Accept: */*[\r][\n]"
14:06:09.589 [Test worker] DEBUG org.apache.http.wire --  >> "Content-Type: application/json[\r][\n]"
14:06:09.589 [Test worker] DEBUG org.apache.http.wire --  >> "Content-Length: 56[\r][\n]"
14:06:09.589 [Test worker] DEBUG org.apache.http.wire --  >> "Host: demoqa.com[\r][\n]"
14:06:09.589 [Test worker] DEBUG org.apache.http.wire --  >> "Connection: Keep-Alive[\r][\n]"
14:06:09.589 [Test worker] DEBUG org.apache.http.wire --  >> "User-Agent: Apache-HttpClient/4.5.13 (Java/11.0.20)[\r][\n]"
14:06:09.589 [Test worker] DEBUG org.apache.http.wire --  >> "Accept-Encoding: gzip,deflate[\r][\n]"
14:06:09.589 [Test worker] DEBUG org.apache.http.wire --  >> "[\r][\n]"
14:06:09.589 [Test worker] DEBUG org.apache.http.headers -- >> POST /Account/v1/GenerateToken HTTP/1.1
14:06:09.589 [Test worker] DEBUG org.apache.http.headers -- >> Accept: */*
14:06:09.589 [Test worker] DEBUG org.apache.http.headers -- >> Content-Type: application/json
14:06:09.589 [Test worker] DEBUG org.apache.http.headers -- >> Content-Length: 56
14:06:09.589 [Test worker] DEBUG org.apache.http.headers -- >> Host: demoqa.com
14:06:09.589 [Test worker] DEBUG org.apache.http.headers -- >> Connection: Keep-Alive
14:06:09.589 [Test worker] DEBUG org.apache.http.headers -- >> User-Agent: Apache-HttpClient/4.5.13 (Java/11.0.20)
14:06:09.589 [Test worker] DEBUG org.apache.http.headers -- >> Accept-Encoding: gzip,deflate
14:06:09.589 [Test worker] DEBUG org.apache.http.wire --  >> "{"userName":"leana.schamberger","password":"123Ron321&"}"
14:06:09.912 [Test worker] DEBUG org.apache.http.wire --  << "HTTP/1.1 200 OK[\r][\n]"
14:06:09.913 [Test worker] DEBUG org.apache.http.wire --  << "Server: nginx/1.17.10 (Ubuntu)[\r][\n]"
14:06:09.913 [Test worker] DEBUG org.apache.http.wire --  << "Date: Wed, 13 Dec 2023 13:06:11 GMT[\r][\n]"
14:06:09.913 [Test worker] DEBUG org.apache.http.wire --  << "Content-Type: application/json; charset=utf-8[\r][\n]"
14:06:09.913 [Test worker] DEBUG org.apache.http.wire --  << "Content-Length: 288[\r][\n]"
14:06:09.913 [Test worker] DEBUG org.apache.http.wire --  << "Connection: keep-alive[\r][\n]"
14:06:09.913 [Test worker] DEBUG org.apache.http.wire --  << "X-Powered-By: Express[\r][\n]"
14:06:09.913 [Test worker] DEBUG org.apache.http.wire --  << "ETag: W/"120-7FGgNVgpYHoYWsffVo4Loi3CxHY"[\r][\n]"
14:06:09.913 [Test worker] DEBUG org.apache.http.wire --  << "[\r][\n]"
14:06:09.913 [Test worker] DEBUG org.apache.http.impl.conn.DefaultClientConnection -- Receiving response: HTTP/1.1 200 OK
14:06:09.913 [Test worker] DEBUG org.apache.http.headers -- << HTTP/1.1 200 OK
14:06:09.913 [Test worker] DEBUG org.apache.http.headers -- << Server: nginx/1.17.10 (Ubuntu)
14:06:09.913 [Test worker] DEBUG org.apache.http.headers -- << Date: Wed, 13 Dec 2023 13:06:11 GMT
14:06:09.913 [Test worker] DEBUG org.apache.http.headers -- << Content-Type: application/json; charset=utf-8
14:06:09.913 [Test worker] DEBUG org.apache.http.headers -- << Content-Length: 288
14:06:09.913 [Test worker] DEBUG org.apache.http.headers -- << Connection: keep-alive
14:06:09.913 [Test worker] DEBUG org.apache.http.headers -- << X-Powered-By: Express
14:06:09.913 [Test worker] DEBUG org.apache.http.headers -- << ETag: W/"120-7FGgNVgpYHoYWsffVo4Loi3CxHY"
14:06:09.913 [Test worker] DEBUG org.apache.http.impl.client.DefaultHttpClient -- Connection can be kept alive indefinitely
14:06:09.913 [Test worker] DEBUG io.restassured.internal.RestAssuredHttpBuilder -- Parsing response as: application/json; charset=utf-8
14:06:09.913 [Test worker] DEBUG io.restassured.internal.RestAssuredHttpBuilder -- Parsed data to instance of: class org.apache.http.conn.EofSensorInputStream
14:06:09.913 [Test worker] DEBUG org.apache.http.wire --  << "{"token":"eyJhbGciOiJIUzI1NiIsInR5cCI6IkpXVCJ9.eyJ1c2VyTmFtZSI6ImxlYW5hLnNjaGFtYmVyZ2VyIiwicGFzc3dvcmQiOiIxMjNSb24zMjEmIiwiaWF0IjoxNzAyNDcyNzcwfQ.33ERmrR_cIAVfHa88I1quIy8cH0WHgXWl0nY2C2513A","expires":"2023-12-20T13:06:10.888Z","status":"Success","result":"User authorized successfully."}"
14:06:09.913 [Test worker] DEBUG org.apache.http.impl.conn.BasicClientConnectionManager -- Releasing connection org.apache.http.impl.conn.ManagedClientConnectionImpl@336a7a2f
14:06:09.913 [Test worker] DEBUG org.apache.http.impl.conn.BasicClientConnectionManager -- Connection can be kept alive indefinitely
HTTP/1.1 200 OK
Server: nginx/1.17.10 (Ubuntu)
Date: Wed, 13 Dec 2023 13:06:11 GMT
Content-Type: application/json; charset=utf-8
Content-Length: 288
Connection: keep-alive
X-Powered-By: Express
ETag: W/"120-7FGgNVgpYHoYWsffVo4Loi3CxHY"

{
    "token": "eyJhbGciOiJIUzI1NiIsInR5cCI6IkpXVCJ9.eyJ1c2VyTmFtZSI6ImxlYW5hLnNjaGFtYmVyZ2VyIiwicGFzc3dvcmQiOiIxMjNSb24zMjEmIiwiaWF0IjoxNzAyNDcyNzcwfQ.33ERmrR_cIAVfHa88I1quIy8cH0WHgXWl0nY2C2513A",
    "expires": "2023-12-20T13:06:10.888Z",
    "status": "Success",
    "result": "User authorized successfully."
}
Request method:	GET
Request URI:	https://demoqa.com/BookStore/v1/Books
Proxy:			<none>
Request params:	<none>
Query params:	<none>
Form params:	<none>
Path params:	<none>
Headers:		Accept=*/*
				Content-Type=application/json
Cookies:		<none>
Multiparts:		<none>
Body:			<none>
14:06:09.927 [Test worker] DEBUG org.apache.http.impl.conn.BasicClientConnectionManager -- Get connection for route {s}->https://demoqa.com:443
14:06:09.927 [Test worker] DEBUG org.apache.http.impl.conn.DefaultClientConnectionOperator -- Connecting to demoqa.com:443
14:06:10.062 [Test worker] DEBUG org.apache.http.client.protocol.RequestAddCookies -- CookieSpec selected: ignoreCookies
14:06:10.062 [Test worker] DEBUG org.apache.http.client.protocol.RequestAuthCache -- Auth cache not set in the context
14:06:10.062 [Test worker] DEBUG org.apache.http.client.protocol.RequestTargetAuthentication -- Target auth state: UNCHALLENGED
14:06:10.062 [Test worker] DEBUG org.apache.http.client.protocol.RequestProxyAuthentication -- Proxy auth state: UNCHALLENGED
14:06:10.062 [Test worker] DEBUG org.apache.http.impl.client.DefaultHttpClient -- Attempt 1 to execute request
14:06:10.062 [Test worker] DEBUG org.apache.http.impl.conn.DefaultClientConnection -- Sending request: GET /BookStore/v1/Books HTTP/1.1
14:06:10.062 [Test worker] DEBUG org.apache.http.wire --  >> "GET /BookStore/v1/Books HTTP/1.1[\r][\n]"
14:06:10.062 [Test worker] DEBUG org.apache.http.wire --  >> "Content-Type: application/json[\r][\n]"
14:06:10.062 [Test worker] DEBUG org.apache.http.wire --  >> "Accept: */*[\r][\n]"
14:06:10.062 [Test worker] DEBUG org.apache.http.wire --  >> "Host: demoqa.com[\r][\n]"
14:06:10.062 [Test worker] DEBUG org.apache.http.wire --  >> "Connection: Keep-Alive[\r][\n]"
14:06:10.062 [Test worker] DEBUG org.apache.http.wire --  >> "User-Agent: Apache-HttpClient/4.5.13 (Java/11.0.20)[\r][\n]"
14:06:10.062 [Test worker] DEBUG org.apache.http.wire --  >> "Accept-Encoding: gzip,deflate[\r][\n]"
14:06:10.062 [Test worker] DEBUG org.apache.http.wire --  >> "[\r][\n]"
14:06:10.062 [Test worker] DEBUG org.apache.http.headers -- >> GET /BookStore/v1/Books HTTP/1.1
14:06:10.062 [Test worker] DEBUG org.apache.http.headers -- >> Content-Type: application/json
14:06:10.062 [Test worker] DEBUG org.apache.http.headers -- >> Accept: */*
14:06:10.062 [Test worker] DEBUG org.apache.http.headers -- >> Host: demoqa.com
14:06:10.062 [Test worker] DEBUG org.apache.http.headers -- >> Connection: Keep-Alive
14:06:10.062 [Test worker] DEBUG org.apache.http.headers -- >> User-Agent: Apache-HttpClient/4.5.13 (Java/11.0.20)
14:06:10.062 [Test worker] DEBUG org.apache.http.headers -- >> Accept-Encoding: gzip,deflate
14:06:10.944 [Test worker] DEBUG org.apache.http.wire --  << "HTTP/1.1 200 OK[\r][\n]"
14:06:10.944 [Test worker] DEBUG org.apache.http.wire --  << "Server: nginx/1.17.10 (Ubuntu)[\r][\n]"
14:06:10.944 [Test worker] DEBUG org.apache.http.wire --  << "Date: Wed, 13 Dec 2023 13:06:11 GMT[\r][\n]"
14:06:10.944 [Test worker] DEBUG org.apache.http.wire --  << "Content-Type: application/json; charset=utf-8[\r][\n]"
14:06:10.944 [Test worker] DEBUG org.apache.http.wire --  << "Content-Length: 4514[\r][\n]"
14:06:10.944 [Test worker] DEBUG org.apache.http.wire --  << "Connection: keep-alive[\r][\n]"
14:06:10.944 [Test worker] DEBUG org.apache.http.wire --  << "X-Powered-By: Express[\r][\n]"
14:06:10.944 [Test worker] DEBUG org.apache.http.wire --  << "ETag: W/"11a2-8zfX++QwcgaCjSU6F8JP9fUd1tY"[\r][\n]"
14:06:10.944 [Test worker] DEBUG org.apache.http.wire --  << "[\r][\n]"
14:06:10.944 [Test worker] DEBUG org.apache.http.impl.conn.DefaultClientConnection -- Receiving response: HTTP/1.1 200 OK
14:06:10.944 [Test worker] DEBUG org.apache.http.headers -- << HTTP/1.1 200 OK
14:06:10.944 [Test worker] DEBUG org.apache.http.headers -- << Server: nginx/1.17.10 (Ubuntu)
14:06:10.944 [Test worker] DEBUG org.apache.http.headers -- << Date: Wed, 13 Dec 2023 13:06:11 GMT
14:06:10.944 [Test worker] DEBUG org.apache.http.headers -- << Content-Type: application/json; charset=utf-8
14:06:10.944 [Test worker] DEBUG org.apache.http.headers -- << Content-Length: 4514
14:06:10.944 [Test worker] DEBUG org.apache.http.headers -- << Connection: keep-alive
14:06:10.944 [Test worker] DEBUG org.apache.http.headers -- << X-Powered-By: Express
14:06:10.944 [Test worker] DEBUG org.apache.http.headers -- << ETag: W/"11a2-8zfX++QwcgaCjSU6F8JP9fUd1tY"
14:06:10.944 [Test worker] DEBUG org.apache.http.impl.client.DefaultHttpClient -- Connection can be kept alive indefinitely
14:06:10.944 [Test worker] DEBUG io.restassured.internal.RestAssuredHttpBuilder -- Parsing response as: application/json; charset=utf-8
14:06:10.944 [Test worker] DEBUG io.restassured.internal.RestAssuredHttpBuilder -- Parsed data to instance of: class org.apache.http.conn.EofSensorInputStream
14:06:10.945 [Test worker] DEBUG org.apache.http.wire --  << "{"books":[{"isbn":"9781449325862","title":"Git Pocket Guide","subTitle":"A Working Introduction","author":"Richard E. Silverman","publish_date":"2020-06-04T08:48:39.000Z","publisher":"O'Reilly Media","pages":234,"description":"This pocket guide is the perfect on-the-job companion to Git, the distributed version control system. It provides a compact, readable introduction to Git for new users, as well as a reference to common commands and procedures for those of you with Git exp","website":"http://chimera.labs.oreilly.com/books/1230000000561/index.html"},{"isbn":"9781449331818","title":"Learning JavaScript Design Patterns","subTitle":"A JavaScript and jQuery Developer's Guide","author":"Addy Osmani","publish_date":"2020-06-04T09:11:40.000Z","publisher":"O'Reilly Media","pages":254,"description":"With Learning JavaScript Design Patterns, you'll learn how to write beautiful, structured, and maintainable JavaScript by applying classical and modern design patterns to the language. If you want to keep your code efficient, more manageable, and up-to-da","website":"http://www.addyosmani.com/resources/essentialjsdesignpatterns/book/"},{"isbn":"9781449337711","title":"Designing Evolvable Web APIs with ASP.NET","subTitle":"Harnessing the Power of the Web","author":"Glenn Block et al.","publish_date":"2020-06-04T09:12:43.000Z","publisher":"O'Reilly Media","pages":238,"description":"Design and build Web APIs for a broad range of clients[0xe2][0x80][0x94]including browsers and mobile devices[0xe2][0x80][0x94]that can adapt to change over time. This practical, hands-on guide takes you through the theory and tools you need to build evolvable HTTP services with Microsoft","website":"http://chimera.labs.oreilly.com/books/1234000001708/index.html"},{"isbn":"9781449365035","title":"Speaking JavaScript","subTitle":"An In-Depth Guide for Programmers","author":"Axel Rauschmayer","publish_date":"2014-02-01T00:00:00.000Z","publisher":"O'Reilly Media","pages":460,"description":"Like it or not, JavaScript is everywhere these days-from browser to server to mobile-and now you, too, need to learn the language or dive deeper than you have. This concise book guides you into and through JavaScript, written by a veteran programmer who o","website":"http://speakingjs.com/"},{"isbn":"9781491904244","title":"You Don't Know JS","subTitle":"ES6 & Beyond","author":"Kyle Simpson","publish_date":"2015-12-27T00:00:00.000Z","publisher":"O'Reilly Media","pages":278,"description":"No matter how much experience you have with JavaScript, odds are you don[0xe2][0x80][0x99]t fully understand the language. As part of the \\\"You Don[0xe2][0x80][0x99]t Know JS\\\" series, this compact guide focuses on new features available in ECMAScript 6 (ES6), the latest version of the st","website":"https://github.com/getify/You-Dont-Know-JS/tree/master/es6%20&%20beyond"},{"isbn":"9781491950296","title":"Programming JavaScript Applications","subTitle":"Robust Web Architecture with Node, HTML5, and Modern JS Libraries","author":"Eric Elliott","publish_date":"2014-07-01T00:00:00.000Z","publisher":"O'Reilly Media","pages":254,"description":"Take advantage of JavaScript's power to build robust web-scale or enterprise applications that are easy to extend and maintain. By applying the design patterns outlined in this practical book, experienced JavaScript developers will learn how to write flex","website":"http://chimera.labs.oreilly.com/books/1234000000262/index.html"},{"isbn":"9781593275846","title":"Eloquent JavaScript, Second Edition","subTitle":"A Modern Introduction to Programming","author":"Marijn Haverbeke","publish_date":"2014-12-14T00:00:00.000Z","publisher":"No Starch Press","pages":472,"description":"JavaScript lies at the heart of almost every modern web application, from social apps to the newest browser-based games. Though simple for beginners to pick up and play with, JavaScript is a flexible, complex language that you can use to build full-scale ","website":"http://eloquentjavascript.net/"},{"isbn":"9781593277574","title":"Understanding ECMAScript 6","subTitle":"The Definitive Guide for JavaScript Developers","author":"Nicholas C. Zakas","publish_date":"2016-09-03T00:00:00.000Z","publisher":"No Starch Press","pages":352,"description":"ECMAScript 6 represents the biggest update to the core of JavaScript in the history of the language. In Understanding ECMAScript 6, expert developer Nicholas C. Zakas provides a complete guide to the object types, syntax, and other exciting changes that E","website":"https://leanpub.com/understandinges6/read"}]}"
14:06:10.945 [Test worker] DEBUG org.apache.http.impl.conn.BasicClientConnectionManager -- Releasing connection org.apache.http.impl.conn.ManagedClientConnectionImpl@79312bfe
14:06:10.945 [Test worker] DEBUG org.apache.http.impl.conn.BasicClientConnectionManager -- Connection can be kept alive indefinitely
HTTP/1.1 200 OK
Server: nginx/1.17.10 (Ubuntu)
Date: Wed, 13 Dec 2023 13:06:11 GMT
Content-Type: application/json; charset=utf-8
Content-Length: 4514
Connection: keep-alive
X-Powered-By: Express
ETag: W/"11a2-8zfX++QwcgaCjSU6F8JP9fUd1tY"

{
    "books": [
        {
            "isbn": "9781449325862",
            "title": "Git Pocket Guide",
            "subTitle": "A Working Introduction",
            "author": "Richard E. Silverman",
            "publish_date": "2020-06-04T08:48:39.000Z",
            "publisher": "O'Reilly Media",
            "pages": 234,
            "description": "This pocket guide is the perfect on-the-job companion to Git, the distributed version control system. It provides a compact, readable introduction to Git for new users, as well as a reference to common commands and procedures for those of you with Git exp",
            "website": "http://chimera.labs.oreilly.com/books/1230000000561/index.html"
        },
        {
            "isbn": "9781449331818",
            "title": "Learning JavaScript Design Patterns",
            "subTitle": "A JavaScript and jQuery Developer's Guide",
            "author": "Addy Osmani",
            "publish_date": "2020-06-04T09:11:40.000Z",
            "publisher": "O'Reilly Media",
            "pages": 254,
            "description": "With Learning JavaScript Design Patterns, you'll learn how to write beautiful, structured, and maintainable JavaScript by applying classical and modern design patterns to the language. If you want to keep your code efficient, more manageable, and up-to-da",
            "website": "http://www.addyosmani.com/resources/essentialjsdesignpatterns/book/"
        },
        {
            "isbn": "9781449337711",
            "title": "Designing Evolvable Web APIs with ASP.NET",
            "subTitle": "Harnessing the Power of the Web",
            "author": "Glenn Block et al.",
            "publish_date": "2020-06-04T09:12:43.000Z",
            "publisher": "O'Reilly Media",
            "pages": 238,
            "description": "Design and build Web APIs for a broad range of clients—including browsers and mobile devices—that can adapt to change over time. This practical, hands-on guide takes you through the theory and tools you need to build evolvable HTTP services with Microsoft",
            "website": "http://chimera.labs.oreilly.com/books/1234000001708/index.html"
        },
        {
            "isbn": "9781449365035",
            "title": "Speaking JavaScript",
            "subTitle": "An In-Depth Guide for Programmers",
            "author": "Axel Rauschmayer",
            "publish_date": "2014-02-01T00:00:00.000Z",
            "publisher": "O'Reilly Media",
            "pages": 460,
            "description": "Like it or not, JavaScript is everywhere these days-from browser to server to mobile-and now you, too, need to learn the language or dive deeper than you have. This concise book guides you into and through JavaScript, written by a veteran programmer who o",
            "website": "http://speakingjs.com/"
        },
        {
            "isbn": "9781491904244",
            "title": "You Don't Know JS",
            "subTitle": "ES6 & Beyond",
            "author": "Kyle Simpson",
            "publish_date": "2015-12-27T00:00:00.000Z",
            "publisher": "O'Reilly Media",
            "pages": 278,
            "description": "No matter how much experience you have with JavaScript, odds are you don’t fully understand the language. As part of the \\\"You Don’t Know JS\\\" series, this compact guide focuses on new features available in ECMAScript 6 (ES6), the latest version of the st",
            "website": "https://github.com/getify/You-Dont-Know-JS/tree/master/es6%20&%20beyond"
        },
        {
            "isbn": "9781491950296",
            "title": "Programming JavaScript Applications",
            "subTitle": "Robust Web Architecture with Node, HTML5, and Modern JS Libraries",
            "author": "Eric Elliott",
            "publish_date": "2014-07-01T00:00:00.000Z",
            "publisher": "O'Reilly Media",
            "pages": 254,
            "description": "Take advantage of JavaScript's power to build robust web-scale or enterprise applications that are easy to extend and maintain. By applying the design patterns outlined in this practical book, experienced JavaScript developers will learn how to write flex",
            "website": "http://chimera.labs.oreilly.com/books/1234000000262/index.html"
        },
        {
            "isbn": "9781593275846",
            "title": "Eloquent JavaScript, Second Edition",
            "subTitle": "A Modern Introduction to Programming",
            "author": "Marijn Haverbeke",
            "publish_date": "2014-12-14T00:00:00.000Z",
            "publisher": "No Starch Press",
            "pages": 472,
            "description": "JavaScript lies at the heart of almost every modern web application, from social apps to the newest browser-based games. Though simple for beginners to pick up and play with, JavaScript is a flexible, complex language that you can use to build full-scale ",
            "website": "http://eloquentjavascript.net/"
        },
        {
            "isbn": "9781593277574",
            "title": "Understanding ECMAScript 6",
            "subTitle": "The Definitive Guide for JavaScript Developers",
            "author": "Nicholas C. Zakas",
            "publish_date": "2016-09-03T00:00:00.000Z",
            "publisher": "No Starch Press",
            "pages": 352,
            "description": "ECMAScript 6 represents the biggest update to the core of JavaScript in the history of the language. In Understanding ECMAScript 6, expert developer Nicholas C. Zakas provides a complete guide to the object types, syntax, and other exciting changes that E",
            "website": "https://leanpub.com/understandinges6/read"
        }
    ]
}
Request method:	POST
Request URI:	https://demoqa.com/BookStore/v1/Books
Proxy:			<none>
Request params:	<none>
Query params:	<none>
Form params:	<none>
Path params:	<none>
Headers:		Authorization=Bearer eyJhbGciOiJIUzI1NiIsInR5cCI6IkpXVCJ9.eyJ1c2VyTmFtZSI6ImxlYW5hLnNjaGFtYmVyZ2VyIiwicGFzc3dvcmQiOiIxMjNSb24zMjEmIiwiaWF0IjoxNzAyNDcyNzcwfQ.33ERmrR_cIAVfHa88I1quIy8cH0WHgXWl0nY2C2513A
				Accept=*/*
				Content-Type=application/json
Cookies:		<none>
Multiparts:		<none>
Body:
{
    "userId": "bd9f2e22-d4b1-4292-85b6-f42f6192258b",
    "collectionOfIsbns": [
        {
            "isbn": "9781449325862"
        },
        {
            "isbn": "9781449331818"
        },
        {
            "isbn": "9781449337711"
        },
        {
            "isbn": "9781449365035"
        },
        {
            "isbn": "9781491904244"
        },
        {
            "isbn": "9781491950296"
        }
    ]
}
14:06:10.975 [Test worker] DEBUG org.apache.http.impl.conn.BasicClientConnectionManager -- Get connection for route {s}->https://demoqa.com:443
14:06:10.975 [Test worker] DEBUG org.apache.http.impl.conn.DefaultClientConnectionOperator -- Connecting to demoqa.com:443
14:06:11.030 [Test worker] DEBUG org.apache.http.client.protocol.RequestAddCookies -- CookieSpec selected: ignoreCookies
14:06:11.030 [Test worker] DEBUG org.apache.http.client.protocol.RequestAuthCache -- Auth cache not set in the context
14:06:11.030 [Test worker] DEBUG org.apache.http.client.protocol.RequestProxyAuthentication -- Proxy auth state: UNCHALLENGED
14:06:11.030 [Test worker] DEBUG org.apache.http.impl.client.DefaultHttpClient -- Attempt 1 to execute request
14:06:11.030 [Test worker] DEBUG org.apache.http.impl.conn.DefaultClientConnection -- Sending request: POST /BookStore/v1/Books HTTP/1.1
14:06:11.030 [Test worker] DEBUG org.apache.http.wire --  >> "POST /BookStore/v1/Books HTTP/1.1[\r][\n]"
14:06:11.030 [Test worker] DEBUG org.apache.http.wire --  >> "Authorization: Bearer eyJhbGciOiJIUzI1NiIsInR5cCI6IkpXVCJ9.eyJ1c2VyTmFtZSI6ImxlYW5hLnNjaGFtYmVyZ2VyIiwicGFzc3dvcmQiOiIxMjNSb24zMjEmIiwiaWF0IjoxNzAyNDcyNzcwfQ.33ERmrR_cIAVfHa88I1quIy8cH0WHgXWl0nY2C2513A[\r][\n]"
14:06:11.030 [Test worker] DEBUG org.apache.http.wire --  >> "Accept: */*[\r][\n]"
14:06:11.030 [Test worker] DEBUG org.apache.http.wire --  >> "Content-Type: application/json[\r][\n]"
14:06:11.030 [Test worker] DEBUG org.apache.http.wire --  >> "Content-Length: 221[\r][\n]"
14:06:11.030 [Test worker] DEBUG org.apache.http.wire --  >> "Host: demoqa.com[\r][\n]"
14:06:11.030 [Test worker] DEBUG org.apache.http.wire --  >> "Connection: Keep-Alive[\r][\n]"
14:06:11.030 [Test worker] DEBUG org.apache.http.wire --  >> "User-Agent: Apache-HttpClient/4.5.13 (Java/11.0.20)[\r][\n]"
14:06:11.030 [Test worker] DEBUG org.apache.http.wire --  >> "Accept-Encoding: gzip,deflate[\r][\n]"
14:06:11.030 [Test worker] DEBUG org.apache.http.wire --  >> "[\r][\n]"
14:06:11.030 [Test worker] DEBUG org.apache.http.headers -- >> POST /BookStore/v1/Books HTTP/1.1
14:06:11.030 [Test worker] DEBUG org.apache.http.headers -- >> Authorization: Bearer eyJhbGciOiJIUzI1NiIsInR5cCI6IkpXVCJ9.eyJ1c2VyTmFtZSI6ImxlYW5hLnNjaGFtYmVyZ2VyIiwicGFzc3dvcmQiOiIxMjNSb24zMjEmIiwiaWF0IjoxNzAyNDcyNzcwfQ.33ERmrR_cIAVfHa88I1quIy8cH0WHgXWl0nY2C2513A
14:06:11.030 [Test worker] DEBUG org.apache.http.headers -- >> Accept: */*
14:06:11.030 [Test worker] DEBUG org.apache.http.headers -- >> Content-Type: application/json
14:06:11.030 [Test worker] DEBUG org.apache.http.headers -- >> Content-Length: 221
14:06:11.030 [Test worker] DEBUG org.apache.http.headers -- >> Host: demoqa.com
14:06:11.030 [Test worker] DEBUG org.apache.http.headers -- >> Connection: Keep-Alive
14:06:11.030 [Test worker] DEBUG org.apache.http.headers -- >> User-Agent: Apache-HttpClient/4.5.13 (Java/11.0.20)
14:06:11.030 [Test worker] DEBUG org.apache.http.headers -- >> Accept-Encoding: gzip,deflate
14:06:11.030 [Test worker] DEBUG org.apache.http.wire --  >> "{"userId":"bd9f2e22-d4b1-4292-85b6-f42f6192258b","collectionOfIsbns":[{"isbn":"9781449325862"},{"isbn":"9781449331818"},{"isbn":"9781449337711"},{"isbn":"9781449365035"},{"isbn":"9781491904244"},{"isbn":"9781491950296"}]}"
14:06:11.592 [Test worker] DEBUG org.apache.http.wire --  << "HTTP/1.1 201 Created[\r][\n]"
14:06:11.592 [Test worker] DEBUG org.apache.http.wire --  << "Server: nginx/1.17.10 (Ubuntu)[\r][\n]"
14:06:11.592 [Test worker] DEBUG org.apache.http.wire --  << "Date: Wed, 13 Dec 2023 13:06:12 GMT[\r][\n]"
14:06:11.592 [Test worker] DEBUG org.apache.http.wire --  << "Content-Type: application/json; charset=utf-8[\r][\n]"
14:06:11.592 [Test worker] DEBUG org.apache.http.wire --  << "Content-Length: 161[\r][\n]"
14:06:11.592 [Test worker] DEBUG org.apache.http.wire --  << "Connection: keep-alive[\r][\n]"
14:06:11.592 [Test worker] DEBUG org.apache.http.wire --  << "X-Powered-By: Express[\r][\n]"
14:06:11.592 [Test worker] DEBUG org.apache.http.wire --  << "ETag: W/"a1-XMsZ5dLxDfuj7yADwdLwIqQjZ2Q"[\r][\n]"
14:06:11.592 [Test worker] DEBUG org.apache.http.wire --  << "[\r][\n]"
14:06:11.592 [Test worker] DEBUG org.apache.http.impl.conn.DefaultClientConnection -- Receiving response: HTTP/1.1 201 Created
14:06:11.592 [Test worker] DEBUG org.apache.http.headers -- << HTTP/1.1 201 Created
14:06:11.592 [Test worker] DEBUG org.apache.http.headers -- << Server: nginx/1.17.10 (Ubuntu)
14:06:11.592 [Test worker] DEBUG org.apache.http.headers -- << Date: Wed, 13 Dec 2023 13:06:12 GMT
14:06:11.592 [Test worker] DEBUG org.apache.http.headers -- << Content-Type: application/json; charset=utf-8
14:06:11.592 [Test worker] DEBUG org.apache.http.headers -- << Content-Length: 161
14:06:11.592 [Test worker] DEBUG org.apache.http.headers -- << Connection: keep-alive
14:06:11.592 [Test worker] DEBUG org.apache.http.headers -- << X-Powered-By: Express
14:06:11.592 [Test worker] DEBUG org.apache.http.headers -- << ETag: W/"a1-XMsZ5dLxDfuj7yADwdLwIqQjZ2Q"
14:06:11.592 [Test worker] DEBUG org.apache.http.impl.client.DefaultHttpClient -- Connection can be kept alive indefinitely
14:06:11.592 [Test worker] DEBUG io.restassured.internal.RestAssuredHttpBuilder -- Parsing response as: application/json; charset=utf-8
14:06:11.592 [Test worker] DEBUG io.restassured.internal.RestAssuredHttpBuilder -- Parsed data to instance of: class org.apache.http.conn.EofSensorInputStream
14:06:11.593 [Test worker] DEBUG org.apache.http.wire --  << "{"books":[{"isbn":"9781449325862"},{"isbn":"9781449331818"},{"isbn":"9781449337711"},{"isbn":"9781449365035"},{"isbn":"9781491904244"},{"isbn":"9781491950296"}]}"
14:06:11.593 [Test worker] DEBUG org.apache.http.impl.conn.BasicClientConnectionManager -- Releasing connection org.apache.http.impl.conn.ManagedClientConnectionImpl@465689d6
14:06:11.593 [Test worker] DEBUG org.apache.http.impl.conn.BasicClientConnectionManager -- Connection can be kept alive indefinitely
HTTP/1.1 201 Created
Server: nginx/1.17.10 (Ubuntu)
Date: Wed, 13 Dec 2023 13:06:12 GMT
Content-Type: application/json; charset=utf-8
Content-Length: 161
Connection: keep-alive
X-Powered-By: Express
ETag: W/"a1-XMsZ5dLxDfuj7yADwdLwIqQjZ2Q"

{
    "books": [
        {
            "isbn": "9781449325862"
        },
        {
            "isbn": "9781449331818"
        },
        {
            "isbn": "9781449337711"
        },
        {
            "isbn": "9781449365035"
        },
        {
            "isbn": "9781491904244"
        },
        {
            "isbn": "9781491950296"
        }
    ]
}
Request method:	GET
Request URI:	https://demoqa.com/BookStore/v1/Books
Proxy:			<none>
Request params:	<none>
Query params:	<none>
Form params:	<none>
Path params:	<none>
Headers:		Accept=*/*
				Content-Type=application/json
Cookies:		<none>
Multiparts:		<none>
Body:			<none>
14:06:11.615 [Test worker] DEBUG org.apache.http.impl.conn.BasicClientConnectionManager -- Get connection for route {s}->https://demoqa.com:443
14:06:11.616 [Test worker] DEBUG org.apache.http.impl.conn.DefaultClientConnectionOperator -- Connecting to demoqa.com:443
14:06:12.764 [Test worker] DEBUG org.apache.http.client.protocol.RequestAddCookies -- CookieSpec selected: ignoreCookies
14:06:12.764 [Test worker] DEBUG org.apache.http.client.protocol.RequestAuthCache -- Auth cache not set in the context
14:06:12.764 [Test worker] DEBUG org.apache.http.client.protocol.RequestTargetAuthentication -- Target auth state: UNCHALLENGED
14:06:12.764 [Test worker] DEBUG org.apache.http.client.protocol.RequestProxyAuthentication -- Proxy auth state: UNCHALLENGED
14:06:12.764 [Test worker] DEBUG org.apache.http.impl.client.DefaultHttpClient -- Attempt 1 to execute request
14:06:12.764 [Test worker] DEBUG org.apache.http.impl.conn.DefaultClientConnection -- Sending request: GET /BookStore/v1/Books HTTP/1.1
14:06:12.764 [Test worker] DEBUG org.apache.http.wire --  >> "GET /BookStore/v1/Books HTTP/1.1[\r][\n]"
14:06:12.764 [Test worker] DEBUG org.apache.http.wire --  >> "Content-Type: application/json[\r][\n]"
14:06:12.764 [Test worker] DEBUG org.apache.http.wire --  >> "Accept: */*[\r][\n]"
14:06:12.764 [Test worker] DEBUG org.apache.http.wire --  >> "Host: demoqa.com[\r][\n]"
14:06:12.764 [Test worker] DEBUG org.apache.http.wire --  >> "Connection: Keep-Alive[\r][\n]"
14:06:12.764 [Test worker] DEBUG org.apache.http.wire --  >> "User-Agent: Apache-HttpClient/4.5.13 (Java/11.0.20)[\r][\n]"
14:06:12.764 [Test worker] DEBUG org.apache.http.wire --  >> "Accept-Encoding: gzip,deflate[\r][\n]"
14:06:12.764 [Test worker] DEBUG org.apache.http.wire --  >> "[\r][\n]"
14:06:12.764 [Test worker] DEBUG org.apache.http.headers -- >> GET /BookStore/v1/Books HTTP/1.1
14:06:12.764 [Test worker] DEBUG org.apache.http.headers -- >> Content-Type: application/json
14:06:12.764 [Test worker] DEBUG org.apache.http.headers -- >> Accept: */*
14:06:12.764 [Test worker] DEBUG org.apache.http.headers -- >> Host: demoqa.com
14:06:12.764 [Test worker] DEBUG org.apache.http.headers -- >> Connection: Keep-Alive
14:06:12.764 [Test worker] DEBUG org.apache.http.headers -- >> User-Agent: Apache-HttpClient/4.5.13 (Java/11.0.20)
14:06:12.764 [Test worker] DEBUG org.apache.http.headers -- >> Accept-Encoding: gzip,deflate
14:06:13.571 [Test worker] DEBUG org.apache.http.wire --  << "HTTP/1.1 200 OK[\r][\n]"
14:06:13.571 [Test worker] DEBUG org.apache.http.wire --  << "Server: nginx/1.17.10 (Ubuntu)[\r][\n]"
14:06:13.571 [Test worker] DEBUG org.apache.http.wire --  << "Date: Wed, 13 Dec 2023 13:06:14 GMT[\r][\n]"
14:06:13.571 [Test worker] DEBUG org.apache.http.wire --  << "Content-Type: application/json; charset=utf-8[\r][\n]"
14:06:13.571 [Test worker] DEBUG org.apache.http.wire --  << "Content-Length: 4514[\r][\n]"
14:06:13.571 [Test worker] DEBUG org.apache.http.wire --  << "Connection: keep-alive[\r][\n]"
14:06:13.571 [Test worker] DEBUG org.apache.http.wire --  << "X-Powered-By: Express[\r][\n]"
14:06:13.571 [Test worker] DEBUG org.apache.http.wire --  << "ETag: W/"11a2-8zfX++QwcgaCjSU6F8JP9fUd1tY"[\r][\n]"
14:06:13.571 [Test worker] DEBUG org.apache.http.wire --  << "[\r][\n]"
14:06:13.571 [Test worker] DEBUG org.apache.http.impl.conn.DefaultClientConnection -- Receiving response: HTTP/1.1 200 OK
14:06:13.571 [Test worker] DEBUG org.apache.http.headers -- << HTTP/1.1 200 OK
14:06:13.571 [Test worker] DEBUG org.apache.http.headers -- << Server: nginx/1.17.10 (Ubuntu)
14:06:13.571 [Test worker] DEBUG org.apache.http.headers -- << Date: Wed, 13 Dec 2023 13:06:14 GMT
14:06:13.571 [Test worker] DEBUG org.apache.http.headers -- << Content-Type: application/json; charset=utf-8
14:06:13.571 [Test worker] DEBUG org.apache.http.headers -- << Content-Length: 4514
14:06:13.571 [Test worker] DEBUG org.apache.http.headers -- << Connection: keep-alive
14:06:13.571 [Test worker] DEBUG org.apache.http.headers -- << X-Powered-By: Express
14:06:13.571 [Test worker] DEBUG org.apache.http.headers -- << ETag: W/"11a2-8zfX++QwcgaCjSU6F8JP9fUd1tY"
14:06:13.571 [Test worker] DEBUG org.apache.http.impl.client.DefaultHttpClient -- Connection can be kept alive indefinitely
14:06:13.572 [Test worker] DEBUG io.restassured.internal.RestAssuredHttpBuilder -- Parsing response as: application/json; charset=utf-8
14:06:13.572 [Test worker] DEBUG io.restassured.internal.RestAssuredHttpBuilder -- Parsed data to instance of: class org.apache.http.conn.EofSensorInputStream
14:06:13.572 [Test worker] DEBUG org.apache.http.wire --  << "{"books":[{"isbn":"9781449325862","title":"Git Pocket Guide","subTitle":"A Working Introduction","author":"Richard E. Silverman","publish_date":"2020-06-04T08:48:39.000Z","publisher":"O'Reilly Media","pages":234,"description":"This pocket guide is the perfect on-the-job companion to Git, the distributed version control system. It provides a compact, readable introduction to Git for new users, as well as a reference to common commands and procedures for those of you with Git exp","website":"http://chimera.labs.oreilly.com/books/1230000000561/index.html"},{"isbn":"9781449331818","title":"Learning JavaScript Design Patterns","subTitle":"A JavaScript and jQuery Developer's Guide","author":"Addy Osmani","publish_date":"2020-06-04T09:11:40.000Z","publisher":"O'Reilly Media","pages":254,"description":"With Learning JavaScript Design Patterns, you'll learn how to write beautiful, structured, and maintainable JavaScript by applying classical and modern design patterns to the language. If you want to keep your code efficient, more manageable, and up-to-da","website":"http://www.addyosmani.com/resources/essentialjsdesignpatterns/book/"},{"isbn":"9781449337711","title":"Designing Evolvable Web APIs with ASP.NET","subTitle":"Harnessing the Power of the Web","author":"Glenn Block et al.","publish_date":"2020-06-04T09:12:43.000Z","publisher":"O'Reilly Media","pages":238,"description":"Design and build Web APIs for a broad range of clients[0xe2][0x80][0x94]including browsers and mobile devices[0xe2][0x80][0x94]that can adapt to change over time. This practical, hands-on guide takes you through the theory and tools you need to build evolvable HTTP services with Microsoft","website":"http://chimera.labs.oreilly.com/books/1234000001708/index.html"},{"isbn":"9781449365035","title":"Speaking JavaScript","subTitle":"An In-Depth Guide for Programmers","author":"Axel Rauschmayer","publish_date":"2014-02-01T00:00:00.000Z","publisher":"O'Reilly Media","pages":460,"description":"Like it or not, JavaScript is everywhere these days-from browser to server to mobile-and now you, too, need to learn the language or dive deeper than you have. This concise book guides you into and through JavaScript, written by a veteran programmer who o","website":"http://speakingjs.com/"},{"isbn":"9781491904244","title":"You Don't Know JS","subTitle":"ES6 & Beyond","author":"Kyle Simpson","publish_date":"2015-12-27T00:00:00.000Z","publisher":"O'Reilly Media","pages":278,"description":"No matter how much experience you have with JavaScript, odds are you don[0xe2][0x80][0x99]t fully understand the language. As part of the \\\"You Don[0xe2][0x80][0x99]t Know JS\\\" series, this compact guide focuses on new features available in ECMAScript 6 (ES6), the latest version of the st","website":"https://github.com/getify/You-Dont-Know-JS/tree/master/es6%20&%20beyond"},{"isbn":"9781491950296","title":"Programming JavaScript Applications","subTitle":"Robust Web Architecture with Node, HTML5, and Modern JS Libraries","author":"Eric Elliott","publish_date":"2014-07-01T00:00:00.000Z","publisher":"O'Reilly Media","pages":254,"description":"Take advantage of JavaScript's power to build robust web-scale or enterprise applications that are easy to extend and maintain. By applying the design patterns outlined in this practical book, experienced JavaScript developers will learn how to write flex","website":"http://chimera.labs.oreilly.com/books/1234000000262/index.html"},{"isbn":"9781593275846","title":"Eloquent JavaScript, Second Edition","subTitle":"A Modern Introduction to Programming","author":"Marijn Haverbeke","publish_date":"2014-12-14T00:00:00.000Z","publisher":"No Starch Press","pages":472,"description":"JavaScript lies at the heart of almost every modern web application, from social apps to the newest browser-based games. Though simple for beginners to pick up and play with, JavaScript is a flexible, complex language that you can use to build full-scale ","website":"http://eloquentjavascript.net/"},{"isbn":"9781593277574","title":"Understanding ECMAScript 6","subTitle":"The Definitive Guide for JavaScript Developers","author":"Nicholas C. Zakas","publish_date":"2016-09-03T00:00:00.000Z","publisher":"No Starch Press","pages":352,"description":"ECMAScript 6 represents the biggest update to the core of JavaScript in the history of the language. In Understanding ECMAScript 6, expert developer Nicholas C. Zakas provides a complete guide to the object types, syntax, and other exciting changes that E","website":"https://leanpub.com/understandinges6/read"}]}"
14:06:13.572 [Test worker] DEBUG org.apache.http.impl.conn.BasicClientConnectionManager -- Releasing connection org.apache.http.impl.conn.ManagedClientConnectionImpl@7bac1135
14:06:13.572 [Test worker] DEBUG org.apache.http.impl.conn.BasicClientConnectionManager -- Connection can be kept alive indefinitely
HTTP/1.1 200 OK
Server: nginx/1.17.10 (Ubuntu)
Date: Wed, 13 Dec 2023 13:06:14 GMT
Content-Type: application/json; charset=utf-8
Content-Length: 4514
Connection: keep-alive
X-Powered-By: Express
ETag: W/"11a2-8zfX++QwcgaCjSU6F8JP9fUd1tY"

{
    "books": [
        {
            "isbn": "9781449325862",
            "title": "Git Pocket Guide",
            "subTitle": "A Working Introduction",
            "author": "Richard E. Silverman",
            "publish_date": "2020-06-04T08:48:39.000Z",
            "publisher": "O'Reilly Media",
            "pages": 234,
            "description": "This pocket guide is the perfect on-the-job companion to Git, the distributed version control system. It provides a compact, readable introduction to Git for new users, as well as a reference to common commands and procedures for those of you with Git exp",
            "website": "http://chimera.labs.oreilly.com/books/1230000000561/index.html"
        },
        {
            "isbn": "9781449331818",
            "title": "Learning JavaScript Design Patterns",
            "subTitle": "A JavaScript and jQuery Developer's Guide",
            "author": "Addy Osmani",
            "publish_date": "2020-06-04T09:11:40.000Z",
            "publisher": "O'Reilly Media",
            "pages": 254,
            "description": "With Learning JavaScript Design Patterns, you'll learn how to write beautiful, structured, and maintainable JavaScript by applying classical and modern design patterns to the language. If you want to keep your code efficient, more manageable, and up-to-da",
            "website": "http://www.addyosmani.com/resources/essentialjsdesignpatterns/book/"
        },
        {
            "isbn": "9781449337711",
            "title": "Designing Evolvable Web APIs with ASP.NET",
            "subTitle": "Harnessing the Power of the Web",
            "author": "Glenn Block et al.",
            "publish_date": "2020-06-04T09:12:43.000Z",
            "publisher": "O'Reilly Media",
            "pages": 238,
            "description": "Design and build Web APIs for a broad range of clients—including browsers and mobile devices—that can adapt to change over time. This practical, hands-on guide takes you through the theory and tools you need to build evolvable HTTP services with Microsoft",
            "website": "http://chimera.labs.oreilly.com/books/1234000001708/index.html"
        },
        {
            "isbn": "9781449365035",
            "title": "Speaking JavaScript",
            "subTitle": "An In-Depth Guide for Programmers",
            "author": "Axel Rauschmayer",
            "publish_date": "2014-02-01T00:00:00.000Z",
            "publisher": "O'Reilly Media",
            "pages": 460,
            "description": "Like it or not, JavaScript is everywhere these days-from browser to server to mobile-and now you, too, need to learn the language or dive deeper than you have. This concise book guides you into and through JavaScript, written by a veteran programmer who o",
            "website": "http://speakingjs.com/"
        },
        {
            "isbn": "9781491904244",
            "title": "You Don't Know JS",
            "subTitle": "ES6 & Beyond",
            "author": "Kyle Simpson",
            "publish_date": "2015-12-27T00:00:00.000Z",
            "publisher": "O'Reilly Media",
            "pages": 278,
            "description": "No matter how much experience you have with JavaScript, odds are you don’t fully understand the language. As part of the \\\"You Don’t Know JS\\\" series, this compact guide focuses on new features available in ECMAScript 6 (ES6), the latest version of the st",
            "website": "https://github.com/getify/You-Dont-Know-JS/tree/master/es6%20&%20beyond"
        },
        {
            "isbn": "9781491950296",
            "title": "Programming JavaScript Applications",
            "subTitle": "Robust Web Architecture with Node, HTML5, and Modern JS Libraries",
            "author": "Eric Elliott",
            "publish_date": "2014-07-01T00:00:00.000Z",
            "publisher": "O'Reilly Media",
            "pages": 254,
            "description": "Take advantage of JavaScript's power to build robust web-scale or enterprise applications that are easy to extend and maintain. By applying the design patterns outlined in this practical book, experienced JavaScript developers will learn how to write flex",
            "website": "http://chimera.labs.oreilly.com/books/1234000000262/index.html"
        },
        {
            "isbn": "9781593275846",
            "title": "Eloquent JavaScript, Second Edition",
            "subTitle": "A Modern Introduction to Programming",
            "author": "Marijn Haverbeke",
            "publish_date": "2014-12-14T00:00:00.000Z",
            "publisher": "No Starch Press",
            "pages": 472,
            "description": "JavaScript lies at the heart of almost every modern web application, from social apps to the newest browser-based games. Though simple for beginners to pick up and play with, JavaScript is a flexible, complex language that you can use to build full-scale ",
            "website": "http://eloquentjavascript.net/"
        },
        {
            "isbn": "9781593277574",
            "title": "Understanding ECMAScript 6",
            "subTitle": "The Definitive Guide for JavaScript Developers",
            "author": "Nicholas C. Zakas",
            "publish_date": "2016-09-03T00:00:00.000Z",
            "publisher": "No Starch Press",
            "pages": 352,
            "description": "ECMAScript 6 represents the biggest update to the core of JavaScript in the history of the language. In Understanding ECMAScript 6, expert developer Nicholas C. Zakas provides a complete guide to the object types, syntax, and other exciting changes that E",
            "website": "https://leanpub.com/understandinges6/read"
        }
    ]
}
Request method:	GET
Request URI:	https://demoqa.com/BookStore/v1/Books
Proxy:			<none>
Request params:	<none>
Query params:	<none>
Form params:	<none>
Path params:	<none>
Headers:		Accept=*/*
				Content-Type=application/json
Cookies:		<none>
Multiparts:		<none>
Body:			<none>
14:06:13.641 [Test worker] DEBUG org.apache.http.impl.conn.BasicClientConnectionManager -- Get connection for route {s}->https://demoqa.com:443
14:06:13.641 [Test worker] DEBUG org.apache.http.impl.conn.DefaultClientConnectionOperator -- Connecting to demoqa.com:443
14:06:16.077 [Test worker] DEBUG org.apache.http.client.protocol.RequestAddCookies -- CookieSpec selected: ignoreCookies
14:06:16.077 [Test worker] DEBUG org.apache.http.client.protocol.RequestAuthCache -- Auth cache not set in the context
14:06:16.077 [Test worker] DEBUG org.apache.http.client.protocol.RequestTargetAuthentication -- Target auth state: UNCHALLENGED
14:06:16.077 [Test worker] DEBUG org.apache.http.client.protocol.RequestProxyAuthentication -- Proxy auth state: UNCHALLENGED
14:06:16.077 [Test worker] DEBUG org.apache.http.impl.client.DefaultHttpClient -- Attempt 1 to execute request
14:06:16.077 [Test worker] DEBUG org.apache.http.impl.conn.DefaultClientConnection -- Sending request: GET /BookStore/v1/Books HTTP/1.1
14:06:16.077 [Test worker] DEBUG org.apache.http.wire --  >> "GET /BookStore/v1/Books HTTP/1.1[\r][\n]"
14:06:16.077 [Test worker] DEBUG org.apache.http.wire --  >> "Content-Type: application/json[\r][\n]"
14:06:16.077 [Test worker] DEBUG org.apache.http.wire --  >> "Accept: */*[\r][\n]"
14:06:16.077 [Test worker] DEBUG org.apache.http.wire --  >> "Host: demoqa.com[\r][\n]"
14:06:16.077 [Test worker] DEBUG org.apache.http.wire --  >> "Connection: Keep-Alive[\r][\n]"
14:06:16.077 [Test worker] DEBUG org.apache.http.wire --  >> "User-Agent: Apache-HttpClient/4.5.13 (Java/11.0.20)[\r][\n]"
14:06:16.077 [Test worker] DEBUG org.apache.http.wire --  >> "Accept-Encoding: gzip,deflate[\r][\n]"
14:06:16.077 [Test worker] DEBUG org.apache.http.wire --  >> "[\r][\n]"
14:06:16.077 [Test worker] DEBUG org.apache.http.headers -- >> GET /BookStore/v1/Books HTTP/1.1
14:06:16.077 [Test worker] DEBUG org.apache.http.headers -- >> Content-Type: application/json
14:06:16.077 [Test worker] DEBUG org.apache.http.headers -- >> Accept: */*
14:06:16.077 [Test worker] DEBUG org.apache.http.headers -- >> Host: demoqa.com
14:06:16.077 [Test worker] DEBUG org.apache.http.headers -- >> Connection: Keep-Alive
14:06:16.077 [Test worker] DEBUG org.apache.http.headers -- >> User-Agent: Apache-HttpClient/4.5.13 (Java/11.0.20)
14:06:16.077 [Test worker] DEBUG org.apache.http.headers -- >> Accept-Encoding: gzip,deflate
14:06:16.267 [Test worker] DEBUG org.apache.http.wire --  << "HTTP/1.1 200 OK[\r][\n]"
14:06:16.267 [Test worker] DEBUG org.apache.http.wire --  << "Server: nginx/1.17.10 (Ubuntu)[\r][\n]"
14:06:16.267 [Test worker] DEBUG org.apache.http.wire --  << "Date: Wed, 13 Dec 2023 13:06:17 GMT[\r][\n]"
14:06:16.267 [Test worker] DEBUG org.apache.http.wire --  << "Content-Type: application/json; charset=utf-8[\r][\n]"
14:06:16.267 [Test worker] DEBUG org.apache.http.wire --  << "Content-Length: 4514[\r][\n]"
14:06:16.267 [Test worker] DEBUG org.apache.http.wire --  << "Connection: keep-alive[\r][\n]"
14:06:16.267 [Test worker] DEBUG org.apache.http.wire --  << "X-Powered-By: Express[\r][\n]"
14:06:16.267 [Test worker] DEBUG org.apache.http.wire --  << "ETag: W/"11a2-8zfX++QwcgaCjSU6F8JP9fUd1tY"[\r][\n]"
14:06:16.267 [Test worker] DEBUG org.apache.http.wire --  << "[\r][\n]"
14:06:16.267 [Test worker] DEBUG org.apache.http.impl.conn.DefaultClientConnection -- Receiving response: HTTP/1.1 200 OK
14:06:16.267 [Test worker] DEBUG org.apache.http.headers -- << HTTP/1.1 200 OK
14:06:16.267 [Test worker] DEBUG org.apache.http.headers -- << Server: nginx/1.17.10 (Ubuntu)
14:06:16.267 [Test worker] DEBUG org.apache.http.headers -- << Date: Wed, 13 Dec 2023 13:06:17 GMT
14:06:16.267 [Test worker] DEBUG org.apache.http.headers -- << Content-Type: application/json; charset=utf-8
14:06:16.267 [Test worker] DEBUG org.apache.http.headers -- << Content-Length: 4514
14:06:16.267 [Test worker] DEBUG org.apache.http.headers -- << Connection: keep-alive
14:06:16.267 [Test worker] DEBUG org.apache.http.headers -- << X-Powered-By: Express
14:06:16.267 [Test worker] DEBUG org.apache.http.headers -- << ETag: W/"11a2-8zfX++QwcgaCjSU6F8JP9fUd1tY"
14:06:16.268 [Test worker] DEBUG org.apache.http.impl.client.DefaultHttpClient -- Connection can be kept alive indefinitely
14:06:16.268 [Test worker] DEBUG io.restassured.internal.RestAssuredHttpBuilder -- Parsing response as: application/json; charset=utf-8
14:06:16.268 [Test worker] DEBUG io.restassured.internal.RestAssuredHttpBuilder -- Parsed data to instance of: class org.apache.http.conn.EofSensorInputStream
14:06:16.268 [Test worker] DEBUG org.apache.http.wire --  << "{"books":[{"isbn":"9781449325862","title":"Git Pocket Guide","subTitle":"A Working Introduction","author":"Richard E. Silverman","publish_date":"2020-06-04T08:48:39.000Z","publisher":"O'Reilly Media","pages":234,"description":"This pocket guide is the perfect on-the-job companion to Git, the distributed version control system. It provides a compact, readable introduction to Git for new users, as well as a reference to common commands and procedures for those of you with Git exp","website":"http://chimera.labs.oreilly.com/books/1230000000561/index.html"},{"isbn":"9781449331818","title":"Learning JavaScript Design Patterns","subTitle":"A JavaScript and jQuery Developer's Guide","author":"Addy Osmani","publish_date":"2020-06-04T09:11:40.000Z","publisher":"O'Reilly Media","pages":254,"description":"With Learning JavaScript Design Patterns, you'll learn how to write beautiful, structured, and maintainable JavaScript by applying classical and modern design patterns to the language. If you want to keep your code efficient, more manageable, and up-to-da","website":"http://www.addyosmani.com/resources/essentialjsdesignpatterns/book/"},{"isbn":"9781449337711","title":"Designing Evolvable Web APIs with ASP.NET","subTitle":"Harnessing the Power of the Web","author":"Glenn Block et al.","publish_date":"2020-06-04T09:12:43.000Z","publisher":"O'Reilly Media","pages":238,"description":"Design and build Web APIs for a broad range of clients[0xe2][0x80][0x94]including browsers and mobile devices[0xe2][0x80][0x94]that can adapt to change over time. This practical, hands-on guide takes you through the theory and tools you need to build evolvable HTTP services with Microsoft","website":"http://chimera.labs.oreilly.com/books/1234000001708/index.html"},{"isbn":"9781449365035","title":"Speaking JavaScript","subTitle":"An In-Depth Guide for Programmers","author":"Axel Rauschmayer","publish_date":"2014-02-01T00:00:00.000Z","publisher":"O'Reilly Media","pages":460,"description":"Like it or not, JavaScript is everywhere these days-from browser to server to mobile-and now you, too, need to learn the language or dive deeper than you have. This concise book guides you into and through JavaScript, written by a veteran programmer who o","website":"http://speakingjs.com/"},{"isbn":"9781491904244","title":"You Don't Know JS","subTitle":"ES6 & Beyond","author":"Kyle Simpson","publish_date":"2015-12-27T00:00:00.000Z","publisher":"O'Reilly Media","pages":278,"description":"No matter how much experience you have with JavaScript, odds are you don[0xe2][0x80][0x99]t fully understand the language. As part of the \\\"You Don[0xe2][0x80][0x99]t Know JS\\\" series, this compact guide focuses on new features available in ECMAScript 6 (ES6), the latest version of the st","website":"https://github.com/getify/You-Dont-Know-JS/tree/master/es6%20&%20beyond"},{"isbn":"9781491950296","title":"Programming JavaScript Applications","subTitle":"Robust Web Architecture with Node, HTML5, and Modern JS Libraries","author":"Eric Elliott","publish_date":"2014-07-01T00:00:00.000Z","publisher":"O'Reilly Media","pages":254,"description":"Take advantage of JavaScript's power to build robust web-scale or enterprise applications that are easy to extend and maintain. By applying the design patterns outlined in this practical book, experienced JavaScript developers will learn how to write flex","website":"http://chimera.labs.oreilly.com/books/1234000000262/index.html"},{"isbn":"9781593275846","title":"Eloquent JavaScript, Second Edition","subTitle":"A Modern Introduction to Programming","author":"Marijn Haverbeke","publish_date":"2014-12-14T00:00:00.000Z","publisher":"No Starch Press","pages":472,"description":"JavaScript lies at the heart of almost every modern web application, from social apps to the newest browser-based games. Though simple for beginners to pick up and play with, JavaScript is a flexible, complex language that you can use to build full-scale ","website":"http://eloquentjavascript.net/"},{"isbn":"9781593277574","title":"Understanding ECMAScript 6","subTitle":"The Definitive Guide for JavaScript Developers","author":"Nicholas C. Zakas","publish_date":"2016-09-03T00:00:00.000Z","publisher":"No Starch Press","pages":352,"description":"ECMAScript 6 represents the biggest update to the core of JavaScript in the history of the language. In Understanding ECMAScript 6, expert developer Nicholas C. Zakas provides a complete guide to the object types, syntax, and other exciting changes that E","website":"https://leanpub.com/understandinges6/read"}]}"
14:06:16.268 [Test worker] DEBUG org.apache.http.impl.conn.BasicClientConnectionManager -- Releasing connection org.apache.http.impl.conn.ManagedClientConnectionImpl@30164c73
14:06:16.268 [Test worker] DEBUG org.apache.http.impl.conn.BasicClientConnectionManager -- Connection can be kept alive indefinitely
HTTP/1.1 200 OK
Server: nginx/1.17.10 (Ubuntu)
Date: Wed, 13 Dec 2023 13:06:17 GMT
Content-Type: application/json; charset=utf-8
Content-Length: 4514
Connection: keep-alive
X-Powered-By: Express
ETag: W/"11a2-8zfX++QwcgaCjSU6F8JP9fUd1tY"

{
    "books": [
        {
            "isbn": "9781449325862",
            "title": "Git Pocket Guide",
            "subTitle": "A Working Introduction",
            "author": "Richard E. Silverman",
            "publish_date": "2020-06-04T08:48:39.000Z",
            "publisher": "O'Reilly Media",
            "pages": 234,
            "description": "This pocket guide is the perfect on-the-job companion to Git, the distributed version control system. It provides a compact, readable introduction to Git for new users, as well as a reference to common commands and procedures for those of you with Git exp",
            "website": "http://chimera.labs.oreilly.com/books/1230000000561/index.html"
        },
        {
            "isbn": "9781449331818",
            "title": "Learning JavaScript Design Patterns",
            "subTitle": "A JavaScript and jQuery Developer's Guide",
            "author": "Addy Osmani",
            "publish_date": "2020-06-04T09:11:40.000Z",
            "publisher": "O'Reilly Media",
            "pages": 254,
            "description": "With Learning JavaScript Design Patterns, you'll learn how to write beautiful, structured, and maintainable JavaScript by applying classical and modern design patterns to the language. If you want to keep your code efficient, more manageable, and up-to-da",
            "website": "http://www.addyosmani.com/resources/essentialjsdesignpatterns/book/"
        },
        {
            "isbn": "9781449337711",
            "title": "Designing Evolvable Web APIs with ASP.NET",
            "subTitle": "Harnessing the Power of the Web",
            "author": "Glenn Block et al.",
            "publish_date": "2020-06-04T09:12:43.000Z",
            "publisher": "O'Reilly Media",
            "pages": 238,
            "description": "Design and build Web APIs for a broad range of clients—including browsers and mobile devices—that can adapt to change over time. This practical, hands-on guide takes you through the theory and tools you need to build evolvable HTTP services with Microsoft",
            "website": "http://chimera.labs.oreilly.com/books/1234000001708/index.html"
        },
        {
            "isbn": "9781449365035",
            "title": "Speaking JavaScript",
            "subTitle": "An In-Depth Guide for Programmers",
            "author": "Axel Rauschmayer",
            "publish_date": "2014-02-01T00:00:00.000Z",
            "publisher": "O'Reilly Media",
            "pages": 460,
            "description": "Like it or not, JavaScript is everywhere these days-from browser to server to mobile-and now you, too, need to learn the language or dive deeper than you have. This concise book guides you into and through JavaScript, written by a veteran programmer who o",
            "website": "http://speakingjs.com/"
        },
        {
            "isbn": "9781491904244",
            "title": "You Don't Know JS",
            "subTitle": "ES6 & Beyond",
            "author": "Kyle Simpson",
            "publish_date": "2015-12-27T00:00:00.000Z",
            "publisher": "O'Reilly Media",
            "pages": 278,
            "description": "No matter how much experience you have with JavaScript, odds are you don’t fully understand the language. As part of the \\\"You Don’t Know JS\\\" series, this compact guide focuses on new features available in ECMAScript 6 (ES6), the latest version of the st",
            "website": "https://github.com/getify/You-Dont-Know-JS/tree/master/es6%20&%20beyond"
        },
        {
            "isbn": "9781491950296",
            "title": "Programming JavaScript Applications",
            "subTitle": "Robust Web Architecture with Node, HTML5, and Modern JS Libraries",
            "author": "Eric Elliott",
            "publish_date": "2014-07-01T00:00:00.000Z",
            "publisher": "O'Reilly Media",
            "pages": 254,
            "description": "Take advantage of JavaScript's power to build robust web-scale or enterprise applications that are easy to extend and maintain. By applying the design patterns outlined in this practical book, experienced JavaScript developers will learn how to write flex",
            "website": "http://chimera.labs.oreilly.com/books/1234000000262/index.html"
        },
        {
            "isbn": "9781593275846",
            "title": "Eloquent JavaScript, Second Edition",
            "subTitle": "A Modern Introduction to Programming",
            "author": "Marijn Haverbeke",
            "publish_date": "2014-12-14T00:00:00.000Z",
            "publisher": "No Starch Press",
            "pages": 472,
            "description": "JavaScript lies at the heart of almost every modern web application, from social apps to the newest browser-based games. Though simple for beginners to pick up and play with, JavaScript is a flexible, complex language that you can use to build full-scale ",
            "website": "http://eloquentjavascript.net/"
        },
        {
            "isbn": "9781593277574",
            "title": "Understanding ECMAScript 6",
            "subTitle": "The Definitive Guide for JavaScript Developers",
            "author": "Nicholas C. Zakas",
            "publish_date": "2016-09-03T00:00:00.000Z",
            "publisher": "No Starch Press",
            "pages": 352,
            "description": "ECMAScript 6 represents the biggest update to the core of JavaScript in the history of the language. In Understanding ECMAScript 6, expert developer Nicholas C. Zakas provides a complete guide to the object types, syntax, and other exciting changes that E",
            "website": "https://leanpub.com/understandinges6/read"
        }
    ]
}
14:06:16.285 [Finalizer] DEBUG org.apache.http.impl.conn.DefaultClientConnection -- Connection 0.0.0.0:53286<->176.58.101.124:443 closed
14:06:16.286 [Finalizer] DEBUG org.apache.http.impl.conn.DefaultClientConnection -- Connection 0.0.0.0:53287<->176.58.101.124:443 closed
14:06:16.286 [Finalizer] DEBUG org.apache.http.impl.conn.DefaultClientConnection -- Connection 0.0.0.0:53289<->176.58.101.124:443 closed
14:06:16.287 [Finalizer] DEBUG org.apache.http.impl.conn.DefaultClientConnection -- Connection 0.0.0.0:53292<->176.58.101.124:443 closed
14:06:16.287 [Finalizer] DEBUG org.apache.http.impl.conn.DefaultClientConnection -- Connection 0.0.0.0:53288<->176.58.101.124:443 closed
14:06:16.287 [Finalizer] DEBUG org.apache.http.impl.conn.DefaultClientConnection -- Connection 0.0.0.0:53290<->176.58.101.124:443 closed
Request method:	PUT
Request URI:	https://demoqa.com/BookStore/v1/Books/9781449331818
Proxy:			<none>
Request params:	<none>
Query params:	<none>
Form params:	<none>
Path params:	ISBN=9781449331818
Headers:		Authorization=Bearer eyJhbGciOiJIUzI1NiIsInR5cCI6IkpXVCJ9.eyJ1c2VyTmFtZSI6ImxlYW5hLnNjaGFtYmVyZ2VyIiwicGFzc3dvcmQiOiIxMjNSb24zMjEmIiwiaWF0IjoxNzAyNDcyNzcwfQ.33ERmrR_cIAVfHa88I1quIy8cH0WHgXWl0nY2C2513A
				Accept=*/*
				Content-Type=application/json
Cookies:		<none>
Multiparts:		<none>
Body:
{
    "userId": "bd9f2e22-d4b1-4292-85b6-f42f6192258b",
    "isbn": "9781449325862"
}
14:06:16.307 [Test worker] DEBUG org.apache.http.impl.conn.BasicClientConnectionManager -- Get connection for route {s}->https://demoqa.com:443
14:06:16.307 [Test worker] DEBUG org.apache.http.impl.conn.DefaultClientConnectionOperator -- Connecting to demoqa.com:443
14:06:16.372 [Test worker] DEBUG org.apache.http.client.protocol.RequestAddCookies -- CookieSpec selected: ignoreCookies
14:06:16.372 [Test worker] DEBUG org.apache.http.client.protocol.RequestAuthCache -- Auth cache not set in the context
14:06:16.372 [Test worker] DEBUG org.apache.http.client.protocol.RequestProxyAuthentication -- Proxy auth state: UNCHALLENGED
14:06:16.372 [Test worker] DEBUG org.apache.http.impl.client.DefaultHttpClient -- Attempt 1 to execute request
14:06:16.372 [Test worker] DEBUG org.apache.http.impl.conn.DefaultClientConnection -- Sending request: PUT /BookStore/v1/Books/9781449331818 HTTP/1.1
14:06:16.372 [Test worker] DEBUG org.apache.http.wire --  >> "PUT /BookStore/v1/Books/9781449331818 HTTP/1.1[\r][\n]"
14:06:16.372 [Test worker] DEBUG org.apache.http.wire --  >> "Authorization: Bearer eyJhbGciOiJIUzI1NiIsInR5cCI6IkpXVCJ9.eyJ1c2VyTmFtZSI6ImxlYW5hLnNjaGFtYmVyZ2VyIiwicGFzc3dvcmQiOiIxMjNSb24zMjEmIiwiaWF0IjoxNzAyNDcyNzcwfQ.33ERmrR_cIAVfHa88I1quIy8cH0WHgXWl0nY2C2513A[\r][\n]"
14:06:16.372 [Test worker] DEBUG org.apache.http.wire --  >> "Accept: */*[\r][\n]"
14:06:16.372 [Test worker] DEBUG org.apache.http.wire --  >> "Content-Type: application/json[\r][\n]"
14:06:16.372 [Test worker] DEBUG org.apache.http.wire --  >> "Content-Length: 72[\r][\n]"
14:06:16.372 [Test worker] DEBUG org.apache.http.wire --  >> "Host: demoqa.com[\r][\n]"
14:06:16.372 [Test worker] DEBUG org.apache.http.wire --  >> "Connection: Keep-Alive[\r][\n]"
14:06:16.372 [Test worker] DEBUG org.apache.http.wire --  >> "User-Agent: Apache-HttpClient/4.5.13 (Java/11.0.20)[\r][\n]"
14:06:16.372 [Test worker] DEBUG org.apache.http.wire --  >> "Accept-Encoding: gzip,deflate[\r][\n]"
14:06:16.372 [Test worker] DEBUG org.apache.http.wire --  >> "[\r][\n]"
14:06:16.372 [Test worker] DEBUG org.apache.http.headers -- >> PUT /BookStore/v1/Books/9781449331818 HTTP/1.1
14:06:16.372 [Test worker] DEBUG org.apache.http.headers -- >> Authorization: Bearer eyJhbGciOiJIUzI1NiIsInR5cCI6IkpXVCJ9.eyJ1c2VyTmFtZSI6ImxlYW5hLnNjaGFtYmVyZ2VyIiwicGFzc3dvcmQiOiIxMjNSb24zMjEmIiwiaWF0IjoxNzAyNDcyNzcwfQ.33ERmrR_cIAVfHa88I1quIy8cH0WHgXWl0nY2C2513A
14:06:16.372 [Test worker] DEBUG org.apache.http.headers -- >> Accept: */*
14:06:16.372 [Test worker] DEBUG org.apache.http.headers -- >> Content-Type: application/json
14:06:16.372 [Test worker] DEBUG org.apache.http.headers -- >> Content-Length: 72
14:06:16.372 [Test worker] DEBUG org.apache.http.headers -- >> Host: demoqa.com
14:06:16.372 [Test worker] DEBUG org.apache.http.headers -- >> Connection: Keep-Alive
14:06:16.372 [Test worker] DEBUG org.apache.http.headers -- >> User-Agent: Apache-HttpClient/4.5.13 (Java/11.0.20)
14:06:16.372 [Test worker] DEBUG org.apache.http.headers -- >> Accept-Encoding: gzip,deflate
14:06:16.372 [Test worker] DEBUG org.apache.http.wire --  >> "{"userId":"bd9f2e22-d4b1-4292-85b6-f42f6192258b","isbn":"9781449325862"}"
14:06:16.608 [Test worker] DEBUG org.apache.http.wire --  << "HTTP/1.1 200 OK[\r][\n]"
14:06:16.608 [Test worker] DEBUG org.apache.http.wire --  << "Server: nginx/1.17.10 (Ubuntu)[\r][\n]"
14:06:16.608 [Test worker] DEBUG org.apache.http.wire --  << "Date: Wed, 13 Dec 2023 13:06:17 GMT[\r][\n]"
14:06:16.608 [Test worker] DEBUG org.apache.http.wire --  << "Content-Type: application/json; charset=utf-8[\r][\n]"
14:06:16.608 [Test worker] DEBUG org.apache.http.wire --  << "Content-Length: 3450[\r][\n]"
14:06:16.608 [Test worker] DEBUG org.apache.http.wire --  << "Connection: keep-alive[\r][\n]"
14:06:16.608 [Test worker] DEBUG org.apache.http.wire --  << "X-Powered-By: Express[\r][\n]"
14:06:16.608 [Test worker] DEBUG org.apache.http.wire --  << "ETag: W/"d7a-Mr4iZEPTFi/Kip3Lh/rMK7K0bSA"[\r][\n]"
14:06:16.608 [Test worker] DEBUG org.apache.http.wire --  << "[\r][\n]"
14:06:16.608 [Test worker] DEBUG org.apache.http.impl.conn.DefaultClientConnection -- Receiving response: HTTP/1.1 200 OK
14:06:16.608 [Test worker] DEBUG org.apache.http.headers -- << HTTP/1.1 200 OK
14:06:16.608 [Test worker] DEBUG org.apache.http.headers -- << Server: nginx/1.17.10 (Ubuntu)
14:06:16.608 [Test worker] DEBUG org.apache.http.headers -- << Date: Wed, 13 Dec 2023 13:06:17 GMT
14:06:16.608 [Test worker] DEBUG org.apache.http.headers -- << Content-Type: application/json; charset=utf-8
14:06:16.608 [Test worker] DEBUG org.apache.http.headers -- << Content-Length: 3450
14:06:16.608 [Test worker] DEBUG org.apache.http.headers -- << Connection: keep-alive
14:06:16.608 [Test worker] DEBUG org.apache.http.headers -- << X-Powered-By: Express
14:06:16.608 [Test worker] DEBUG org.apache.http.headers -- << ETag: W/"d7a-Mr4iZEPTFi/Kip3Lh/rMK7K0bSA"
14:06:16.608 [Test worker] DEBUG org.apache.http.impl.client.DefaultHttpClient -- Connection can be kept alive indefinitely
14:06:16.608 [Test worker] DEBUG io.restassured.internal.RestAssuredHttpBuilder -- Parsing response as: application/json; charset=utf-8
14:06:16.608 [Test worker] DEBUG io.restassured.internal.RestAssuredHttpBuilder -- Parsed data to instance of: class org.apache.http.conn.EofSensorInputStream
14:06:16.609 [Test worker] DEBUG org.apache.http.wire --  << "{"userId":"bd9f2e22-d4b1-4292-85b6-f42f6192258b","username":"leana.schamberger","books":[{"isbn":"9781449325862","title":"Git Pocket Guide","subTitle":"A Working Introduction","author":"Richard E. Silverman","publish_date":"2020-06-04T08:48:39.000Z","publisher":"O'Reilly Media","pages":234,"description":"This pocket guide is the perfect on-the-job companion to Git, the distributed version control system. It provides a compact, readable introduction to Git for new users, as well as a reference to common commands and procedures for those of you with Git exp","website":"http://chimera.labs.oreilly.com/books/1230000000561/index.html"},{"isbn":"9781449337711","title":"Designing Evolvable Web APIs with ASP.NET","subTitle":"Harnessing the Power of the Web","author":"Glenn Block et al.","publish_date":"2020-06-04T09:12:43.000Z","publisher":"O'Reilly Media","pages":238,"description":"Design and build Web APIs for a broad range of clients[0xe2][0x80][0x94]including browsers and mobile devices[0xe2][0x80][0x94]that can adapt to change over time. This practical, hands-on guide takes you through the theory and tools you need to build evolvable HTTP services with Microsoft","website":"http://chimera.labs.oreilly.com/books/1234000001708/index.html"},{"isbn":"9781449365035","title":"Speaking JavaScript","subTitle":"An In-Depth Guide for Programmers","author":"Axel Rauschmayer","publish_date":"2014-02-01T00:00:00.000Z","publisher":"O'Reilly Media","pages":460,"description":"Like it or not, JavaScript is everywhere these days-from browser to server to mobile-and now you, too, need to learn the language or dive deeper than you have. This concise book guides you into and through JavaScript, written by a veteran programmer who o","website":"http://speakingjs.com/"},{"isbn":"9781491904244","title":"You Don't Know JS","subTitle":"ES6 & Beyond","author":"Kyle Simpson","publish_date":"2015-12-27T00:00:00.000Z","publisher":"O'Reilly Media","pages":278,"description":"No matter how much experience you have with JavaScript, odds are you don[0xe2][0x80][0x99]t fully understand the language. As part of the \\\"You Don[0xe2][0x80][0x99]t Know JS\\\" series, this compact guide focuses on new features available in ECMAScript 6 (ES6), the latest version of the st","website":"https://github.com/getify/You-Dont-Know-JS/tree/master/es6%20&%20beyond"},{"isbn":"9781491950296","title":"Programming JavaScript Applications","subTitle":"Robust Web Architecture with Node, HTML5, and Modern JS Libraries","author":"Eric Elliott","publish_date":"2014-07-01T00:00:00.000Z","publisher":"O'Reilly Media","pages":254,"description":"Take advantage of JavaScript's power to build robust web-scale or enterprise applications that are easy to extend and maintain. By applying the design patterns outlined in this practical book, experienced JavaScript developers will learn how to write flex","website":"http://chimera.labs.oreilly.com/books/1234000000262/index.html"},{"isbn":"9781449325862","title":"Git Pocket Guide","subTitle":"A Working Introduction","author":"Richard E. Silverman","publish_date":"2020-06-04T08:48:39.000Z","publisher":"O'Reilly Media","pages":234,"description":"This pocket guide is the perfect on-the-job companion to Git, the distributed version control system. It provides a compact, readable introduction to Git for new users, as well as a reference to common commands and procedures for those of you with Git exp","website":"http://chimera.labs.oreilly.com/books/1230000000561/index.html"}]}"
14:06:16.609 [Test worker] DEBUG org.apache.http.impl.conn.BasicClientConnectionManager -- Releasing connection org.apache.http.impl.conn.ManagedClientConnectionImpl@62399879
14:06:16.609 [Test worker] DEBUG org.apache.http.impl.conn.BasicClientConnectionManager -- Connection can be kept alive indefinitely
HTTP/1.1 200 OK
Server: nginx/1.17.10 (Ubuntu)
Date: Wed, 13 Dec 2023 13:06:17 GMT
Content-Type: application/json; charset=utf-8
Content-Length: 3450
Connection: keep-alive
X-Powered-By: Express
ETag: W/"d7a-Mr4iZEPTFi/Kip3Lh/rMK7K0bSA"

{
    "userId": "bd9f2e22-d4b1-4292-85b6-f42f6192258b",
    "username": "leana.schamberger",
    "books": [
        {
            "isbn": "9781449325862",
            "title": "Git Pocket Guide",
            "subTitle": "A Working Introduction",
            "author": "Richard E. Silverman",
            "publish_date": "2020-06-04T08:48:39.000Z",
            "publisher": "O'Reilly Media",
            "pages": 234,
            "description": "This pocket guide is the perfect on-the-job companion to Git, the distributed version control system. It provides a compact, readable introduction to Git for new users, as well as a reference to common commands and procedures for those of you with Git exp",
            "website": "http://chimera.labs.oreilly.com/books/1230000000561/index.html"
        },
        {
            "isbn": "9781449337711",
            "title": "Designing Evolvable Web APIs with ASP.NET",
            "subTitle": "Harnessing the Power of the Web",
            "author": "Glenn Block et al.",
            "publish_date": "2020-06-04T09:12:43.000Z",
            "publisher": "O'Reilly Media",
            "pages": 238,
            "description": "Design and build Web APIs for a broad range of clients—including browsers and mobile devices—that can adapt to change over time. This practical, hands-on guide takes you through the theory and tools you need to build evolvable HTTP services with Microsoft",
            "website": "http://chimera.labs.oreilly.com/books/1234000001708/index.html"
        },
        {
            "isbn": "9781449365035",
            "title": "Speaking JavaScript",
            "subTitle": "An In-Depth Guide for Programmers",
            "author": "Axel Rauschmayer",
            "publish_date": "2014-02-01T00:00:00.000Z",
            "publisher": "O'Reilly Media",
            "pages": 460,
            "description": "Like it or not, JavaScript is everywhere these days-from browser to server to mobile-and now you, too, need to learn the language or dive deeper than you have. This concise book guides you into and through JavaScript, written by a veteran programmer who o",
            "website": "http://speakingjs.com/"
        },
        {
            "isbn": "9781491904244",
            "title": "You Don't Know JS",
            "subTitle": "ES6 & Beyond",
            "author": "Kyle Simpson",
            "publish_date": "2015-12-27T00:00:00.000Z",
            "publisher": "O'Reilly Media",
            "pages": 278,
            "description": "No matter how much experience you have with JavaScript, odds are you don’t fully understand the language. As part of the \\\"You Don’t Know JS\\\" series, this compact guide focuses on new features available in ECMAScript 6 (ES6), the latest version of the st",
            "website": "https://github.com/getify/You-Dont-Know-JS/tree/master/es6%20&%20beyond"
        },
        {
            "isbn": "9781491950296",
            "title": "Programming JavaScript Applications",
            "subTitle": "Robust Web Architecture with Node, HTML5, and Modern JS Libraries",
            "author": "Eric Elliott",
            "publish_date": "2014-07-01T00:00:00.000Z",
            "publisher": "O'Reilly Media",
            "pages": 254,
            "description": "Take advantage of JavaScript's power to build robust web-scale or enterprise applications that are easy to extend and maintain. By applying the design patterns outlined in this practical book, experienced JavaScript developers will learn how to write flex",
            "website": "http://chimera.labs.oreilly.com/books/1234000000262/index.html"
        },
        {
            "isbn": "9781449325862",
            "title": "Git Pocket Guide",
            "subTitle": "A Working Introduction",
            "author": "Richard E. Silverman",
            "publish_date": "2020-06-04T08:48:39.000Z",
            "publisher": "O'Reilly Media",
            "pages": 234,
            "description": "This pocket guide is the perfect on-the-job companion to Git, the distributed version control system. It provides a compact, readable introduction to Git for new users, as well as a reference to common commands and procedures for those of you with Git exp",
            "website": "http://chimera.labs.oreilly.com/books/1230000000561/index.html"
        }
    ]
}
Request method:	DELETE
Request URI:	https://demoqa.com/BookStore/v1/Books?UserId=bd9f2e22-d4b1-4292-85b6-f42f6192258b
Proxy:			<none>
Request params:	<none>
Query params:	UserId=bd9f2e22-d4b1-4292-85b6-f42f6192258b
Form params:	<none>
Path params:	<none>
Headers:		Authorization=Bearer eyJhbGciOiJIUzI1NiIsInR5cCI6IkpXVCJ9.eyJ1c2VyTmFtZSI6ImxlYW5hLnNjaGFtYmVyZ2VyIiwicGFzc3dvcmQiOiIxMjNSb24zMjEmIiwiaWF0IjoxNzAyNDcyNzcwfQ.33ERmrR_cIAVfHa88I1quIy8cH0WHgXWl0nY2C2513A
				Accept=*/*
				Content-Type=application/json
Cookies:		<none>
Multiparts:		<none>
Body:			<none>
14:06:16.618 [Test worker] DEBUG org.apache.http.impl.conn.BasicClientConnectionManager -- Get connection for route {s}->https://demoqa.com:443
14:06:16.618 [Test worker] DEBUG org.apache.http.impl.conn.DefaultClientConnectionOperator -- Connecting to demoqa.com:443
14:06:19.746 [Test worker] DEBUG org.apache.http.client.protocol.RequestAddCookies -- CookieSpec selected: ignoreCookies
14:06:19.747 [Test worker] DEBUG org.apache.http.client.protocol.RequestAuthCache -- Auth cache not set in the context
14:06:19.747 [Test worker] DEBUG org.apache.http.client.protocol.RequestProxyAuthentication -- Proxy auth state: UNCHALLENGED
14:06:19.747 [Test worker] DEBUG org.apache.http.impl.client.DefaultHttpClient -- Attempt 1 to execute request
14:06:19.747 [Test worker] DEBUG org.apache.http.impl.conn.DefaultClientConnection -- Sending request: DELETE /BookStore/v1/Books?UserId=bd9f2e22-d4b1-4292-85b6-f42f6192258b HTTP/1.1
14:06:19.747 [Test worker] DEBUG org.apache.http.wire --  >> "DELETE /BookStore/v1/Books?UserId=bd9f2e22-d4b1-4292-85b6-f42f6192258b HTTP/1.1[\r][\n]"
14:06:19.747 [Test worker] DEBUG org.apache.http.wire --  >> "Content-Type: application/json[\r][\n]"
14:06:19.747 [Test worker] DEBUG org.apache.http.wire --  >> "Authorization: Bearer eyJhbGciOiJIUzI1NiIsInR5cCI6IkpXVCJ9.eyJ1c2VyTmFtZSI6ImxlYW5hLnNjaGFtYmVyZ2VyIiwicGFzc3dvcmQiOiIxMjNSb24zMjEmIiwiaWF0IjoxNzAyNDcyNzcwfQ.33ERmrR_cIAVfHa88I1quIy8cH0WHgXWl0nY2C2513A[\r][\n]"
14:06:19.747 [Test worker] DEBUG org.apache.http.wire --  >> "Accept: */*[\r][\n]"
14:06:19.747 [Test worker] DEBUG org.apache.http.wire --  >> "Host: demoqa.com[\r][\n]"
14:06:19.747 [Test worker] DEBUG org.apache.http.wire --  >> "Connection: Keep-Alive[\r][\n]"
14:06:19.747 [Test worker] DEBUG org.apache.http.wire --  >> "User-Agent: Apache-HttpClient/4.5.13 (Java/11.0.20)[\r][\n]"
14:06:19.747 [Test worker] DEBUG org.apache.http.wire --  >> "Accept-Encoding: gzip,deflate[\r][\n]"
14:06:19.747 [Test worker] DEBUG org.apache.http.wire --  >> "[\r][\n]"
14:06:19.747 [Test worker] DEBUG org.apache.http.headers -- >> DELETE /BookStore/v1/Books?UserId=bd9f2e22-d4b1-4292-85b6-f42f6192258b HTTP/1.1
14:06:19.747 [Test worker] DEBUG org.apache.http.headers -- >> Content-Type: application/json
14:06:19.747 [Test worker] DEBUG org.apache.http.headers -- >> Authorization: Bearer eyJhbGciOiJIUzI1NiIsInR5cCI6IkpXVCJ9.eyJ1c2VyTmFtZSI6ImxlYW5hLnNjaGFtYmVyZ2VyIiwicGFzc3dvcmQiOiIxMjNSb24zMjEmIiwiaWF0IjoxNzAyNDcyNzcwfQ.33ERmrR_cIAVfHa88I1quIy8cH0WHgXWl0nY2C2513A
14:06:19.747 [Test worker] DEBUG org.apache.http.headers -- >> Accept: */*
14:06:19.747 [Test worker] DEBUG org.apache.http.headers -- >> Host: demoqa.com
14:06:19.747 [Test worker] DEBUG org.apache.http.headers -- >> Connection: Keep-Alive
14:06:19.747 [Test worker] DEBUG org.apache.http.headers -- >> User-Agent: Apache-HttpClient/4.5.13 (Java/11.0.20)
14:06:19.747 [Test worker] DEBUG org.apache.http.headers -- >> Accept-Encoding: gzip,deflate
14:06:20.090 [Test worker] DEBUG org.apache.http.wire --  << "HTTP/1.1 204 No Content[\r][\n]"
14:06:20.090 [Test worker] DEBUG org.apache.http.wire --  << "Server: nginx/1.17.10 (Ubuntu)[\r][\n]"
14:06:20.090 [Test worker] DEBUG org.apache.http.wire --  << "Date: Wed, 13 Dec 2023 13:06:21 GMT[\r][\n]"
14:06:20.090 [Test worker] DEBUG org.apache.http.wire --  << "Connection: keep-alive[\r][\n]"
14:06:20.090 [Test worker] DEBUG org.apache.http.wire --  << "X-Powered-By: Express[\r][\n]"
14:06:20.090 [Test worker] DEBUG org.apache.http.wire --  << "ETag: W/"60-4ErwBgI+1VOlSJ2nrdSjBlQNNMg"[\r][\n]"
14:06:20.090 [Test worker] DEBUG org.apache.http.wire --  << "[\r][\n]"
14:06:20.090 [Test worker] DEBUG org.apache.http.impl.conn.DefaultClientConnection -- Receiving response: HTTP/1.1 204 No Content
14:06:20.090 [Test worker] DEBUG org.apache.http.headers -- << HTTP/1.1 204 No Content
14:06:20.090 [Test worker] DEBUG org.apache.http.headers -- << Server: nginx/1.17.10 (Ubuntu)
14:06:20.090 [Test worker] DEBUG org.apache.http.headers -- << Date: Wed, 13 Dec 2023 13:06:21 GMT
14:06:20.090 [Test worker] DEBUG org.apache.http.headers -- << Connection: keep-alive
14:06:20.090 [Test worker] DEBUG org.apache.http.headers -- << X-Powered-By: Express
14:06:20.090 [Test worker] DEBUG org.apache.http.headers -- << ETag: W/"60-4ErwBgI+1VOlSJ2nrdSjBlQNNMg"
14:06:20.090 [Test worker] DEBUG org.apache.http.impl.client.DefaultHttpClient -- Connection can be kept alive indefinitely
14:06:20.090 [Test worker] DEBUG org.apache.http.impl.conn.BasicClientConnectionManager -- Releasing connection org.apache.http.impl.conn.ManagedClientConnectionImpl@2f944222
14:06:20.090 [Test worker] DEBUG org.apache.http.impl.conn.BasicClientConnectionManager -- Connection can be kept alive indefinitely
HTTP/1.1 204 No Content
Server: nginx/1.17.10 (Ubuntu)
Date: Wed, 13 Dec 2023 13:06:21 GMT
Connection: keep-alive
X-Powered-By: Express
ETag: W/"60-4ErwBgI+1VOlSJ2nrdSjBlQNNMg"
]]></system-out>
  <system-err><![CDATA[]]></system-err>
</testsuite>
